CRITICAL - 2023-02-20 07:16:22 --> print_r() expects at least 1 parameter, 0 given
in APPPATH\Libraries\TEFakeContent\Interpreter\Handlers\Sign.php on line 237.
 1 [internal function]: CodeIgniter\Debug\Exceptions->errorHandler(2, 'print_r() expects at least 1 parameter, 0 given', 'APPPATH\\Libraries\\TEFakeContent\\Interpreter\\Handlers\\Sign.php', 237, [...])
 2 APPPATH\Libraries\TEFakeContent\Interpreter\Handlers\Sign.php(237): print_r()
 3 APPPATH\Libraries\TEFakeContent\Interpreter\Handlers\Sign.php(229): App\Libraries\TEFakeContent\Interpreter\Handlers\Sign->is_escape('ordinal', '$', false, [...])
 4 APPPATH\Libraries\TEFakeContent\Interpreter\Handlers\Sign.php(213): App\Libraries\TEFakeContent\Interpreter\Handlers\Sign->escape('ordinal', '$', [...])
 5 APPPATH\Libraries\TEFakeContent\Interpreter\Handlers\Sign.php(172): App\Libraries\TEFakeContent\Interpreter\Handlers\Sign->ordinal_replace('$', [...])
 6 APPPATH\Libraries\TEFakeContent\Interpreter\Handlers\Sign.php(158): App\Libraries\TEFakeContent\Interpreter\Handlers\Sign->replacing('$', [...])
 7 APPPATH\Libraries\TEFakeContent\Interpreter\Handlers\Sign.php(20): App\Libraries\TEFakeContent\Interpreter\Handlers\Sign->fetch([...], [...])
 8 APPPATH\Libraries\TEFakeContent\Interpreter\Interpreter.php(106): App\Libraries\TEFakeContent\Interpreter\Handlers\Sign->sign('$', true)
 9 APPPATH\Libraries\TEFakeContent\Interpreter\Interpreter.php(88): App\Libraries\TEFakeContent\Interpreter\Interpreter->interpreter('$', true)
10 APPPATH\Libraries\TEFakeContent\Interpreter\Interpreter.php(67): App\Libraries\TEFakeContent\Interpreter\Interpreter->fetch_placeholders()
11 APPPATH\Libraries\TEFakeContent\Interpreter\Interpreter.php(41): App\Libraries\TEFakeContent\Interpreter\Interpreter->making('$|Gmail.com')
12 APPPATH\Libraries\TEFakeContent\TEFakeContent.php(20): App\Libraries\TEFakeContent\Interpreter\Interpreter->make_field('$|Gmail.com')
13 APPPATH\Controllers\Home.php(25): App\Libraries\TEFakeContent\TEFakeContent->field('$|Gmail.com')
14 SYSTEMPATH\CodeIgniter.php(898): App\Controllers\Home->index()
15 SYSTEMPATH\CodeIgniter.php(468): CodeIgniter\CodeIgniter->runController(Object(App\Controllers\Home))
16 SYSTEMPATH\CodeIgniter.php(351): CodeIgniter\CodeIgniter->handleRequest(null, Object(Config\Cache), false)
17 FCPATH\index.php(55): CodeIgniter\CodeIgniter->run()
CRITICAL - 2023-02-20 08:02:55 --> Undefined variable: resetReplaceContent
in APPPATH\Libraries\TEFakeContent\Interpreter\Handlers\Sign.php on line 52.
 1 APPPATH\Libraries\TEFakeContent\Interpreter\Handlers\Sign.php(52): CodeIgniter\Debug\Exceptions->errorHandler(8, 'Undefined variable: resetReplaceContent', 'APPPATH\\Libraries\\TEFakeContent\\Interpreter\\Handlers\\Sign.php', 52, [...])
 2 APPPATH\Libraries\TEFakeContent\Interpreter\Handlers\Sign.php(18): App\Libraries\TEFakeContent\Interpreter\Handlers\Sign->get_replace_content([...])
 3 APPPATH\Libraries\TEFakeContent\Interpreter\Interpreter.php(106): App\Libraries\TEFakeContent\Interpreter\Handlers\Sign->sign('$', true)
 4 APPPATH\Libraries\TEFakeContent\Interpreter\Interpreter.php(88): App\Libraries\TEFakeContent\Interpreter\Interpreter->interpreter('$', true)
 5 APPPATH\Libraries\TEFakeContent\Interpreter\Interpreter.php(67): App\Libraries\TEFakeContent\Interpreter\Interpreter->fetch_placeholders()
 6 APPPATH\Libraries\TEFakeContent\Interpreter\Interpreter.php(41): App\Libraries\TEFakeContent\Interpreter\Interpreter->making('$|Gmail.com')
 7 APPPATH\Libraries\TEFakeContent\TEFakeContent.php(20): App\Libraries\TEFakeContent\Interpreter\Interpreter->make_field('$|Gmail.com')
 8 APPPATH\Controllers\Home.php(25): App\Libraries\TEFakeContent\TEFakeContent->field('$|Gmail.com')
 9 SYSTEMPATH\CodeIgniter.php(898): App\Controllers\Home->index()
10 SYSTEMPATH\CodeIgniter.php(468): CodeIgniter\CodeIgniter->runController(Object(App\Controllers\Home))
11 SYSTEMPATH\CodeIgniter.php(351): CodeIgniter\CodeIgniter->handleRequest(null, Object(Config\Cache), false)
12 FCPATH\index.php(55): CodeIgniter\CodeIgniter->run()
CRITICAL - 2023-02-20 09:10:16 --> Return value of App\Libraries\TEFakeContent\Interpreter\Handlers\Sign::add_replace_content2() must be of the type string, none returned
in APPPATH\Libraries\TEFakeContent\Interpreter\Handlers\Sign.php on line 81.
 1 APPPATH\Libraries\TEFakeContent\Interpreter\Handlers\Sign.php(58): App\Libraries\TEFakeContent\Interpreter\Handlers\Sign->add_replace_content2('$$$', [])
 2 APPPATH\Libraries\TEFakeContent\Interpreter\Handlers\Sign.php(18): App\Libraries\TEFakeContent\Interpreter\Handlers\Sign->get_replace_content([...], true)
 3 APPPATH\Libraries\TEFakeContent\Interpreter\Interpreter.php(106): App\Libraries\TEFakeContent\Interpreter\Handlers\Sign->sign('$$$', true)
 4 APPPATH\Libraries\TEFakeContent\Interpreter\Interpreter.php(88): App\Libraries\TEFakeContent\Interpreter\Interpreter->interpreter('$$$', true)
 5 APPPATH\Libraries\TEFakeContent\Interpreter\Interpreter.php(67): App\Libraries\TEFakeContent\Interpreter\Interpreter->fetch_placeholders()
 6 APPPATH\Libraries\TEFakeContent\Interpreter\Interpreter.php(41): App\Libraries\TEFakeContent\Interpreter\Interpreter->making('$$$|Gmail.com')
 7 APPPATH\Libraries\TEFakeContent\TEFakeContent.php(20): App\Libraries\TEFakeContent\Interpreter\Interpreter->make_field('$$$|Gmail.com')
 8 APPPATH\Controllers\Home.php(25): App\Libraries\TEFakeContent\TEFakeContent->field('$$$|Gmail.com')
 9 SYSTEMPATH\CodeIgniter.php(898): App\Controllers\Home->index()
10 SYSTEMPATH\CodeIgniter.php(468): CodeIgniter\CodeIgniter->runController(Object(App\Controllers\Home))
11 SYSTEMPATH\CodeIgniter.php(351): CodeIgniter\CodeIgniter->handleRequest(null, Object(Config\Cache), false)
12 FCPATH\index.php(55): CodeIgniter\CodeIgniter->run()
