CRITICAL - 2023-04-07 07:48:46 --> Object of class CodeIgniter\Database\MySQLi\Builder could not be converted to string
in APPPATH\Models\MCart.php on line 189.
 1 APPPATH\Controllers\Panel\Cart.php(22): App\Models\MCart->total_price()
 2 SYSTEMPATH\CodeIgniter.php(898): App\Controllers\Panel\Cart->index('1')
 3 SYSTEMPATH\CodeIgniter.php(468): CodeIgniter\CodeIgniter->runController(Object(App\Controllers\Panel\Cart))
 4 SYSTEMPATH\CodeIgniter.php(351): CodeIgniter\CodeIgniter->handleRequest(null, Object(Config\Cache), false)
 5 FCPATH\index.php(55): CodeIgniter\CodeIgniter->run()
CRITICAL - 2023-04-07 07:49:18 --> Object of class CodeIgniter\Database\MySQLi\Builder could not be converted to string
in APPPATH\Models\MCart.php on line 190.
 1 APPPATH\Controllers\Panel\Cart.php(22): App\Models\MCart->total_price()
 2 SYSTEMPATH\CodeIgniter.php(898): App\Controllers\Panel\Cart->index('1')
 3 SYSTEMPATH\CodeIgniter.php(468): CodeIgniter\CodeIgniter->runController(Object(App\Controllers\Panel\Cart))
 4 SYSTEMPATH\CodeIgniter.php(351): CodeIgniter\CodeIgniter->handleRequest(null, Object(Config\Cache), false)
 5 FCPATH\index.php(55): CodeIgniter\CodeIgniter->run()
CRITICAL - 2023-04-07 07:49:20 --> Object of class CodeIgniter\Database\MySQLi\Builder could not be converted to string
in APPPATH\Models\MCart.php on line 190.
 1 APPPATH\Controllers\Panel\Cart.php(22): App\Models\MCart->total_price()
 2 SYSTEMPATH\CodeIgniter.php(898): App\Controllers\Panel\Cart->index('1')
 3 SYSTEMPATH\CodeIgniter.php(468): CodeIgniter\CodeIgniter->runController(Object(App\Controllers\Panel\Cart))
 4 SYSTEMPATH\CodeIgniter.php(351): CodeIgniter\CodeIgniter->handleRequest(null, Object(Config\Cache), false)
 5 FCPATH\index.php(55): CodeIgniter\CodeIgniter->run()
CRITICAL - 2023-04-07 07:50:09 --> Object of class CodeIgniter\Database\MySQLi\Result could not be converted to string
in APPPATH\Models\MCart.php on line 190.
 1 APPPATH\Controllers\Panel\Cart.php(22): App\Models\MCart->total_price()
 2 SYSTEMPATH\CodeIgniter.php(898): App\Controllers\Panel\Cart->index('1')
 3 SYSTEMPATH\CodeIgniter.php(468): CodeIgniter\CodeIgniter->runController(Object(App\Controllers\Panel\Cart))
 4 SYSTEMPATH\CodeIgniter.php(351): CodeIgniter\CodeIgniter->handleRequest(null, Object(Config\Cache), false)
 5 FCPATH\index.php(55): CodeIgniter\CodeIgniter->run()
ERROR - 2023-04-07 08:05:01 --> Unknown column 'total_price_product' in 'field list'
CRITICAL - 2023-04-07 08:05:01 --> Unknown column 'total_price_product' in 'field list'
in SYSTEMPATH\Database\MySQLi\Connection.php on line 292.
 1 SYSTEMPATH\Database\MySQLi\Connection.php(292): mysqli->query('SELECT `c`.`product_id`, `c`.`number`, `p`.`price`, (c.number * p.price) as total_price_product, sum(total_price_product) as total_price
FROM `cart` as `c`
JOIN `products` as `p` ON `p`.`id` = `c`.`product_id`
WHERE `c`.`customer_id` = \'1\'', 0)
 2 SYSTEMPATH\Database\BaseConnection.php(678): CodeIgniter\Database\MySQLi\Connection->execute('SELECT `c`.`product_id`, `c`.`number`, `p`.`price`, (c.number * p.price) as total_price_product, sum(total_price_product) as total_price
FROM `cart` as `c`
JOIN `products` as `p` ON `p`.`id` = `c`.`product_id`
WHERE `c`.`customer_id` = \'1\'')
 3 SYSTEMPATH\Database\BaseConnection.php(606): CodeIgniter\Database\BaseConnection->simpleQuery('SELECT `c`.`product_id`, `c`.`number`, `p`.`price`, (c.number * p.price) as total_price_product, sum(total_price_product) as total_price
FROM `cart` as `c`
JOIN `products` as `p` ON `p`.`id` = `c`.`product_id`
WHERE `c`.`customer_id` = \'1\'')
 4 SYSTEMPATH\Database\BaseBuilder.php(1585): CodeIgniter\Database\BaseConnection->query('SELECT `c`.`product_id`, `c`.`number`, `p`.`price`, (c.number * p.price) as total_price_product, sum(total_price_product) as total_price
FROM `cart` as `c`
JOIN `products` as `p` ON `p`.`id` = `c`.`product_id`
WHERE `c`.`customer_id` = :c.customer_id:', [...], false)
 5 APPPATH\Models\MCart.php(197): CodeIgniter\Database\BaseBuilder->get()
 6 APPPATH\Controllers\Panel\Cart.php(22): App\Models\MCart->total_price()
 7 SYSTEMPATH\CodeIgniter.php(898): App\Controllers\Panel\Cart->index('1')
 8 SYSTEMPATH\CodeIgniter.php(468): CodeIgniter\CodeIgniter->runController(Object(App\Controllers\Panel\Cart))
 9 SYSTEMPATH\CodeIgniter.php(351): CodeIgniter\CodeIgniter->handleRequest(null, Object(Config\Cache), false)
10 FCPATH\index.php(55): CodeIgniter\CodeIgniter->run()
ERROR - 2023-04-07 08:06:04 --> You have an error in your SQL syntax; check the manual that corresponds to your MariaDB server version for the right syntax to use near 'as total_price_product) as aa
FROM `cart` as `c`
JOIN `products` as `p` ON `p...' at line 1
CRITICAL - 2023-04-07 08:06:04 --> You have an error in your SQL syntax; check the manual that corresponds to your MariaDB server version for the right syntax to use near 'as total_price_product) as aa
FROM `cart` as `c`
JOIN `products` as `p` ON `p...' at line 1
in SYSTEMPATH\Database\MySQLi\Connection.php on line 292.
 1 SYSTEMPATH\Database\MySQLi\Connection.php(292): mysqli->query('SELECT `c`.`product_id`, `c`.`number`, `p`.`price`, sum((c.number * p.price) as total_price_product) as aa
FROM `cart` as `c`
JOIN `products` as `p` ON `p`.`id` = `c`.`product_id`
WHERE `c`.`customer_id` = \'1\'', 0)
 2 SYSTEMPATH\Database\BaseConnection.php(678): CodeIgniter\Database\MySQLi\Connection->execute('SELECT `c`.`product_id`, `c`.`number`, `p`.`price`, sum((c.number * p.price) as total_price_product) as aa
FROM `cart` as `c`
JOIN `products` as `p` ON `p`.`id` = `c`.`product_id`
WHERE `c`.`customer_id` = \'1\'')
 3 SYSTEMPATH\Database\BaseConnection.php(606): CodeIgniter\Database\BaseConnection->simpleQuery('SELECT `c`.`product_id`, `c`.`number`, `p`.`price`, sum((c.number * p.price) as total_price_product) as aa
FROM `cart` as `c`
JOIN `products` as `p` ON `p`.`id` = `c`.`product_id`
WHERE `c`.`customer_id` = \'1\'')
 4 SYSTEMPATH\Database\BaseBuilder.php(1585): CodeIgniter\Database\BaseConnection->query('SELECT `c`.`product_id`, `c`.`number`, `p`.`price`, sum((c.number * p.price) as total_price_product) as aa
FROM `cart` as `c`
JOIN `products` as `p` ON `p`.`id` = `c`.`product_id`
WHERE `c`.`customer_id` = :c.customer_id:', [...], false)
 5 APPPATH\Models\MCart.php(197): CodeIgniter\Database\BaseBuilder->get()
 6 APPPATH\Controllers\Panel\Cart.php(22): App\Models\MCart->total_price()
 7 SYSTEMPATH\CodeIgniter.php(898): App\Controllers\Panel\Cart->index('1')
 8 SYSTEMPATH\CodeIgniter.php(468): CodeIgniter\CodeIgniter->runController(Object(App\Controllers\Panel\Cart))
 9 SYSTEMPATH\CodeIgniter.php(351): CodeIgniter\CodeIgniter->handleRequest(null, Object(Config\Cache), false)
10 FCPATH\index.php(55): CodeIgniter\CodeIgniter->run()
ERROR - 2023-04-07 08:07:16 --> Unknown column 'tpp' in 'field list'
CRITICAL - 2023-04-07 08:07:16 --> Unknown column 'tpp' in 'field list'
in SYSTEMPATH\Database\MySQLi\Connection.php on line 292.
 1 SYSTEMPATH\Database\MySQLi\Connection.php(292): mysqli->query('SELECT `c`.`product_id`, `c`.`number`, `p`.`price`, (c.number * p.price) as tpp, sum(tpp)
FROM `cart` as `c`
JOIN `products` as `p` ON `p`.`id` = `c`.`product_id`
WHERE `c`.`customer_id` = \'1\'', 0)
 2 SYSTEMPATH\Database\BaseConnection.php(678): CodeIgniter\Database\MySQLi\Connection->execute('SELECT `c`.`product_id`, `c`.`number`, `p`.`price`, (c.number * p.price) as tpp, sum(tpp)
FROM `cart` as `c`
JOIN `products` as `p` ON `p`.`id` = `c`.`product_id`
WHERE `c`.`customer_id` = \'1\'')
 3 SYSTEMPATH\Database\BaseConnection.php(606): CodeIgniter\Database\BaseConnection->simpleQuery('SELECT `c`.`product_id`, `c`.`number`, `p`.`price`, (c.number * p.price) as tpp, sum(tpp)
FROM `cart` as `c`
JOIN `products` as `p` ON `p`.`id` = `c`.`product_id`
WHERE `c`.`customer_id` = \'1\'')
 4 SYSTEMPATH\Database\BaseBuilder.php(1585): CodeIgniter\Database\BaseConnection->query('SELECT `c`.`product_id`, `c`.`number`, `p`.`price`, (c.number * p.price) as tpp, sum(tpp)
FROM `cart` as `c`
JOIN `products` as `p` ON `p`.`id` = `c`.`product_id`
WHERE `c`.`customer_id` = :c.customer_id:', [...], false)
 5 APPPATH\Models\MCart.php(197): CodeIgniter\Database\BaseBuilder->get()
 6 APPPATH\Controllers\Panel\Cart.php(22): App\Models\MCart->total_price()
 7 SYSTEMPATH\CodeIgniter.php(898): App\Controllers\Panel\Cart->index('1')
 8 SYSTEMPATH\CodeIgniter.php(468): CodeIgniter\CodeIgniter->runController(Object(App\Controllers\Panel\Cart))
 9 SYSTEMPATH\CodeIgniter.php(351): CodeIgniter\CodeIgniter->handleRequest(null, Object(Config\Cache), false)
10 FCPATH\index.php(55): CodeIgniter\CodeIgniter->run()
ERROR - 2023-04-07 08:14:23 --> Unknown column 'n' in 'field list'
CRITICAL - 2023-04-07 08:14:23 --> Unknown column 'n' in 'field list'
in SYSTEMPATH\Database\MySQLi\Connection.php on line 292.
 1 SYSTEMPATH\Database\MySQLi\Connection.php(292): mysqli->query('SELECT `c`.`product_id` as `pid`, `c`.`number` as `n`, `p`.`price` as `p`, (n * p) as tpp
FROM `cart` as `c`
JOIN `products` as `p` ON `p`.`id` = `c`.`product_id`
WHERE `c`.`customer_id` = \'1\'', 0)
 2 SYSTEMPATH\Database\BaseConnection.php(678): CodeIgniter\Database\MySQLi\Connection->execute('SELECT `c`.`product_id` as `pid`, `c`.`number` as `n`, `p`.`price` as `p`, (n * p) as tpp
FROM `cart` as `c`
JOIN `products` as `p` ON `p`.`id` = `c`.`product_id`
WHERE `c`.`customer_id` = \'1\'')
 3 SYSTEMPATH\Database\BaseConnection.php(606): CodeIgniter\Database\BaseConnection->simpleQuery('SELECT `c`.`product_id` as `pid`, `c`.`number` as `n`, `p`.`price` as `p`, (n * p) as tpp
FROM `cart` as `c`
JOIN `products` as `p` ON `p`.`id` = `c`.`product_id`
WHERE `c`.`customer_id` = \'1\'')
 4 SYSTEMPATH\Database\BaseBuilder.php(1585): CodeIgniter\Database\BaseConnection->query('SELECT `c`.`product_id` as `pid`, `c`.`number` as `n`, `p`.`price` as `p`, (n * p) as tpp
FROM `cart` as `c`
JOIN `products` as `p` ON `p`.`id` = `c`.`product_id`
WHERE `c`.`customer_id` = :c.customer_id:', [...], false)
 5 APPPATH\Models\MCart.php(197): CodeIgniter\Database\BaseBuilder->get()
 6 APPPATH\Controllers\Panel\Cart.php(22): App\Models\MCart->total_price()
 7 SYSTEMPATH\CodeIgniter.php(898): App\Controllers\Panel\Cart->index('1')
 8 SYSTEMPATH\CodeIgniter.php(468): CodeIgniter\CodeIgniter->runController(Object(App\Controllers\Panel\Cart))
 9 SYSTEMPATH\CodeIgniter.php(351): CodeIgniter\CodeIgniter->handleRequest(null, Object(Config\Cache), false)
10 FCPATH\index.php(55): CodeIgniter\CodeIgniter->run()
CRITICAL - 2023-04-07 08:47:26 --> Return value of App\Models\MCart::total_price() must be of the type array, string returned
in APPPATH\Models\MCart.php on line 205.
 1 APPPATH\Controllers\Panel\Cart.php(22): App\Models\MCart->total_price()
 2 SYSTEMPATH\CodeIgniter.php(898): App\Controllers\Panel\Cart->index('1')
 3 SYSTEMPATH\CodeIgniter.php(468): CodeIgniter\CodeIgniter->runController(Object(App\Controllers\Panel\Cart))
 4 SYSTEMPATH\CodeIgniter.php(351): CodeIgniter\CodeIgniter->handleRequest(null, Object(Config\Cache), false)
 5 FCPATH\index.php(55): CodeIgniter\CodeIgniter->run()
CRITICAL - 2023-04-07 08:49:24 --> Return value of App\Models\MCart::total_price() must be of the type int, none returned
in APPPATH\Models\MCart.php on line 206.
 1 APPPATH\Controllers\Panel\Cart.php(22): App\Models\MCart->total_price()
 2 SYSTEMPATH\CodeIgniter.php(898): App\Controllers\Panel\Cart->index('1')
 3 SYSTEMPATH\CodeIgniter.php(468): CodeIgniter\CodeIgniter->runController(Object(App\Controllers\Panel\Cart))
 4 SYSTEMPATH\CodeIgniter.php(351): CodeIgniter\CodeIgniter->handleRequest(null, Object(Config\Cache), false)
 5 FCPATH\index.php(55): CodeIgniter\CodeIgniter->run()
CRITICAL - 2023-04-07 08:50:21 --> Undefined index: total_product_price
in APPPATH\Models\MCart.php on line 200.
 1 APPPATH\Models\MCart.php(200): CodeIgniter\Debug\Exceptions->errorHandler(8, 'Undefined index: total_product_price', 'APPPATH\\Models\\MCart.php', 200, [...])
 2 APPPATH\Controllers\Panel\Cart.php(22): App\Models\MCart->total_price()
 3 SYSTEMPATH\CodeIgniter.php(898): App\Controllers\Panel\Cart->index('1')
 4 SYSTEMPATH\CodeIgniter.php(468): CodeIgniter\CodeIgniter->runController(Object(App\Controllers\Panel\Cart))
 5 SYSTEMPATH\CodeIgniter.php(351): CodeIgniter\CodeIgniter->handleRequest(null, Object(Config\Cache), false)
 6 FCPATH\index.php(55): CodeIgniter\CodeIgniter->run()
CRITICAL - 2023-04-07 08:51:14 --> Return value of App\Models\MCart::total_price() must be of the type string, array returned
in APPPATH\Models\MCart.php on line 200.
 1 APPPATH\Controllers\Panel\Cart.php(22): App\Models\MCart->total_price()
 2 SYSTEMPATH\CodeIgniter.php(898): App\Controllers\Panel\Cart->index('1')
 3 SYSTEMPATH\CodeIgniter.php(468): CodeIgniter\CodeIgniter->runController(Object(App\Controllers\Panel\Cart))
 4 SYSTEMPATH\CodeIgniter.php(351): CodeIgniter\CodeIgniter->handleRequest(null, Object(Config\Cache), false)
 5 FCPATH\index.php(55): CodeIgniter\CodeIgniter->run()
CRITICAL - 2023-04-07 08:59:18 --> syntax error, unexpected ')'
in APPPATH\Controllers\Panel\Cart.php on line 23.
 1 SYSTEMPATH\Autoloader\Autoloader.php(261): CodeIgniter\Autoloader\Autoloader->includeFile('APPPATH\\Controllers\\Panel\\Cart.php')
 2 SYSTEMPATH\Autoloader\Autoloader.php(239): CodeIgniter\Autoloader\Autoloader->loadInNamespace('App\\Controllers\\Panel\\Cart')
 3 [internal function]: CodeIgniter\Autoloader\Autoloader->loadClass('App\\Controllers\\Panel\\Cart')
 4 [internal function]: spl_autoload_call('App\\Controllers\\Panel\\Cart')
 5 SYSTEMPATH\CodeIgniter.php(848): class_exists('\\App\\Controllers\\Panel\\Cart', true)
 6 SYSTEMPATH\CodeIgniter.php(455): CodeIgniter\CodeIgniter->startController()
 7 SYSTEMPATH\CodeIgniter.php(351): CodeIgniter\CodeIgniter->handleRequest(null, Object(Config\Cache), false)
 8 FCPATH\index.php(55): CodeIgniter\CodeIgniter->run()
CRITICAL - 2023-04-07 09:52:21 --> syntax error, unexpected '$this' (T_VARIABLE)
in APPPATH\Controllers\Panel\Cart.php on line 22.
 1 SYSTEMPATH\Autoloader\Autoloader.php(261): CodeIgniter\Autoloader\Autoloader->includeFile('APPPATH\\Controllers\\Panel\\Cart.php')
 2 SYSTEMPATH\Autoloader\Autoloader.php(239): CodeIgniter\Autoloader\Autoloader->loadInNamespace('App\\Controllers\\Panel\\Cart')
 3 [internal function]: CodeIgniter\Autoloader\Autoloader->loadClass('App\\Controllers\\Panel\\Cart')
 4 [internal function]: spl_autoload_call('App\\Controllers\\Panel\\Cart')
 5 SYSTEMPATH\CodeIgniter.php(848): class_exists('\\App\\Controllers\\Panel\\Cart', true)
 6 SYSTEMPATH\CodeIgniter.php(455): CodeIgniter\CodeIgniter->startController()
 7 SYSTEMPATH\CodeIgniter.php(351): CodeIgniter\CodeIgniter->handleRequest(null, Object(Config\Cache), false)
 8 FCPATH\index.php(55): CodeIgniter\CodeIgniter->run()
ERROR - 2023-04-07 09:54:10 --> Unknown column 'pi.img' in 'field list'
CRITICAL - 2023-04-07 09:54:10 --> Unknown column 'pi.img' in 'field list'
in SYSTEMPATH\Database\MySQLi\Connection.php on line 292.
 1 SYSTEMPATH\Database\MySQLi\Connection.php(292): mysqli->query('SELECT `c`.`number`, `p`.`name`, `p`.`price`, `pi`.`img`
FROM `cart` as `c`
JOIN `products` as `p` ON `p`.`id` = `c`.`product_id`
WHERE `c`.`customer_id` = \'1\'', 0)
 2 SYSTEMPATH\Database\BaseConnection.php(678): CodeIgniter\Database\MySQLi\Connection->execute('SELECT `c`.`number`, `p`.`name`, `p`.`price`, `pi`.`img`
FROM `cart` as `c`
JOIN `products` as `p` ON `p`.`id` = `c`.`product_id`
WHERE `c`.`customer_id` = \'1\'')
 3 SYSTEMPATH\Database\BaseConnection.php(606): CodeIgniter\Database\BaseConnection->simpleQuery('SELECT `c`.`number`, `p`.`name`, `p`.`price`, `pi`.`img`
FROM `cart` as `c`
JOIN `products` as `p` ON `p`.`id` = `c`.`product_id`
WHERE `c`.`customer_id` = \'1\'')
 4 SYSTEMPATH\Database\BaseBuilder.php(1585): CodeIgniter\Database\BaseConnection->query('SELECT `c`.`number`, `p`.`name`, `p`.`price`, `pi`.`img`
FROM `cart` as `c`
JOIN `products` as `p` ON `p`.`id` = `c`.`product_id`
WHERE `c`.`customer_id` = :c.customer_id:', [...], false)
 5 APPPATH\Models\MCart.php(242): CodeIgniter\Database\BaseBuilder->get()
 6 APPPATH\Controllers\Panel\Cart.php(21): App\Models\MCart->products_details()
 7 SYSTEMPATH\CodeIgniter.php(898): App\Controllers\Panel\Cart->index('1')
 8 SYSTEMPATH\CodeIgniter.php(468): CodeIgniter\CodeIgniter->runController(Object(App\Controllers\Panel\Cart))
 9 SYSTEMPATH\CodeIgniter.php(351): CodeIgniter\CodeIgniter->handleRequest(null, Object(Config\Cache), false)
10 FCPATH\index.php(55): CodeIgniter\CodeIgniter->run()
ERROR - 2023-04-07 10:32:27 --> You have an error in your SQL syntax; check the manual that corresponds to your MariaDB server version for the right syntax to use near 'as total_price - (sum(c.number * p.discount)) as total_discount) as final
FRO...' at line 1
CRITICAL - 2023-04-07 10:32:27 --> You have an error in your SQL syntax; check the manual that corresponds to your MariaDB server version for the right syntax to use near 'as total_price - (sum(c.number * p.discount)) as total_discount) as final
FRO...' at line 1
in SYSTEMPATH\Database\MySQLi\Connection.php on line 292.
 1 SYSTEMPATH\Database\MySQLi\Connection.php(292): mysqli->query('SELECT `c`.`number`, `p`.`name`, `p`.`discount`, `p`.`price`, ((sum(c.number * p.price)) as total_price - (sum(c.number * p.discount)) as total_discount) as final
FROM `cart` as `c`
JOIN `products` as `p` ON `p`.`id` = `c`.`product_id`
WHERE `c`.`customer_id` = \'1\'', 0)
 2 SYSTEMPATH\Database\BaseConnection.php(678): CodeIgniter\Database\MySQLi\Connection->execute('SELECT `c`.`number`, `p`.`name`, `p`.`discount`, `p`.`price`, ((sum(c.number * p.price)) as total_price - (sum(c.number * p.discount)) as total_discount) as final
FROM `cart` as `c`
JOIN `products` as `p` ON `p`.`id` = `c`.`product_id`
WHERE `c`.`customer_id` = \'1\'')
 3 SYSTEMPATH\Database\BaseConnection.php(606): CodeIgniter\Database\BaseConnection->simpleQuery('SELECT `c`.`number`, `p`.`name`, `p`.`discount`, `p`.`price`, ((sum(c.number * p.price)) as total_price - (sum(c.number * p.discount)) as total_discount) as final
FROM `cart` as `c`
JOIN `products` as `p` ON `p`.`id` = `c`.`product_id`
WHERE `c`.`customer_id` = \'1\'')
 4 SYSTEMPATH\Database\BaseBuilder.php(1585): CodeIgniter\Database\BaseConnection->query('SELECT `c`.`number`, `p`.`name`, `p`.`discount`, `p`.`price`, ((sum(c.number * p.price)) as total_price - (sum(c.number * p.discount)) as total_discount) as final
FROM `cart` as `c`
JOIN `products` as `p` ON `p`.`id` = `c`.`product_id`
WHERE `c`.`customer_id` = :c.customer_id:', [...], false)
 5 APPPATH\Models\MCart.php(245): CodeIgniter\Database\BaseBuilder->get()
 6 APPPATH\Controllers\Panel\Cart.php(21): App\Models\MCart->products_details()
 7 SYSTEMPATH\CodeIgniter.php(898): App\Controllers\Panel\Cart->index('1')
 8 SYSTEMPATH\CodeIgniter.php(468): CodeIgniter\CodeIgniter->runController(Object(App\Controllers\Panel\Cart))
 9 SYSTEMPATH\CodeIgniter.php(351): CodeIgniter\CodeIgniter->handleRequest(null, Object(Config\Cache), false)
10 FCPATH\index.php(55): CodeIgniter\CodeIgniter->run()
ERROR - 2023-04-07 10:33:07 --> You have an error in your SQL syntax; check the manual that corresponds to your MariaDB server version for the right syntax to use near 'as total_price, (sum(c.number * p.discount)) as total_discount) as final
FROM...' at line 1
CRITICAL - 2023-04-07 10:33:07 --> You have an error in your SQL syntax; check the manual that corresponds to your MariaDB server version for the right syntax to use near 'as total_price, (sum(c.number * p.discount)) as total_discount) as final
FROM...' at line 1
in SYSTEMPATH\Database\MySQLi\Connection.php on line 292.
 1 SYSTEMPATH\Database\MySQLi\Connection.php(292): mysqli->query('SELECT `c`.`number`, `p`.`name`, `p`.`discount`, `p`.`price`, ((sum(c.number * p.price)) as total_price, (sum(c.number * p.discount)) as total_discount) as final
FROM `cart` as `c`
JOIN `products` as `p` ON `p`.`id` = `c`.`product_id`
WHERE `c`.`customer_id` = \'1\'', 0)
 2 SYSTEMPATH\Database\BaseConnection.php(678): CodeIgniter\Database\MySQLi\Connection->execute('SELECT `c`.`number`, `p`.`name`, `p`.`discount`, `p`.`price`, ((sum(c.number * p.price)) as total_price, (sum(c.number * p.discount)) as total_discount) as final
FROM `cart` as `c`
JOIN `products` as `p` ON `p`.`id` = `c`.`product_id`
WHERE `c`.`customer_id` = \'1\'')
 3 SYSTEMPATH\Database\BaseConnection.php(606): CodeIgniter\Database\BaseConnection->simpleQuery('SELECT `c`.`number`, `p`.`name`, `p`.`discount`, `p`.`price`, ((sum(c.number * p.price)) as total_price, (sum(c.number * p.discount)) as total_discount) as final
FROM `cart` as `c`
JOIN `products` as `p` ON `p`.`id` = `c`.`product_id`
WHERE `c`.`customer_id` = \'1\'')
 4 SYSTEMPATH\Database\BaseBuilder.php(1585): CodeIgniter\Database\BaseConnection->query('SELECT `c`.`number`, `p`.`name`, `p`.`discount`, `p`.`price`, ((sum(c.number * p.price)) as total_price, (sum(c.number * p.discount)) as total_discount) as final
FROM `cart` as `c`
JOIN `products` as `p` ON `p`.`id` = `c`.`product_id`
WHERE `c`.`customer_id` = :c.customer_id:', [...], false)
 5 APPPATH\Models\MCart.php(245): CodeIgniter\Database\BaseBuilder->get()
 6 APPPATH\Controllers\Panel\Cart.php(21): App\Models\MCart->products_details()
 7 SYSTEMPATH\CodeIgniter.php(898): App\Controllers\Panel\Cart->index('1')
 8 SYSTEMPATH\CodeIgniter.php(468): CodeIgniter\CodeIgniter->runController(Object(App\Controllers\Panel\Cart))
 9 SYSTEMPATH\CodeIgniter.php(351): CodeIgniter\CodeIgniter->handleRequest(null, Object(Config\Cache), false)
10 FCPATH\index.php(55): CodeIgniter\CodeIgniter->run()
ERROR - 2023-04-07 10:33:13 --> You have an error in your SQL syntax; check the manual that corresponds to your MariaDB server version for the right syntax to use near 'as total_price, (sum(c.number * p.discount)) as total_discount) as final
FROM...' at line 1
CRITICAL - 2023-04-07 10:33:13 --> You have an error in your SQL syntax; check the manual that corresponds to your MariaDB server version for the right syntax to use near 'as total_price, (sum(c.number * p.discount)) as total_discount) as final
FROM...' at line 1
in SYSTEMPATH\Database\MySQLi\Connection.php on line 292.
 1 SYSTEMPATH\Database\MySQLi\Connection.php(292): mysqli->query('SELECT `c`.`number`, `p`.`name`, `p`.`discount`, `p`.`price`, ((sum(c.number * p.price)) as total_price, (sum(c.number * p.discount)) as total_discount) as final
FROM `cart` as `c`
JOIN `products` as `p` ON `p`.`id` = `c`.`product_id`
WHERE `c`.`customer_id` = \'1\'', 0)
 2 SYSTEMPATH\Database\BaseConnection.php(678): CodeIgniter\Database\MySQLi\Connection->execute('SELECT `c`.`number`, `p`.`name`, `p`.`discount`, `p`.`price`, ((sum(c.number * p.price)) as total_price, (sum(c.number * p.discount)) as total_discount) as final
FROM `cart` as `c`
JOIN `products` as `p` ON `p`.`id` = `c`.`product_id`
WHERE `c`.`customer_id` = \'1\'')
 3 SYSTEMPATH\Database\BaseConnection.php(606): CodeIgniter\Database\BaseConnection->simpleQuery('SELECT `c`.`number`, `p`.`name`, `p`.`discount`, `p`.`price`, ((sum(c.number * p.price)) as total_price, (sum(c.number * p.discount)) as total_discount) as final
FROM `cart` as `c`
JOIN `products` as `p` ON `p`.`id` = `c`.`product_id`
WHERE `c`.`customer_id` = \'1\'')
 4 SYSTEMPATH\Database\BaseBuilder.php(1585): CodeIgniter\Database\BaseConnection->query('SELECT `c`.`number`, `p`.`name`, `p`.`discount`, `p`.`price`, ((sum(c.number * p.price)) as total_price, (sum(c.number * p.discount)) as total_discount) as final
FROM `cart` as `c`
JOIN `products` as `p` ON `p`.`id` = `c`.`product_id`
WHERE `c`.`customer_id` = :c.customer_id:', [...], false)
 5 APPPATH\Models\MCart.php(245): CodeIgniter\Database\BaseBuilder->get()
 6 APPPATH\Controllers\Panel\Cart.php(21): App\Models\MCart->products_details()
 7 SYSTEMPATH\CodeIgniter.php(898): App\Controllers\Panel\Cart->index('1')
 8 SYSTEMPATH\CodeIgniter.php(468): CodeIgniter\CodeIgniter->runController(Object(App\Controllers\Panel\Cart))
 9 SYSTEMPATH\CodeIgniter.php(351): CodeIgniter\CodeIgniter->handleRequest(null, Object(Config\Cache), false)
10 FCPATH\index.php(55): CodeIgniter\CodeIgniter->run()
ERROR - 2023-04-07 10:40:32 --> You have an error in your SQL syntax; check the manual that corresponds to your MariaDB server version for the right syntax to use near '- (sum(c.number * p.discount)) as total_product_discount
FROM `cart` as `c`
J...' at line 1
CRITICAL - 2023-04-07 10:40:32 --> You have an error in your SQL syntax; check the manual that corresponds to your MariaDB server version for the right syntax to use near '- (sum(c.number * p.discount)) as total_product_discount
FROM `cart` as `c`
J...' at line 1
in SYSTEMPATH\Database\MySQLi\Connection.php on line 292.
 1 SYSTEMPATH\Database\MySQLi\Connection.php(292): mysqli->query('SELECT (sum(c.number * p.price)) as total_product_price - (sum(c.number * p.discount)) as total_product_discount
FROM `cart` as `c`
JOIN `products` as `p` ON `p`.`id` = `c`.`product_id`
WHERE `c`.`customer_id` = \'1\'', 0)
 2 SYSTEMPATH\Database\BaseConnection.php(678): CodeIgniter\Database\MySQLi\Connection->execute('SELECT (sum(c.number * p.price)) as total_product_price - (sum(c.number * p.discount)) as total_product_discount
FROM `cart` as `c`
JOIN `products` as `p` ON `p`.`id` = `c`.`product_id`
WHERE `c`.`customer_id` = \'1\'')
 3 SYSTEMPATH\Database\BaseConnection.php(606): CodeIgniter\Database\BaseConnection->simpleQuery('SELECT (sum(c.number * p.price)) as total_product_price - (sum(c.number * p.discount)) as total_product_discount
FROM `cart` as `c`
JOIN `products` as `p` ON `p`.`id` = `c`.`product_id`
WHERE `c`.`customer_id` = \'1\'')
 4 SYSTEMPATH\Database\BaseBuilder.php(1585): CodeIgniter\Database\BaseConnection->query('SELECT (sum(c.number * p.price)) as total_product_price - (sum(c.number * p.discount)) as total_product_discount
FROM `cart` as `c`
JOIN `products` as `p` ON `p`.`id` = `c`.`product_id`
WHERE `c`.`customer_id` = :c.customer_id:', [...], false)
 5 APPPATH\Models\MCart.php(234): CodeIgniter\Database\BaseBuilder->get()
 6 APPPATH\Controllers\Panel\Cart.php(23): App\Models\MCart->final_price()
 7 SYSTEMPATH\CodeIgniter.php(898): App\Controllers\Panel\Cart->index('1')
 8 SYSTEMPATH\CodeIgniter.php(468): CodeIgniter\CodeIgniter->runController(Object(App\Controllers\Panel\Cart))
 9 SYSTEMPATH\CodeIgniter.php(351): CodeIgniter\CodeIgniter->handleRequest(null, Object(Config\Cache), false)
10 FCPATH\index.php(55): CodeIgniter\CodeIgniter->run()
ERROR - 2023-04-07 10:41:06 --> You have an error in your SQL syntax; check the manual that corresponds to your MariaDB server version for the right syntax to use near 'as total_product_price - (sum(c.number * p.discount)) as total_product_discou...' at line 1
CRITICAL - 2023-04-07 10:41:06 --> You have an error in your SQL syntax; check the manual that corresponds to your MariaDB server version for the right syntax to use near 'as total_product_price - (sum(c.number * p.discount)) as total_product_discou...' at line 1
in SYSTEMPATH\Database\MySQLi\Connection.php on line 292.
 1 SYSTEMPATH\Database\MySQLi\Connection.php(292): mysqli->query('SELECT ((sum(c.number * p.price)) as total_product_price - (sum(c.number * p.discount)) as total_product_discount) as ff
FROM `cart` as `c`
JOIN `products` as `p` ON `p`.`id` = `c`.`product_id`
WHERE `c`.`customer_id` = \'1\'', 0)
 2 SYSTEMPATH\Database\BaseConnection.php(678): CodeIgniter\Database\MySQLi\Connection->execute('SELECT ((sum(c.number * p.price)) as total_product_price - (sum(c.number * p.discount)) as total_product_discount) as ff
FROM `cart` as `c`
JOIN `products` as `p` ON `p`.`id` = `c`.`product_id`
WHERE `c`.`customer_id` = \'1\'')
 3 SYSTEMPATH\Database\BaseConnection.php(606): CodeIgniter\Database\BaseConnection->simpleQuery('SELECT ((sum(c.number * p.price)) as total_product_price - (sum(c.number * p.discount)) as total_product_discount) as ff
FROM `cart` as `c`
JOIN `products` as `p` ON `p`.`id` = `c`.`product_id`
WHERE `c`.`customer_id` = \'1\'')
 4 SYSTEMPATH\Database\BaseBuilder.php(1585): CodeIgniter\Database\BaseConnection->query('SELECT ((sum(c.number * p.price)) as total_product_price - (sum(c.number * p.discount)) as total_product_discount) as ff
FROM `cart` as `c`
JOIN `products` as `p` ON `p`.`id` = `c`.`product_id`
WHERE `c`.`customer_id` = :c.customer_id:', [...], false)
 5 APPPATH\Models\MCart.php(234): CodeIgniter\Database\BaseBuilder->get()
 6 APPPATH\Controllers\Panel\Cart.php(23): App\Models\MCart->final_price()
 7 SYSTEMPATH\CodeIgniter.php(898): App\Controllers\Panel\Cart->index('1')
 8 SYSTEMPATH\CodeIgniter.php(468): CodeIgniter\CodeIgniter->runController(Object(App\Controllers\Panel\Cart))
 9 SYSTEMPATH\CodeIgniter.php(351): CodeIgniter\CodeIgniter->handleRequest(null, Object(Config\Cache), false)
10 FCPATH\index.php(55): CodeIgniter\CodeIgniter->run()
ERROR - 2023-04-07 10:41:06 --> You have an error in your SQL syntax; check the manual that corresponds to your MariaDB server version for the right syntax to use near 'as total_product_price - (sum(c.number * p.discount)) as total_product_discou...' at line 1
CRITICAL - 2023-04-07 10:41:06 --> You have an error in your SQL syntax; check the manual that corresponds to your MariaDB server version for the right syntax to use near 'as total_product_price - (sum(c.number * p.discount)) as total_product_discou...' at line 1
in SYSTEMPATH\Database\MySQLi\Connection.php on line 292.
 1 SYSTEMPATH\Database\MySQLi\Connection.php(292): mysqli->query('SELECT ((sum(c.number * p.price)) as total_product_price - (sum(c.number * p.discount)) as total_product_discount) as ff
FROM `cart` as `c`
JOIN `products` as `p` ON `p`.`id` = `c`.`product_id`
WHERE `c`.`customer_id` = \'1\'', 0)
 2 SYSTEMPATH\Database\BaseConnection.php(678): CodeIgniter\Database\MySQLi\Connection->execute('SELECT ((sum(c.number * p.price)) as total_product_price - (sum(c.number * p.discount)) as total_product_discount) as ff
FROM `cart` as `c`
JOIN `products` as `p` ON `p`.`id` = `c`.`product_id`
WHERE `c`.`customer_id` = \'1\'')
 3 SYSTEMPATH\Database\BaseConnection.php(606): CodeIgniter\Database\BaseConnection->simpleQuery('SELECT ((sum(c.number * p.price)) as total_product_price - (sum(c.number * p.discount)) as total_product_discount) as ff
FROM `cart` as `c`
JOIN `products` as `p` ON `p`.`id` = `c`.`product_id`
WHERE `c`.`customer_id` = \'1\'')
 4 SYSTEMPATH\Database\BaseBuilder.php(1585): CodeIgniter\Database\BaseConnection->query('SELECT ((sum(c.number * p.price)) as total_product_price - (sum(c.number * p.discount)) as total_product_discount) as ff
FROM `cart` as `c`
JOIN `products` as `p` ON `p`.`id` = `c`.`product_id`
WHERE `c`.`customer_id` = :c.customer_id:', [...], false)
 5 APPPATH\Models\MCart.php(234): CodeIgniter\Database\BaseBuilder->get()
 6 APPPATH\Controllers\Panel\Cart.php(23): App\Models\MCart->final_price()
 7 SYSTEMPATH\CodeIgniter.php(898): App\Controllers\Panel\Cart->index('1')
 8 SYSTEMPATH\CodeIgniter.php(468): CodeIgniter\CodeIgniter->runController(Object(App\Controllers\Panel\Cart))
 9 SYSTEMPATH\CodeIgniter.php(351): CodeIgniter\CodeIgniter->handleRequest(null, Object(Config\Cache), false)
10 FCPATH\index.php(55): CodeIgniter\CodeIgniter->run()
ERROR - 2023-04-07 10:52:43 --> You have an error in your SQL syntax; check the manual that corresponds to your MariaDB server version for the right syntax to use near 'as total_product_price) - ((sum(c.number * p.discount)) as total_product_disc...' at line 1
CRITICAL - 2023-04-07 10:52:43 --> You have an error in your SQL syntax; check the manual that corresponds to your MariaDB server version for the right syntax to use near 'as total_product_price) - ((sum(c.number * p.discount)) as total_product_disc...' at line 1
in SYSTEMPATH\Database\MySQLi\Connection.php on line 292.
 1 SYSTEMPATH\Database\MySQLi\Connection.php(292): mysqli->query('SELECT ((sum(c.number * p.price)) as total_product_price) - ((sum(c.number * p.discount)) as total_product_discount) as ff
FROM `cart` as `c`
JOIN `products` as `p` ON `p`.`id` = `c`.`product_id`
WHERE `c`.`customer_id` = \'1\'', 0)
 2 SYSTEMPATH\Database\BaseConnection.php(678): CodeIgniter\Database\MySQLi\Connection->execute('SELECT ((sum(c.number * p.price)) as total_product_price) - ((sum(c.number * p.discount)) as total_product_discount) as ff
FROM `cart` as `c`
JOIN `products` as `p` ON `p`.`id` = `c`.`product_id`
WHERE `c`.`customer_id` = \'1\'')
 3 SYSTEMPATH\Database\BaseConnection.php(606): CodeIgniter\Database\BaseConnection->simpleQuery('SELECT ((sum(c.number * p.price)) as total_product_price) - ((sum(c.number * p.discount)) as total_product_discount) as ff
FROM `cart` as `c`
JOIN `products` as `p` ON `p`.`id` = `c`.`product_id`
WHERE `c`.`customer_id` = \'1\'')
 4 SYSTEMPATH\Database\BaseBuilder.php(1585): CodeIgniter\Database\BaseConnection->query('SELECT ((sum(c.number * p.price)) as total_product_price) - ((sum(c.number * p.discount)) as total_product_discount) as ff
FROM `cart` as `c`
JOIN `products` as `p` ON `p`.`id` = `c`.`product_id`
WHERE `c`.`customer_id` = :c.customer_id:', [...], false)
 5 APPPATH\Models\MCart.php(234): CodeIgniter\Database\BaseBuilder->get()
 6 APPPATH\Controllers\Panel\Cart.php(23): App\Models\MCart->final_price()
 7 SYSTEMPATH\CodeIgniter.php(898): App\Controllers\Panel\Cart->index('1')
 8 SYSTEMPATH\CodeIgniter.php(468): CodeIgniter\CodeIgniter->runController(Object(App\Controllers\Panel\Cart))
 9 SYSTEMPATH\CodeIgniter.php(351): CodeIgniter\CodeIgniter->handleRequest(null, Object(Config\Cache), false)
10 FCPATH\index.php(55): CodeIgniter\CodeIgniter->run()
CRITICAL - 2023-04-07 11:12:26 --> Undefined index: total_cart_price
in APPPATH\Models\MCart.php on line 189.
 1 APPPATH\Models\MCart.php(189): CodeIgniter\Debug\Exceptions->errorHandler(8, 'Undefined index: total_cart_price', 'APPPATH\\Models\\MCart.php', 189, [...])
 2 APPPATH\Controllers\Panel\Cart.php(23): App\Models\MCart->calc_price()
 3 SYSTEMPATH\CodeIgniter.php(898): App\Controllers\Panel\Cart->index('1')
 4 SYSTEMPATH\CodeIgniter.php(468): CodeIgniter\CodeIgniter->runController(Object(App\Controllers\Panel\Cart))
 5 SYSTEMPATH\CodeIgniter.php(351): CodeIgniter\CodeIgniter->handleRequest(null, Object(Config\Cache), false)
 6 FCPATH\index.php(55): CodeIgniter\CodeIgniter->run()
