CRITICAL - 2022-10-31 08:37:43 --> Return value of App\Libraries\Form\SearchBox\SearchBox::submit_margin() must be of the type string, none returned
in APPPATH\Libraries\Form\SearchBox\Handlers\Submit.php on line 167.
 1 APPPATH\Libraries\Form\SearchBox\Handlers\Submit.php(157): App\Libraries\Form\SearchBox\SearchBox->submit_margin('class="w3-round w3-col w3-button w3-green w3-hover-green w3-rightw3-margin-left ')
 2 APPPATH\Libraries\Form\SearchBox\Handlers\Submit.php(109): App\Libraries\Form\SearchBox\SearchBox->submit_align('class="w3-round w3-col w3-button w3-green w3-hover-green w3-rightw3-margin-left ')
 3 APPPATH\Libraries\Form\SearchBox\Handlers\Submit.php(69): App\Libraries\Form\SearchBox\SearchBox->submit_style()
 4 APPPATH\Libraries\Form\SearchBox\Handlers\Submit.php(49): App\Libraries\Form\SearchBox\SearchBox->setup_submit()
 5 APPPATH\Libraries\Form\SearchBox\SearchBox.php(27): App\Libraries\Form\SearchBox\SearchBox->generate_submit()
 6 APPPATH\Controllers\BaseController.php(163): App\Libraries\Form\SearchBox\SearchBox->generate('http://localhost/my_projects/Resume/Shop/public')
 7 APPPATH\Controllers\BaseController.php(131): App\Controllers\BaseController->gen_search_box()
 8 APPPATH\Controllers\BaseController.php(115): App\Controllers\BaseController->header()
 9 APPPATH\Controllers\BaseController.php(90): App\Controllers\BaseController->load_views('VHome')
10 APPPATH\Controllers\Home.php(11): App\Controllers\BaseController->view('VHome')
11 SYSTEMPATH\CodeIgniter.php(898): App\Controllers\Home->index()
12 SYSTEMPATH\CodeIgniter.php(468): CodeIgniter\CodeIgniter->runController(Object(App\Controllers\Home))
13 SYSTEMPATH\CodeIgniter.php(351): CodeIgniter\CodeIgniter->handleRequest(null, Object(Config\Cache), false)
14 FCPATH\index.php(55): CodeIgniter\CodeIgniter->run()
CRITICAL - 2022-10-31 08:37:45 --> Return value of App\Libraries\Form\SearchBox\SearchBox::submit_margin() must be of the type string, none returned
in APPPATH\Libraries\Form\SearchBox\Handlers\Submit.php on line 167.
 1 APPPATH\Libraries\Form\SearchBox\Handlers\Submit.php(157): App\Libraries\Form\SearchBox\SearchBox->submit_margin('class="w3-round w3-col w3-button w3-green w3-hover-green w3-rightw3-margin-left ')
 2 APPPATH\Libraries\Form\SearchBox\Handlers\Submit.php(109): App\Libraries\Form\SearchBox\SearchBox->submit_align('class="w3-round w3-col w3-button w3-green w3-hover-green w3-rightw3-margin-left ')
 3 APPPATH\Libraries\Form\SearchBox\Handlers\Submit.php(69): App\Libraries\Form\SearchBox\SearchBox->submit_style()
 4 APPPATH\Libraries\Form\SearchBox\Handlers\Submit.php(49): App\Libraries\Form\SearchBox\SearchBox->setup_submit()
 5 APPPATH\Libraries\Form\SearchBox\SearchBox.php(27): App\Libraries\Form\SearchBox\SearchBox->generate_submit()
 6 APPPATH\Controllers\BaseController.php(163): App\Libraries\Form\SearchBox\SearchBox->generate('http://localhost/my_projects/Resume/Shop/public')
 7 APPPATH\Controllers\BaseController.php(131): App\Controllers\BaseController->gen_search_box()
 8 APPPATH\Controllers\BaseController.php(115): App\Controllers\BaseController->header()
 9 APPPATH\Controllers\BaseController.php(90): App\Controllers\BaseController->load_views('VHome')
10 APPPATH\Controllers\Home.php(11): App\Controllers\BaseController->view('VHome')
11 SYSTEMPATH\CodeIgniter.php(898): App\Controllers\Home->index()
12 SYSTEMPATH\CodeIgniter.php(468): CodeIgniter\CodeIgniter->runController(Object(App\Controllers\Home))
13 SYSTEMPATH\CodeIgniter.php(351): CodeIgniter\CodeIgniter->handleRequest(null, Object(Config\Cache), false)
14 FCPATH\index.php(55): CodeIgniter\CodeIgniter->run()
CRITICAL - 2022-10-31 09:52:23 --> Class 'App\Libraries\Form\SearchBox\SearchBox' not found
in APPPATH\Controllers\BaseController.php on line 146.
 1 APPPATH\Controllers\BaseController.php(131): App\Controllers\BaseController->gen_search_box()
 2 APPPATH\Controllers\BaseController.php(115): App\Controllers\BaseController->header()
 3 APPPATH\Controllers\BaseController.php(90): App\Controllers\BaseController->load_views('VHome')
 4 APPPATH\Controllers\Home.php(11): App\Controllers\BaseController->view('VHome')
 5 SYSTEMPATH\CodeIgniter.php(898): App\Controllers\Home->index()
 6 SYSTEMPATH\CodeIgniter.php(468): CodeIgniter\CodeIgniter->runController(Object(App\Controllers\Home))
 7 SYSTEMPATH\CodeIgniter.php(351): CodeIgniter\CodeIgniter->handleRequest(null, Object(Config\Cache), false)
 8 FCPATH\index.php(55): CodeIgniter\CodeIgniter->run()
CRITICAL - 2022-10-31 09:54:28 --> Trait 'App\Libraries\Form\LSearch\Handlers\Text' not found
in APPPATH\Libraries\Form\LSearch\LSearch.php on line 9.
 1 [internal function]: CodeIgniter\Debug\Exceptions->shutdownHandler()
CRITICAL - 2022-10-31 11:20:43 --> Call to undefined function App\Controllers\form_open_multipart()
in APPPATH\Controllers\Home.php on line 13.
 1 SYSTEMPATH\CodeIgniter.php(898): App\Controllers\Home->index()
 2 SYSTEMPATH\CodeIgniter.php(468): CodeIgniter\CodeIgniter->runController(Object(App\Controllers\Home))
 3 SYSTEMPATH\CodeIgniter.php(351): CodeIgniter\CodeIgniter->handleRequest(null, Object(Config\Cache), false)
 4 FCPATH\index.php(55): CodeIgniter\CodeIgniter->run()
