CRITICAL - 2023-03-01 07:38:52 --> The namespace delimiter is a backslash (\), not a slash (/). Route handler: \App\Controllers\Panel/ShippingMethod::index
in SYSTEMPATH\Router\Router.php on line 466.
 1 SYSTEMPATH\Router\Router.php(466): CodeIgniter\Router\Exceptions\RouterException::forInvalidControllerName('\\App\\Controllers\\Panel/ShippingMethod::index')
 2 SYSTEMPATH\Router\Router.php(181): CodeIgniter\Router\Router->checkRoutes('EditShippingMethod')
 3 SYSTEMPATH\CodeIgniter.php(773): CodeIgniter\Router\Router->handle('EditShippingMethod')
 4 SYSTEMPATH\CodeIgniter.php(417): CodeIgniter\CodeIgniter->tryToRouteIt(Object(CodeIgniter\Router\RouteCollection))
 5 SYSTEMPATH\CodeIgniter.php(351): CodeIgniter\CodeIgniter->handleRequest(null, Object(Config\Cache), false)
 6 FCPATH\index.php(55): CodeIgniter\CodeIgniter->run()
CRITICAL - 2023-03-01 07:39:39 --> Too few arguments to function App\Controllers\Panel\BaseManage::index(), 0 passed in E:\SoftWare\xampp 7\htdocs\my_projects\Resume\Shop\system\CodeIgniter.php on line 898 and exactly 1 expected
in APPPATH\Controllers\Panel\BaseManage.php on line 23.
 1 SYSTEMPATH\CodeIgniter.php(898): App\Controllers\Panel\BaseManage->index()
 2 SYSTEMPATH\CodeIgniter.php(468): CodeIgniter\CodeIgniter->runController(Object(App\Controllers\Panel\ShippingMethod))
 3 SYSTEMPATH\CodeIgniter.php(351): CodeIgniter\CodeIgniter->handleRequest(null, Object(Config\Cache), false)
 4 FCPATH\index.php(55): CodeIgniter\CodeIgniter->run()
CRITICAL - 2023-03-01 09:01:03 --> Declaration of App\Controllers\Panel\ShippingMethod::add_form(): void must be compatible with App\Controllers\Panel\BaseManage::add_form(): string
in APPPATH\Controllers\Panel\ShippingMethod.php on line 14.
 1 [internal function]: CodeIgniter\Debug\Exceptions->shutdownHandler()
CRITICAL - 2023-03-01 09:03:20 --> Return value of App\Controllers\Panel\ShippingMethod::add_form() must be of the type string, none returned
in APPPATH\Controllers\Panel\ShippingMethod.php on line 16.
 1 APPPATH\Controllers\Panel\BaseManage.php(49): App\Controllers\Panel\ShippingMethod->add_form()
 2 APPPATH\Controllers\Panel\BaseManage.php(33): App\Controllers\Panel\BaseManage->gen_add_form()
 3 SYSTEMPATH\CodeIgniter.php(898): App\Controllers\Panel\BaseManage->index()
 4 SYSTEMPATH\CodeIgniter.php(468): CodeIgniter\CodeIgniter->runController(Object(App\Controllers\Panel\ShippingMethod))
 5 SYSTEMPATH\CodeIgniter.php(351): CodeIgniter\CodeIgniter->handleRequest(null, Object(Config\Cache), false)
 6 FCPATH\index.php(55): CodeIgniter\CodeIgniter->run()
CRITICAL - 2023-03-01 09:03:59 --> Typed property App\Controllers\Panel\BaseManage::$addFormTitle must not be accessed before initialization
in APPPATH\Controllers\Panel\BaseManage.php on line 79.
 1 APPPATH\Controllers\Panel\BaseManage.php(49): App\Controllers\Panel\BaseManage->container('Hello world!!!')
 2 APPPATH\Controllers\Panel\BaseManage.php(33): App\Controllers\Panel\BaseManage->gen_add_form()
 3 SYSTEMPATH\CodeIgniter.php(898): App\Controllers\Panel\BaseManage->index()
 4 SYSTEMPATH\CodeIgniter.php(468): CodeIgniter\CodeIgniter->runController(Object(App\Controllers\Panel\ShippingMethod))
 5 SYSTEMPATH\CodeIgniter.php(351): CodeIgniter\CodeIgniter->handleRequest(null, Object(Config\Cache), false)
 6 FCPATH\index.php(55): CodeIgniter\CodeIgniter->run()
CRITICAL - 2023-03-01 09:04:56 --> Undefined variable: editForm
in APPPATH\Views\Panel\VShippingMethod.php on line 6.
 1 APPPATH\Views\Panel\VShippingMethod.php(6): CodeIgniter\Debug\Exceptions->errorHandler(8, 'Undefined variable: editForm', 'APPPATH\\Views\\Panel\\VShippingMethod.php', 6, [...])
 2 SYSTEMPATH\View\View.php(213): include('APPPATH\\Views\\Panel\\VShippingMethod.php')
 3 SYSTEMPATH\View\View.php(216): CodeIgniter\View\View->CodeIgniter\View\{closure}()
 4 SYSTEMPATH\Common.php(1135): CodeIgniter\View\View->render('Panel/VShippingMethod', [], true)
 5 APPPATH\Libraries\LoadView\Attachments\View.php(79): view('Panel/VShippingMethod')
 6 APPPATH\Libraries\LoadView\Attachments\View.php(31): App\Libraries\LoadView\LoadView->body_view('Panel/VShippingMethod')
 7 APPPATH\Libraries\LoadView\LoadView.php(25): App\Libraries\LoadView\LoadView->render_view('Panel/VShippingMethod', 'Shipping Method')
 8 APPPATH\Controllers\BaseController.php(114): App\Libraries\LoadView\LoadView->show('Panel/VShippingMethod', 'Shipping Method')
 9 APPPATH\Controllers\Panel\BaseManage.php(38): App\Controllers\BaseController->view('Panel/VShippingMethod', 'Shipping Method')
10 SYSTEMPATH\CodeIgniter.php(898): App\Controllers\Panel\BaseManage->index()
11 SYSTEMPATH\CodeIgniter.php(468): CodeIgniter\CodeIgniter->runController(Object(App\Controllers\Panel\ShippingMethod))
12 SYSTEMPATH\CodeIgniter.php(351): CodeIgniter\CodeIgniter->handleRequest(null, Object(Config\Cache), false)
13 FCPATH\index.php(55): CodeIgniter\CodeIgniter->run()
CRITICAL - 2023-03-01 09:05:37 --> Undefined variable: editForm
in APPPATH\Views\Panel\VShippingMethod.php on line 6.
 1 APPPATH\Views\Panel\VShippingMethod.php(6): CodeIgniter\Debug\Exceptions->errorHandler(8, 'Undefined variable: editForm', 'APPPATH\\Views\\Panel\\VShippingMethod.php', 6, [...])
 2 SYSTEMPATH\View\View.php(213): include('APPPATH\\Views\\Panel\\VShippingMethod.php')
 3 SYSTEMPATH\View\View.php(216): CodeIgniter\View\View->CodeIgniter\View\{closure}()
 4 SYSTEMPATH\Common.php(1135): CodeIgniter\View\View->render('Panel/VShippingMethod', [], true)
 5 APPPATH\Libraries\LoadView\Attachments\View.php(79): view('Panel/VShippingMethod')
 6 APPPATH\Libraries\LoadView\Attachments\View.php(31): App\Libraries\LoadView\LoadView->body_view('Panel/VShippingMethod')
 7 APPPATH\Libraries\LoadView\LoadView.php(25): App\Libraries\LoadView\LoadView->render_view('Panel/VShippingMethod', 'Shipping Method')
 8 APPPATH\Controllers\BaseController.php(114): App\Libraries\LoadView\LoadView->show('Panel/VShippingMethod', 'Shipping Method')
 9 APPPATH\Controllers\Panel\BaseManage.php(38): App\Controllers\BaseController->view('Panel/VShippingMethod', 'Shipping Method')
10 SYSTEMPATH\CodeIgniter.php(898): App\Controllers\Panel\BaseManage->index()
11 SYSTEMPATH\CodeIgniter.php(468): CodeIgniter\CodeIgniter->runController(Object(App\Controllers\Panel\ShippingMethod))
12 SYSTEMPATH\CodeIgniter.php(351): CodeIgniter\CodeIgniter->handleRequest(null, Object(Config\Cache), false)
13 FCPATH\index.php(55): CodeIgniter\CodeIgniter->run()
CRITICAL - 2023-03-01 09:05:52 --> syntax error, unexpected '?>'
in APPPATH\Views\Panel\VShippingMethod.php on line 6.
 1 SYSTEMPATH\View\View.php(216): CodeIgniter\View\View->CodeIgniter\View\{closure}()
 2 SYSTEMPATH\Common.php(1135): CodeIgniter\View\View->render('Panel/VShippingMethod', [], true)
 3 APPPATH\Libraries\LoadView\Attachments\View.php(79): view('Panel/VShippingMethod')
 4 APPPATH\Libraries\LoadView\Attachments\View.php(31): App\Libraries\LoadView\LoadView->body_view('Panel/VShippingMethod')
 5 APPPATH\Libraries\LoadView\LoadView.php(25): App\Libraries\LoadView\LoadView->render_view('Panel/VShippingMethod', 'Shipping Method')
 6 APPPATH\Controllers\BaseController.php(114): App\Libraries\LoadView\LoadView->show('Panel/VShippingMethod', 'Shipping Method')
 7 APPPATH\Controllers\Panel\BaseManage.php(38): App\Controllers\BaseController->view('Panel/VShippingMethod', 'Shipping Method')
 8 SYSTEMPATH\CodeIgniter.php(898): App\Controllers\Panel\BaseManage->index()
 9 SYSTEMPATH\CodeIgniter.php(468): CodeIgniter\CodeIgniter->runController(Object(App\Controllers\Panel\ShippingMethod))
10 SYSTEMPATH\CodeIgniter.php(351): CodeIgniter\CodeIgniter->handleRequest(null, Object(Config\Cache), false)
11 FCPATH\index.php(55): CodeIgniter\CodeIgniter->run()
CRITICAL - 2023-03-01 09:06:31 --> Undefined variable: editForm
in APPPATH\Views\Panel\VShippingMethod.php on line 6.
 1 APPPATH\Views\Panel\VShippingMethod.php(6): CodeIgniter\Debug\Exceptions->errorHandler(8, 'Undefined variable: editForm', 'APPPATH\\Views\\Panel\\VShippingMethod.php', 6, [...])
 2 SYSTEMPATH\View\View.php(213): include('APPPATH\\Views\\Panel\\VShippingMethod.php')
 3 SYSTEMPATH\View\View.php(216): CodeIgniter\View\View->CodeIgniter\View\{closure}()
 4 SYSTEMPATH\Common.php(1135): CodeIgniter\View\View->render('Panel/VShippingMethod', [], true)
 5 APPPATH\Libraries\LoadView\Attachments\View.php(79): view('Panel/VShippingMethod')
 6 APPPATH\Libraries\LoadView\Attachments\View.php(31): App\Libraries\LoadView\LoadView->body_view('Panel/VShippingMethod')
 7 APPPATH\Libraries\LoadView\LoadView.php(25): App\Libraries\LoadView\LoadView->render_view('Panel/VShippingMethod', 'Shipping Method')
 8 APPPATH\Controllers\BaseController.php(114): App\Libraries\LoadView\LoadView->show('Panel/VShippingMethod', 'Shipping Method')
 9 APPPATH\Controllers\Panel\BaseManage.php(38): App\Controllers\BaseController->view('Panel/VShippingMethod', 'Shipping Method')
10 SYSTEMPATH\CodeIgniter.php(898): App\Controllers\Panel\BaseManage->index()
11 SYSTEMPATH\CodeIgniter.php(468): CodeIgniter\CodeIgniter->runController(Object(App\Controllers\Panel\ShippingMethod))
12 SYSTEMPATH\CodeIgniter.php(351): CodeIgniter\CodeIgniter->handleRequest(null, Object(Config\Cache), false)
13 FCPATH\index.php(55): CodeIgniter\CodeIgniter->run()
CRITICAL - 2023-03-01 09:07:39 --> Undefined variable: editForm
in APPPATH\Views\Panel\VShippingMethod.php on line 6.
 1 APPPATH\Views\Panel\VShippingMethod.php(6): CodeIgniter\Debug\Exceptions->errorHandler(8, 'Undefined variable: editForm', 'APPPATH\\Views\\Panel\\VShippingMethod.php', 6, [...])
 2 SYSTEMPATH\View\View.php(213): include('APPPATH\\Views\\Panel\\VShippingMethod.php')
 3 SYSTEMPATH\View\View.php(216): CodeIgniter\View\View->CodeIgniter\View\{closure}()
 4 SYSTEMPATH\Common.php(1135): CodeIgniter\View\View->render('Panel/VShippingMethod', [], true)
 5 APPPATH\Libraries\LoadView\Attachments\View.php(79): view('Panel/VShippingMethod')
 6 APPPATH\Libraries\LoadView\Attachments\View.php(31): App\Libraries\LoadView\LoadView->body_view('Panel/VShippingMethod')
 7 APPPATH\Libraries\LoadView\LoadView.php(25): App\Libraries\LoadView\LoadView->render_view('Panel/VShippingMethod', 'Shipping Method')
 8 APPPATH\Controllers\BaseController.php(114): App\Libraries\LoadView\LoadView->show('Panel/VShippingMethod', 'Shipping Method')
 9 APPPATH\Controllers\Panel\BaseManage.php(38): App\Controllers\BaseController->view('Panel/VShippingMethod', 'Shipping Method')
10 SYSTEMPATH\CodeIgniter.php(898): App\Controllers\Panel\BaseManage->index()
11 SYSTEMPATH\CodeIgniter.php(468): CodeIgniter\CodeIgniter->runController(Object(App\Controllers\Panel\ShippingMethod))
12 SYSTEMPATH\CodeIgniter.php(351): CodeIgniter\CodeIgniter->handleRequest(null, Object(Config\Cache), false)
13 FCPATH\index.php(55): CodeIgniter\CodeIgniter->run()
CRITICAL - 2023-03-01 09:09:34 --> Typed property App\Controllers\Panel\BaseManage::$title must not be accessed before initialization
in APPPATH\Controllers\Panel\BaseManage.php on line 38.
 1 SYSTEMPATH\CodeIgniter.php(898): App\Controllers\Panel\BaseManage->index()
 2 SYSTEMPATH\CodeIgniter.php(468): CodeIgniter\CodeIgniter->runController(Object(App\Controllers\Panel\ShippingMethod))
 3 SYSTEMPATH\CodeIgniter.php(351): CodeIgniter\CodeIgniter->handleRequest(null, Object(Config\Cache), false)
 4 FCPATH\index.php(55): CodeIgniter\CodeIgniter->run()
CRITICAL - 2023-03-01 09:23:20 --> syntax error, unexpected '}', expecting ';'
in APPPATH\Controllers\Panel\ShippingMethod.php on line 22.
 1 SYSTEMPATH\Autoloader\Autoloader.php(261): CodeIgniter\Autoloader\Autoloader->includeFile('APPPATH\\Controllers\\Panel\\ShippingMethod.php')
 2 SYSTEMPATH\Autoloader\Autoloader.php(239): CodeIgniter\Autoloader\Autoloader->loadInNamespace('App\\Controllers\\Panel\\ShippingMethod')
 3 [internal function]: CodeIgniter\Autoloader\Autoloader->loadClass('App\\Controllers\\Panel\\ShippingMethod')
 4 [internal function]: spl_autoload_call('App\\Controllers\\Panel\\ShippingMethod')
 5 SYSTEMPATH\CodeIgniter.php(848): class_exists('\\App\\Controllers\\Panel\\ShippingMethod', true)
 6 SYSTEMPATH\CodeIgniter.php(455): CodeIgniter\CodeIgniter->startController()
 7 SYSTEMPATH\CodeIgniter.php(351): CodeIgniter\CodeIgniter->handleRequest(null, Object(Config\Cache), false)
 8 FCPATH\index.php(55): CodeIgniter\CodeIgniter->run()
CRITICAL - 2023-03-01 10:32:25 --> Illegal string offset 'deleted_at'
in APPPATH\Controllers\Panel\BaseManage.php on line 166.
 1 APPPATH\Controllers\Panel\BaseManage.php(166): CodeIgniter\Debug\Exceptions->errorHandler(2, 'Illegal string offset \'deleted_at\'', 'APPPATH\\Controllers\\Panel\\BaseManage.php', 166, [...])
 2 APPPATH\Controllers\Panel\BaseManage.php(114): App\Controllers\Panel\BaseManage->set_icon([...])
 3 APPPATH\Controllers\Panel\BaseManage.php(44): App\Controllers\Panel\BaseManage->gen_html_table()
 4 SYSTEMPATH\CodeIgniter.php(898): App\Controllers\Panel\BaseManage->index()
 5 SYSTEMPATH\CodeIgniter.php(468): CodeIgniter\CodeIgniter->runController(Object(App\Controllers\Panel\ShippingMethod))
 6 SYSTEMPATH\CodeIgniter.php(351): CodeIgniter\CodeIgniter->handleRequest(null, Object(Config\Cache), false)
 7 FCPATH\index.php(55): CodeIgniter\CodeIgniter->run()
CRITICAL - 2023-03-01 10:35:52 --> Illegal string offset 'deleted_at'
in APPPATH\Controllers\Panel\BaseManage.php on line 166.
 1 APPPATH\Controllers\Panel\BaseManage.php(166): CodeIgniter\Debug\Exceptions->errorHandler(2, 'Illegal string offset \'deleted_at\'', 'APPPATH\\Controllers\\Panel\\BaseManage.php', 166, [...])
 2 APPPATH\Controllers\Panel\BaseManage.php(114): App\Controllers\Panel\BaseManage->set_icon([...])
 3 APPPATH\Controllers\Panel\BaseManage.php(44): App\Controllers\Panel\BaseManage->gen_html_table()
 4 SYSTEMPATH\CodeIgniter.php(898): App\Controllers\Panel\BaseManage->index()
 5 SYSTEMPATH\CodeIgniter.php(468): CodeIgniter\CodeIgniter->runController(Object(App\Controllers\Panel\ShippingMethod))
 6 SYSTEMPATH\CodeIgniter.php(351): CodeIgniter\CodeIgniter->handleRequest(null, Object(Config\Cache), false)
 7 FCPATH\index.php(55): CodeIgniter\CodeIgniter->run()
CRITICAL - 2023-03-01 10:36:00 --> Illegal string offset 'deleted_at'
in APPPATH\Controllers\Panel\BaseManage.php on line 166.
 1 APPPATH\Controllers\Panel\BaseManage.php(166): CodeIgniter\Debug\Exceptions->errorHandler(2, 'Illegal string offset \'deleted_at\'', 'APPPATH\\Controllers\\Panel\\BaseManage.php', 166, [...])
 2 APPPATH\Controllers\Panel\BaseManage.php(114): App\Controllers\Panel\BaseManage->set_icon([...])
 3 APPPATH\Controllers\Panel\BaseManage.php(44): App\Controllers\Panel\BaseManage->gen_html_table()
 4 SYSTEMPATH\CodeIgniter.php(898): App\Controllers\Panel\BaseManage->index()
 5 SYSTEMPATH\CodeIgniter.php(468): CodeIgniter\CodeIgniter->runController(Object(App\Controllers\Panel\ShippingMethod))
 6 SYSTEMPATH\CodeIgniter.php(351): CodeIgniter\CodeIgniter->handleRequest(null, Object(Config\Cache), false)
 7 FCPATH\index.php(55): CodeIgniter\CodeIgniter->run()
CRITICAL - 2023-03-01 10:37:29 --> Call to undefined method App\Controllers\Panel\ShippingMethod::get_html_table()
in APPPATH\Controllers\Panel\BaseManage.php on line 116.
 1 APPPATH\Controllers\Panel\BaseManage.php(44): App\Controllers\Panel\BaseManage->gen_html_table()
 2 SYSTEMPATH\CodeIgniter.php(898): App\Controllers\Panel\BaseManage->index()
 3 SYSTEMPATH\CodeIgniter.php(468): CodeIgniter\CodeIgniter->runController(Object(App\Controllers\Panel\ShippingMethod))
 4 SYSTEMPATH\CodeIgniter.php(351): CodeIgniter\CodeIgniter->handleRequest(null, Object(Config\Cache), false)
 5 FCPATH\index.php(55): CodeIgniter\CodeIgniter->run()
CRITICAL - 2023-03-01 10:39:22 --> syntax error, unexpected '}'
in APPPATH\Controllers\Panel\ShippingMethod.php on line 16.
 1 SYSTEMPATH\Autoloader\Autoloader.php(261): CodeIgniter\Autoloader\Autoloader->includeFile('APPPATH\\Controllers\\Panel\\ShippingMethod.php')
 2 SYSTEMPATH\Autoloader\Autoloader.php(239): CodeIgniter\Autoloader\Autoloader->loadInNamespace('App\\Controllers\\Panel\\ShippingMethod')
 3 [internal function]: CodeIgniter\Autoloader\Autoloader->loadClass('App\\Controllers\\Panel\\ShippingMethod')
 4 [internal function]: spl_autoload_call('App\\Controllers\\Panel\\ShippingMethod')
 5 SYSTEMPATH\CodeIgniter.php(848): class_exists('\\App\\Controllers\\Panel\\ShippingMethod', true)
 6 SYSTEMPATH\CodeIgniter.php(455): CodeIgniter\CodeIgniter->startController()
 7 SYSTEMPATH\CodeIgniter.php(351): CodeIgniter\CodeIgniter->handleRequest(null, Object(Config\Cache), false)
 8 FCPATH\index.php(55): CodeIgniter\CodeIgniter->run()
