CRITICAL - 2023-02-16 07:30:39 --> Argument 3 passed to App\Libraries\TEFakeContent\GenContent\Handlers\Ordinal::alpha_rotation() must be of the type int, null given, called in E:\SoftWare\xampp 7\htdocs\my_projects\Resume\Shop\app\Libraries\TEFakeContent\GenContent\Handlers\Ordinal.php on line 25
in APPPATH\Libraries\TEFakeContent\GenContent\Handlers\Ordinal.php on line 103.
 1 APPPATH\Libraries\TEFakeContent\GenContent\Handlers\Ordinal.php(25): App\Libraries\TEFakeContent\GenContent\Handlers\Ordinal->alpha_rotation('lowerAlpha', [...], null)
 2 APPPATH\Libraries\TEFakeContent\GenContent\GenContent.php(112): App\Libraries\TEFakeContent\GenContent\Handlers\Ordinal->lower_alpha(false, [...])
 3 APPPATH\Libraries\TEFakeContent\Interpreter\Handlers\Sign.php(153): App\Libraries\TEFakeContent\GenContent\GenContent->ordinal_lower_alpha(false, [...])
 4 APPPATH\Libraries\TEFakeContent\Interpreter\Handlers\Sign.php(17): App\Libraries\TEFakeContent\Interpreter\Handlers\Sign->replace_content([...])
 5 APPPATH\Libraries\TEFakeContent\Interpreter\Interpreter.php(122): App\Libraries\TEFakeContent\Interpreter\Handlers\Sign->sign('@', [...])
 6 APPPATH\Libraries\TEFakeContent\Interpreter\Interpreter.php(106): App\Libraries\TEFakeContent\Interpreter\Interpreter->interpreter('@', [...])
 7 APPPATH\Libraries\TEFakeContent\Interpreter\Interpreter.php(87): App\Libraries\TEFakeContent\Interpreter\Interpreter->fetch_placeholders([...])
 8 APPPATH\Libraries\TEFakeContent\Interpreter\Interpreter.php(46): App\Libraries\TEFakeContent\Interpreter\Interpreter->making('@|@|Gmail.com', [...])
 9 APPPATH\Libraries\TEFakeContent\TEFakeContent.php(20): App\Libraries\TEFakeContent\Interpreter\Interpreter->make_field('@|@|Gmail.com')
10 APPPATH\Controllers\Home.php(26): App\Libraries\TEFakeContent\TEFakeContent->field('@|@|Gmail.com')
11 SYSTEMPATH\CodeIgniter.php(898): App\Controllers\Home->index()
12 SYSTEMPATH\CodeIgniter.php(468): CodeIgniter\CodeIgniter->runController(Object(App\Controllers\Home))
13 SYSTEMPATH\CodeIgniter.php(351): CodeIgniter\CodeIgniter->handleRequest(null, Object(Config\Cache), false)
14 FCPATH\index.php(55): CodeIgniter\CodeIgniter->run()
CRITICAL - 2023-02-16 07:32:17 --> Undefined variable: rotation
in APPPATH\Libraries\TEFakeContent\GenContent\Handlers\Ordinal.php on line 25.
 1 APPPATH\Libraries\TEFakeContent\GenContent\Handlers\Ordinal.php(25): CodeIgniter\Debug\Exceptions->errorHandler(8, 'Undefined variable: rotation', 'APPPATH\\Libraries\\TEFakeContent\\GenContent\\Handlers\\Ordinal.php', 25, [...])
 2 APPPATH\Libraries\TEFakeContent\GenContent\GenContent.php(112): App\Libraries\TEFakeContent\GenContent\Handlers\Ordinal->lower_alpha(false, [...])
 3 APPPATH\Libraries\TEFakeContent\Interpreter\Handlers\Sign.php(153): App\Libraries\TEFakeContent\GenContent\GenContent->ordinal_lower_alpha(false, [...])
 4 APPPATH\Libraries\TEFakeContent\Interpreter\Handlers\Sign.php(17): App\Libraries\TEFakeContent\Interpreter\Handlers\Sign->replace_content([...])
 5 APPPATH\Libraries\TEFakeContent\Interpreter\Interpreter.php(122): App\Libraries\TEFakeContent\Interpreter\Handlers\Sign->sign('@', [...])
 6 APPPATH\Libraries\TEFakeContent\Interpreter\Interpreter.php(106): App\Libraries\TEFakeContent\Interpreter\Interpreter->interpreter('@', [...])
 7 APPPATH\Libraries\TEFakeContent\Interpreter\Interpreter.php(87): App\Libraries\TEFakeContent\Interpreter\Interpreter->fetch_placeholders([...])
 8 APPPATH\Libraries\TEFakeContent\Interpreter\Interpreter.php(46): App\Libraries\TEFakeContent\Interpreter\Interpreter->making('@|@|Gmail.com', [...])
 9 APPPATH\Libraries\TEFakeContent\TEFakeContent.php(20): App\Libraries\TEFakeContent\Interpreter\Interpreter->make_field('@|@|Gmail.com')
10 APPPATH\Controllers\Home.php(26): App\Libraries\TEFakeContent\TEFakeContent->field('@|@|Gmail.com')
11 SYSTEMPATH\CodeIgniter.php(898): App\Controllers\Home->index()
12 SYSTEMPATH\CodeIgniter.php(468): CodeIgniter\CodeIgniter->runController(Object(App\Controllers\Home))
13 SYSTEMPATH\CodeIgniter.php(351): CodeIgniter\CodeIgniter->handleRequest(null, Object(Config\Cache), false)
14 FCPATH\index.php(55): CodeIgniter\CodeIgniter->run()
CRITICAL - 2023-02-16 08:05:30 --> Undefined variable: go
in APPPATH\Libraries\TEFakeContent\GenContent\Handlers\Ordinal.php on line 41.
 1 APPPATH\Libraries\TEFakeContent\GenContent\Handlers\Ordinal.php(41): CodeIgniter\Debug\Exceptions->errorHandler(8, 'Undefined variable: go', 'APPPATH\\Libraries\\TEFakeContent\\GenContent\\Handlers\\Ordinal.php', 41, [...])
 2 APPPATH\Libraries\TEFakeContent\GenContent\GenContent.php(124): App\Libraries\TEFakeContent\GenContent\Handlers\Ordinal->upper_alpha(false, [...])
 3 APPPATH\Libraries\TEFakeContent\Interpreter\Handlers\Sign.php(154): App\Libraries\TEFakeContent\GenContent\GenContent->ordinal_upper_alpha(false, [...])
 4 APPPATH\Libraries\TEFakeContent\Interpreter\Handlers\Sign.php(17): App\Libraries\TEFakeContent\Interpreter\Handlers\Sign->replace_content([...])
 5 APPPATH\Libraries\TEFakeContent\Interpreter\Interpreter.php(122): App\Libraries\TEFakeContent\Interpreter\Handlers\Sign->sign('@', [...])
 6 APPPATH\Libraries\TEFakeContent\Interpreter\Interpreter.php(106): App\Libraries\TEFakeContent\Interpreter\Interpreter->interpreter('@', [...])
 7 APPPATH\Libraries\TEFakeContent\Interpreter\Interpreter.php(87): App\Libraries\TEFakeContent\Interpreter\Interpreter->fetch_placeholders([...])
 8 APPPATH\Libraries\TEFakeContent\Interpreter\Interpreter.php(46): App\Libraries\TEFakeContent\Interpreter\Interpreter->making('@|$|Gmail.com', [...])
 9 APPPATH\Libraries\TEFakeContent\TEFakeContent.php(20): App\Libraries\TEFakeContent\Interpreter\Interpreter->make_field('@|$|Gmail.com')
10 APPPATH\Controllers\Home.php(26): App\Libraries\TEFakeContent\TEFakeContent->field('@|$|Gmail.com')
11 SYSTEMPATH\CodeIgniter.php(898): App\Controllers\Home->index()
12 SYSTEMPATH\CodeIgniter.php(468): CodeIgniter\CodeIgniter->runController(Object(App\Controllers\Home))
13 SYSTEMPATH\CodeIgniter.php(351): CodeIgniter\CodeIgniter->handleRequest(null, Object(Config\Cache), false)
14 FCPATH\index.php(55): CodeIgniter\CodeIgniter->run()
CRITICAL - 2023-02-16 10:49:44 --> Too few arguments to function App\Libraries\TEFakeContent\Interpreter\Handlers\Sign::sign(), 1 passed in E:\SoftWare\xampp 7\htdocs\my_projects\Resume\Shop\app\Libraries\TEFakeContent\Interpreter\Interpreter.php on line 103 and exactly 2 expected
in APPPATH\Libraries\TEFakeContent\Interpreter\Handlers\Sign.php on line 13.
 1 APPPATH\Libraries\TEFakeContent\Interpreter\Interpreter.php(103): App\Libraries\TEFakeContent\Interpreter\Handlers\Sign->sign('@')
 2 APPPATH\Libraries\TEFakeContent\Interpreter\Interpreter.php(87): App\Libraries\TEFakeContent\Interpreter\Interpreter->interpreter('@')
 3 APPPATH\Libraries\TEFakeContent\Interpreter\Interpreter.php(68): App\Libraries\TEFakeContent\Interpreter\Interpreter->fetch_placeholders()
 4 APPPATH\Libraries\TEFakeContent\Interpreter\Interpreter.php(42): App\Libraries\TEFakeContent\Interpreter\Interpreter->making('@|Gmail.com')
 5 APPPATH\Libraries\TEFakeContent\TEFakeContent.php(20): App\Libraries\TEFakeContent\Interpreter\Interpreter->make_field('@|Gmail.com')
 6 APPPATH\Controllers\Home.php(26): App\Libraries\TEFakeContent\TEFakeContent->field('@|Gmail.com')
 7 SYSTEMPATH\CodeIgniter.php(898): App\Controllers\Home->index()
 8 SYSTEMPATH\CodeIgniter.php(468): CodeIgniter\CodeIgniter->runController(Object(App\Controllers\Home))
 9 SYSTEMPATH\CodeIgniter.php(351): CodeIgniter\CodeIgniter->handleRequest(null, Object(Config\Cache), false)
10 FCPATH\index.php(55): CodeIgniter\CodeIgniter->run()
CRITICAL - 2023-02-16 10:51:51 --> Class 'App\Libraries\TEFakeContent\Interpreter\Handlers\GenContent' not found
in APPPATH\Libraries\TEFakeContent\Interpreter\Handlers\Sign.php on line 65.
 1 APPPATH\Libraries\TEFakeContent\Interpreter\Handlers\Sign.php(55): App\Libraries\TEFakeContent\Interpreter\Handlers\Sign->add_replace_content('@', [], [])
 2 APPPATH\Libraries\TEFakeContent\Interpreter\Handlers\Sign.php(16): App\Libraries\TEFakeContent\Interpreter\Handlers\Sign->get_replace_content([...])
 3 APPPATH\Libraries\TEFakeContent\Interpreter\Interpreter.php(103): App\Libraries\TEFakeContent\Interpreter\Handlers\Sign->sign('@')
 4 APPPATH\Libraries\TEFakeContent\Interpreter\Interpreter.php(87): App\Libraries\TEFakeContent\Interpreter\Interpreter->interpreter('@')
 5 APPPATH\Libraries\TEFakeContent\Interpreter\Interpreter.php(68): App\Libraries\TEFakeContent\Interpreter\Interpreter->fetch_placeholders()
 6 APPPATH\Libraries\TEFakeContent\Interpreter\Interpreter.php(42): App\Libraries\TEFakeContent\Interpreter\Interpreter->making('@|Gmail.com')
 7 APPPATH\Libraries\TEFakeContent\TEFakeContent.php(20): App\Libraries\TEFakeContent\Interpreter\Interpreter->make_field('@|Gmail.com')
 8 APPPATH\Controllers\Home.php(26): App\Libraries\TEFakeContent\TEFakeContent->field('@|Gmail.com')
 9 SYSTEMPATH\CodeIgniter.php(898): App\Controllers\Home->index()
10 SYSTEMPATH\CodeIgniter.php(468): CodeIgniter\CodeIgniter->runController(Object(App\Controllers\Home))
11 SYSTEMPATH\CodeIgniter.php(351): CodeIgniter\CodeIgniter->handleRequest(null, Object(Config\Cache), false)
12 FCPATH\index.php(55): CodeIgniter\CodeIgniter->run()
CRITICAL - 2023-02-16 11:29:56 --> Class 'App\Libraries\TEFakeContent\Interpreter\Handlers\GenContent' not found
in APPPATH\Libraries\TEFakeContent\Interpreter\Handlers\Sign.php on line 65.
 1 APPPATH\Libraries\TEFakeContent\Interpreter\Handlers\Sign.php(55): App\Libraries\TEFakeContent\Interpreter\Handlers\Sign->add_replace_content('@', [], [])
 2 APPPATH\Libraries\TEFakeContent\Interpreter\Handlers\Sign.php(16): App\Libraries\TEFakeContent\Interpreter\Handlers\Sign->get_replace_content([...])
 3 APPPATH\Libraries\TEFakeContent\Interpreter\Interpreter.php(103): App\Libraries\TEFakeContent\Interpreter\Handlers\Sign->sign('@')
 4 APPPATH\Libraries\TEFakeContent\Interpreter\Interpreter.php(87): App\Libraries\TEFakeContent\Interpreter\Interpreter->interpreter('@')
 5 APPPATH\Libraries\TEFakeContent\Interpreter\Interpreter.php(68): App\Libraries\TEFakeContent\Interpreter\Interpreter->fetch_placeholders()
 6 APPPATH\Libraries\TEFakeContent\Interpreter\Interpreter.php(42): App\Libraries\TEFakeContent\Interpreter\Interpreter->making('@|Gmail.com')
 7 APPPATH\Libraries\TEFakeContent\TEFakeContent.php(20): App\Libraries\TEFakeContent\Interpreter\Interpreter->make_field('@|Gmail.com')
 8 APPPATH\Controllers\Home.php(26): App\Libraries\TEFakeContent\TEFakeContent->field('@|Gmail.com')
 9 SYSTEMPATH\CodeIgniter.php(898): App\Controllers\Home->index()
10 SYSTEMPATH\CodeIgniter.php(468): CodeIgniter\CodeIgniter->runController(Object(App\Controllers\Home))
11 SYSTEMPATH\CodeIgniter.php(351): CodeIgniter\CodeIgniter->handleRequest(null, Object(Config\Cache), false)
12 FCPATH\index.php(55): CodeIgniter\CodeIgniter->run()
