CRITICAL - 2023-03-14 08:51:28 --> There is no data to insert.
in SYSTEMPATH\BaseModel.php on line 718.
 1 SYSTEMPATH\BaseModel.php(718): CodeIgniter\Database\Exceptions\DataException::forEmptyDataset('insert')
 2 SYSTEMPATH\Model.php(666): CodeIgniter\BaseModel->insert([], true)
 3 APPPATH\Models\MUser.php(34): CodeIgniter\Model->insert([...])
 4 APPPATH\Controllers\Home.php(18): App\Models\MUser->gen_data()
 5 SYSTEMPATH\CodeIgniter.php(898): App\Controllers\Home->index()
 6 SYSTEMPATH\CodeIgniter.php(468): CodeIgniter\CodeIgniter->runController(Object(App\Controllers\Home))
 7 SYSTEMPATH\CodeIgniter.php(351): CodeIgniter\CodeIgniter->handleRequest(null, Object(Config\Cache), false)
 8 FCPATH\index.php(55): CodeIgniter\CodeIgniter->run()
CRITICAL - 2023-03-14 09:08:03 --> Deletes are not allowed unless they contain a "where" or "like" clause.
in SYSTEMPATH\Model.php on line 381.
 1 SYSTEMPATH\BaseModel.php(963): CodeIgniter\Model->doDelete(null, false)
 2 APPPATH\Controllers\Home.php(18): CodeIgniter\BaseModel->delete()
 3 SYSTEMPATH\CodeIgniter.php(898): App\Controllers\Home->index()
 4 SYSTEMPATH\CodeIgniter.php(468): CodeIgniter\CodeIgniter->runController(Object(App\Controllers\Home))
 5 SYSTEMPATH\CodeIgniter.php(351): CodeIgniter\CodeIgniter->handleRequest(null, Object(Config\Cache), false)
 6 FCPATH\index.php(55): CodeIgniter\CodeIgniter->run()
CRITICAL - 2023-03-14 09:08:54 --> Deletes are not allowed unless they contain a "where" or "like" clause.
in SYSTEMPATH\Database\BaseBuilder.php on line 2334.
 1 SYSTEMPATH\Model.php(400): CodeIgniter\Database\BaseBuilder->delete()
 2 SYSTEMPATH\BaseModel.php(963): CodeIgniter\Model->doDelete(null, true)
 3 APPPATH\Controllers\Home.php(18): CodeIgniter\BaseModel->delete(null, true)
 4 SYSTEMPATH\CodeIgniter.php(898): App\Controllers\Home->index()
 5 SYSTEMPATH\CodeIgniter.php(468): CodeIgniter\CodeIgniter->runController(Object(App\Controllers\Home))
 6 SYSTEMPATH\CodeIgniter.php(351): CodeIgniter\CodeIgniter->handleRequest(null, Object(Config\Cache), false)
 7 FCPATH\index.php(55): CodeIgniter\CodeIgniter->run()
CRITICAL - 2023-03-14 09:08:56 --> Deletes are not allowed unless they contain a "where" or "like" clause.
in SYSTEMPATH\Database\BaseBuilder.php on line 2334.
 1 SYSTEMPATH\Model.php(400): CodeIgniter\Database\BaseBuilder->delete()
 2 SYSTEMPATH\BaseModel.php(963): CodeIgniter\Model->doDelete(null, true)
 3 APPPATH\Controllers\Home.php(18): CodeIgniter\BaseModel->delete(null, true)
 4 SYSTEMPATH\CodeIgniter.php(898): App\Controllers\Home->index()
 5 SYSTEMPATH\CodeIgniter.php(468): CodeIgniter\CodeIgniter->runController(Object(App\Controllers\Home))
 6 SYSTEMPATH\CodeIgniter.php(351): CodeIgniter\CodeIgniter->handleRequest(null, Object(Config\Cache), false)
 7 FCPATH\index.php(55): CodeIgniter\CodeIgniter->run()
CRITICAL - 2023-03-14 09:11:43 --> Deletes are not allowed unless they contain a "where" or "like" clause.
in SYSTEMPATH\Model.php on line 381.
 1 SYSTEMPATH\BaseModel.php(963): CodeIgniter\Model->doDelete(null, false)
 2 APPPATH\Controllers\Home.php(18): CodeIgniter\BaseModel->delete()
 3 SYSTEMPATH\CodeIgniter.php(898): App\Controllers\Home->index()
 4 SYSTEMPATH\CodeIgniter.php(468): CodeIgniter\CodeIgniter->runController(Object(App\Controllers\Home))
 5 SYSTEMPATH\CodeIgniter.php(351): CodeIgniter\CodeIgniter->handleRequest(null, Object(Config\Cache), false)
 6 FCPATH\index.php(55): CodeIgniter\CodeIgniter->run()
CRITICAL - 2023-03-14 09:11:50 --> Deletes are not allowed unless they contain a "where" or "like" clause.
in SYSTEMPATH\Model.php on line 381.
 1 SYSTEMPATH\BaseModel.php(963): CodeIgniter\Model->doDelete(null, false)
 2 APPPATH\Controllers\Home.php(18): CodeIgniter\BaseModel->delete(null)
 3 SYSTEMPATH\CodeIgniter.php(898): App\Controllers\Home->index()
 4 SYSTEMPATH\CodeIgniter.php(468): CodeIgniter\CodeIgniter->runController(Object(App\Controllers\Home))
 5 SYSTEMPATH\CodeIgniter.php(351): CodeIgniter\CodeIgniter->handleRequest(null, Object(Config\Cache), false)
 6 FCPATH\index.php(55): CodeIgniter\CodeIgniter->run()
CRITICAL - 2023-03-14 09:12:03 --> Deletes are not allowed unless they contain a "where" or "like" clause.
in SYSTEMPATH\Database\BaseBuilder.php on line 2334.
 1 SYSTEMPATH\Model.php(400): CodeIgniter\Database\BaseBuilder->delete()
 2 SYSTEMPATH\BaseModel.php(963): CodeIgniter\Model->doDelete(null, true)
 3 APPPATH\Controllers\Home.php(18): CodeIgniter\BaseModel->delete(null, true)
 4 SYSTEMPATH\CodeIgniter.php(898): App\Controllers\Home->index()
 5 SYSTEMPATH\CodeIgniter.php(468): CodeIgniter\CodeIgniter->runController(Object(App\Controllers\Home))
 6 SYSTEMPATH\CodeIgniter.php(351): CodeIgniter\CodeIgniter->handleRequest(null, Object(Config\Cache), false)
 7 FCPATH\index.php(55): CodeIgniter\CodeIgniter->run()
CRITICAL - 2023-03-14 09:23:50 --> Call to a member function delete() on bool
in APPPATH\Controllers\Home.php on line 18.
 1 SYSTEMPATH\CodeIgniter.php(898): App\Controllers\Home->index()
 2 SYSTEMPATH\CodeIgniter.php(468): CodeIgniter\CodeIgniter->runController(Object(App\Controllers\Home))
 3 SYSTEMPATH\CodeIgniter.php(351): CodeIgniter\CodeIgniter->handleRequest(null, Object(Config\Cache), false)
 4 FCPATH\index.php(55): CodeIgniter\CodeIgniter->run()
CRITICAL - 2023-03-14 09:34:58 --> Deletes are not allowed unless they contain a "where" or "like" clause.
in SYSTEMPATH\Database\BaseBuilder.php on line 2334.
 1 SYSTEMPATH\Model.php(400): CodeIgniter\Database\BaseBuilder->delete()
 2 SYSTEMPATH\BaseModel.php(963): CodeIgniter\Model->doDelete(null, true)
 3 APPPATH\Controllers\Home.php(18): CodeIgniter\BaseModel->delete(null, true)
 4 SYSTEMPATH\CodeIgniter.php(898): App\Controllers\Home->index()
 5 SYSTEMPATH\CodeIgniter.php(468): CodeIgniter\CodeIgniter->runController(Object(App\Controllers\Home))
 6 SYSTEMPATH\CodeIgniter.php(351): CodeIgniter\CodeIgniter->handleRequest(null, Object(Config\Cache), false)
 7 FCPATH\index.php(55): CodeIgniter\CodeIgniter->run()
CRITICAL - 2023-03-14 09:35:27 --> Deletes are not allowed unless they contain a "where" or "like" clause.
in SYSTEMPATH\Model.php on line 381.
 1 SYSTEMPATH\BaseModel.php(963): CodeIgniter\Model->doDelete(null, false)
 2 APPPATH\Controllers\Home.php(18): CodeIgniter\BaseModel->delete()
 3 SYSTEMPATH\CodeIgniter.php(898): App\Controllers\Home->index()
 4 SYSTEMPATH\CodeIgniter.php(468): CodeIgniter\CodeIgniter->runController(Object(App\Controllers\Home))
 5 SYSTEMPATH\CodeIgniter.php(351): CodeIgniter\CodeIgniter->handleRequest(null, Object(Config\Cache), false)
 6 FCPATH\index.php(55): CodeIgniter\CodeIgniter->run()
CRITICAL - 2023-03-14 09:35:30 --> Deletes are not allowed unless they contain a "where" or "like" clause.
in SYSTEMPATH\Model.php on line 381.
 1 SYSTEMPATH\BaseModel.php(963): CodeIgniter\Model->doDelete(null, false)
 2 APPPATH\Controllers\Home.php(18): CodeIgniter\BaseModel->delete()
 3 SYSTEMPATH\CodeIgniter.php(898): App\Controllers\Home->index()
 4 SYSTEMPATH\CodeIgniter.php(468): CodeIgniter\CodeIgniter->runController(Object(App\Controllers\Home))
 5 SYSTEMPATH\CodeIgniter.php(351): CodeIgniter\CodeIgniter->handleRequest(null, Object(Config\Cache), false)
 6 FCPATH\index.php(55): CodeIgniter\CodeIgniter->run()
CRITICAL - 2023-03-14 09:35:38 --> Deletes are not allowed unless they contain a "where" or "like" clause.
in SYSTEMPATH\Model.php on line 381.
 1 SYSTEMPATH\BaseModel.php(963): CodeIgniter\Model->doDelete(null, false)
 2 APPPATH\Controllers\Home.php(18): CodeIgniter\BaseModel->delete()
 3 SYSTEMPATH\CodeIgniter.php(898): App\Controllers\Home->index()
 4 SYSTEMPATH\CodeIgniter.php(468): CodeIgniter\CodeIgniter->runController(Object(App\Controllers\Home))
 5 SYSTEMPATH\CodeIgniter.php(351): CodeIgniter\CodeIgniter->handleRequest(null, Object(Config\Cache), false)
 6 FCPATH\index.php(55): CodeIgniter\CodeIgniter->run()
CRITICAL - 2023-03-14 09:43:31 --> Class 'Config\App\Filters\Auth' not found
in SYSTEMPATH\Filters\Filters.php on line 166.
 1 SYSTEMPATH\CodeIgniter.php(442): CodeIgniter\Filters\Filters->run('OrdersStatus', 'before')
 2 SYSTEMPATH\CodeIgniter.php(351): CodeIgniter\CodeIgniter->handleRequest(null, Object(Config\Cache), false)
 3 FCPATH\index.php(55): CodeIgniter\CodeIgniter->run()
CRITICAL - 2023-03-14 09:45:45 --> Class 'Config\AApp\Filters\Auth' not found
in SYSTEMPATH\Filters\Filters.php on line 166.
 1 SYSTEMPATH\CodeIgniter.php(442): CodeIgniter\Filters\Filters->run('OrdersStatus', 'before')
 2 SYSTEMPATH\CodeIgniter.php(351): CodeIgniter\CodeIgniter->handleRequest(null, Object(Config\Cache), false)
 3 FCPATH\index.php(55): CodeIgniter\CodeIgniter->run()
CRITICAL - 2023-03-14 09:46:16 --> Typed property App\Libraries\KingAuth\KingAuth::$allowedFields must be array or null, string used
in APPPATH\Libraries\KingAuth\KingAuth.php on line 232.
 1 APPPATH\Libraries\KingAuth\KingAuth.php(174): App\Libraries\KingAuth\KingAuth->allowedFields_fm('MUser')
 2 APPPATH\Libraries\KingAuth\KingAuth.php(92): App\Libraries\KingAuth\KingAuth->load_allowedFields('MUser')
 3 APPPATH\Libraries\KingAuth\Handlers\Is.php(37): App\Libraries\KingAuth\KingAuth->load('MUser')
 4 APPPATH\Libraries\KingAuth\Handlers\Is.php(22): App\Libraries\KingAuth\Handlers\Is->check_logedin('MUser', true)
 5 APPPATH\Libraries\KingAuth\KingAuth.php(332): App\Libraries\KingAuth\Handlers\Is->is_logedin(true)
 6 APPPATH\Filters\Auth.php(19): App\Libraries\KingAuth\KingAuth->is_user_logedin(true)
 7 SYSTEMPATH\Filters\Filters.php(173): App\Filters\Auth->before(Object(CodeIgniter\HTTP\IncomingRequest), null)
 8 SYSTEMPATH\CodeIgniter.php(442): CodeIgniter\Filters\Filters->run('OrdersStatus', 'before')
 9 SYSTEMPATH\CodeIgniter.php(351): CodeIgniter\CodeIgniter->handleRequest(null, Object(Config\Cache), false)
10 FCPATH\index.php(55): CodeIgniter\CodeIgniter->run()
CRITICAL - 2023-03-14 09:48:17 --> syntax error, unexpected 'return' (T_RETURN), expecting ';'
in APPPATH\Filters\Auth.php on line 20.
 1 SYSTEMPATH\Autoloader\Autoloader.php(261): CodeIgniter\Autoloader\Autoloader->includeFile('APPPATH\\Filters\\Auth.php')
 2 SYSTEMPATH\Autoloader\Autoloader.php(239): CodeIgniter\Autoloader\Autoloader->loadInNamespace('App\\Filters\\Auth')
 3 [internal function]: CodeIgniter\Autoloader\Autoloader->loadClass('App\\Filters\\Auth')
 4 SYSTEMPATH\Filters\Filters.php(166): spl_autoload_call('App\\Filters\\Auth')
 5 SYSTEMPATH\CodeIgniter.php(442): CodeIgniter\Filters\Filters->run('OrdersStatus', 'before')
 6 SYSTEMPATH\CodeIgniter.php(351): CodeIgniter\CodeIgniter->handleRequest(null, Object(Config\Cache), false)
 7 FCPATH\index.php(55): CodeIgniter\CodeIgniter->run()
CRITICAL - 2023-03-14 09:48:59 --> Return value of App\Filters\Auth::before() must be an instance of App\Filters\mixed, instance of CodeIgniter\HTTP\RedirectResponse returned
in APPPATH\Filters\Auth.php on line 20.
 1 SYSTEMPATH\Filters\Filters.php(173): App\Filters\Auth->before(Object(CodeIgniter\HTTP\IncomingRequest), null)
 2 SYSTEMPATH\CodeIgniter.php(442): CodeIgniter\Filters\Filters->run('OrdersStatus', 'before')
 3 SYSTEMPATH\CodeIgniter.php(351): CodeIgniter\CodeIgniter->handleRequest(null, Object(Config\Cache), false)
 4 FCPATH\index.php(55): CodeIgniter\CodeIgniter->run()
CRITICAL - 2023-03-14 09:50:31 --> Return value of App\Filters\Auth::before() must be an instance of App\Filters\mixed, instance of CodeIgniter\HTTP\RedirectResponse returned
in APPPATH\Filters\Auth.php on line 20.
 1 SYSTEMPATH\Filters\Filters.php(173): App\Filters\Auth->before(Object(CodeIgniter\HTTP\IncomingRequest), null)
 2 SYSTEMPATH\CodeIgniter.php(442): CodeIgniter\Filters\Filters->run('OrdersStatus', 'before')
 3 SYSTEMPATH\CodeIgniter.php(351): CodeIgniter\CodeIgniter->handleRequest(null, Object(Config\Cache), false)
 4 FCPATH\index.php(55): CodeIgniter\CodeIgniter->run()
CRITICAL - 2023-03-14 09:50:39 --> Return value of App\Filters\Auth::after() must be an instance of App\Filters\mixed, none returned
in APPPATH\Filters\Auth.php on line 14.
 1 SYSTEMPATH\Filters\Filters.php(196): App\Filters\Auth->after(Object(CodeIgniter\HTTP\IncomingRequest), Object(CodeIgniter\HTTP\Response), null)
 2 SYSTEMPATH\CodeIgniter.php(485): CodeIgniter\Filters\Filters->run('E:\\', 'after')
 3 SYSTEMPATH\CodeIgniter.php(351): CodeIgniter\CodeIgniter->handleRequest(null, Object(Config\Cache), false)
 4 FCPATH\index.php(55): CodeIgniter\CodeIgniter->run()
CRITICAL - 2023-03-14 09:51:24 --> Return value of App\Filters\Auth::before() must be an instance of App\Filters\mixed, instance of CodeIgniter\HTTP\RedirectResponse returned
in APPPATH\Filters\Auth.php on line 20.
 1 SYSTEMPATH\Filters\Filters.php(173): App\Filters\Auth->before(Object(CodeIgniter\HTTP\IncomingRequest), null)
 2 SYSTEMPATH\CodeIgniter.php(442): CodeIgniter\Filters\Filters->run('OrdersStatus', 'before')
 3 SYSTEMPATH\CodeIgniter.php(351): CodeIgniter\CodeIgniter->handleRequest(null, Object(Config\Cache), false)
 4 FCPATH\index.php(55): CodeIgniter\CodeIgniter->run()
CRITICAL - 2023-03-14 09:52:40 --> Return value of App\Filters\Auth::before() must be an instance of App\Filters\mixed, instance of CodeIgniter\HTTP\RedirectResponse returned
in APPPATH\Filters\Auth.php on line 20.
 1 SYSTEMPATH\Filters\Filters.php(173): App\Filters\Auth->before(Object(CodeIgniter\HTTP\IncomingRequest), null)
 2 SYSTEMPATH\CodeIgniter.php(442): CodeIgniter\Filters\Filters->run('OrdersStatus', 'before')
 3 SYSTEMPATH\CodeIgniter.php(351): CodeIgniter\CodeIgniter->handleRequest(null, Object(Config\Cache), false)
 4 FCPATH\index.php(55): CodeIgniter\CodeIgniter->run()
CRITICAL - 2023-03-14 09:52:56 --> Return value of App\Filters\Auth::before() must be an instance of App\Filters\mixed, none returned
in APPPATH\Filters\Auth.php on line 22.
 1 SYSTEMPATH\Filters\Filters.php(173): App\Filters\Auth->before(Object(CodeIgniter\HTTP\IncomingRequest), null)
 2 SYSTEMPATH\CodeIgniter.php(442): CodeIgniter\Filters\Filters->run('OrdersStatus', 'before')
 3 SYSTEMPATH\CodeIgniter.php(351): CodeIgniter\CodeIgniter->handleRequest(null, Object(Config\Cache), false)
 4 FCPATH\index.php(55): CodeIgniter\CodeIgniter->run()
CRITICAL - 2023-03-14 09:52:58 --> Return value of App\Filters\Auth::before() must be an instance of App\Filters\mixed, none returned
in APPPATH\Filters\Auth.php on line 22.
 1 SYSTEMPATH\Filters\Filters.php(173): App\Filters\Auth->before(Object(CodeIgniter\HTTP\IncomingRequest), null)
 2 SYSTEMPATH\CodeIgniter.php(442): CodeIgniter\Filters\Filters->run('OrdersStatus', 'before')
 3 SYSTEMPATH\CodeIgniter.php(351): CodeIgniter\CodeIgniter->handleRequest(null, Object(Config\Cache), false)
 4 FCPATH\index.php(55): CodeIgniter\CodeIgniter->run()
CRITICAL - 2023-03-14 10:34:35 --> Return value of App\Filters\Auth::before() must be an instance of App\Filters\mixed, instance of CodeIgniter\HTTP\RedirectResponse returned
in APPPATH\Filters\Auth.php on line 20.
 1 SYSTEMPATH\Filters\Filters.php(173): App\Filters\Auth->before(Object(CodeIgniter\HTTP\IncomingRequest), null)
 2 SYSTEMPATH\CodeIgniter.php(442): CodeIgniter\Filters\Filters->run('OrdersStatus', 'before')
 3 SYSTEMPATH\CodeIgniter.php(351): CodeIgniter\CodeIgniter->handleRequest(null, Object(Config\Cache), false)
 4 FCPATH\index.php(55): CodeIgniter\CodeIgniter->run()
CRITICAL - 2023-03-14 10:37:35 --> Return value of App\Filters\Auth::before() must be an instance of App\Filters\mixed, string returned
in APPPATH\Filters\Auth.php on line 21.
 1 SYSTEMPATH\Filters\Filters.php(173): App\Filters\Auth->before(Object(CodeIgniter\HTTP\IncomingRequest), null)
 2 SYSTEMPATH\CodeIgniter.php(442): CodeIgniter\Filters\Filters->run('OrdersStatus', 'before')
 3 SYSTEMPATH\CodeIgniter.php(351): CodeIgniter\CodeIgniter->handleRequest(null, Object(Config\Cache), false)
 4 FCPATH\index.php(55): CodeIgniter\CodeIgniter->run()
CRITICAL - 2023-03-14 10:37:53 --> Return value of App\Filters\Auth::before() must be an instance of App\Filters\mixed, instance of CodeIgniter\HTTP\IncomingRequest returned
in APPPATH\Filters\Auth.php on line 21.
 1 SYSTEMPATH\Filters\Filters.php(173): App\Filters\Auth->before(Object(CodeIgniter\HTTP\IncomingRequest), null)
 2 SYSTEMPATH\CodeIgniter.php(442): CodeIgniter\Filters\Filters->run('OrdersStatus', 'before')
 3 SYSTEMPATH\CodeIgniter.php(351): CodeIgniter\CodeIgniter->handleRequest(null, Object(Config\Cache), false)
 4 FCPATH\index.php(55): CodeIgniter\CodeIgniter->run()
CRITICAL - 2023-03-14 10:37:54 --> Return value of App\Filters\Auth::before() must be an instance of App\Filters\mixed, instance of CodeIgniter\HTTP\IncomingRequest returned
in APPPATH\Filters\Auth.php on line 21.
 1 SYSTEMPATH\Filters\Filters.php(173): App\Filters\Auth->before(Object(CodeIgniter\HTTP\IncomingRequest), null)
 2 SYSTEMPATH\CodeIgniter.php(442): CodeIgniter\Filters\Filters->run('OrdersStatus', 'before')
 3 SYSTEMPATH\CodeIgniter.php(351): CodeIgniter\CodeIgniter->handleRequest(null, Object(Config\Cache), false)
 4 FCPATH\index.php(55): CodeIgniter\CodeIgniter->run()
CRITICAL - 2023-03-14 10:38:59 --> Return value of App\Filters\Auth::before() must be an instance of App\Filters\mixed, none returned
in APPPATH\Filters\Auth.php on line 23.
 1 SYSTEMPATH\Filters\Filters.php(173): App\Filters\Auth->before(Object(CodeIgniter\HTTP\IncomingRequest), null)
 2 SYSTEMPATH\CodeIgniter.php(442): CodeIgniter\Filters\Filters->run('OrdersStatus', 'before')
 3 SYSTEMPATH\CodeIgniter.php(351): CodeIgniter\CodeIgniter->handleRequest(null, Object(Config\Cache), false)
 4 FCPATH\index.php(55): CodeIgniter\CodeIgniter->run()
CRITICAL - 2023-03-14 11:25:44 --> Too few arguments to function App\Controllers\Entry::index(), 0 passed in E:\SoftWare\xampp 7\htdocs\my_projects\Resume\Shop\system\CodeIgniter.php on line 898 and exactly 1 expected
in APPPATH\Controllers\Entry.php on line 7.
 1 SYSTEMPATH\CodeIgniter.php(898): App\Controllers\Entry->index()
 2 SYSTEMPATH\CodeIgniter.php(468): CodeIgniter\CodeIgniter->runController(Object(App\Controllers\Entry))
 3 SYSTEMPATH\CodeIgniter.php(351): CodeIgniter\CodeIgniter->handleRequest(null, Object(Config\Cache), false)
 4 FCPATH\index.php(55): CodeIgniter\CodeIgniter->run()
CRITICAL - 2023-03-14 11:27:27 --> The namespace delimiter is a backslash (\), not a slash (/). Route handler: \App\Controllers\/Entry::index
in SYSTEMPATH\Router\Router.php on line 466.
 1 SYSTEMPATH\Router\Router.php(466): CodeIgniter\Router\Exceptions\RouterException::forInvalidControllerName('\\App\\Controllers\\/Entry::index')
 2 SYSTEMPATH\Router\Router.php(181): CodeIgniter\Router\Router->checkRoutes('Entry')
 3 SYSTEMPATH\CodeIgniter.php(773): CodeIgniter\Router\Router->handle('Entry')
 4 SYSTEMPATH\CodeIgniter.php(417): CodeIgniter\CodeIgniter->tryToRouteIt(Object(CodeIgniter\Router\RouteCollection))
 5 SYSTEMPATH\CodeIgniter.php(351): CodeIgniter\CodeIgniter->handleRequest(null, Object(Config\Cache), false)
 6 FCPATH\index.php(55): CodeIgniter\CodeIgniter->run()
CRITICAL - 2023-03-14 11:30:41 --> Undefined variable: nav
in APPPATH\Views\Templates\Body\Header.php on line 2.
 1 APPPATH\Views\Templates\Body\Header.php(2): CodeIgniter\Debug\Exceptions->errorHandler(8, 'Undefined variable: nav', 'APPPATH\\Views\\Templates\\Body\\Header.php', 2, [])
 2 SYSTEMPATH\View\View.php(213): include('APPPATH\\Views\\Templates\\Body\\Header.php')
 3 SYSTEMPATH\View\View.php(216): CodeIgniter\View\View->CodeIgniter\View\{closure}()
 4 SYSTEMPATH\Common.php(1135): CodeIgniter\View\View->render('Templates/Body/Header', [], true)
 5 APPPATH\Libraries\LoadView\Attachments\View.php(95): view('Templates/Body/Header')
 6 APPPATH\Libraries\LoadView\Attachments\View.php(76): App\Libraries\LoadView\LoadView->header_view()
 7 APPPATH\Libraries\LoadView\Attachments\View.php(31): App\Libraries\LoadView\LoadView->body_view('VEntry')
 8 APPPATH\Libraries\LoadView\LoadView.php(25): App\Libraries\LoadView\LoadView->render_view('VEntry', 'Lang.pages.sr')
 9 APPPATH\Controllers\BaseController.php(104): App\Libraries\LoadView\LoadView->show('VEntry', 'Lang.pages.sr')
10 APPPATH\Controllers\Entry.php(11): App\Controllers\BaseController->view('VEntry', 'Lang.pages.sr')
11 SYSTEMPATH\CodeIgniter.php(898): App\Controllers\Entry->index()
12 SYSTEMPATH\CodeIgniter.php(468): CodeIgniter\CodeIgniter->runController(Object(App\Controllers\Entry))
13 SYSTEMPATH\CodeIgniter.php(351): CodeIgniter\CodeIgniter->handleRequest(null, Object(Config\Cache), false)
14 FCPATH\index.php(55): CodeIgniter\CodeIgniter->run()
CRITICAL - 2023-03-14 12:02:39 --> Call to undefined function App\Libraries\Form\form_label()
in APPPATH\Libraries\Form\Form.php on line 86.
 1 APPPATH\Controllers\Entry.php(23): App\Libraries\Form\Form->text('email', 'Email')
 2 APPPATH\Controllers\Entry.php(14): App\Controllers\Entry->gen_entry_form()
 3 SYSTEMPATH\CodeIgniter.php(898): App\Controllers\Entry->index()
 4 SYSTEMPATH\CodeIgniter.php(468): CodeIgniter\CodeIgniter->runController(Object(App\Controllers\Entry))
 5 SYSTEMPATH\CodeIgniter.php(351): CodeIgniter\CodeIgniter->handleRequest(null, Object(Config\Cache), false)
 6 FCPATH\index.php(55): CodeIgniter\CodeIgniter->run()
