CRITICAL - 2022-11-08 05:37:40 --> Cannot redeclare App\Controllers\BaseController::$content
in APPPATH\Controllers\BaseController.php on line 90.
 1 [internal function]: CodeIgniter\Debug\Exceptions->shutdownHandler()
CRITICAL - 2022-11-08 05:40:53 --> Cannot redeclare App\Controllers\BaseController::$content
in APPPATH\Controllers\BaseController.php on line 96.
 1 [internal function]: CodeIgniter\Debug\Exceptions->shutdownHandler()
CRITICAL - 2022-11-08 05:41:28 --> Cannot pass parameter 1 by reference
in APPPATH\Controllers\Home.php on line 9.
 1 SYSTEMPATH\CodeIgniter.php(898): App\Controllers\Home->index()
 2 SYSTEMPATH\CodeIgniter.php(468): CodeIgniter\CodeIgniter->runController(Object(App\Controllers\Home))
 3 SYSTEMPATH\CodeIgniter.php(351): CodeIgniter\CodeIgniter->handleRequest(null, Object(Config\Cache), false)
 4 FCPATH\index.php(55): CodeIgniter\CodeIgniter->run()
CRITICAL - 2022-11-08 05:45:47 --> Argument 1 passed to view() must be of the type string, object given, called in E:\SoftWare\xampp 7\htdocs\my_projects\Resume\Shop\app\Libraries\LoadView\Attachments\BaseTag.php on line 53
in SYSTEMPATH\Common.php on line 1121.
 1 APPPATH\Libraries\LoadView\Attachments\BaseTag.php(53): view(Object(Closure))
 2 APPPATH\Libraries\LoadView\Attachments\BaseTag.php(7): App\Libraries\LoadView\LoadView->echo('<!DOCTYPE html>')
 3 APPPATH\Libraries\LoadView\Attachments\View.php(63): App\Libraries\LoadView\LoadView->doctype()
 4 APPPATH\Libraries\LoadView\Attachments\View.php(40): App\Libraries\LoadView\LoadView->render('VHome')
 5 APPPATH\Libraries\LoadView\Attachments\View.php(10): App\Libraries\LoadView\LoadView->render_view('VHome', 'Home')
 6 APPPATH\Controllers\BaseController.php(85): App\Libraries\LoadView\LoadView->view('VHome', 'Home')
 7 APPPATH\Controllers\Home.php(9): App\Controllers\BaseController->view('VHome', 'Home')
 8 SYSTEMPATH\CodeIgniter.php(898): App\Controllers\Home->index()
 9 SYSTEMPATH\CodeIgniter.php(468): CodeIgniter\CodeIgniter->runController(Object(App\Controllers\Home))
10 SYSTEMPATH\CodeIgniter.php(351): CodeIgniter\CodeIgniter->handleRequest(null, Object(Config\Cache), false)
11 FCPATH\index.php(55): CodeIgniter\CodeIgniter->run()
CRITICAL - 2022-11-08 05:48:37 --> Argument 1 passed to view() must be of the type string, object given, called in E:\SoftWare\xampp 7\htdocs\my_projects\Resume\Shop\app\Libraries\LoadView\Attachments\BaseTag.php on line 53
in SYSTEMPATH\Common.php on line 1121.
 1 APPPATH\Libraries\LoadView\Attachments\BaseTag.php(53): view(Object(Closure))
 2 APPPATH\Libraries\LoadView\Attachments\BaseTag.php(7): App\Libraries\LoadView\LoadView->echo('<!DOCTYPE html>')
 3 APPPATH\Libraries\LoadView\Attachments\View.php(63): App\Libraries\LoadView\LoadView->doctype()
 4 APPPATH\Libraries\LoadView\Attachments\View.php(40): App\Libraries\LoadView\LoadView->render('VHome')
 5 APPPATH\Libraries\LoadView\Attachments\View.php(10): App\Libraries\LoadView\LoadView->render_view('VHome', 'Home')
 6 APPPATH\Controllers\BaseController.php(85): App\Libraries\LoadView\LoadView->view('VHome', 'Home')
 7 APPPATH\Controllers\Home.php(9): App\Controllers\BaseController->view('VHome', 'Home')
 8 SYSTEMPATH\CodeIgniter.php(898): App\Controllers\Home->index()
 9 SYSTEMPATH\CodeIgniter.php(468): CodeIgniter\CodeIgniter->runController(Object(App\Controllers\Home))
10 SYSTEMPATH\CodeIgniter.php(351): CodeIgniter\CodeIgniter->handleRequest(null, Object(Config\Cache), false)
11 FCPATH\index.php(55): CodeIgniter\CodeIgniter->run()
CRITICAL - 2022-11-08 05:51:28 --> Argument 1 passed to view() must be of the type string, object given, called in E:\SoftWare\xampp 7\htdocs\my_projects\Resume\Shop\app\Libraries\LoadView\Attachments\BaseTag.php on line 54
in SYSTEMPATH\Common.php on line 1121.
 1 APPPATH\Libraries\LoadView\Attachments\BaseTag.php(54): view(Object(Closure))
 2 APPPATH\Libraries\LoadView\Attachments\BaseTag.php(7): App\Libraries\LoadView\LoadView->echo('<!DOCTYPE html>')
 3 APPPATH\Libraries\LoadView\Attachments\View.php(63): App\Libraries\LoadView\LoadView->doctype()
 4 APPPATH\Libraries\LoadView\Attachments\View.php(40): App\Libraries\LoadView\LoadView->render('VHome')
 5 APPPATH\Libraries\LoadView\Attachments\View.php(10): App\Libraries\LoadView\LoadView->render_view('VHome', 'Home')
 6 APPPATH\Controllers\BaseController.php(85): App\Libraries\LoadView\LoadView->view('VHome', 'Home')
 7 APPPATH\Controllers\Home.php(9): App\Controllers\BaseController->view('VHome', 'Home')
 8 SYSTEMPATH\CodeIgniter.php(898): App\Controllers\Home->index()
 9 SYSTEMPATH\CodeIgniter.php(468): CodeIgniter\CodeIgniter->runController(Object(App\Controllers\Home))
10 SYSTEMPATH\CodeIgniter.php(351): CodeIgniter\CodeIgniter->handleRequest(null, Object(Config\Cache), false)
11 FCPATH\index.php(55): CodeIgniter\CodeIgniter->run()
CRITICAL - 2022-11-08 05:53:16 --> Argument 1 passed to view() must be of the type string, object given, called in E:\SoftWare\xampp 7\htdocs\my_projects\Resume\Shop\app\Libraries\LoadView\Attachments\BaseTag.php on line 53
in SYSTEMPATH\Common.php on line 1121.
 1 APPPATH\Libraries\LoadView\Attachments\BaseTag.php(53): view(Object(Closure))
 2 APPPATH\Libraries\LoadView\Attachments\BaseTag.php(7): App\Libraries\LoadView\LoadView->echo('<!DOCTYPE html>')
 3 APPPATH\Libraries\LoadView\Attachments\View.php(63): App\Libraries\LoadView\LoadView->doctype()
 4 APPPATH\Libraries\LoadView\Attachments\View.php(40): App\Libraries\LoadView\LoadView->render('VHome')
 5 APPPATH\Libraries\LoadView\Attachments\View.php(10): App\Libraries\LoadView\LoadView->render_view('VHome', 'Home')
 6 APPPATH\Controllers\BaseController.php(85): App\Libraries\LoadView\LoadView->view('VHome', 'Home')
 7 APPPATH\Controllers\Home.php(9): App\Controllers\BaseController->view('VHome', 'Home')
 8 SYSTEMPATH\CodeIgniter.php(898): App\Controllers\Home->index()
 9 SYSTEMPATH\CodeIgniter.php(468): CodeIgniter\CodeIgniter->runController(Object(App\Controllers\Home))
10 SYSTEMPATH\CodeIgniter.php(351): CodeIgniter\CodeIgniter->handleRequest(null, Object(Config\Cache), false)
11 FCPATH\index.php(55): CodeIgniter\CodeIgniter->run()
CRITICAL - 2022-11-08 05:54:30 --> Invalid file: aaaaaaaaaaaaaa.php
in SYSTEMPATH\Exceptions\FrameworkException.php on line 33.
 1 SYSTEMPATH\View\View.php(201): CodeIgniter\Exceptions\FrameworkException::forInvalidFile('aaaaaaaaaaaaaa.php')
 2 SYSTEMPATH\Common.php(1135): CodeIgniter\View\View->render('aaaaaaaaaaaaaa', [], true)
 3 APPPATH\Libraries\LoadView\Attachments\BaseTag.php(55): view('aaaaaaaaaaaaaa')
 4 APPPATH\Libraries\LoadView\Attachments\BaseTag.php(7): App\Libraries\LoadView\LoadView->echo('<!DOCTYPE html>')
 5 APPPATH\Libraries\LoadView\Attachments\View.php(63): App\Libraries\LoadView\LoadView->doctype()
 6 APPPATH\Libraries\LoadView\Attachments\View.php(40): App\Libraries\LoadView\LoadView->render('VHome')
 7 APPPATH\Libraries\LoadView\Attachments\View.php(10): App\Libraries\LoadView\LoadView->render_view('VHome', 'Home')
 8 APPPATH\Controllers\BaseController.php(85): App\Libraries\LoadView\LoadView->view('VHome', 'Home')
 9 APPPATH\Controllers\Home.php(9): App\Controllers\BaseController->view('VHome', 'Home')
10 SYSTEMPATH\CodeIgniter.php(898): App\Controllers\Home->index()
11 SYSTEMPATH\CodeIgniter.php(468): CodeIgniter\CodeIgniter->runController(Object(App\Controllers\Home))
12 SYSTEMPATH\CodeIgniter.php(351): CodeIgniter\CodeIgniter->handleRequest(null, Object(Config\Cache), false)
13 FCPATH\index.php(55): CodeIgniter\CodeIgniter->run()
CRITICAL - 2022-11-08 05:55:33 --> Argument 1 passed to view() must be of the type string, object given, called in E:\SoftWare\xampp 7\htdocs\my_projects\Resume\Shop\app\Libraries\LoadView\Attachments\BaseTag.php on line 55
in SYSTEMPATH\Common.php on line 1121.
 1 APPPATH\Libraries\LoadView\Attachments\BaseTag.php(55): view(Object(Closure))
 2 APPPATH\Libraries\LoadView\Attachments\BaseTag.php(7): App\Libraries\LoadView\LoadView->echo('<!DOCTYPE html>')
 3 APPPATH\Libraries\LoadView\Attachments\View.php(63): App\Libraries\LoadView\LoadView->doctype()
 4 APPPATH\Libraries\LoadView\Attachments\View.php(40): App\Libraries\LoadView\LoadView->render('VHome')
 5 APPPATH\Libraries\LoadView\Attachments\View.php(10): App\Libraries\LoadView\LoadView->render_view('VHome', 'Home')
 6 APPPATH\Controllers\BaseController.php(85): App\Libraries\LoadView\LoadView->view('VHome', 'Home')
 7 APPPATH\Controllers\Home.php(9): App\Controllers\BaseController->view('VHome', 'Home')
 8 SYSTEMPATH\CodeIgniter.php(898): App\Controllers\Home->index()
 9 SYSTEMPATH\CodeIgniter.php(468): CodeIgniter\CodeIgniter->runController(Object(App\Controllers\Home))
10 SYSTEMPATH\CodeIgniter.php(351): CodeIgniter\CodeIgniter->handleRequest(null, Object(Config\Cache), false)
11 FCPATH\index.php(55): CodeIgniter\CodeIgniter->run()
CRITICAL - 2022-11-08 06:40:40 --> Default value for parameters with a string type can only be string or NULL
in APPPATH\Libraries\LoadView\Attachments\BaseTag.php on line 50.
 1 [internal function]: CodeIgniter\Debug\Exceptions->shutdownHandler()
CRITICAL - 2022-11-08 06:41:46 --> Call to undefined method App\Libraries\LoadView\LoadView::echo()
in APPPATH\Libraries\LoadView\Attachments\BaseTag.php on line 7.
 1 APPPATH\Libraries\LoadView\Attachments\View.php(63): App\Libraries\LoadView\LoadView->doctype()
 2 APPPATH\Libraries\LoadView\Attachments\View.php(40): App\Libraries\LoadView\LoadView->render('VHome')
 3 APPPATH\Libraries\LoadView\Attachments\View.php(10): App\Libraries\LoadView\LoadView->render_view('VHome', 'Home')
 4 APPPATH\Controllers\BaseController.php(85): App\Libraries\LoadView\LoadView->view('VHome', 'Home')
 5 APPPATH\Controllers\Home.php(9): App\Controllers\BaseController->view('VHome', 'Home')
 6 SYSTEMPATH\CodeIgniter.php(898): App\Controllers\Home->index()
 7 SYSTEMPATH\CodeIgniter.php(468): CodeIgniter\CodeIgniter->runController(Object(App\Controllers\Home))
 8 SYSTEMPATH\CodeIgniter.php(351): CodeIgniter\CodeIgniter->handleRequest(null, Object(Config\Cache), false)
 9 FCPATH\index.php(55): CodeIgniter\CodeIgniter->run()
CRITICAL - 2022-11-08 06:42:27 --> Call to undefined method App\Libraries\LoadView\LoadView::echo()
in APPPATH\Libraries\LoadView\Attachments\BaseTag.php on line 7.
 1 APPPATH\Libraries\LoadView\Attachments\View.php(63): App\Libraries\LoadView\LoadView->doctype()
 2 APPPATH\Libraries\LoadView\Attachments\View.php(40): App\Libraries\LoadView\LoadView->render('VHome')
 3 APPPATH\Libraries\LoadView\Attachments\View.php(10): App\Libraries\LoadView\LoadView->render_view('VHome', 'Home')
 4 APPPATH\Controllers\BaseController.php(85): App\Libraries\LoadView\LoadView->view('VHome', 'Home')
 5 APPPATH\Controllers\Home.php(9): App\Controllers\BaseController->view('VHome', 'Home')
 6 SYSTEMPATH\CodeIgniter.php(898): App\Controllers\Home->index()
 7 SYSTEMPATH\CodeIgniter.php(468): CodeIgniter\CodeIgniter->runController(Object(App\Controllers\Home))
 8 SYSTEMPATH\CodeIgniter.php(351): CodeIgniter\CodeIgniter->handleRequest(null, Object(Config\Cache), false)
 9 FCPATH\index.php(55): CodeIgniter\CodeIgniter->run()
CRITICAL - 2022-11-08 06:42:29 --> Call to undefined method App\Libraries\LoadView\LoadView::echo()
in APPPATH\Libraries\LoadView\Attachments\BaseTag.php on line 7.
 1 APPPATH\Libraries\LoadView\Attachments\View.php(63): App\Libraries\LoadView\LoadView->doctype()
 2 APPPATH\Libraries\LoadView\Attachments\View.php(40): App\Libraries\LoadView\LoadView->render('VHome')
 3 APPPATH\Libraries\LoadView\Attachments\View.php(10): App\Libraries\LoadView\LoadView->render_view('VHome', 'Home')
 4 APPPATH\Controllers\BaseController.php(85): App\Libraries\LoadView\LoadView->view('VHome', 'Home')
 5 APPPATH\Controllers\Home.php(9): App\Controllers\BaseController->view('VHome', 'Home')
 6 SYSTEMPATH\CodeIgniter.php(898): App\Controllers\Home->index()
 7 SYSTEMPATH\CodeIgniter.php(468): CodeIgniter\CodeIgniter->runController(Object(App\Controllers\Home))
 8 SYSTEMPATH\CodeIgniter.php(351): CodeIgniter\CodeIgniter->handleRequest(null, Object(Config\Cache), false)
 9 FCPATH\index.php(55): CodeIgniter\CodeIgniter->run()
CRITICAL - 2022-11-08 06:43:21 --> Call to undefined method App\Libraries\LoadView\LoadView::echo()
in APPPATH\Libraries\LoadView\Attachments\BaseTag.php on line 7.
 1 APPPATH\Libraries\LoadView\Attachments\View.php(63): App\Libraries\LoadView\LoadView->doctype()
 2 APPPATH\Libraries\LoadView\Attachments\View.php(40): App\Libraries\LoadView\LoadView->render('VHome')
 3 APPPATH\Libraries\LoadView\Attachments\View.php(10): App\Libraries\LoadView\LoadView->render_view('VHome', 'Home')
 4 APPPATH\Controllers\BaseController.php(85): App\Libraries\LoadView\LoadView->view('VHome', 'Home')
 5 APPPATH\Controllers\Home.php(9): App\Controllers\BaseController->view('VHome', 'Home')
 6 SYSTEMPATH\CodeIgniter.php(898): App\Controllers\Home->index()
 7 SYSTEMPATH\CodeIgniter.php(468): CodeIgniter\CodeIgniter->runController(Object(App\Controllers\Home))
 8 SYSTEMPATH\CodeIgniter.php(351): CodeIgniter\CodeIgniter->handleRequest(null, Object(Config\Cache), false)
 9 FCPATH\index.php(55): CodeIgniter\CodeIgniter->run()
CRITICAL - 2022-11-08 06:44:08 --> Undefined class constant 'VNC'
in APPPATH\Libraries\LoadView\Attachments\BaseTag.php on line 57.
 1 APPPATH\Libraries\LoadView\Attachments\View.php(68): App\Libraries\LoadView\LoadView->tag('html_tag')
 2 APPPATH\Libraries\LoadView\Attachments\View.php(40): App\Libraries\LoadView\LoadView->render('VHome')
 3 APPPATH\Libraries\LoadView\Attachments\View.php(10): App\Libraries\LoadView\LoadView->render_view('VHome', 'Home')
 4 APPPATH\Controllers\BaseController.php(85): App\Libraries\LoadView\LoadView->view('VHome', 'Home')
 5 APPPATH\Controllers\Home.php(9): App\Controllers\BaseController->view('VHome', 'Home')
 6 SYSTEMPATH\CodeIgniter.php(898): App\Controllers\Home->index()
 7 SYSTEMPATH\CodeIgniter.php(468): CodeIgniter\CodeIgniter->runController(Object(App\Controllers\Home))
 8 SYSTEMPATH\CodeIgniter.php(351): CodeIgniter\CodeIgniter->handleRequest(null, Object(Config\Cache), false)
 9 FCPATH\index.php(55): CodeIgniter\CodeIgniter->run()
CRITICAL - 2022-11-08 06:45:06 --> Undefined class constant 'VNC'
in APPPATH\Libraries\LoadView\Attachments\BaseTag.php on line 57.
 1 APPPATH\Libraries\LoadView\Attachments\View.php(68): App\Libraries\LoadView\LoadView->tag('html_tag')
 2 APPPATH\Libraries\LoadView\Attachments\View.php(40): App\Libraries\LoadView\LoadView->render('VHome')
 3 APPPATH\Libraries\LoadView\Attachments\View.php(10): App\Libraries\LoadView\LoadView->render_view('VHome', 'Home')
 4 APPPATH\Controllers\BaseController.php(85): App\Libraries\LoadView\LoadView->view('VHome', 'Home')
 5 APPPATH\Controllers\Home.php(9): App\Controllers\BaseController->view('VHome', 'Home')
 6 SYSTEMPATH\CodeIgniter.php(898): App\Controllers\Home->index()
 7 SYSTEMPATH\CodeIgniter.php(468): CodeIgniter\CodeIgniter->runController(Object(App\Controllers\Home))
 8 SYSTEMPATH\CodeIgniter.php(351): CodeIgniter\CodeIgniter->handleRequest(null, Object(Config\Cache), false)
 9 FCPATH\index.php(55): CodeIgniter\CodeIgniter->run()
CRITICAL - 2022-11-08 06:45:12 --> Undefined class constant 'VNC'
in APPPATH\Libraries\LoadView\Attachments\BaseTag.php on line 57.
 1 APPPATH\Libraries\LoadView\Attachments\View.php(68): App\Libraries\LoadView\LoadView->tag('html_tag')
 2 APPPATH\Libraries\LoadView\Attachments\View.php(40): App\Libraries\LoadView\LoadView->render('VHome')
 3 APPPATH\Libraries\LoadView\Attachments\View.php(10): App\Libraries\LoadView\LoadView->render_view('VHome', 'Home')
 4 APPPATH\Controllers\BaseController.php(85): App\Libraries\LoadView\LoadView->view('VHome', 'Home')
 5 APPPATH\Controllers\Home.php(9): App\Controllers\BaseController->view('VHome', 'Home')
 6 SYSTEMPATH\CodeIgniter.php(898): App\Controllers\Home->index()
 7 SYSTEMPATH\CodeIgniter.php(468): CodeIgniter\CodeIgniter->runController(Object(App\Controllers\Home))
 8 SYSTEMPATH\CodeIgniter.php(351): CodeIgniter\CodeIgniter->handleRequest(null, Object(Config\Cache), false)
 9 FCPATH\index.php(55): CodeIgniter\CodeIgniter->run()
CRITICAL - 2022-11-08 06:45:41 --> Cannot access parent:: when current class scope has no parent
in APPPATH\Libraries\LoadView\Attachments\BaseTag.php on line 57.
 1 APPPATH\Libraries\LoadView\Attachments\View.php(68): App\Libraries\LoadView\LoadView->tag('html_tag')
 2 APPPATH\Libraries\LoadView\Attachments\View.php(40): App\Libraries\LoadView\LoadView->render('VHome')
 3 APPPATH\Libraries\LoadView\Attachments\View.php(10): App\Libraries\LoadView\LoadView->render_view('VHome', 'Home')
 4 APPPATH\Controllers\BaseController.php(85): App\Libraries\LoadView\LoadView->view('VHome', 'Home')
 5 APPPATH\Controllers\Home.php(9): App\Controllers\BaseController->view('VHome', 'Home')
 6 SYSTEMPATH\CodeIgniter.php(898): App\Controllers\Home->index()
 7 SYSTEMPATH\CodeIgniter.php(468): CodeIgniter\CodeIgniter->runController(Object(App\Controllers\Home))
 8 SYSTEMPATH\CodeIgniter.php(351): CodeIgniter\CodeIgniter->handleRequest(null, Object(Config\Cache), false)
 9 FCPATH\index.php(55): CodeIgniter\CodeIgniter->run()
CRITICAL - 2022-11-08 06:46:12 --> Undefined property: App\Libraries\LoadView\LoadView::$VNC
in APPPATH\Libraries\LoadView\Attachments\BaseTag.php on line 57.
 1 APPPATH\Libraries\LoadView\Attachments\BaseTag.php(57): CodeIgniter\Debug\Exceptions->errorHandler(8, 'Undefined property: App\\Libraries\\LoadView\\LoadView::$VNC', 'APPPATH\\Libraries\\LoadView\\Attachments\\BaseTag.php', 57, [...])
 2 APPPATH\Libraries\LoadView\Attachments\View.php(68): App\Libraries\LoadView\LoadView->tag('html_tag')
 3 APPPATH\Libraries\LoadView\Attachments\View.php(40): App\Libraries\LoadView\LoadView->render('VHome')
 4 APPPATH\Libraries\LoadView\Attachments\View.php(10): App\Libraries\LoadView\LoadView->render_view('VHome', 'Home')
 5 APPPATH\Controllers\BaseController.php(85): App\Libraries\LoadView\LoadView->view('VHome', 'Home')
 6 APPPATH\Controllers\Home.php(9): App\Controllers\BaseController->view('VHome', 'Home')
 7 SYSTEMPATH\CodeIgniter.php(898): App\Controllers\Home->index()
 8 SYSTEMPATH\CodeIgniter.php(468): CodeIgniter\CodeIgniter->runController(Object(App\Controllers\Home))
 9 SYSTEMPATH\CodeIgniter.php(351): CodeIgniter\CodeIgniter->handleRequest(null, Object(Config\Cache), false)
10 FCPATH\index.php(55): CodeIgniter\CodeIgniter->run()
CRITICAL - 2022-11-08 06:46:56 --> Class 'App\Libraries\LoadView\Attachments\App\Libraries\LoadView\LoadView' not found
in APPPATH\Libraries\LoadView\Attachments\BaseTag.php on line 57.
 1 APPPATH\Libraries\LoadView\Attachments\View.php(68): App\Libraries\LoadView\LoadView->tag('html_tag')
 2 APPPATH\Libraries\LoadView\Attachments\View.php(40): App\Libraries\LoadView\LoadView->render('VHome')
 3 APPPATH\Libraries\LoadView\Attachments\View.php(10): App\Libraries\LoadView\LoadView->render_view('VHome', 'Home')
 4 APPPATH\Controllers\BaseController.php(85): App\Libraries\LoadView\LoadView->view('VHome', 'Home')
 5 APPPATH\Controllers\Home.php(9): App\Controllers\BaseController->view('VHome', 'Home')
 6 SYSTEMPATH\CodeIgniter.php(898): App\Controllers\Home->index()
 7 SYSTEMPATH\CodeIgniter.php(468): CodeIgniter\CodeIgniter->runController(Object(App\Controllers\Home))
 8 SYSTEMPATH\CodeIgniter.php(351): CodeIgniter\CodeIgniter->handleRequest(null, Object(Config\Cache), false)
 9 FCPATH\index.php(55): CodeIgniter\CodeIgniter->run()
CRITICAL - 2022-11-08 06:49:18 --> Unable to locate view cell class: App\Libraries\LoadView\Attachments\BaseTag.
in SYSTEMPATH\View\Cell.php on line 201.
 1 SYSTEMPATH\View\Cell.php(201): CodeIgniter\View\Exceptions\ViewException::forInvalidCellClass('App\\Libraries\\LoadView\\Attachments\\BaseTag')
 2 SYSTEMPATH\View\Cell.php(71): CodeIgniter\View\Cell->determineClass('App\\Libraries\\LoadView\\Attachments\\BaseTag:html_tag')
 3 SYSTEMPATH\Common.php(1151): CodeIgniter\View\Cell->render('App\\Libraries\\LoadView\\Attachments\\BaseTag::html_tag', [...], 0, null)
 4 APPPATH\Libraries\LoadView\Attachments\BaseTag.php(57): view_cell('App\\Libraries\\LoadView\\Attachments\\BaseTag::html_tag', [...])
 5 APPPATH\Libraries\LoadView\Attachments\View.php(68): App\Libraries\LoadView\LoadView->tag('html_tag')
 6 APPPATH\Libraries\LoadView\Attachments\View.php(40): App\Libraries\LoadView\LoadView->render('VHome')
 7 APPPATH\Libraries\LoadView\Attachments\View.php(10): App\Libraries\LoadView\LoadView->render_view('VHome', 'Home')
 8 APPPATH\Controllers\BaseController.php(85): App\Libraries\LoadView\LoadView->view('VHome', 'Home')
 9 APPPATH\Controllers\Home.php(9): App\Controllers\BaseController->view('VHome', 'Home')
10 SYSTEMPATH\CodeIgniter.php(898): App\Controllers\Home->index()
11 SYSTEMPATH\CodeIgniter.php(468): CodeIgniter\CodeIgniter->runController(Object(App\Controllers\Home))
12 SYSTEMPATH\CodeIgniter.php(351): CodeIgniter\CodeIgniter->handleRequest(null, Object(Config\Cache), false)
13 FCPATH\index.php(55): CodeIgniter\CodeIgniter->run()
CRITICAL - 2022-11-08 07:10:35 --> Unable to locate view cell class: \App\Libraries\LoadView\Attachments\BaseTag.
in SYSTEMPATH\View\Cell.php on line 201.
 1 SYSTEMPATH\View\Cell.php(201): CodeIgniter\View\Exceptions\ViewException::forInvalidCellClass('\\App\\Libraries\\LoadView\\Attachments\\BaseTag')
 2 SYSTEMPATH\View\Cell.php(71): CodeIgniter\View\Cell->determineClass('\\App\\Libraries\\LoadView\\Attachments\\BaseTag:html_tag')
 3 SYSTEMPATH\Common.php(1151): CodeIgniter\View\Cell->render('\\App\\Libraries\\LoadView\\Attachments\\BaseTag::html_tag', [...], 0, null)
 4 APPPATH\Libraries\LoadView\Attachments\BaseTag.php(57): view_cell('\\App\\Libraries\\LoadView\\Attachments\\BaseTag::html_tag', [...])
 5 APPPATH\Libraries\LoadView\Attachments\View.php(68): App\Libraries\LoadView\LoadView->tag('html_tag')
 6 APPPATH\Libraries\LoadView\Attachments\View.php(40): App\Libraries\LoadView\LoadView->render('VHome')
 7 APPPATH\Libraries\LoadView\Attachments\View.php(10): App\Libraries\LoadView\LoadView->render_view('VHome', 'Home')
 8 APPPATH\Controllers\BaseController.php(85): App\Libraries\LoadView\LoadView->view('VHome', 'Home')
 9 APPPATH\Controllers\Home.php(9): App\Controllers\BaseController->view('VHome', 'Home')
10 SYSTEMPATH\CodeIgniter.php(898): App\Controllers\Home->index()
11 SYSTEMPATH\CodeIgniter.php(468): CodeIgniter\CodeIgniter->runController(Object(App\Controllers\Home))
12 SYSTEMPATH\CodeIgniter.php(351): CodeIgniter\CodeIgniter->handleRequest(null, Object(Config\Cache), false)
13 FCPATH\index.php(55): CodeIgniter\CodeIgniter->run()
CRITICAL - 2022-11-08 07:12:44 --> Unable to locate view cell class: \App\Libraries\LoadView\Attachments\BaseTag.
in SYSTEMPATH\View\Cell.php on line 201.
 1 SYSTEMPATH\View\Cell.php(201): CodeIgniter\View\Exceptions\ViewException::forInvalidCellClass('\\App\\Libraries\\LoadView\\Attachments\\BaseTag')
 2 SYSTEMPATH\View\Cell.php(71): CodeIgniter\View\Cell->determineClass('\\App\\Libraries\\LoadView\\Attachments\\BaseTag:html_tag')
 3 SYSTEMPATH\Common.php(1151): CodeIgniter\View\Cell->render('\\App\\Libraries\\LoadView\\Attachments\\BaseTag::html_tag', [...], 0, null)
 4 APPPATH\Libraries\LoadView\Attachments\BaseTag.php(57): view_cell('\\App\\Libraries\\LoadView\\Attachments\\BaseTag::html_tag', [...])
 5 APPPATH\Libraries\LoadView\Attachments\View.php(68): App\Libraries\LoadView\LoadView->tag('html_tag')
 6 APPPATH\Libraries\LoadView\Attachments\View.php(40): App\Libraries\LoadView\LoadView->render('VHome')
 7 APPPATH\Libraries\LoadView\Attachments\View.php(10): App\Libraries\LoadView\LoadView->render_view('VHome', 'Home')
 8 APPPATH\Controllers\BaseController.php(85): App\Libraries\LoadView\LoadView->view('VHome', 'Home')
 9 APPPATH\Controllers\Home.php(9): App\Controllers\BaseController->view('VHome', 'Home')
10 SYSTEMPATH\CodeIgniter.php(898): App\Controllers\Home->index()
11 SYSTEMPATH\CodeIgniter.php(468): CodeIgniter\CodeIgniter->runController(Object(App\Controllers\Home))
12 SYSTEMPATH\CodeIgniter.php(351): CodeIgniter\CodeIgniter->handleRequest(null, Object(Config\Cache), false)
13 FCPATH\index.php(55): CodeIgniter\CodeIgniter->run()
CRITICAL - 2022-11-08 07:12:46 --> Unable to locate view cell class: \App\Libraries\LoadView\Attachments\BaseTag.
in SYSTEMPATH\View\Cell.php on line 201.
 1 SYSTEMPATH\View\Cell.php(201): CodeIgniter\View\Exceptions\ViewException::forInvalidCellClass('\\App\\Libraries\\LoadView\\Attachments\\BaseTag')
 2 SYSTEMPATH\View\Cell.php(71): CodeIgniter\View\Cell->determineClass('\\App\\Libraries\\LoadView\\Attachments\\BaseTag:html_tag')
 3 SYSTEMPATH\Common.php(1151): CodeIgniter\View\Cell->render('\\App\\Libraries\\LoadView\\Attachments\\BaseTag::html_tag', [...], 0, null)
 4 APPPATH\Libraries\LoadView\Attachments\BaseTag.php(57): view_cell('\\App\\Libraries\\LoadView\\Attachments\\BaseTag::html_tag', [...])
 5 APPPATH\Libraries\LoadView\Attachments\View.php(68): App\Libraries\LoadView\LoadView->tag('html_tag')
 6 APPPATH\Libraries\LoadView\Attachments\View.php(40): App\Libraries\LoadView\LoadView->render('VHome')
 7 APPPATH\Libraries\LoadView\Attachments\View.php(10): App\Libraries\LoadView\LoadView->render_view('VHome', 'Home')
 8 APPPATH\Controllers\BaseController.php(85): App\Libraries\LoadView\LoadView->view('VHome', 'Home')
 9 APPPATH\Controllers\Home.php(9): App\Controllers\BaseController->view('VHome', 'Home')
10 SYSTEMPATH\CodeIgniter.php(898): App\Controllers\Home->index()
11 SYSTEMPATH\CodeIgniter.php(468): CodeIgniter\CodeIgniter->runController(Object(App\Controllers\Home))
12 SYSTEMPATH\CodeIgniter.php(351): CodeIgniter\CodeIgniter->handleRequest(null, Object(Config\Cache), false)
13 FCPATH\index.php(55): CodeIgniter\CodeIgniter->run()
CRITICAL - 2022-11-08 07:13:36 --> Unable to locate view cell class: \App\Libraries\LoadView\Attachments\BaseTag.
in SYSTEMPATH\View\Cell.php on line 201.
 1 SYSTEMPATH\View\Cell.php(201): CodeIgniter\View\Exceptions\ViewException::forInvalidCellClass('\\App\\Libraries\\LoadView\\Attachments\\BaseTag')
 2 SYSTEMPATH\View\Cell.php(71): CodeIgniter\View\Cell->determineClass('\\App\\Libraries\\LoadView\\Attachments\\BaseTag:html_tag')
 3 SYSTEMPATH\Common.php(1151): CodeIgniter\View\Cell->render('\\App\\Libraries\\LoadView\\Attachments\\BaseTag::html_tag', [...], 0, null)
 4 APPPATH\Libraries\LoadView\Attachments\BaseTag.php(57): view_cell('\\App\\Libraries\\LoadView\\Attachments\\BaseTag::html_tag', [...])
 5 APPPATH\Libraries\LoadView\Attachments\View.php(68): App\Libraries\LoadView\LoadView->tag('html_tag')
 6 APPPATH\Libraries\LoadView\Attachments\View.php(40): App\Libraries\LoadView\LoadView->render('VHome')
 7 APPPATH\Libraries\LoadView\Attachments\View.php(10): App\Libraries\LoadView\LoadView->render_view('VHome', 'Home')
 8 APPPATH\Controllers\BaseController.php(85): App\Libraries\LoadView\LoadView->view('VHome', 'Home')
 9 APPPATH\Controllers\Home.php(9): App\Controllers\BaseController->view('VHome', 'Home')
10 SYSTEMPATH\CodeIgniter.php(898): App\Controllers\Home->index()
11 SYSTEMPATH\CodeIgniter.php(468): CodeIgniter\CodeIgniter->runController(Object(App\Controllers\Home))
12 SYSTEMPATH\CodeIgniter.php(351): CodeIgniter\CodeIgniter->handleRequest(null, Object(Config\Cache), false)
13 FCPATH\index.php(55): CodeIgniter\CodeIgniter->run()
CRITICAL - 2022-11-08 07:13:38 --> Unable to locate view cell class: \App\Libraries\LoadView\Attachments\BaseTag.
in SYSTEMPATH\View\Cell.php on line 201.
 1 SYSTEMPATH\View\Cell.php(201): CodeIgniter\View\Exceptions\ViewException::forInvalidCellClass('\\App\\Libraries\\LoadView\\Attachments\\BaseTag')
 2 SYSTEMPATH\View\Cell.php(71): CodeIgniter\View\Cell->determineClass('\\App\\Libraries\\LoadView\\Attachments\\BaseTag:html_tag')
 3 SYSTEMPATH\Common.php(1151): CodeIgniter\View\Cell->render('\\App\\Libraries\\LoadView\\Attachments\\BaseTag::html_tag', [...], 0, null)
 4 APPPATH\Libraries\LoadView\Attachments\BaseTag.php(57): view_cell('\\App\\Libraries\\LoadView\\Attachments\\BaseTag::html_tag', [...])
 5 APPPATH\Libraries\LoadView\Attachments\View.php(68): App\Libraries\LoadView\LoadView->tag('html_tag')
 6 APPPATH\Libraries\LoadView\Attachments\View.php(40): App\Libraries\LoadView\LoadView->render('VHome')
 7 APPPATH\Libraries\LoadView\Attachments\View.php(10): App\Libraries\LoadView\LoadView->render_view('VHome', 'Home')
 8 APPPATH\Controllers\BaseController.php(85): App\Libraries\LoadView\LoadView->view('VHome', 'Home')
 9 APPPATH\Controllers\Home.php(9): App\Controllers\BaseController->view('VHome', 'Home')
10 SYSTEMPATH\CodeIgniter.php(898): App\Controllers\Home->index()
11 SYSTEMPATH\CodeIgniter.php(468): CodeIgniter\CodeIgniter->runController(Object(App\Controllers\Home))
12 SYSTEMPATH\CodeIgniter.php(351): CodeIgniter\CodeIgniter->handleRequest(null, Object(Config\Cache), false)
13 FCPATH\index.php(55): CodeIgniter\CodeIgniter->run()
CRITICAL - 2022-11-08 07:16:43 --> Unable to locate view cell class: App\Libraries\LoadView\LoadView\Attachments\BaseTag.
in SYSTEMPATH\View\Cell.php on line 201.
 1 SYSTEMPATH\View\Cell.php(201): CodeIgniter\View\Exceptions\ViewException::forInvalidCellClass('App\\Libraries\\LoadView\\LoadView\\Attachments\\BaseTag')
 2 SYSTEMPATH\View\Cell.php(71): CodeIgniter\View\Cell->determineClass('App\\Libraries\\LoadView\\LoadView\\Attachments\\BaseTag:test')
 3 SYSTEMPATH\Common.php(1151): CodeIgniter\View\Cell->render('App\\Libraries\\LoadView\\LoadView\\Attachments\\BaseTag::test', null, 0, null)
 4 APPPATH\Libraries\LoadView\Attachments\BaseTag.php(58): view_cell('App\\Libraries\\LoadView\\LoadView\\Attachments\\BaseTag::test')
 5 APPPATH\Libraries\LoadView\Attachments\View.php(68): App\Libraries\LoadView\LoadView->tag('html_tag')
 6 APPPATH\Libraries\LoadView\Attachments\View.php(40): App\Libraries\LoadView\LoadView->render('VHome')
 7 APPPATH\Libraries\LoadView\Attachments\View.php(10): App\Libraries\LoadView\LoadView->render_view('VHome', 'Home')
 8 APPPATH\Controllers\BaseController.php(85): App\Libraries\LoadView\LoadView->view('VHome', 'Home')
 9 APPPATH\Controllers\Home.php(9): App\Controllers\BaseController->view('VHome', 'Home')
10 SYSTEMPATH\CodeIgniter.php(898): App\Controllers\Home->index()
11 SYSTEMPATH\CodeIgniter.php(468): CodeIgniter\CodeIgniter->runController(Object(App\Controllers\Home))
12 SYSTEMPATH\CodeIgniter.php(351): CodeIgniter\CodeIgniter->handleRequest(null, Object(Config\Cache), false)
13 FCPATH\index.php(55): CodeIgniter\CodeIgniter->run()
CRITICAL - 2022-11-08 07:17:34 --> Unable to locate view cell class: App\Libraries\LoadView\LoadView\LoadView.
in SYSTEMPATH\View\Cell.php on line 201.
 1 SYSTEMPATH\View\Cell.php(201): CodeIgniter\View\Exceptions\ViewException::forInvalidCellClass('App\\Libraries\\LoadView\\LoadView\\LoadView')
 2 SYSTEMPATH\View\Cell.php(71): CodeIgniter\View\Cell->determineClass('App\\Libraries\\LoadView\\LoadView\\LoadView:test')
 3 SYSTEMPATH\Common.php(1151): CodeIgniter\View\Cell->render('App\\Libraries\\LoadView\\LoadView\\LoadView::test', null, 0, null)
 4 APPPATH\Libraries\LoadView\Attachments\BaseTag.php(58): view_cell('App\\Libraries\\LoadView\\LoadView\\LoadView::test')
 5 APPPATH\Libraries\LoadView\Attachments\View.php(68): App\Libraries\LoadView\LoadView->tag('html_tag')
 6 APPPATH\Libraries\LoadView\Attachments\View.php(40): App\Libraries\LoadView\LoadView->render('VHome')
 7 APPPATH\Libraries\LoadView\Attachments\View.php(10): App\Libraries\LoadView\LoadView->render_view('VHome', 'Home')
 8 APPPATH\Controllers\BaseController.php(85): App\Libraries\LoadView\LoadView->view('VHome', 'Home')
 9 APPPATH\Controllers\Home.php(9): App\Controllers\BaseController->view('VHome', 'Home')
10 SYSTEMPATH\CodeIgniter.php(898): App\Controllers\Home->index()
11 SYSTEMPATH\CodeIgniter.php(468): CodeIgniter\CodeIgniter->runController(Object(App\Controllers\Home))
12 SYSTEMPATH\CodeIgniter.php(351): CodeIgniter\CodeIgniter->handleRequest(null, Object(Config\Cache), false)
13 FCPATH\index.php(55): CodeIgniter\CodeIgniter->run()
CRITICAL - 2022-11-08 07:18:10 --> Unable to locate view cell class: App\Libraries\LoadView\LoadView\.
in SYSTEMPATH\View\Cell.php on line 201.
 1 SYSTEMPATH\View\Cell.php(201): CodeIgniter\View\Exceptions\ViewException::forInvalidCellClass('App\\Libraries\\LoadView\\LoadView\\')
 2 SYSTEMPATH\View\Cell.php(71): CodeIgniter\View\Cell->determineClass('App\\Libraries\\LoadView\\LoadView\\:test')
 3 SYSTEMPATH\Common.php(1151): CodeIgniter\View\Cell->render('App\\Libraries\\LoadView\\LoadView\\::test', null, 0, null)
 4 APPPATH\Libraries\LoadView\Attachments\BaseTag.php(58): view_cell('App\\Libraries\\LoadView\\LoadView\\::test')
 5 APPPATH\Libraries\LoadView\Attachments\View.php(68): App\Libraries\LoadView\LoadView->tag('html_tag')
 6 APPPATH\Libraries\LoadView\Attachments\View.php(40): App\Libraries\LoadView\LoadView->render('VHome')
 7 APPPATH\Libraries\LoadView\Attachments\View.php(10): App\Libraries\LoadView\LoadView->render_view('VHome', 'Home')
 8 APPPATH\Controllers\BaseController.php(85): App\Libraries\LoadView\LoadView->view('VHome', 'Home')
 9 APPPATH\Controllers\Home.php(9): App\Controllers\BaseController->view('VHome', 'Home')
10 SYSTEMPATH\CodeIgniter.php(898): App\Controllers\Home->index()
11 SYSTEMPATH\CodeIgniter.php(468): CodeIgniter\CodeIgniter->runController(Object(App\Controllers\Home))
12 SYSTEMPATH\CodeIgniter.php(351): CodeIgniter\CodeIgniter->handleRequest(null, Object(Config\Cache), false)
13 FCPATH\index.php(55): CodeIgniter\CodeIgniter->run()
CRITICAL - 2022-11-08 07:18:49 --> Call to private method App\Libraries\LoadView\LoadView::test() from context 'CodeIgniter\View\Cell'
in SYSTEMPATH\View\Cell.php on line 105.
 1 SYSTEMPATH\Common.php(1151): CodeIgniter\View\Cell->render('App\\Libraries\\LoadView\\LoadView::test', null, 0, 'AppLibrariesLoadViewLoadViewtestdcca48101505dd86b703689a604fe3c4')
 2 APPPATH\Libraries\LoadView\Attachments\BaseTag.php(58): view_cell('App\\Libraries\\LoadView\\LoadView::test')
 3 APPPATH\Libraries\LoadView\Attachments\View.php(68): App\Libraries\LoadView\LoadView->tag('html_tag')
 4 APPPATH\Libraries\LoadView\Attachments\View.php(40): App\Libraries\LoadView\LoadView->render('VHome')
 5 APPPATH\Libraries\LoadView\Attachments\View.php(10): App\Libraries\LoadView\LoadView->render_view('VHome', 'Home')
 6 APPPATH\Controllers\BaseController.php(85): App\Libraries\LoadView\LoadView->view('VHome', 'Home')
 7 APPPATH\Controllers\Home.php(9): App\Controllers\BaseController->view('VHome', 'Home')
 8 SYSTEMPATH\CodeIgniter.php(898): App\Controllers\Home->index()
 9 SYSTEMPATH\CodeIgniter.php(468): CodeIgniter\CodeIgniter->runController(Object(App\Controllers\Home))
10 SYSTEMPATH\CodeIgniter.php(351): CodeIgniter\CodeIgniter->handleRequest(null, Object(Config\Cache), false)
11 FCPATH\index.php(55): CodeIgniter\CodeIgniter->run()
CRITICAL - 2022-11-08 07:19:10 --> Call to protected method App\Libraries\LoadView\LoadView::test() from context 'CodeIgniter\View\Cell'
in SYSTEMPATH\View\Cell.php on line 105.
 1 SYSTEMPATH\Common.php(1151): CodeIgniter\View\Cell->render('App\\Libraries\\LoadView\\LoadView::test', null, 0, 'AppLibrariesLoadViewLoadViewtestdcca48101505dd86b703689a604fe3c4')
 2 APPPATH\Libraries\LoadView\Attachments\BaseTag.php(58): view_cell('App\\Libraries\\LoadView\\LoadView::test')
 3 APPPATH\Libraries\LoadView\Attachments\View.php(68): App\Libraries\LoadView\LoadView->tag('html_tag')
 4 APPPATH\Libraries\LoadView\Attachments\View.php(40): App\Libraries\LoadView\LoadView->render('VHome')
 5 APPPATH\Libraries\LoadView\Attachments\View.php(10): App\Libraries\LoadView\LoadView->render_view('VHome', 'Home')
 6 APPPATH\Controllers\BaseController.php(85): App\Libraries\LoadView\LoadView->view('VHome', 'Home')
 7 APPPATH\Controllers\Home.php(9): App\Controllers\BaseController->view('VHome', 'Home')
 8 SYSTEMPATH\CodeIgniter.php(898): App\Controllers\Home->index()
 9 SYSTEMPATH\CodeIgniter.php(468): CodeIgniter\CodeIgniter->runController(Object(App\Controllers\Home))
10 SYSTEMPATH\CodeIgniter.php(351): CodeIgniter\CodeIgniter->handleRequest(null, Object(Config\Cache), false)
11 FCPATH\index.php(55): CodeIgniter\CodeIgniter->run()
CRITICAL - 2022-11-08 07:38:20 --> Unable to locate view cell class: App\Libraries\LoadView\.
in SYSTEMPATH\View\Cell.php on line 201.
 1 SYSTEMPATH\View\Cell.php(201): CodeIgniter\View\Exceptions\ViewException::forInvalidCellClass('App\\Libraries\\LoadView\\')
 2 SYSTEMPATH\View\Cell.php(71): CodeIgniter\View\Cell->determineClass('App\\Libraries\\LoadView\\:html_tag')
 3 SYSTEMPATH\Common.php(1151): CodeIgniter\View\Cell->render('App\\Libraries\\LoadView\\::html_tag', [...], 0, null)
 4 APPPATH\Libraries\LoadView\Attachments\BaseTag.php(52): view_cell('App\\Libraries\\LoadView\\::html_tag', [...])
 5 APPPATH\Libraries\LoadView\Attachments\View.php(68): App\Libraries\LoadView\LoadView->tag('html_tag')
 6 APPPATH\Libraries\LoadView\Attachments\View.php(40): App\Libraries\LoadView\LoadView->render('VHome')
 7 APPPATH\Libraries\LoadView\Attachments\View.php(10): App\Libraries\LoadView\LoadView->render_view('VHome', 'Home')
 8 APPPATH\Controllers\BaseController.php(85): App\Libraries\LoadView\LoadView->view('VHome', 'Home')
 9 APPPATH\Controllers\Home.php(9): App\Controllers\BaseController->view('VHome', 'Home')
10 SYSTEMPATH\CodeIgniter.php(898): App\Controllers\Home->index()
11 SYSTEMPATH\CodeIgniter.php(468): CodeIgniter\CodeIgniter->runController(Object(App\Controllers\Home))
12 SYSTEMPATH\CodeIgniter.php(351): CodeIgniter\CodeIgniter->handleRequest(null, Object(Config\Cache), false)
13 FCPATH\index.php(55): CodeIgniter\CodeIgniter->run()
CRITICAL - 2022-11-08 07:39:14 --> Unable to locate view cell class: App\Libraries\LoadView.
in SYSTEMPATH\View\Cell.php on line 201.
 1 SYSTEMPATH\View\Cell.php(201): CodeIgniter\View\Exceptions\ViewException::forInvalidCellClass('App\\Libraries\\LoadView')
 2 SYSTEMPATH\View\Cell.php(71): CodeIgniter\View\Cell->determineClass('App\\Libraries\\LoadView:html_tag')
 3 SYSTEMPATH\Common.php(1151): CodeIgniter\View\Cell->render('App\\Libraries\\LoadView::html_tag', [...], 0, null)
 4 APPPATH\Libraries\LoadView\Attachments\BaseTag.php(52): view_cell('App\\Libraries\\LoadView::html_tag', [...])
 5 APPPATH\Libraries\LoadView\Attachments\View.php(68): App\Libraries\LoadView\LoadView->tag('html_tag')
 6 APPPATH\Libraries\LoadView\Attachments\View.php(40): App\Libraries\LoadView\LoadView->render('VHome')
 7 APPPATH\Libraries\LoadView\Attachments\View.php(10): App\Libraries\LoadView\LoadView->render_view('VHome', 'Home')
 8 APPPATH\Controllers\BaseController.php(85): App\Libraries\LoadView\LoadView->view('VHome', 'Home')
 9 APPPATH\Controllers\Home.php(9): App\Controllers\BaseController->view('VHome', 'Home')
10 SYSTEMPATH\CodeIgniter.php(898): App\Controllers\Home->index()
11 SYSTEMPATH\CodeIgniter.php(468): CodeIgniter\CodeIgniter->runController(Object(App\Controllers\Home))
12 SYSTEMPATH\CodeIgniter.php(351): CodeIgniter\CodeIgniter->handleRequest(null, Object(Config\Cache), false)
13 FCPATH\index.php(55): CodeIgniter\CodeIgniter->run()
CRITICAL - 2022-11-08 07:40:23 --> Unable to locate view cell class: App\Libraries\LoadView.
in SYSTEMPATH\View\Cell.php on line 201.
 1 SYSTEMPATH\View\Cell.php(201): CodeIgniter\View\Exceptions\ViewException::forInvalidCellClass('App\\Libraries\\LoadView')
 2 SYSTEMPATH\View\Cell.php(71): CodeIgniter\View\Cell->determineClass('App\\Libraries\\LoadView:html_tag')
 3 SYSTEMPATH\Common.php(1151): CodeIgniter\View\Cell->render('App\\Libraries\\LoadView::html_tag', null, 0, null)
 4 APPPATH\Libraries\LoadView\Attachments\BaseTag.php(52): view_cell('App\\Libraries\\LoadView::html_tag')
 5 APPPATH\Libraries\LoadView\Attachments\View.php(68): App\Libraries\LoadView\LoadView->tag('html_tag')
 6 APPPATH\Libraries\LoadView\Attachments\View.php(40): App\Libraries\LoadView\LoadView->render('VHome')
 7 APPPATH\Libraries\LoadView\Attachments\View.php(10): App\Libraries\LoadView\LoadView->render_view('VHome', 'Home')
 8 APPPATH\Controllers\BaseController.php(85): App\Libraries\LoadView\LoadView->view('VHome', 'Home')
 9 APPPATH\Controllers\Home.php(9): App\Controllers\BaseController->view('VHome', 'Home')
10 SYSTEMPATH\CodeIgniter.php(898): App\Controllers\Home->index()
11 SYSTEMPATH\CodeIgniter.php(468): CodeIgniter\CodeIgniter->runController(Object(App\Controllers\Home))
12 SYSTEMPATH\CodeIgniter.php(351): CodeIgniter\CodeIgniter->handleRequest(null, Object(Config\Cache), false)
13 FCPATH\index.php(55): CodeIgniter\CodeIgniter->run()
CRITICAL - 2022-11-08 07:41:01 --> Call to private method App\Libraries\LoadView\LoadView::html_tag() from context 'CodeIgniter\View\Cell'
in SYSTEMPATH\View\Cell.php on line 111.
 1 SYSTEMPATH\Common.php(1151): CodeIgniter\View\Cell->render('App\\Libraries\\LoadView\\LoadView::html_tag', null, 0, 'AppLibrariesLoadViewLoadViewhtml_tagdcca48101505dd86b703689a604fe3c4')
 2 APPPATH\Libraries\LoadView\Attachments\BaseTag.php(52): view_cell('App\\Libraries\\LoadView\\LoadView::html_tag')
 3 APPPATH\Libraries\LoadView\Attachments\View.php(68): App\Libraries\LoadView\LoadView->tag('html_tag')
 4 APPPATH\Libraries\LoadView\Attachments\View.php(40): App\Libraries\LoadView\LoadView->render('VHome')
 5 APPPATH\Libraries\LoadView\Attachments\View.php(10): App\Libraries\LoadView\LoadView->render_view('VHome', 'Home')
 6 APPPATH\Controllers\BaseController.php(85): App\Libraries\LoadView\LoadView->view('VHome', 'Home')
 7 APPPATH\Controllers\Home.php(9): App\Controllers\BaseController->view('VHome', 'Home')
 8 SYSTEMPATH\CodeIgniter.php(898): App\Controllers\Home->index()
 9 SYSTEMPATH\CodeIgniter.php(468): CodeIgniter\CodeIgniter->runController(Object(App\Controllers\Home))
10 SYSTEMPATH\CodeIgniter.php(351): CodeIgniter\CodeIgniter->handleRequest(null, Object(Config\Cache), false)
11 FCPATH\index.php(55): CodeIgniter\CodeIgniter->run()
CRITICAL - 2022-11-08 07:41:24 --> Undefined index: closing
in APPPATH\Libraries\LoadView\Attachments\BaseTag.php on line 12.
 1 APPPATH\Libraries\LoadView\Attachments\BaseTag.php(12): CodeIgniter\Debug\Exceptions->errorHandler(8, 'Undefined index: closing', 'APPPATH\\Libraries\\LoadView\\Attachments\\BaseTag.php', 12, [...])
 2 SYSTEMPATH\View\Cell.php(111): App\Libraries\LoadView\LoadView->html_tag([])
 3 SYSTEMPATH\Common.php(1151): CodeIgniter\View\Cell->render('App\\Libraries\\LoadView\\LoadView::html_tag', null, 0, 'AppLibrariesLoadViewLoadViewhtml_tagdcca48101505dd86b703689a604fe3c4')
 4 APPPATH\Libraries\LoadView\Attachments\BaseTag.php(52): view_cell('App\\Libraries\\LoadView\\LoadView::html_tag')
 5 APPPATH\Libraries\LoadView\Attachments\View.php(68): App\Libraries\LoadView\LoadView->tag('html_tag')
 6 APPPATH\Libraries\LoadView\Attachments\View.php(40): App\Libraries\LoadView\LoadView->render('VHome')
 7 APPPATH\Libraries\LoadView\Attachments\View.php(10): App\Libraries\LoadView\LoadView->render_view('VHome', 'Home')
 8 APPPATH\Controllers\BaseController.php(85): App\Libraries\LoadView\LoadView->view('VHome', 'Home')
 9 APPPATH\Controllers\Home.php(9): App\Controllers\BaseController->view('VHome', 'Home')
10 SYSTEMPATH\CodeIgniter.php(898): App\Controllers\Home->index()
11 SYSTEMPATH\CodeIgniter.php(468): CodeIgniter\CodeIgniter->runController(Object(App\Controllers\Home))
12 SYSTEMPATH\CodeIgniter.php(351): CodeIgniter\CodeIgniter->handleRequest(null, Object(Config\Cache), false)
13 FCPATH\index.php(55): CodeIgniter\CodeIgniter->run()
CRITICAL - 2022-11-08 07:41:48 --> Typed property App\Libraries\LoadView\LoadView::$htmlAttr must not be accessed before initialization
in APPPATH\Libraries\LoadView\Attachments\BaseTag.php on line 13.
 1 SYSTEMPATH\View\Cell.php(111): App\Libraries\LoadView\LoadView->html_tag([...])
 2 SYSTEMPATH\Common.php(1151): CodeIgniter\View\Cell->render('App\\Libraries\\LoadView\\LoadView::html_tag', [...], 0, 'AppLibrariesLoadViewLoadViewhtml_tag4e09072474c016f17915e5928837194f')
 3 APPPATH\Libraries\LoadView\Attachments\BaseTag.php(52): view_cell('App\\Libraries\\LoadView\\LoadView::html_tag', [...])
 4 APPPATH\Libraries\LoadView\Attachments\View.php(68): App\Libraries\LoadView\LoadView->tag('html_tag')
 5 APPPATH\Libraries\LoadView\Attachments\View.php(40): App\Libraries\LoadView\LoadView->render('VHome')
 6 APPPATH\Libraries\LoadView\Attachments\View.php(10): App\Libraries\LoadView\LoadView->render_view('VHome', 'Home')
 7 APPPATH\Controllers\BaseController.php(85): App\Libraries\LoadView\LoadView->view('VHome', 'Home')
 8 APPPATH\Controllers\Home.php(9): App\Controllers\BaseController->view('VHome', 'Home')
 9 SYSTEMPATH\CodeIgniter.php(898): App\Controllers\Home->index()
10 SYSTEMPATH\CodeIgniter.php(468): CodeIgniter\CodeIgniter->runController(Object(App\Controllers\Home))
11 SYSTEMPATH\CodeIgniter.php(351): CodeIgniter\CodeIgniter->handleRequest(null, Object(Config\Cache), false)
12 FCPATH\index.php(55): CodeIgniter\CodeIgniter->run()
CRITICAL - 2022-11-08 08:53:47 --> Cannot pass parameter 1 by reference
in APPPATH\Libraries\LoadView\Attachments\View.php on line 68.
 1 APPPATH\Libraries\LoadView\Attachments\View.php(40): App\Libraries\LoadView\LoadView->render('VHome')
 2 APPPATH\Libraries\LoadView\Attachments\View.php(10): App\Libraries\LoadView\LoadView->render_view('VHome', 'Home')
 3 APPPATH\Controllers\BaseController.php(85): App\Libraries\LoadView\LoadView->view('VHome', 'Home')
 4 APPPATH\Controllers\Home.php(9): App\Controllers\BaseController->view('VHome', 'Home')
 5 SYSTEMPATH\CodeIgniter.php(898): App\Controllers\Home->index()
 6 SYSTEMPATH\CodeIgniter.php(468): CodeIgniter\CodeIgniter->runController(Object(App\Controllers\Home))
 7 SYSTEMPATH\CodeIgniter.php(351): CodeIgniter\CodeIgniter->handleRequest(null, Object(Config\Cache), false)
 8 FCPATH\index.php(55): CodeIgniter\CodeIgniter->run()
CRITICAL - 2022-11-08 09:05:09 --> Call to private method App\Libraries\LoadView\LoadView::head() from context 'CodeIgniter\View\Cell'
in SYSTEMPATH\View\Cell.php on line 111.
 1 SYSTEMPATH\Common.php(1151): CodeIgniter\View\Cell->render('App\\Libraries\\LoadView\\LoadView::head', [...], 0, 'AppLibrariesLoadViewLoadViewhead4e09072474c016f17915e5928837194f')
 2 APPPATH\Libraries\LoadView\Attachments\BaseTag.php(56): view_cell('App\\Libraries\\LoadView\\LoadView::head', [...])
 3 APPPATH\Libraries\LoadView\Attachments\View.php(73): App\Libraries\LoadView\LoadView->tag('head')
 4 APPPATH\Libraries\LoadView\Attachments\View.php(65): App\Libraries\LoadView\LoadView->head_view()
 5 APPPATH\Libraries\LoadView\Attachments\View.php(40): App\Libraries\LoadView\LoadView->render('VHome')
 6 APPPATH\Libraries\LoadView\Attachments\View.php(10): App\Libraries\LoadView\LoadView->render_view('VHome', 'Home')
 7 APPPATH\Controllers\BaseController.php(85): App\Libraries\LoadView\LoadView->view('VHome', 'Home')
 8 APPPATH\Controllers\Home.php(9): App\Controllers\BaseController->view('VHome', 'Home')
 9 SYSTEMPATH\CodeIgniter.php(898): App\Controllers\Home->index()
10 SYSTEMPATH\CodeIgniter.php(468): CodeIgniter\CodeIgniter->runController(Object(App\Controllers\Home))
11 SYSTEMPATH\CodeIgniter.php(351): CodeIgniter\CodeIgniter->handleRequest(null, Object(Config\Cache), false)
12 FCPATH\index.php(55): CodeIgniter\CodeIgniter->run()
CRITICAL - 2022-11-08 09:06:19 --> Undefined variable: title
in APPPATH\Views\Templates\Head\Head.php on line 4.
 1 APPPATH\Views\Templates\Head\Head.php(4): CodeIgniter\Debug\Exceptions->errorHandler(8, 'Undefined variable: title', 'APPPATH\\Views\\Templates\\Head\\Head.php', 4, [])
 2 SYSTEMPATH\View\View.php(213): include('APPPATH\\Views\\Templates\\Head\\Head.php')
 3 SYSTEMPATH\View\View.php(216): CodeIgniter\View\View->CodeIgniter\View\{closure}()
 4 SYSTEMPATH\Common.php(1135): CodeIgniter\View\View->render('Templates/Head/Head', [], true)
 5 APPPATH\Libraries\LoadView\Attachments\View.php(76): view('Templates/Head/Head')
 6 APPPATH\Libraries\LoadView\Attachments\View.php(65): App\Libraries\LoadView\LoadView->head_view()
 7 APPPATH\Libraries\LoadView\Attachments\View.php(40): App\Libraries\LoadView\LoadView->render('VHome')
 8 APPPATH\Libraries\LoadView\Attachments\View.php(10): App\Libraries\LoadView\LoadView->render_view('VHome', 'Home')
 9 APPPATH\Controllers\BaseController.php(85): App\Libraries\LoadView\LoadView->view('VHome', 'Home')
10 APPPATH\Controllers\Home.php(9): App\Controllers\BaseController->view('VHome', 'Home')
11 SYSTEMPATH\CodeIgniter.php(898): App\Controllers\Home->index()
12 SYSTEMPATH\CodeIgniter.php(468): CodeIgniter\CodeIgniter->runController(Object(App\Controllers\Home))
13 SYSTEMPATH\CodeIgniter.php(351): CodeIgniter\CodeIgniter->handleRequest(null, Object(Config\Cache), false)
14 FCPATH\index.php(55): CodeIgniter\CodeIgniter->run()
CRITICAL - 2022-11-08 09:10:17 --> Undefined property: App\Libraries\LoadView\LoadView::$conent
in APPPATH\Libraries\LoadView\Attachments\View.php on line 76.
 1 APPPATH\Libraries\LoadView\Attachments\View.php(76): CodeIgniter\Debug\Exceptions->errorHandler(8, 'Undefined property: App\\Libraries\\LoadView\\LoadView::$conent', 'APPPATH\\Libraries\\LoadView\\Attachments\\View.php', 76, [...])
 2 APPPATH\Libraries\LoadView\Attachments\View.php(65): App\Libraries\LoadView\LoadView->head_view()
 3 APPPATH\Libraries\LoadView\Attachments\View.php(40): App\Libraries\LoadView\LoadView->render('VHome')
 4 APPPATH\Libraries\LoadView\Attachments\View.php(10): App\Libraries\LoadView\LoadView->render_view('VHome', 'Home')
 5 APPPATH\Controllers\BaseController.php(85): App\Libraries\LoadView\LoadView->view('VHome', 'Home')
 6 APPPATH\Controllers\Home.php(9): App\Controllers\BaseController->view('VHome', 'Home')
 7 SYSTEMPATH\CodeIgniter.php(898): App\Controllers\Home->index()
 8 SYSTEMPATH\CodeIgniter.php(468): CodeIgniter\CodeIgniter->runController(Object(App\Controllers\Home))
 9 SYSTEMPATH\CodeIgniter.php(351): CodeIgniter\CodeIgniter->handleRequest(null, Object(Config\Cache), false)
10 FCPATH\index.php(55): CodeIgniter\CodeIgniter->run()
CRITICAL - 2022-11-08 09:20:50 --> Too few arguments to function App\Libraries\LoadView\LoadView::body_view(), 0 passed in E:\SoftWare\xampp 7\htdocs\my_projects\Resume\Shop\app\Libraries\LoadView\Attachments\View.php on line 67 and exactly 1 expected
in APPPATH\Libraries\LoadView\Attachments\View.php on line 85.
 1 APPPATH\Libraries\LoadView\Attachments\View.php(67): App\Libraries\LoadView\LoadView->body_view()
 2 APPPATH\Libraries\LoadView\Attachments\View.php(40): App\Libraries\LoadView\LoadView->render('VHome')
 3 APPPATH\Libraries\LoadView\Attachments\View.php(10): App\Libraries\LoadView\LoadView->render_view('VHome', 'Home')
 4 APPPATH\Controllers\BaseController.php(85): App\Libraries\LoadView\LoadView->view('VHome', 'Home')
 5 APPPATH\Controllers\Home.php(9): App\Controllers\BaseController->view('VHome', 'Home')
 6 SYSTEMPATH\CodeIgniter.php(898): App\Controllers\Home->index()
 7 SYSTEMPATH\CodeIgniter.php(468): CodeIgniter\CodeIgniter->runController(Object(App\Controllers\Home))
 8 SYSTEMPATH\CodeIgniter.php(351): CodeIgniter\CodeIgniter->handleRequest(null, Object(Config\Cache), false)
 9 FCPATH\index.php(55): CodeIgniter\CodeIgniter->run()
CRITICAL - 2022-11-08 09:22:11 --> Undefined variable: nav
in APPPATH\Views\Templates\Body\Header.php on line 3.
 1 APPPATH\Views\Templates\Body\Header.php(3): CodeIgniter\Debug\Exceptions->errorHandler(8, 'Undefined variable: nav', 'APPPATH\\Views\\Templates\\Body\\Header.php', 3, [...])
 2 SYSTEMPATH\View\View.php(213): include('APPPATH\\Views\\Templates\\Body\\Header.php')
 3 SYSTEMPATH\View\View.php(216): CodeIgniter\View\View->CodeIgniter\View\{closure}()
 4 SYSTEMPATH\Common.php(1135): CodeIgniter\View\View->render('Templates/Body/Header', [], true)
 5 APPPATH\Libraries\LoadView\Attachments\View.php(104): view('Templates/Body/Header')
 6 APPPATH\Libraries\LoadView\Attachments\View.php(88): App\Libraries\LoadView\LoadView->header_view()
 7 APPPATH\Libraries\LoadView\Attachments\View.php(67): App\Libraries\LoadView\LoadView->body_view('VHome')
 8 APPPATH\Libraries\LoadView\Attachments\View.php(40): App\Libraries\LoadView\LoadView->render('VHome')
 9 APPPATH\Libraries\LoadView\Attachments\View.php(10): App\Libraries\LoadView\LoadView->render_view('VHome', 'Home')
10 APPPATH\Controllers\BaseController.php(85): App\Libraries\LoadView\LoadView->view('VHome', 'Home')
11 APPPATH\Controllers\Home.php(9): App\Controllers\BaseController->view('VHome', 'Home')
12 SYSTEMPATH\CodeIgniter.php(898): App\Controllers\Home->index()
13 SYSTEMPATH\CodeIgniter.php(468): CodeIgniter\CodeIgniter->runController(Object(App\Controllers\Home))
14 SYSTEMPATH\CodeIgniter.php(351): CodeIgniter\CodeIgniter->handleRequest(null, Object(Config\Cache), false)
15 FCPATH\index.php(55): CodeIgniter\CodeIgniter->run()
CRITICAL - 2022-11-08 09:33:40 --> Undefined variable: nav
in APPPATH\Views\Templates\Body\Header.php on line 3.
 1 APPPATH\Views\Templates\Body\Header.php(3): CodeIgniter\Debug\Exceptions->errorHandler(8, 'Undefined variable: nav', 'APPPATH\\Views\\Templates\\Body\\Header.php', 3, [...])
 2 SYSTEMPATH\View\View.php(213): include('APPPATH\\Views\\Templates\\Body\\Header.php')
 3 SYSTEMPATH\View\View.php(216): CodeIgniter\View\View->CodeIgniter\View\{closure}()
 4 SYSTEMPATH\Common.php(1135): CodeIgniter\View\View->render('Templates/Body/Header', [], true)
 5 APPPATH\Libraries\LoadView\Attachments\View.php(104): view('Templates/Body/Header')
 6 APPPATH\Libraries\LoadView\Attachments\View.php(88): App\Libraries\LoadView\LoadView->header_view()
 7 APPPATH\Libraries\LoadView\Attachments\View.php(67): App\Libraries\LoadView\LoadView->body_view('VHome')
 8 APPPATH\Libraries\LoadView\Attachments\View.php(40): App\Libraries\LoadView\LoadView->render('VHome')
 9 APPPATH\Libraries\LoadView\Attachments\View.php(10): App\Libraries\LoadView\LoadView->render_view('VHome', 'Home')
10 APPPATH\Controllers\BaseController.php(85): App\Libraries\LoadView\LoadView->view('VHome', 'Home')
11 APPPATH\Controllers\Home.php(9): App\Controllers\BaseController->view('VHome', 'Home')
12 SYSTEMPATH\CodeIgniter.php(898): App\Controllers\Home->index()
13 SYSTEMPATH\CodeIgniter.php(468): CodeIgniter\CodeIgniter->runController(Object(App\Controllers\Home))
14 SYSTEMPATH\CodeIgniter.php(351): CodeIgniter\CodeIgniter->handleRequest(null, Object(Config\Cache), false)
15 FCPATH\index.php(55): CodeIgniter\CodeIgniter->run()
CRITICAL - 2022-11-08 09:34:18 --> Undefined variable: nav
in APPPATH\Views\Templates\Body\Header.php on line 3.
 1 APPPATH\Views\Templates\Body\Header.php(3): CodeIgniter\Debug\Exceptions->errorHandler(8, 'Undefined variable: nav', 'APPPATH\\Views\\Templates\\Body\\Header.php', 3, [...])
 2 SYSTEMPATH\View\View.php(213): include('APPPATH\\Views\\Templates\\Body\\Header.php')
 3 SYSTEMPATH\View\View.php(216): CodeIgniter\View\View->CodeIgniter\View\{closure}()
 4 SYSTEMPATH\Common.php(1135): CodeIgniter\View\View->render('Templates/Body/Header', [], true)
 5 APPPATH\Libraries\LoadView\Attachments\View.php(104): view('Templates/Body/Header')
 6 APPPATH\Libraries\LoadView\Attachments\View.php(88): App\Libraries\LoadView\LoadView->header_view()
 7 APPPATH\Libraries\LoadView\Attachments\View.php(67): App\Libraries\LoadView\LoadView->body_view('VHome')
 8 APPPATH\Libraries\LoadView\Attachments\View.php(40): App\Libraries\LoadView\LoadView->render('VHome')
 9 APPPATH\Libraries\LoadView\Attachments\View.php(10): App\Libraries\LoadView\LoadView->render_view('VHome', 'Home')
10 APPPATH\Controllers\BaseController.php(85): App\Libraries\LoadView\LoadView->view('VHome', 'Home')
11 APPPATH\Controllers\Home.php(9): App\Controllers\BaseController->view('VHome', 'Home')
12 SYSTEMPATH\CodeIgniter.php(898): App\Controllers\Home->index()
13 SYSTEMPATH\CodeIgniter.php(468): CodeIgniter\CodeIgniter->runController(Object(App\Controllers\Home))
14 SYSTEMPATH\CodeIgniter.php(351): CodeIgniter\CodeIgniter->handleRequest(null, Object(Config\Cache), false)
15 FCPATH\index.php(55): CodeIgniter\CodeIgniter->run()
CRITICAL - 2022-11-08 09:36:16 --> Undefined variable: nav
in APPPATH\Views\Templates\Body\Header.php on line 3.
 1 APPPATH\Views\Templates\Body\Header.php(3): CodeIgniter\Debug\Exceptions->errorHandler(8, 'Undefined variable: nav', 'APPPATH\\Views\\Templates\\Body\\Header.php', 3, [...])
 2 SYSTEMPATH\View\View.php(213): include('APPPATH\\Views\\Templates\\Body\\Header.php')
 3 SYSTEMPATH\View\View.php(216): CodeIgniter\View\View->CodeIgniter\View\{closure}()
 4 SYSTEMPATH\Common.php(1135): CodeIgniter\View\View->render('Templates/Body/Header', [], true)
 5 APPPATH\Libraries\LoadView\Attachments\View.php(104): view('Templates/Body/Header')
 6 APPPATH\Libraries\LoadView\Attachments\View.php(88): App\Libraries\LoadView\LoadView->header_view()
 7 APPPATH\Libraries\LoadView\Attachments\View.php(67): App\Libraries\LoadView\LoadView->body_view('VHome')
 8 APPPATH\Libraries\LoadView\Attachments\View.php(40): App\Libraries\LoadView\LoadView->render('VHome')
 9 APPPATH\Libraries\LoadView\Attachments\View.php(10): App\Libraries\LoadView\LoadView->render_view('VHome', 'Home')
10 APPPATH\Controllers\BaseController.php(87): App\Libraries\LoadView\LoadView->view('VHome', 'Home')
11 APPPATH\Controllers\Home.php(9): App\Controllers\BaseController->view('VHome', 'Home')
12 SYSTEMPATH\CodeIgniter.php(898): App\Controllers\Home->index()
13 SYSTEMPATH\CodeIgniter.php(468): CodeIgniter\CodeIgniter->runController(Object(App\Controllers\Home))
14 SYSTEMPATH\CodeIgniter.php(351): CodeIgniter\CodeIgniter->handleRequest(null, Object(Config\Cache), false)
15 FCPATH\index.php(55): CodeIgniter\CodeIgniter->run()
CRITICAL - 2022-11-08 09:36:57 --> Undefined variable: nav
in APPPATH\Views\Templates\Body\Header.php on line 3.
 1 APPPATH\Views\Templates\Body\Header.php(3): CodeIgniter\Debug\Exceptions->errorHandler(8, 'Undefined variable: nav', 'APPPATH\\Views\\Templates\\Body\\Header.php', 3, [...])
 2 SYSTEMPATH\View\View.php(213): include('APPPATH\\Views\\Templates\\Body\\Header.php')
 3 SYSTEMPATH\View\View.php(216): CodeIgniter\View\View->CodeIgniter\View\{closure}()
 4 SYSTEMPATH\Common.php(1135): CodeIgniter\View\View->render('Templates/Body/Header', [], true)
 5 APPPATH\Libraries\LoadView\Attachments\View.php(104): view('Templates/Body/Header')
 6 APPPATH\Libraries\LoadView\Attachments\View.php(88): App\Libraries\LoadView\LoadView->header_view()
 7 APPPATH\Libraries\LoadView\Attachments\View.php(67): App\Libraries\LoadView\LoadView->body_view('VHome')
 8 APPPATH\Libraries\LoadView\Attachments\View.php(40): App\Libraries\LoadView\LoadView->render('VHome')
 9 APPPATH\Libraries\LoadView\Attachments\View.php(10): App\Libraries\LoadView\LoadView->render_view('VHome', 'Home')
10 APPPATH\Controllers\BaseController.php(87): App\Libraries\LoadView\LoadView->view('VHome', 'Home')
11 APPPATH\Controllers\Home.php(9): App\Controllers\BaseController->view('VHome', 'Home')
12 SYSTEMPATH\CodeIgniter.php(898): App\Controllers\Home->index()
13 SYSTEMPATH\CodeIgniter.php(468): CodeIgniter\CodeIgniter->runController(Object(App\Controllers\Home))
14 SYSTEMPATH\CodeIgniter.php(351): CodeIgniter\CodeIgniter->handleRequest(null, Object(Config\Cache), false)
15 FCPATH\index.php(55): CodeIgniter\CodeIgniter->run()
CRITICAL - 2022-11-08 10:37:24 --> App\Libraries\LoadView\LoadView::html is not a valid method.
in SYSTEMPATH\View\Cell.php on line 90.
 1 SYSTEMPATH\View\Cell.php(90): CodeIgniter\View\Exceptions\ViewException::forInvalidCellMethod('App\\Libraries\\LoadView\\LoadView', 'html')
 2 SYSTEMPATH\Common.php(1151): CodeIgniter\View\Cell->render('App\\Libraries\\LoadView\\LoadView::html', [...], 0, 'AppLibrariesLoadViewLoadViewhtml32a49f7d2f16006ff67687df647f30f4')
 3 APPPATH\Libraries\LoadView\Attachments\BaseTag.php(58): view_cell('App\\Libraries\\LoadView\\LoadView::html', [...])
 4 APPPATH\Libraries\LoadView\Attachments\View.php(69): App\Libraries\LoadView\LoadView->tag('html', true)
 5 APPPATH\Libraries\LoadView\Attachments\View.php(40): App\Libraries\LoadView\LoadView->render('Panel/VDashboard')
 6 APPPATH\Libraries\LoadView\Attachments\View.php(10): App\Libraries\LoadView\LoadView->render_view('Panel/VDashboard', 'Dashboard')
 7 APPPATH\Controllers\BaseController.php(87): App\Libraries\LoadView\LoadView->view('Panel/VDashboard', 'Dashboard')
 8 APPPATH\Controllers\Panel\Dashboard.php(10): App\Controllers\BaseController->view('Panel/VDashboard', 'Dashboard')
 9 SYSTEMPATH\CodeIgniter.php(898): App\Controllers\Panel\Dashboard->index()
10 SYSTEMPATH\CodeIgniter.php(468): CodeIgniter\CodeIgniter->runController(Object(App\Controllers\Panel\Dashboard))
11 SYSTEMPATH\CodeIgniter.php(351): CodeIgniter\CodeIgniter->handleRequest(null, Object(Config\Cache), false)
12 FCPATH\index.php(55): CodeIgniter\CodeIgniter->run()
CRITICAL - 2022-11-08 10:55:38 --> Undefined variable: a
in APPPATH\Controllers\BaseController.php on line 77.
 1 APPPATH\Controllers\BaseController.php(77): CodeIgniter\Debug\Exceptions->errorHandler(8, 'Undefined variable: a', 'APPPATH\\Controllers\\BaseController.php', 77, [...])
 2 APPPATH\Controllers\Panel\Dashboard.php(10): App\Controllers\BaseController->view('Panel/VDashboard', 'Dashboard')
 3 SYSTEMPATH\CodeIgniter.php(898): App\Controllers\Panel\Dashboard->index()
 4 SYSTEMPATH\CodeIgniter.php(468): CodeIgniter\CodeIgniter->runController(Object(App\Controllers\Panel\Dashboard))
 5 SYSTEMPATH\CodeIgniter.php(351): CodeIgniter\CodeIgniter->handleRequest(null, Object(Config\Cache), false)
 6 FCPATH\index.php(55): CodeIgniter\CodeIgniter->run()
CRITICAL - 2022-11-08 10:56:12 --> Undefined variable: a
in APPPATH\Controllers\BaseController.php on line 77.
 1 APPPATH\Controllers\BaseController.php(77): CodeIgniter\Debug\Exceptions->errorHandler(8, 'Undefined variable: a', 'APPPATH\\Controllers\\BaseController.php', 77, [...])
 2 APPPATH\Controllers\Panel\Dashboard.php(10): App\Controllers\BaseController->view('Panel/VDashboard', 'Dashboard')
 3 SYSTEMPATH\CodeIgniter.php(898): App\Controllers\Panel\Dashboard->index()
 4 SYSTEMPATH\CodeIgniter.php(468): CodeIgniter\CodeIgniter->runController(Object(App\Controllers\Panel\Dashboard))
 5 SYSTEMPATH\CodeIgniter.php(351): CodeIgniter\CodeIgniter->handleRequest(null, Object(Config\Cache), false)
 6 FCPATH\index.php(55): CodeIgniter\CodeIgniter->run()
