CRITICAL - 2022-12-09 08:06:55 --> Allowed memory size of 536870912 bytes exhausted (tried to allocate 266338312 bytes)
in APPPATH\Libraries\TEFakeContent\Handlers\GenContent.php on line 33.
 1 [internal function]: CodeIgniter\Debug\Exceptions->shutdownHandler()
CRITICAL - 2022-12-09 08:07:07 --> Allowed memory size of 536870912 bytes exhausted (tried to allocate 266338312 bytes)
in APPPATH\Libraries\TEFakeContent\Handlers\GenContent.php on line 33.
 1 [internal function]: CodeIgniter\Debug\Exceptions->shutdownHandler()
CRITICAL - 2022-12-09 08:07:17 --> Allowed memory size of 536870912 bytes exhausted (tried to allocate 266338312 bytes)
in APPPATH\Libraries\TEFakeContent\Handlers\GenContent.php on line 33.
 1 [internal function]: CodeIgniter\Debug\Exceptions->shutdownHandler()
CRITICAL - 2022-12-09 08:10:19 --> Allowed memory size of 536870912 bytes exhausted (tried to allocate 266338312 bytes)
in APPPATH\Libraries\TEFakeContent\Handlers\GenContent.php on line 33.
 1 [internal function]: CodeIgniter\Debug\Exceptions->shutdownHandler()
CRITICAL - 2022-12-09 08:10:23 --> Allowed memory size of 536870912 bytes exhausted (tried to allocate 266338312 bytes)
in APPPATH\Libraries\TEFakeContent\Handlers\GenContent.php on line 33.
 1 [internal function]: CodeIgniter\Debug\Exceptions->shutdownHandler()
CRITICAL - 2022-12-09 08:11:29 --> Allowed memory size of 536870912 bytes exhausted (tried to allocate 266338312 bytes)
in APPPATH\Libraries\TEFakeContent\Handlers\GenContent.php on line 34.
 1 [internal function]: CodeIgniter\Debug\Exceptions->shutdownHandler()
CRITICAL - 2022-12-09 08:12:03 --> Return value of App\Libraries\TEFakeContent\Handlers\GenContent::shuffle() must be of the type string, none returned
in APPPATH\Libraries\TEFakeContent\Handlers\GenContent.php on line 42.
 1 APPPATH\Libraries\TEFakeContent\Handlers\GenContent.php(14): App\Libraries\TEFakeContent\Handlers\GenContent->shuffle('@')
 2 APPPATH\Controllers\Home.php(19): App\Libraries\TEFakeContent\Handlers\GenContent->rand_lower_char(1)
 3 SYSTEMPATH\CodeIgniter.php(898): App\Controllers\Home->index()
 4 SYSTEMPATH\CodeIgniter.php(468): CodeIgniter\CodeIgniter->runController(Object(App\Controllers\Home))
 5 SYSTEMPATH\CodeIgniter.php(351): CodeIgniter\CodeIgniter->handleRequest(null, Object(Config\Cache), false)
 6 FCPATH\index.php(55): CodeIgniter\CodeIgniter->run()
CRITICAL - 2022-12-09 08:12:33 --> Undefined variable: str
in APPPATH\Libraries\TEFakeContent\Handlers\GenContent.php on line 15.
 1 APPPATH\Libraries\TEFakeContent\Handlers\GenContent.php(15): CodeIgniter\Debug\Exceptions->errorHandler(8, 'Undefined variable: str', 'APPPATH\\Libraries\\TEFakeContent\\Handlers\\GenContent.php', 15, [...])
 2 APPPATH\Controllers\Home.php(19): App\Libraries\TEFakeContent\Handlers\GenContent->rand_lower_char(1)
 3 SYSTEMPATH\CodeIgniter.php(898): App\Controllers\Home->index()
 4 SYSTEMPATH\CodeIgniter.php(468): CodeIgniter\CodeIgniter->runController(Object(App\Controllers\Home))
 5 SYSTEMPATH\CodeIgniter.php(351): CodeIgniter\CodeIgniter->handleRequest(null, Object(Config\Cache), false)
 6 FCPATH\index.php(55): CodeIgniter\CodeIgniter->run()
CRITICAL - 2022-12-09 08:13:35 --> Allowed memory size of 536870912 bytes exhausted (tried to allocate 266338312 bytes)
in APPPATH\Libraries\TEFakeContent\Handlers\GenContent.php on line 34.
 1 [internal function]: CodeIgniter\Debug\Exceptions->shutdownHandler()
CRITICAL - 2022-12-09 08:51:38 --> Return value of App\Libraries\TEFakeContent\Handlers\GenContent::rand_lower_char() must be of the type string, null returned
in APPPATH\Libraries\TEFakeContent\Handlers\GenContent.php on line 14.
 1 APPPATH\Controllers\Home.php(19): App\Libraries\TEFakeContent\Handlers\GenContent->rand_lower_char(1)
 2 SYSTEMPATH\CodeIgniter.php(898): App\Controllers\Home->index()
 3 SYSTEMPATH\CodeIgniter.php(468): CodeIgniter\CodeIgniter->runController(Object(App\Controllers\Home))
 4 SYSTEMPATH\CodeIgniter.php(351): CodeIgniter\CodeIgniter->handleRequest(null, Object(Config\Cache), false)
 5 FCPATH\index.php(55): CodeIgniter\CodeIgniter->run()
CRITICAL - 2022-12-09 09:09:07 --> Argument 2 passed to App\Libraries\TEFakeContent\Handlers\GenContent::sort_char() must be of the type int, null given, called in E:\SoftWare\xampp 7\htdocs\my_projects\Resume\Shop\app\Libraries\TEFakeContent\Handlers\GenContent.php on line 46
in APPPATH\Libraries\TEFakeContent\Handlers\GenContent.php on line 61.
 1 APPPATH\Libraries\TEFakeContent\Handlers\GenContent.php(46): App\Libraries\TEFakeContent\Handlers\GenContent->sort_char('@', null, null)
 2 APPPATH\Controllers\Home.php(19): App\Libraries\TEFakeContent\Handlers\GenContent->sort_lower_char()
 3 SYSTEMPATH\CodeIgniter.php(898): App\Controllers\Home->index()
 4 SYSTEMPATH\CodeIgniter.php(468): CodeIgniter\CodeIgniter->runController(Object(App\Controllers\Home))
 5 SYSTEMPATH\CodeIgniter.php(351): CodeIgniter\CodeIgniter->handleRequest(null, Object(Config\Cache), false)
 6 FCPATH\index.php(55): CodeIgniter\CodeIgniter->run()
CRITICAL - 2022-12-09 09:11:09 --> Return value of App\Libraries\TEFakeContent\Handlers\GenContent::sort_lower_char() must be of the type string, none returned
in APPPATH\Libraries\TEFakeContent\Handlers\GenContent.php on line 47.
 1 APPPATH\Controllers\Home.php(19): App\Libraries\TEFakeContent\Handlers\GenContent->sort_lower_char()
 2 SYSTEMPATH\CodeIgniter.php(898): App\Controllers\Home->index()
 3 SYSTEMPATH\CodeIgniter.php(468): CodeIgniter\CodeIgniter->runController(Object(App\Controllers\Home))
 4 SYSTEMPATH\CodeIgniter.php(351): CodeIgniter\CodeIgniter->handleRequest(null, Object(Config\Cache), false)
 5 FCPATH\index.php(55): CodeIgniter\CodeIgniter->run()
CRITICAL - 2022-12-09 09:12:40 --> Undefined variable: charKey
in APPPATH\Libraries\TEFakeContent\Handlers\GenContent.php on line 79.
 1 APPPATH\Libraries\TEFakeContent\Handlers\GenContent.php(79): CodeIgniter\Debug\Exceptions->errorHandler(8, 'Undefined variable: charKey', 'APPPATH\\Libraries\\TEFakeContent\\Handlers\\GenContent.php', 79, [...])
 2 APPPATH\Libraries\TEFakeContent\Handlers\GenContent.php(66): App\Libraries\TEFakeContent\Handlers\GenContent->sort_iter(1, 1)
 3 APPPATH\Libraries\TEFakeContent\Handlers\GenContent.php(46): App\Libraries\TEFakeContent\Handlers\GenContent->sort_char('@')
 4 APPPATH\Controllers\Home.php(19): App\Libraries\TEFakeContent\Handlers\GenContent->sort_lower_char()
 5 SYSTEMPATH\CodeIgniter.php(898): App\Controllers\Home->index()
 6 SYSTEMPATH\CodeIgniter.php(468): CodeIgniter\CodeIgniter->runController(Object(App\Controllers\Home))
 7 SYSTEMPATH\CodeIgniter.php(351): CodeIgniter\CodeIgniter->handleRequest(null, Object(Config\Cache), false)
 8 FCPATH\index.php(55): CodeIgniter\CodeIgniter->run()
CRITICAL - 2022-12-09 09:36:05 --> Undefined variable: charKey
in APPPATH\Libraries\TEFakeContent\Handlers\GenContent.php on line 77.
 1 APPPATH\Libraries\TEFakeContent\Handlers\GenContent.php(77): CodeIgniter\Debug\Exceptions->errorHandler(8, 'Undefined variable: charKey', 'APPPATH\\Libraries\\TEFakeContent\\Handlers\\GenContent.php', 77, [...])
 2 APPPATH\Libraries\TEFakeContent\Handlers\GenContent.php(66): App\Libraries\TEFakeContent\Handlers\GenContent->sort_result(3)
 3 APPPATH\Libraries\TEFakeContent\Handlers\GenContent.php(46): App\Libraries\TEFakeContent\Handlers\GenContent->sort_char('@', 3)
 4 APPPATH\Controllers\Home.php(20): App\Libraries\TEFakeContent\Handlers\GenContent->sort_lower_char(3)
 5 SYSTEMPATH\CodeIgniter.php(898): App\Controllers\Home->index()
 6 SYSTEMPATH\CodeIgniter.php(468): CodeIgniter\CodeIgniter->runController(Object(App\Controllers\Home))
 7 SYSTEMPATH\CodeIgniter.php(351): CodeIgniter\CodeIgniter->handleRequest(null, Object(Config\Cache), false)
 8 FCPATH\index.php(55): CodeIgniter\CodeIgniter->run()
CRITICAL - 2022-12-09 10:12:29 --> Cannot pass parameter 1 by reference
in APPPATH\Libraries\TEFakeContent\Handlers\GenContent.php on line 46.
 1 APPPATH\Controllers\Home.php(20): App\Libraries\TEFakeContent\Handlers\GenContent->sort_lower_char(true)
 2 SYSTEMPATH\CodeIgniter.php(898): App\Controllers\Home->index()
 3 SYSTEMPATH\CodeIgniter.php(468): CodeIgniter\CodeIgniter->runController(Object(App\Controllers\Home))
 4 SYSTEMPATH\CodeIgniter.php(351): CodeIgniter\CodeIgniter->handleRequest(null, Object(Config\Cache), false)
 5 FCPATH\index.php(55): CodeIgniter\CodeIgniter->run()
CRITICAL - 2022-12-09 10:30:17 --> Call to undefined method App\Libraries\TEFakeContent\Handlers\GenContent::sort_upper_char()
in APPPATH\Controllers\Home.php on line 24.
 1 SYSTEMPATH\CodeIgniter.php(898): App\Controllers\Home->index()
 2 SYSTEMPATH\CodeIgniter.php(468): CodeIgniter\CodeIgniter->runController(Object(App\Controllers\Home))
 3 SYSTEMPATH\CodeIgniter.php(351): CodeIgniter\CodeIgniter->handleRequest(null, Object(Config\Cache), false)
 4 FCPATH\index.php(55): CodeIgniter\CodeIgniter->run()
