CRITICAL - 2023-02-15 07:06:29 --> Call to undefined method App\Libraries\TEFakeContent\GenContent\Handlers\Ordinal::upper_alpha()
in APPPATH\Libraries\TEFakeContent\GenContent\GenContent.php on line 124.
 1 APPPATH\Libraries\TEFakeContent\Interpreter\Handlers\Sign.php(154): App\Libraries\TEFakeContent\GenContent\GenContent->ordinal_upper_alpha()
 2 APPPATH\Libraries\TEFakeContent\Interpreter\Handlers\Sign.php(17): App\Libraries\TEFakeContent\Interpreter\Handlers\Sign->replace_content(true)
 3 APPPATH\Libraries\TEFakeContent\Interpreter\Interpreter.php(108): App\Libraries\TEFakeContent\Interpreter\Handlers\Sign->sign('@', true)
 4 APPPATH\Libraries\TEFakeContent\Interpreter\Interpreter.php(90): App\Libraries\TEFakeContent\Interpreter\Interpreter->interpreter('@', true)
 5 APPPATH\Libraries\TEFakeContent\Interpreter\Interpreter.php(69): App\Libraries\TEFakeContent\Interpreter\Interpreter->fetch_placeholders()
 6 APPPATH\Libraries\TEFakeContent\Interpreter\Interpreter.php(43): App\Libraries\TEFakeContent\Interpreter\Interpreter->making('@|@|Gmail.com')
 7 APPPATH\Libraries\TEFakeContent\TEFakeContent.php(20): App\Libraries\TEFakeContent\Interpreter\Interpreter->make_field('@|@|Gmail.com')
 8 APPPATH\Controllers\Home.php(26): App\Libraries\TEFakeContent\TEFakeContent->field('@|@|Gmail.com')
 9 SYSTEMPATH\CodeIgniter.php(898): App\Controllers\Home->index()
10 SYSTEMPATH\CodeIgniter.php(468): CodeIgniter\CodeIgniter->runController(Object(App\Controllers\Home))
11 SYSTEMPATH\CodeIgniter.php(351): CodeIgniter\CodeIgniter->handleRequest(null, Object(Config\Cache), false)
12 FCPATH\index.php(55): CodeIgniter\CodeIgniter->run()
CRITICAL - 2023-02-15 08:30:28 --> Return value of App\Libraries\TEFakeContent\Interpreter\Interpreter::set_call() must be of the type int, none returned
in APPPATH\Libraries\TEFakeContent\Interpreter\Interpreter.php on line 56.
 1 APPPATH\Libraries\TEFakeContent\Interpreter\Interpreter.php(43): App\Libraries\TEFakeContent\Interpreter\Interpreter->set_call(1)
 2 APPPATH\Libraries\TEFakeContent\TEFakeContent.php(20): App\Libraries\TEFakeContent\Interpreter\Interpreter->make_field('@|@|@|Gmail.com')
 3 APPPATH\Controllers\Home.php(26): App\Libraries\TEFakeContent\TEFakeContent->field('@|@|@|Gmail.com')
 4 SYSTEMPATH\CodeIgniter.php(898): App\Controllers\Home->index()
 5 SYSTEMPATH\CodeIgniter.php(468): CodeIgniter\CodeIgniter->runController(Object(App\Controllers\Home))
 6 SYSTEMPATH\CodeIgniter.php(351): CodeIgniter\CodeIgniter->handleRequest(null, Object(Config\Cache), false)
 7 FCPATH\index.php(55): CodeIgniter\CodeIgniter->run()
CRITICAL - 2023-02-15 09:08:05 --> Allowed memory size of 536870912 bytes exhausted (tried to allocate 266338312 bytes)
in APPPATH\Libraries\TEFakeContent\GenContent\Handlers\Ordinal.php on line 102.
 1 [internal function]: CodeIgniter\Debug\Exceptions->shutdownHandler()
CRITICAL - 2023-02-15 09:08:27 --> Allowed memory size of 536870912 bytes exhausted (tried to allocate 266338312 bytes)
in APPPATH\Libraries\TEFakeContent\GenContent\Handlers\Ordinal.php on line 102.
 1 [internal function]: CodeIgniter\Debug\Exceptions->shutdownHandler()
CRITICAL - 2023-02-15 09:09:24 --> Allowed memory size of 536870912 bytes exhausted (tried to allocate 257966080 bytes)
in APPPATH\Libraries\TEFakeContent\GenContent\Handlers\Ordinal.php on line 102.
 1 [internal function]: CodeIgniter\Debug\Exceptions->shutdownHandler()
CRITICAL - 2023-02-15 09:11:00 --> Allowed memory size of 536870912 bytes exhausted (tried to allocate 257966080 bytes)
in APPPATH\Libraries\TEFakeContent\GenContent\Handlers\Ordinal.php on line 102.
 1 [internal function]: CodeIgniter\Debug\Exceptions->shutdownHandler()
CRITICAL - 2023-02-15 09:11:19 --> Allowed memory size of 536870912 bytes exhausted (tried to allocate 257966080 bytes)
in APPPATH\Libraries\TEFakeContent\GenContent\Handlers\Ordinal.php on line 102.
 1 [internal function]: CodeIgniter\Debug\Exceptions->shutdownHandler()
CRITICAL - 2023-02-15 09:12:56 --> Allowed memory size of 536870912 bytes exhausted (tried to allocate 266338312 bytes)
in APPPATH\Libraries\TEFakeContent\GenContent\Handlers\Ordinal.php on line 104.
 1 [internal function]: CodeIgniter\Debug\Exceptions->shutdownHandler()
CRITICAL - 2023-02-15 09:20:39 --> Allowed memory size of 536870912 bytes exhausted (tried to allocate 266338312 bytes)
in APPPATH\Libraries\TEFakeContent\GenContent\Handlers\Ordinal.php on line 103.
 1 [internal function]: CodeIgniter\Debug\Exceptions->shutdownHandler()
CRITICAL - 2023-02-15 09:30:52 --> Allowed memory size of 536870912 bytes exhausted (tried to allocate 257966080 bytes)
in APPPATH\Libraries\TEFakeContent\GenContent\Handlers\Ordinal.php on line 101.
 1 [internal function]: CodeIgniter\Debug\Exceptions->shutdownHandler()
CRITICAL - 2023-02-15 10:00:19 --> Allowed memory size of 536870912 bytes exhausted (tried to allocate 260063232 bytes)
in APPPATH\Libraries\TEFakeContent\GenContent\Handlers\Ordinal.php on line 103.
 1 [internal function]: CodeIgniter\Debug\Exceptions->shutdownHandler()
CRITICAL - 2023-02-15 10:03:49 --> A non-numeric value encountered
in APPPATH\Libraries\TEFakeContent\GenContent\Handlers\Ordinal.php on line 100.
 1 APPPATH\Libraries\TEFakeContent\GenContent\Handlers\Ordinal.php(100): CodeIgniter\Debug\Exceptions->errorHandler(2, 'A non-numeric value encountered', 'APPPATH\\Libraries\\TEFakeContent\\GenContent\\Handlers\\Ordinal.php', 100, [...])
 2 APPPATH\Libraries\TEFakeContent\GenContent\Handlers\Ordinal.php(36): App\Libraries\TEFakeContent\GenContent\Handlers\Ordinal->alpha_rotation('upperAlpha', 0, 1, false)
 3 APPPATH\Libraries\TEFakeContent\GenContent\GenContent.php(124): App\Libraries\TEFakeContent\GenContent\Handlers\Ordinal->upper_alpha(false, false)
 4 APPPATH\Libraries\TEFakeContent\Interpreter\Handlers\Sign.php(152): App\Libraries\TEFakeContent\GenContent\GenContent->ordinal_upper_alpha(false, false)
 5 APPPATH\Libraries\TEFakeContent\Interpreter\Handlers\Sign.php(17): App\Libraries\TEFakeContent\Interpreter\Handlers\Sign->replace_content(0)
 6 APPPATH\Libraries\TEFakeContent\Interpreter\Interpreter.php(118): App\Libraries\TEFakeContent\Interpreter\Handlers\Sign->sign('@', 0)
 7 APPPATH\Libraries\TEFakeContent\Interpreter\Interpreter.php(102): App\Libraries\TEFakeContent\Interpreter\Interpreter->interpreter('@', 0)
 8 APPPATH\Libraries\TEFakeContent\Interpreter\Interpreter.php(83): App\Libraries\TEFakeContent\Interpreter\Interpreter->fetch_placeholders(0)
 9 APPPATH\Libraries\TEFakeContent\Interpreter\Interpreter.php(43): App\Libraries\TEFakeContent\Interpreter\Interpreter->making('@|@|@|Gmail.com', 0)
10 APPPATH\Libraries\TEFakeContent\TEFakeContent.php(20): App\Libraries\TEFakeContent\Interpreter\Interpreter->make_field('@|@|@|Gmail.com')
11 APPPATH\Controllers\Home.php(26): App\Libraries\TEFakeContent\TEFakeContent->field('@|@|@|Gmail.com')
12 SYSTEMPATH\CodeIgniter.php(898): App\Controllers\Home->index()
13 SYSTEMPATH\CodeIgniter.php(468): CodeIgniter\CodeIgniter->runController(Object(App\Controllers\Home))
14 SYSTEMPATH\CodeIgniter.php(351): CodeIgniter\CodeIgniter->handleRequest(null, Object(Config\Cache), false)
15 FCPATH\index.php(55): CodeIgniter\CodeIgniter->run()
CRITICAL - 2023-02-15 10:07:54 --> Allowed memory size of 536870912 bytes exhausted (tried to allocate 266338312 bytes)
in APPPATH\Libraries\TEFakeContent\GenContent\Handlers\Ordinal.php on line 105.
 1 [internal function]: CodeIgniter\Debug\Exceptions->shutdownHandler()
CRITICAL - 2023-02-15 10:30:40 --> Allowed memory size of 536870912 bytes exhausted (tried to allocate 266338312 bytes)
in APPPATH\Libraries\TEFakeContent\GenContent\Handlers\Ordinal.php on line 105.
 1 [internal function]: CodeIgniter\Debug\Exceptions->shutdownHandler()
CRITICAL - 2023-02-15 11:02:07 --> Argument 2 passed to App\Libraries\TEFakeContent\GenContent\GenContent::ordinal_upper_alpha() must be of the type bool, array given, called in E:\SoftWare\xampp 7\htdocs\my_projects\Resume\Shop\app\Libraries\TEFakeContent\Interpreter\Handlers\Sign.php on line 152
in APPPATH\Libraries\TEFakeContent\GenContent\GenContent.php on line 121.
 1 APPPATH\Libraries\TEFakeContent\Interpreter\Handlers\Sign.php(152): App\Libraries\TEFakeContent\GenContent\GenContent->ordinal_upper_alpha(false, [...])
 2 APPPATH\Libraries\TEFakeContent\Interpreter\Handlers\Sign.php(17): App\Libraries\TEFakeContent\Interpreter\Handlers\Sign->replace_content([...])
 3 APPPATH\Libraries\TEFakeContent\Interpreter\Interpreter.php(122): App\Libraries\TEFakeContent\Interpreter\Handlers\Sign->sign('@', [...])
 4 APPPATH\Libraries\TEFakeContent\Interpreter\Interpreter.php(106): App\Libraries\TEFakeContent\Interpreter\Interpreter->interpreter('@', [...])
 5 APPPATH\Libraries\TEFakeContent\Interpreter\Interpreter.php(87): App\Libraries\TEFakeContent\Interpreter\Interpreter->fetch_placeholders([...])
 6 APPPATH\Libraries\TEFakeContent\Interpreter\Interpreter.php(46): App\Libraries\TEFakeContent\Interpreter\Interpreter->making('@|@|Gmail.com', [...])
 7 APPPATH\Libraries\TEFakeContent\TEFakeContent.php(20): App\Libraries\TEFakeContent\Interpreter\Interpreter->make_field('@|@|Gmail.com')
 8 APPPATH\Controllers\Home.php(26): App\Libraries\TEFakeContent\TEFakeContent->field('@|@|Gmail.com')
 9 SYSTEMPATH\CodeIgniter.php(898): App\Controllers\Home->index()
10 SYSTEMPATH\CodeIgniter.php(468): CodeIgniter\CodeIgniter->runController(Object(App\Controllers\Home))
11 SYSTEMPATH\CodeIgniter.php(351): CodeIgniter\CodeIgniter->handleRequest(null, Object(Config\Cache), false)
12 FCPATH\index.php(55): CodeIgniter\CodeIgniter->run()
CRITICAL - 2023-02-15 11:04:00 --> Undefined variable: go
in APPPATH\Libraries\TEFakeContent\GenContent\Handlers\Ordinal.php on line 41.
 1 APPPATH\Libraries\TEFakeContent\GenContent\Handlers\Ordinal.php(41): CodeIgniter\Debug\Exceptions->errorHandler(8, 'Undefined variable: go', 'APPPATH\\Libraries\\TEFakeContent\\GenContent\\Handlers\\Ordinal.php', 41, [...])
 2 APPPATH\Libraries\TEFakeContent\GenContent\GenContent.php(124): App\Libraries\TEFakeContent\GenContent\Handlers\Ordinal->upper_alpha(false, [...])
 3 APPPATH\Libraries\TEFakeContent\Interpreter\Handlers\Sign.php(152): App\Libraries\TEFakeContent\GenContent\GenContent->ordinal_upper_alpha(false, [...])
 4 APPPATH\Libraries\TEFakeContent\Interpreter\Handlers\Sign.php(17): App\Libraries\TEFakeContent\Interpreter\Handlers\Sign->replace_content([...])
 5 APPPATH\Libraries\TEFakeContent\Interpreter\Interpreter.php(122): App\Libraries\TEFakeContent\Interpreter\Handlers\Sign->sign('@', [...])
 6 APPPATH\Libraries\TEFakeContent\Interpreter\Interpreter.php(106): App\Libraries\TEFakeContent\Interpreter\Interpreter->interpreter('@', [...])
 7 APPPATH\Libraries\TEFakeContent\Interpreter\Interpreter.php(87): App\Libraries\TEFakeContent\Interpreter\Interpreter->fetch_placeholders([...])
 8 APPPATH\Libraries\TEFakeContent\Interpreter\Interpreter.php(46): App\Libraries\TEFakeContent\Interpreter\Interpreter->making('@|@|Gmail.com', [...])
 9 APPPATH\Libraries\TEFakeContent\TEFakeContent.php(20): App\Libraries\TEFakeContent\Interpreter\Interpreter->make_field('@|@|Gmail.com')
10 APPPATH\Controllers\Home.php(26): App\Libraries\TEFakeContent\TEFakeContent->field('@|@|Gmail.com')
11 SYSTEMPATH\CodeIgniter.php(898): App\Controllers\Home->index()
12 SYSTEMPATH\CodeIgniter.php(468): CodeIgniter\CodeIgniter->runController(Object(App\Controllers\Home))
13 SYSTEMPATH\CodeIgniter.php(351): CodeIgniter\CodeIgniter->handleRequest(null, Object(Config\Cache), false)
14 FCPATH\index.php(55): CodeIgniter\CodeIgniter->run()
CRITICAL - 2023-02-15 11:05:53 --> Argument 3 passed to App\Libraries\TEFakeContent\GenContent\Handlers\Ordinal::alpha_rotation() must be of the type int, null given, called in E:\SoftWare\xampp 7\htdocs\my_projects\Resume\Shop\app\Libraries\TEFakeContent\GenContent\Handlers\Ordinal.php on line 25
in APPPATH\Libraries\TEFakeContent\GenContent\Handlers\Ordinal.php on line 103.
 1 APPPATH\Libraries\TEFakeContent\GenContent\Handlers\Ordinal.php(25): App\Libraries\TEFakeContent\GenContent\Handlers\Ordinal->alpha_rotation('lowerAlpha', [...], null)
 2 APPPATH\Libraries\TEFakeContent\GenContent\GenContent.php(112): App\Libraries\TEFakeContent\GenContent\Handlers\Ordinal->lower_alpha(false, [...])
 3 APPPATH\Libraries\TEFakeContent\Interpreter\Handlers\Sign.php(153): App\Libraries\TEFakeContent\GenContent\GenContent->ordinal_lower_alpha(false, [...])
 4 APPPATH\Libraries\TEFakeContent\Interpreter\Handlers\Sign.php(17): App\Libraries\TEFakeContent\Interpreter\Handlers\Sign->replace_content([...])
 5 APPPATH\Libraries\TEFakeContent\Interpreter\Interpreter.php(122): App\Libraries\TEFakeContent\Interpreter\Handlers\Sign->sign('@', [...])
 6 APPPATH\Libraries\TEFakeContent\Interpreter\Interpreter.php(106): App\Libraries\TEFakeContent\Interpreter\Interpreter->interpreter('@', [...])
 7 APPPATH\Libraries\TEFakeContent\Interpreter\Interpreter.php(87): App\Libraries\TEFakeContent\Interpreter\Interpreter->fetch_placeholders([...])
 8 APPPATH\Libraries\TEFakeContent\Interpreter\Interpreter.php(46): App\Libraries\TEFakeContent\Interpreter\Interpreter->making('@|@|Gmail.com', [...])
 9 APPPATH\Libraries\TEFakeContent\TEFakeContent.php(20): App\Libraries\TEFakeContent\Interpreter\Interpreter->make_field('@|@|Gmail.com')
10 APPPATH\Controllers\Home.php(26): App\Libraries\TEFakeContent\TEFakeContent->field('@|@|Gmail.com')
11 SYSTEMPATH\CodeIgniter.php(898): App\Controllers\Home->index()
12 SYSTEMPATH\CodeIgniter.php(468): CodeIgniter\CodeIgniter->runController(Object(App\Controllers\Home))
13 SYSTEMPATH\CodeIgniter.php(351): CodeIgniter\CodeIgniter->handleRequest(null, Object(Config\Cache), false)
14 FCPATH\index.php(55): CodeIgniter\CodeIgniter->run()
