CRITICAL - 2023-04-03 07:16:37 --> Undefined index: totol_price
in APPPATH\Controllers\Panel\ProductsList.php on line 117.
 1 APPPATH\Controllers\Panel\ProductsList.php(117): CodeIgniter\Debug\Exceptions->errorHandler(8, 'Undefined index: totol_price', 'APPPATH\\Controllers\\Panel\\ProductsList.php', 117, [...])
 2 APPPATH\Controllers\Panel\ProductsList.php(87): App\Controllers\Panel\ProductsList->gppd([...])
 3 APPPATH\Controllers\Panel\ProductsList.php(74): App\Controllers\Panel\ProductsList->gen_row_product([...])
 4 APPPATH\Controllers\Panel\ProductsList.php(47): App\Controllers\Panel\ProductsList->prepare_html([...])
 5 APPPATH\Controllers\Panel\ProductsList.php(16): App\Controllers\Panel\ProductsList->init_product_list('1')
 6 SYSTEMPATH\CodeIgniter.php(898): App\Controllers\Panel\ProductsList->index('1')
 7 SYSTEMPATH\CodeIgniter.php(468): CodeIgniter\CodeIgniter->runController(Object(App\Controllers\Panel\ProductsList))
 8 SYSTEMPATH\CodeIgniter.php(351): CodeIgniter\CodeIgniter->handleRequest(null, Object(Config\Cache), false)
 9 FCPATH\index.php(55): CodeIgniter\CodeIgniter->run()
CRITICAL - 2023-04-03 07:17:20 --> Call to undefined method App\Libraries\Elements\Handlers\Tag::parse_attr_attr()
in APPPATH\Libraries\Elements\Handlers\Tag.php on line 102.
 1 APPPATH\Controllers\Panel\ProductsList.php(117): App\Libraries\Elements\Handlers\Tag->ins('849937')
 2 APPPATH\Controllers\Panel\ProductsList.php(87): App\Controllers\Panel\ProductsList->gppd([...])
 3 APPPATH\Controllers\Panel\ProductsList.php(74): App\Controllers\Panel\ProductsList->gen_row_product([...])
 4 APPPATH\Controllers\Panel\ProductsList.php(47): App\Controllers\Panel\ProductsList->prepare_html([...])
 5 APPPATH\Controllers\Panel\ProductsList.php(16): App\Controllers\Panel\ProductsList->init_product_list('1')
 6 SYSTEMPATH\CodeIgniter.php(898): App\Controllers\Panel\ProductsList->index('1')
 7 SYSTEMPATH\CodeIgniter.php(468): CodeIgniter\CodeIgniter->runController(Object(App\Controllers\Panel\ProductsList))
 8 SYSTEMPATH\CodeIgniter.php(351): CodeIgniter\CodeIgniter->handleRequest(null, Object(Config\Cache), false)
 9 FCPATH\index.php(55): CodeIgniter\CodeIgniter->run()
CRITICAL - 2023-04-03 07:23:24 --> Array to string conversion
in APPPATH\Libraries\Elements\Handlers\Tag.php on line 20.
 1 APPPATH\Libraries\Elements\Handlers\Tag.php(20): CodeIgniter\Debug\Exceptions->errorHandler(8, 'Array to string conversion', 'APPPATH\\Libraries\\Elements\\Handlers\\Tag.php', 20, [...])
 2 APPPATH\Libraries\Elements\Handlers\Tag.php(87): App\Libraries\Elements\Handlers\Tag->parse_attr([...])
 3 APPPATH\Controllers\Panel\ProductsList.php(119): App\Libraries\Elements\Handlers\Tag->del('855000', [...])
 4 APPPATH\Controllers\Panel\ProductsList.php(87): App\Controllers\Panel\ProductsList->gppd([...])
 5 APPPATH\Controllers\Panel\ProductsList.php(74): App\Controllers\Panel\ProductsList->gen_row_product([...])
 6 APPPATH\Controllers\Panel\ProductsList.php(47): App\Controllers\Panel\ProductsList->prepare_html([...])
 7 APPPATH\Controllers\Panel\ProductsList.php(16): App\Controllers\Panel\ProductsList->init_product_list('1')
 8 SYSTEMPATH\CodeIgniter.php(898): App\Controllers\Panel\ProductsList->index('1')
 9 SYSTEMPATH\CodeIgniter.php(468): CodeIgniter\CodeIgniter->runController(Object(App\Controllers\Panel\ProductsList))
10 SYSTEMPATH\CodeIgniter.php(351): CodeIgniter\CodeIgniter->handleRequest(null, Object(Config\Cache), false)
11 FCPATH\index.php(55): CodeIgniter\CodeIgniter->run()
CRITICAL - 2023-04-03 07:45:27 --> Return value of App\Controllers\Panel\ProductsList::gppd() must be of the type array, string returned
in APPPATH\Controllers\Panel\ProductsList.php on line 118.
 1 APPPATH\Controllers\Panel\ProductsList.php(87): App\Controllers\Panel\ProductsList->gppd([...])
 2 APPPATH\Controllers\Panel\ProductsList.php(74): App\Controllers\Panel\ProductsList->gen_row_product([...])
 3 APPPATH\Controllers\Panel\ProductsList.php(47): App\Controllers\Panel\ProductsList->prepare_html([...])
 4 APPPATH\Controllers\Panel\ProductsList.php(16): App\Controllers\Panel\ProductsList->init_product_list('1')
 5 SYSTEMPATH\CodeIgniter.php(898): App\Controllers\Panel\ProductsList->index('1')
 6 SYSTEMPATH\CodeIgniter.php(468): CodeIgniter\CodeIgniter->runController(Object(App\Controllers\Panel\ProductsList))
 7 SYSTEMPATH\CodeIgniter.php(351): CodeIgniter\CodeIgniter->handleRequest(null, Object(Config\Cache), false)
 8 FCPATH\index.php(55): CodeIgniter\CodeIgniter->run()
CRITICAL - 2023-04-03 07:45:50 --> Array to string conversion
in APPPATH\Controllers\Panel\ProductsList.php on line 118.
 1 APPPATH\Controllers\Panel\ProductsList.php(118): CodeIgniter\Debug\Exceptions->errorHandler(8, 'Array to string conversion', 'APPPATH\\Controllers\\Panel\\ProductsList.php', 118, [...])
 2 APPPATH\Controllers\Panel\ProductsList.php(87): App\Controllers\Panel\ProductsList->gppd([...])
 3 APPPATH\Controllers\Panel\ProductsList.php(74): App\Controllers\Panel\ProductsList->gen_row_product([...])
 4 APPPATH\Controllers\Panel\ProductsList.php(47): App\Controllers\Panel\ProductsList->prepare_html([...])
 5 APPPATH\Controllers\Panel\ProductsList.php(16): App\Controllers\Panel\ProductsList->init_product_list('1')
 6 SYSTEMPATH\CodeIgniter.php(898): App\Controllers\Panel\ProductsList->index('1')
 7 SYSTEMPATH\CodeIgniter.php(468): CodeIgniter\CodeIgniter->runController(Object(App\Controllers\Panel\ProductsList))
 8 SYSTEMPATH\CodeIgniter.php(351): CodeIgniter\CodeIgniter->handleRequest(null, Object(Config\Cache), false)
 9 FCPATH\index.php(55): CodeIgniter\CodeIgniter->run()
CRITICAL - 2023-04-03 07:46:27 --> Array to string conversion
in APPPATH\Controllers\Panel\ProductsList.php on line 118.
 1 APPPATH\Controllers\Panel\ProductsList.php(118): CodeIgniter\Debug\Exceptions->errorHandler(8, 'Array to string conversion', 'APPPATH\\Controllers\\Panel\\ProductsList.php', 118, [...])
 2 APPPATH\Controllers\Panel\ProductsList.php(87): App\Controllers\Panel\ProductsList->gppd([...])
 3 APPPATH\Controllers\Panel\ProductsList.php(74): App\Controllers\Panel\ProductsList->gen_row_product([...])
 4 APPPATH\Controllers\Panel\ProductsList.php(47): App\Controllers\Panel\ProductsList->prepare_html([...])
 5 APPPATH\Controllers\Panel\ProductsList.php(16): App\Controllers\Panel\ProductsList->init_product_list('1')
 6 SYSTEMPATH\CodeIgniter.php(898): App\Controllers\Panel\ProductsList->index('1')
 7 SYSTEMPATH\CodeIgniter.php(468): CodeIgniter\CodeIgniter->runController(Object(App\Controllers\Panel\ProductsList))
 8 SYSTEMPATH\CodeIgniter.php(351): CodeIgniter\CodeIgniter->handleRequest(null, Object(Config\Cache), false)
 9 FCPATH\index.php(55): CodeIgniter\CodeIgniter->run()
CRITICAL - 2023-04-03 07:46:56 --> Array to string conversion
in APPPATH\Controllers\Panel\ProductsList.php on line 118.
 1 APPPATH\Controllers\Panel\ProductsList.php(118): CodeIgniter\Debug\Exceptions->errorHandler(8, 'Array to string conversion', 'APPPATH\\Controllers\\Panel\\ProductsList.php', 118, [...])
 2 APPPATH\Controllers\Panel\ProductsList.php(87): App\Controllers\Panel\ProductsList->gppd([...])
 3 APPPATH\Controllers\Panel\ProductsList.php(74): App\Controllers\Panel\ProductsList->gen_row_product([...])
 4 APPPATH\Controllers\Panel\ProductsList.php(47): App\Controllers\Panel\ProductsList->prepare_html([...])
 5 APPPATH\Controllers\Panel\ProductsList.php(16): App\Controllers\Panel\ProductsList->init_product_list('1')
 6 SYSTEMPATH\CodeIgniter.php(898): App\Controllers\Panel\ProductsList->index('1')
 7 SYSTEMPATH\CodeIgniter.php(468): CodeIgniter\CodeIgniter->runController(Object(App\Controllers\Panel\ProductsList))
 8 SYSTEMPATH\CodeIgniter.php(351): CodeIgniter\CodeIgniter->handleRequest(null, Object(Config\Cache), false)
 9 FCPATH\index.php(55): CodeIgniter\CodeIgniter->run()
CRITICAL - 2023-04-03 07:47:29 --> Return value of App\Controllers\Panel\ProductsList::gppd() must be of the type array, string returned
in APPPATH\Controllers\Panel\ProductsList.php on line 118.
 1 APPPATH\Controllers\Panel\ProductsList.php(87): App\Controllers\Panel\ProductsList->gppd([...])
 2 APPPATH\Controllers\Panel\ProductsList.php(74): App\Controllers\Panel\ProductsList->gen_row_product([...])
 3 APPPATH\Controllers\Panel\ProductsList.php(47): App\Controllers\Panel\ProductsList->prepare_html([...])
 4 APPPATH\Controllers\Panel\ProductsList.php(16): App\Controllers\Panel\ProductsList->init_product_list('1')
 5 SYSTEMPATH\CodeIgniter.php(898): App\Controllers\Panel\ProductsList->index('1')
 6 SYSTEMPATH\CodeIgniter.php(468): CodeIgniter\CodeIgniter->runController(Object(App\Controllers\Panel\ProductsList))
 7 SYSTEMPATH\CodeIgniter.php(351): CodeIgniter\CodeIgniter->handleRequest(null, Object(Config\Cache), false)
 8 FCPATH\index.php(55): CodeIgniter\CodeIgniter->run()
CRITICAL - 2023-04-03 09:48:52 --> Undefined index: deleted_at
in APPPATH\Controllers\Panel\EditProduct.php on line 72.
 1 APPPATH\Controllers\Panel\EditProduct.php(72): CodeIgniter\Debug\Exceptions->errorHandler(8, 'Undefined index: deleted_at', 'APPPATH\\Controllers\\Panel\\EditProduct.php', 72, [...])
 2 APPPATH\Controllers\Panel\EditProduct.php(53): App\Controllers\Panel\EditProduct->add_product_form('1')
 3 APPPATH\Controllers\Panel\EditProduct.php(16): App\Controllers\Panel\EditProduct->edit_product('1')
 4 SYSTEMPATH\CodeIgniter.php(898): App\Controllers\Panel\EditProduct->index('1')
 5 SYSTEMPATH\CodeIgniter.php(468): CodeIgniter\CodeIgniter->runController(Object(App\Controllers\Panel\EditProduct))
 6 SYSTEMPATH\CodeIgniter.php(351): CodeIgniter\CodeIgniter->handleRequest(null, Object(Config\Cache), false)
 7 FCPATH\index.php(55): CodeIgniter\CodeIgniter->run()
CRITICAL - 2023-04-03 09:49:19 --> Undefined index: id
in APPPATH\Controllers\Panel\EditProduct.php on line 74.
 1 APPPATH\Controllers\Panel\EditProduct.php(74): CodeIgniter\Debug\Exceptions->errorHandler(8, 'Undefined index: id', 'APPPATH\\Controllers\\Panel\\EditProduct.php', 74, [...])
 2 APPPATH\Controllers\Panel\EditProduct.php(53): App\Controllers\Panel\EditProduct->add_product_form('1')
 3 APPPATH\Controllers\Panel\EditProduct.php(16): App\Controllers\Panel\EditProduct->edit_product('1')
 4 SYSTEMPATH\CodeIgniter.php(898): App\Controllers\Panel\EditProduct->index('1')
 5 SYSTEMPATH\CodeIgniter.php(468): CodeIgniter\CodeIgniter->runController(Object(App\Controllers\Panel\EditProduct))
 6 SYSTEMPATH\CodeIgniter.php(351): CodeIgniter\CodeIgniter->handleRequest(null, Object(Config\Cache), false)
 7 FCPATH\index.php(55): CodeIgniter\CodeIgniter->run()
