CRITICAL - 2023-04-04 08:32:26 --> Undefined variable: auth
in APPPATH\Controllers\BaseController.php on line 230.
 1 APPPATH\Controllers\BaseController.php(230): CodeIgniter\Debug\Exceptions->errorHandler(8, 'Undefined variable: auth', 'APPPATH\\Controllers\\BaseController.php', 230, [...])
 2 APPPATH\Controllers\BaseController.php(210): App\Controllers\BaseController->profile()
 3 APPPATH\Controllers\BaseController.php(186): App\Controllers\BaseController->with_auth()
 4 APPPATH\Controllers\BaseController.php(172): App\Controllers\BaseController->top_nav_items()
 5 APPPATH\Controllers\BaseController.php(135): App\Controllers\BaseController->gen_nav()
 6 APPPATH\Controllers\BaseController.php(99): App\Controllers\BaseController->header_content()
 7 APPPATH\Controllers\Edit\BaseEdit.php(82): App\Controllers\BaseController->view('Edit/VEditProfile', 'Edit Profile Info')
 8 SYSTEMPATH\CodeIgniter.php(898): App\Controllers\Edit\BaseEdit->index('1')
 9 SYSTEMPATH\CodeIgniter.php(468): CodeIgniter\CodeIgniter->runController(Object(App\Controllers\Edit\EditProfile))
10 SYSTEMPATH\CodeIgniter.php(351): CodeIgniter\CodeIgniter->handleRequest(null, Object(Config\Cache), false)
11 FCPATH\index.php(55): CodeIgniter\CodeIgniter->run()
CRITICAL - 2023-04-04 08:55:43 --> Call to undefined function App\Controllers\first()
in APPPATH\Controllers\BaseController.php on line 218.
 1 APPPATH\Controllers\BaseController.php(186): App\Controllers\BaseController->with_auth()
 2 APPPATH\Controllers\BaseController.php(172): App\Controllers\BaseController->top_nav_items()
 3 APPPATH\Controllers\BaseController.php(135): App\Controllers\BaseController->gen_nav()
 4 APPPATH\Controllers\BaseController.php(99): App\Controllers\BaseController->header_content()
 5 APPPATH\Controllers\Edit\BaseEdit.php(82): App\Controllers\BaseController->view('Edit/VEditProfile', 'Edit Profile Info')
 6 SYSTEMPATH\CodeIgniter.php(898): App\Controllers\Edit\BaseEdit->index('1')
 7 SYSTEMPATH\CodeIgniter.php(468): CodeIgniter\CodeIgniter->runController(Object(App\Controllers\Edit\EditProfile))
 8 SYSTEMPATH\CodeIgniter.php(351): CodeIgniter\CodeIgniter->handleRequest(null, Object(Config\Cache), false)
 9 FCPATH\index.php(55): CodeIgniter\CodeIgniter->run()
CRITICAL - 2023-04-04 09:12:58 --> Argument 1 passed to App\Controllers\BaseController::cart_item() must be of the type string, array given, called in E:\SoftWare\xampp 7\htdocs\my_projects\Resume\Shop\app\Controllers\BaseController.php on line 206
in APPPATH\Controllers\BaseController.php on line 240.
 1 APPPATH\Controllers\BaseController.php(206): App\Controllers\BaseController->cart_item([...])
 2 APPPATH\Controllers\BaseController.php(186): App\Controllers\BaseController->with_auth()
 3 APPPATH\Controllers\BaseController.php(172): App\Controllers\BaseController->top_nav_items()
 4 APPPATH\Controllers\BaseController.php(135): App\Controllers\BaseController->gen_nav()
 5 APPPATH\Controllers\BaseController.php(99): App\Controllers\BaseController->header_content()
 6 APPPATH\Controllers\Home.php(19): App\Controllers\BaseController->view('VHome', 'Home')
 7 SYSTEMPATH\CodeIgniter.php(898): App\Controllers\Home->index()
 8 SYSTEMPATH\CodeIgniter.php(468): CodeIgniter\CodeIgniter->runController(Object(App\Controllers\Home))
 9 SYSTEMPATH\CodeIgniter.php(351): CodeIgniter\CodeIgniter->handleRequest(null, Object(Config\Cache), false)
10 FCPATH\index.php(55): CodeIgniter\CodeIgniter->run()
CRITICAL - 2023-04-04 09:13:22 --> Array to string conversion
in APPPATH\Controllers\BaseController.php on line 241.
 1 APPPATH\Controllers\BaseController.php(241): CodeIgniter\Debug\Exceptions->errorHandler(8, 'Array to string conversion', 'APPPATH\\Controllers\\BaseController.php', 241, [...])
 2 APPPATH\Controllers\BaseController.php(206): App\Controllers\BaseController->cart_item([...])
 3 APPPATH\Controllers\BaseController.php(186): App\Controllers\BaseController->with_auth()
 4 APPPATH\Controllers\BaseController.php(172): App\Controllers\BaseController->top_nav_items()
 5 APPPATH\Controllers\BaseController.php(135): App\Controllers\BaseController->gen_nav()
 6 APPPATH\Controllers\BaseController.php(99): App\Controllers\BaseController->header_content()
 7 APPPATH\Controllers\Home.php(19): App\Controllers\BaseController->view('VHome', 'Home')
 8 SYSTEMPATH\CodeIgniter.php(898): App\Controllers\Home->index()
 9 SYSTEMPATH\CodeIgniter.php(468): CodeIgniter\CodeIgniter->runController(Object(App\Controllers\Home))
10 SYSTEMPATH\CodeIgniter.php(351): CodeIgniter\CodeIgniter->handleRequest(null, Object(Config\Cache), false)
11 FCPATH\index.php(55): CodeIgniter\CodeIgniter->run()
