CRITICAL - 2022-12-19 06:00:59 --> Return value of App\Libraries\TEFakeContent\Interpreter\Interpreting\Interpreting::run_method() must be of the type string, none returned
in APPPATH\Libraries\TEFakeContent\Interpreter\Interpreting\Method.php on line 23.
 1 APPPATH\Libraries\TEFakeContent\Interpreter\Interpreting\Method.php(8): App\Libraries\TEFakeContent\Interpreter\Interpreting\Interpreting->run_method([...])
 2 APPPATH\Libraries\TEFakeContent\Interpreter\Interpreting\Interpreting.php(22): App\Libraries\TEFakeContent\Interpreter\Interpreting\Interpreting->method('lorem_char(2)')
 3 APPPATH\Libraries\TEFakeContent\Interpreter\Interpreter.php(44): App\Libraries\TEFakeContent\Interpreter\Interpreting\Interpreting->start('lorem_char(2)')
 4 APPPATH\Libraries\TEFakeContent\Interpreter\Interpreter.php(33): App\Libraries\TEFakeContent\Interpreter\Interpreter->fetch_portions()
 5 APPPATH\Libraries\TEFakeContent\Interpreter\Interpreter.php(19): App\Libraries\TEFakeContent\Interpreter\Interpreter->making('lorem_char(2)')
 6 APPPATH\Libraries\TEFakeContent\TEFakeContent.php(16): App\Libraries\TEFakeContent\Interpreter\Interpreter->make_field('lorem_char(2)')
 7 APPPATH\Controllers\Home.php(26): App\Libraries\TEFakeContent\TEFakeContent->field('lorem_char(2)')
 8 SYSTEMPATH\CodeIgniter.php(898): App\Controllers\Home->index()
 9 SYSTEMPATH\CodeIgniter.php(468): CodeIgniter\CodeIgniter->runController(Object(App\Controllers\Home))
10 SYSTEMPATH\CodeIgniter.php(351): CodeIgniter\CodeIgniter->handleRequest(null, Object(Config\Cache), false)
11 FCPATH\index.php(55): CodeIgniter\CodeIgniter->run()
CRITICAL - 2022-12-19 06:16:05 --> Array to string conversion
in APPPATH\Libraries\TEFakeContent\Interpreter\Interpreting\Method.php on line 24.
 1 APPPATH\Libraries\TEFakeContent\Interpreter\Interpreting\Method.php(24): CodeIgniter\Debug\Exceptions->errorHandler(8, 'Array to string conversion', 'APPPATH\\Libraries\\TEFakeContent\\Interpreter\\Interpreting\\Method.php', 24, [...])
 2 APPPATH\Libraries\TEFakeContent\Interpreter\Interpreting\Method.php(8): App\Libraries\TEFakeContent\Interpreter\Interpreting\Interpreting->run_method([...])
 3 APPPATH\Libraries\TEFakeContent\Interpreter\Interpreting\Interpreting.php(22): App\Libraries\TEFakeContent\Interpreter\Interpreting\Interpreting->method('time()')
 4 APPPATH\Libraries\TEFakeContent\Interpreter\Interpreter.php(44): App\Libraries\TEFakeContent\Interpreter\Interpreting\Interpreting->start('time()')
 5 APPPATH\Libraries\TEFakeContent\Interpreter\Interpreter.php(33): App\Libraries\TEFakeContent\Interpreter\Interpreter->fetch_portions()
 6 APPPATH\Libraries\TEFakeContent\Interpreter\Interpreter.php(19): App\Libraries\TEFakeContent\Interpreter\Interpreter->making('time()')
 7 APPPATH\Libraries\TEFakeContent\TEFakeContent.php(16): App\Libraries\TEFakeContent\Interpreter\Interpreter->make_field('time()')
 8 APPPATH\Controllers\Home.php(26): App\Libraries\TEFakeContent\TEFakeContent->field('time()')
 9 SYSTEMPATH\CodeIgniter.php(898): App\Controllers\Home->index()
10 SYSTEMPATH\CodeIgniter.php(468): CodeIgniter\CodeIgniter->runController(Object(App\Controllers\Home))
11 SYSTEMPATH\CodeIgniter.php(351): CodeIgniter\CodeIgniter->handleRequest(null, Object(Config\Cache), false)
12 FCPATH\index.php(55): CodeIgniter\CodeIgniter->run()
CRITICAL - 2022-12-19 06:16:34 --> Return value of App\Libraries\TEFakeContent\Interpreter\Interpreting\Interpreting::run_method() must be of the type string, none returned
in APPPATH\Libraries\TEFakeContent\Interpreter\Interpreting\Method.php on line 25.
 1 APPPATH\Libraries\TEFakeContent\Interpreter\Interpreting\Method.php(8): App\Libraries\TEFakeContent\Interpreter\Interpreting\Interpreting->run_method([...])
 2 APPPATH\Libraries\TEFakeContent\Interpreter\Interpreting\Interpreting.php(22): App\Libraries\TEFakeContent\Interpreter\Interpreting\Interpreting->method('time()')
 3 APPPATH\Libraries\TEFakeContent\Interpreter\Interpreter.php(44): App\Libraries\TEFakeContent\Interpreter\Interpreting\Interpreting->start('time()')
 4 APPPATH\Libraries\TEFakeContent\Interpreter\Interpreter.php(33): App\Libraries\TEFakeContent\Interpreter\Interpreter->fetch_portions()
 5 APPPATH\Libraries\TEFakeContent\Interpreter\Interpreter.php(19): App\Libraries\TEFakeContent\Interpreter\Interpreter->making('time()')
 6 APPPATH\Libraries\TEFakeContent\TEFakeContent.php(16): App\Libraries\TEFakeContent\Interpreter\Interpreter->make_field('time()')
 7 APPPATH\Controllers\Home.php(26): App\Libraries\TEFakeContent\TEFakeContent->field('time()')
 8 SYSTEMPATH\CodeIgniter.php(898): App\Controllers\Home->index()
 9 SYSTEMPATH\CodeIgniter.php(468): CodeIgniter\CodeIgniter->runController(Object(App\Controllers\Home))
10 SYSTEMPATH\CodeIgniter.php(351): CodeIgniter\CodeIgniter->handleRequest(null, Object(Config\Cache), false)
11 FCPATH\index.php(55): CodeIgniter\CodeIgniter->run()
CRITICAL - 2022-12-19 06:21:24 --> Undefined offset: 1
in APPPATH\Libraries\TEFakeContent\Interpreter\Interpreting\Method.php on line 42.
 1 APPPATH\Libraries\TEFakeContent\Interpreter\Interpreting\Method.php(42): CodeIgniter\Debug\Exceptions->errorHandler(8, 'Undefined offset: 1', 'APPPATH\\Libraries\\TEFakeContent\\Interpreter\\Interpreting\\Method.php', 42, [...])
 2 APPPATH\Libraries\TEFakeContent\Interpreter\Interpreting\Method.php(12): App\Libraries\TEFakeContent\Interpreter\Interpreting\Interpreting->parser('time()')
 3 APPPATH\Libraries\TEFakeContent\Interpreter\Interpreting\Interpreting.php(22): App\Libraries\TEFakeContent\Interpreter\Interpreting\Interpreting->method('time()')
 4 APPPATH\Libraries\TEFakeContent\Interpreter\Interpreter.php(44): App\Libraries\TEFakeContent\Interpreter\Interpreting\Interpreting->start('time()')
 5 APPPATH\Libraries\TEFakeContent\Interpreter\Interpreter.php(33): App\Libraries\TEFakeContent\Interpreter\Interpreter->fetch_portions()
 6 APPPATH\Libraries\TEFakeContent\Interpreter\Interpreter.php(19): App\Libraries\TEFakeContent\Interpreter\Interpreter->making('time()')
 7 APPPATH\Libraries\TEFakeContent\TEFakeContent.php(16): App\Libraries\TEFakeContent\Interpreter\Interpreter->make_field('time()')
 8 APPPATH\Controllers\Home.php(26): App\Libraries\TEFakeContent\TEFakeContent->field('time()')
 9 SYSTEMPATH\CodeIgniter.php(898): App\Controllers\Home->index()
10 SYSTEMPATH\CodeIgniter.php(468): CodeIgniter\CodeIgniter->runController(Object(App\Controllers\Home))
11 SYSTEMPATH\CodeIgniter.php(351): CodeIgniter\CodeIgniter->handleRequest(null, Object(Config\Cache), false)
12 FCPATH\index.php(55): CodeIgniter\CodeIgniter->run()
CRITICAL - 2022-12-19 06:21:51 --> Return value of App\Libraries\TEFakeContent\Interpreter\Interpreting\Interpreting::parser() must be of the type array, none returned
in APPPATH\Libraries\TEFakeContent\Interpreter\Interpreting\Method.php on line 43.
 1 APPPATH\Libraries\TEFakeContent\Interpreter\Interpreting\Method.php(12): App\Libraries\TEFakeContent\Interpreter\Interpreting\Interpreting->parser('time()')
 2 APPPATH\Libraries\TEFakeContent\Interpreter\Interpreting\Interpreting.php(22): App\Libraries\TEFakeContent\Interpreter\Interpreting\Interpreting->method('time()')
 3 APPPATH\Libraries\TEFakeContent\Interpreter\Interpreter.php(44): App\Libraries\TEFakeContent\Interpreter\Interpreting\Interpreting->start('time()')
 4 APPPATH\Libraries\TEFakeContent\Interpreter\Interpreter.php(33): App\Libraries\TEFakeContent\Interpreter\Interpreter->fetch_portions()
 5 APPPATH\Libraries\TEFakeContent\Interpreter\Interpreter.php(19): App\Libraries\TEFakeContent\Interpreter\Interpreter->making('time()')
 6 APPPATH\Libraries\TEFakeContent\TEFakeContent.php(16): App\Libraries\TEFakeContent\Interpreter\Interpreter->make_field('time()')
 7 APPPATH\Controllers\Home.php(26): App\Libraries\TEFakeContent\TEFakeContent->field('time()')
 8 SYSTEMPATH\CodeIgniter.php(898): App\Controllers\Home->index()
 9 SYSTEMPATH\CodeIgniter.php(468): CodeIgniter\CodeIgniter->runController(Object(App\Controllers\Home))
10 SYSTEMPATH\CodeIgniter.php(351): CodeIgniter\CodeIgniter->handleRequest(null, Object(Config\Cache), false)
11 FCPATH\index.php(55): CodeIgniter\CodeIgniter->run()
CRITICAL - 2022-12-19 06:22:15 --> Argument 1 passed to App\Libraries\TEFakeContent\Interpreter\Interpreting\Interpreting::run_method() must be of the type array, null given, called in E:\SoftWare\xampp 7\htdocs\my_projects\Resume\Shop\app\Libraries\TEFakeContent\Interpreter\Interpreting\Method.php on line 12
in APPPATH\Libraries\TEFakeContent\Interpreter\Interpreting\Method.php on line 15.
 1 APPPATH\Libraries\TEFakeContent\Interpreter\Interpreting\Method.php(12): App\Libraries\TEFakeContent\Interpreter\Interpreting\Interpreting->run_method(null)
 2 APPPATH\Libraries\TEFakeContent\Interpreter\Interpreting\Interpreting.php(22): App\Libraries\TEFakeContent\Interpreter\Interpreting\Interpreting->method('time()')
 3 APPPATH\Libraries\TEFakeContent\Interpreter\Interpreter.php(44): App\Libraries\TEFakeContent\Interpreter\Interpreting\Interpreting->start('time()')
 4 APPPATH\Libraries\TEFakeContent\Interpreter\Interpreter.php(33): App\Libraries\TEFakeContent\Interpreter\Interpreter->fetch_portions()
 5 APPPATH\Libraries\TEFakeContent\Interpreter\Interpreter.php(19): App\Libraries\TEFakeContent\Interpreter\Interpreter->making('time()')
 6 APPPATH\Libraries\TEFakeContent\TEFakeContent.php(16): App\Libraries\TEFakeContent\Interpreter\Interpreter->make_field('time()')
 7 APPPATH\Controllers\Home.php(26): App\Libraries\TEFakeContent\TEFakeContent->field('time()')
 8 SYSTEMPATH\CodeIgniter.php(898): App\Controllers\Home->index()
 9 SYSTEMPATH\CodeIgniter.php(468): CodeIgniter\CodeIgniter->runController(Object(App\Controllers\Home))
10 SYSTEMPATH\CodeIgniter.php(351): CodeIgniter\CodeIgniter->handleRequest(null, Object(Config\Cache), false)
11 FCPATH\index.php(55): CodeIgniter\CodeIgniter->run()
CRITICAL - 2022-12-19 06:23:06 --> Object of class App\Libraries\TEFakeContent\Interpreter\Interpreting\Interpreting could not be converted to string
in APPPATH\Libraries\TEFakeContent\Interpreter\Interpreting\Method.php on line 28.
 1 APPPATH\Libraries\TEFakeContent\Interpreter\Interpreting\Method.php(12): App\Libraries\TEFakeContent\Interpreter\Interpreting\Interpreting->run_method(null)
 2 APPPATH\Libraries\TEFakeContent\Interpreter\Interpreting\Interpreting.php(22): App\Libraries\TEFakeContent\Interpreter\Interpreting\Interpreting->method('time()')
 3 APPPATH\Libraries\TEFakeContent\Interpreter\Interpreter.php(44): App\Libraries\TEFakeContent\Interpreter\Interpreting\Interpreting->start('time()')
 4 APPPATH\Libraries\TEFakeContent\Interpreter\Interpreter.php(33): App\Libraries\TEFakeContent\Interpreter\Interpreter->fetch_portions()
 5 APPPATH\Libraries\TEFakeContent\Interpreter\Interpreter.php(19): App\Libraries\TEFakeContent\Interpreter\Interpreter->making('time()')
 6 APPPATH\Libraries\TEFakeContent\TEFakeContent.php(16): App\Libraries\TEFakeContent\Interpreter\Interpreter->make_field('time()')
 7 APPPATH\Controllers\Home.php(26): App\Libraries\TEFakeContent\TEFakeContent->field('time()')
 8 SYSTEMPATH\CodeIgniter.php(898): App\Controllers\Home->index()
 9 SYSTEMPATH\CodeIgniter.php(468): CodeIgniter\CodeIgniter->runController(Object(App\Controllers\Home))
10 SYSTEMPATH\CodeIgniter.php(351): CodeIgniter\CodeIgniter->handleRequest(null, Object(Config\Cache), false)
11 FCPATH\index.php(55): CodeIgniter\CodeIgniter->run()
CRITICAL - 2022-12-19 06:41:17 --> Return value of App\Libraries\TEFakeContent\Interpreter\Interpreting\Interpreting::run_method() must be of the type string, none returned
in APPPATH\Libraries\TEFakeContent\Interpreter\Interpreting\Method.php on line 41.
 1 APPPATH\Libraries\TEFakeContent\Interpreter\Interpreting\Method.php(12): App\Libraries\TEFakeContent\Interpreter\Interpreting\Interpreting->run_method([...])
 2 APPPATH\Libraries\TEFakeContent\Interpreter\Interpreting\Interpreting.php(22): App\Libraries\TEFakeContent\Interpreter\Interpreting\Interpreting->method('time()')
 3 APPPATH\Libraries\TEFakeContent\Interpreter\Interpreter.php(44): App\Libraries\TEFakeContent\Interpreter\Interpreting\Interpreting->start('time()')
 4 APPPATH\Libraries\TEFakeContent\Interpreter\Interpreter.php(33): App\Libraries\TEFakeContent\Interpreter\Interpreter->fetch_portions()
 5 APPPATH\Libraries\TEFakeContent\Interpreter\Interpreter.php(19): App\Libraries\TEFakeContent\Interpreter\Interpreter->making('time()')
 6 APPPATH\Libraries\TEFakeContent\TEFakeContent.php(16): App\Libraries\TEFakeContent\Interpreter\Interpreter->make_field('time()')
 7 APPPATH\Controllers\Home.php(26): App\Libraries\TEFakeContent\TEFakeContent->field('time()')
 8 SYSTEMPATH\CodeIgniter.php(898): App\Controllers\Home->index()
 9 SYSTEMPATH\CodeIgniter.php(468): CodeIgniter\CodeIgniter->runController(Object(App\Controllers\Home))
10 SYSTEMPATH\CodeIgniter.php(351): CodeIgniter\CodeIgniter->handleRequest(null, Object(Config\Cache), false)
11 FCPATH\index.php(55): CodeIgniter\CodeIgniter->run()
CRITICAL - 2022-12-19 06:42:08 --> Return value of App\Libraries\TEFakeContent\Interpreter\Interpreting\Interpreting::run_method() must be of the type string, none returned
in APPPATH\Libraries\TEFakeContent\Interpreter\Interpreting\Method.php on line 38.
 1 APPPATH\Libraries\TEFakeContent\Interpreter\Interpreting\Method.php(12): App\Libraries\TEFakeContent\Interpreter\Interpreting\Interpreting->run_method([...])
 2 APPPATH\Libraries\TEFakeContent\Interpreter\Interpreting\Interpreting.php(22): App\Libraries\TEFakeContent\Interpreter\Interpreting\Interpreting->method('time()')
 3 APPPATH\Libraries\TEFakeContent\Interpreter\Interpreter.php(44): App\Libraries\TEFakeContent\Interpreter\Interpreting\Interpreting->start('time()')
 4 APPPATH\Libraries\TEFakeContent\Interpreter\Interpreter.php(33): App\Libraries\TEFakeContent\Interpreter\Interpreter->fetch_portions()
 5 APPPATH\Libraries\TEFakeContent\Interpreter\Interpreter.php(19): App\Libraries\TEFakeContent\Interpreter\Interpreter->making('time()')
 6 APPPATH\Libraries\TEFakeContent\TEFakeContent.php(16): App\Libraries\TEFakeContent\Interpreter\Interpreter->make_field('time()')
 7 APPPATH\Controllers\Home.php(26): App\Libraries\TEFakeContent\TEFakeContent->field('time()')
 8 SYSTEMPATH\CodeIgniter.php(898): App\Controllers\Home->index()
 9 SYSTEMPATH\CodeIgniter.php(468): CodeIgniter\CodeIgniter->runController(Object(App\Controllers\Home))
10 SYSTEMPATH\CodeIgniter.php(351): CodeIgniter\CodeIgniter->handleRequest(null, Object(Config\Cache), false)
11 FCPATH\index.php(55): CodeIgniter\CodeIgniter->run()
CRITICAL - 2022-12-19 06:43:22 --> Return value of App\Libraries\TEFakeContent\Interpreter\Interpreting\Interpreting::run_method() must be of the type string, none returned
in APPPATH\Libraries\TEFakeContent\Interpreter\Interpreting\Method.php on line 43.
 1 APPPATH\Libraries\TEFakeContent\Interpreter\Interpreting\Method.php(12): App\Libraries\TEFakeContent\Interpreter\Interpreting\Interpreting->run_method([...])
 2 APPPATH\Libraries\TEFakeContent\Interpreter\Interpreting\Interpreting.php(22): App\Libraries\TEFakeContent\Interpreter\Interpreting\Interpreting->method('time()')
 3 APPPATH\Libraries\TEFakeContent\Interpreter\Interpreter.php(44): App\Libraries\TEFakeContent\Interpreter\Interpreting\Interpreting->start('time()')
 4 APPPATH\Libraries\TEFakeContent\Interpreter\Interpreter.php(33): App\Libraries\TEFakeContent\Interpreter\Interpreter->fetch_portions()
 5 APPPATH\Libraries\TEFakeContent\Interpreter\Interpreter.php(19): App\Libraries\TEFakeContent\Interpreter\Interpreter->making('time()')
 6 APPPATH\Libraries\TEFakeContent\TEFakeContent.php(16): App\Libraries\TEFakeContent\Interpreter\Interpreter->make_field('time()')
 7 APPPATH\Controllers\Home.php(26): App\Libraries\TEFakeContent\TEFakeContent->field('time()')
 8 SYSTEMPATH\CodeIgniter.php(898): App\Controllers\Home->index()
 9 SYSTEMPATH\CodeIgniter.php(468): CodeIgniter\CodeIgniter->runController(Object(App\Controllers\Home))
10 SYSTEMPATH\CodeIgniter.php(351): CodeIgniter\CodeIgniter->handleRequest(null, Object(Config\Cache), false)
11 FCPATH\index.php(55): CodeIgniter\CodeIgniter->run()
CRITICAL - 2022-12-19 06:50:40 --> Return value of App\Libraries\TEFakeContent\Interpreter\Interpreting\Interpreting::run_method() must be of the type string, none returned
in APPPATH\Libraries\TEFakeContent\Interpreter\Interpreting\Method.php on line 37.
 1 APPPATH\Libraries\TEFakeContent\Interpreter\Interpreting\Method.php(12): App\Libraries\TEFakeContent\Interpreter\Interpreting\Interpreting->run_method([...])
 2 APPPATH\Libraries\TEFakeContent\Interpreter\Interpreting\Interpreting.php(22): App\Libraries\TEFakeContent\Interpreter\Interpreting\Interpreting->method('time()')
 3 APPPATH\Libraries\TEFakeContent\Interpreter\Interpreter.php(44): App\Libraries\TEFakeContent\Interpreter\Interpreting\Interpreting->start('time()')
 4 APPPATH\Libraries\TEFakeContent\Interpreter\Interpreter.php(33): App\Libraries\TEFakeContent\Interpreter\Interpreter->fetch_portions()
 5 APPPATH\Libraries\TEFakeContent\Interpreter\Interpreter.php(19): App\Libraries\TEFakeContent\Interpreter\Interpreter->making('time()')
 6 APPPATH\Libraries\TEFakeContent\TEFakeContent.php(16): App\Libraries\TEFakeContent\Interpreter\Interpreter->make_field('time()')
 7 APPPATH\Controllers\Home.php(26): App\Libraries\TEFakeContent\TEFakeContent->field('time()')
 8 SYSTEMPATH\CodeIgniter.php(898): App\Controllers\Home->index()
 9 SYSTEMPATH\CodeIgniter.php(468): CodeIgniter\CodeIgniter->runController(Object(App\Controllers\Home))
10 SYSTEMPATH\CodeIgniter.php(351): CodeIgniter\CodeIgniter->handleRequest(null, Object(Config\Cache), false)
11 FCPATH\index.php(55): CodeIgniter\CodeIgniter->run()
CRITICAL - 2022-12-19 07:31:10 --> Return value of App\Libraries\TEFakeContent\GenContent\GenContent::hash() must be of the type string, null returned
in APPPATH\Libraries\TEFakeContent\GenContent\GenContent.php on line 223.
 1 APPPATH\Libraries\TEFakeContent\Interpreter\Interpreting\Method.php(19): App\Libraries\TEFakeContent\GenContent\GenContent->hash('hello', 'm')
 2 APPPATH\Libraries\TEFakeContent\Interpreter\Interpreting\Method.php(8): App\Libraries\TEFakeContent\Interpreter\Interpreting\Interpreting->run_method([...])
 3 APPPATH\Libraries\TEFakeContent\Interpreter\Interpreting\Interpreting.php(22): App\Libraries\TEFakeContent\Interpreter\Interpreting\Interpreting->method('hash(hello,m)')
 4 APPPATH\Libraries\TEFakeContent\Interpreter\Interpreter.php(44): App\Libraries\TEFakeContent\Interpreter\Interpreting\Interpreting->start('hash(hello,m)')
 5 APPPATH\Libraries\TEFakeContent\Interpreter\Interpreter.php(33): App\Libraries\TEFakeContent\Interpreter\Interpreter->fetch_portions()
 6 APPPATH\Libraries\TEFakeContent\Interpreter\Interpreter.php(19): App\Libraries\TEFakeContent\Interpreter\Interpreter->making('hash(hello,m)')
 7 APPPATH\Libraries\TEFakeContent\TEFakeContent.php(16): App\Libraries\TEFakeContent\Interpreter\Interpreter->make_field('hash(hello,m)')
 8 APPPATH\Controllers\Home.php(26): App\Libraries\TEFakeContent\TEFakeContent->field('hash(hello,m)')
 9 SYSTEMPATH\CodeIgniter.php(898): App\Controllers\Home->index()
10 SYSTEMPATH\CodeIgniter.php(468): CodeIgniter\CodeIgniter->runController(Object(App\Controllers\Home))
11 SYSTEMPATH\CodeIgniter.php(351): CodeIgniter\CodeIgniter->handleRequest(null, Object(Config\Cache), false)
12 FCPATH\index.php(55): CodeIgniter\CodeIgniter->run()
CRITICAL - 2022-12-19 07:33:04 --> Return value of App\Libraries\TEFakeContent\Interpreter\Interpreting\Interpreting::start() must be of the type string, null returned
in APPPATH\Libraries\TEFakeContent\Interpreter\Interpreting\Interpreting.php on line 22.
 1 APPPATH\Libraries\TEFakeContent\Interpreter\Interpreter.php(44): App\Libraries\TEFakeContent\Interpreter\Interpreting\Interpreting->start('hash(hello,m)')
 2 APPPATH\Libraries\TEFakeContent\Interpreter\Interpreter.php(33): App\Libraries\TEFakeContent\Interpreter\Interpreter->fetch_portions()
 3 APPPATH\Libraries\TEFakeContent\Interpreter\Interpreter.php(19): App\Libraries\TEFakeContent\Interpreter\Interpreter->making('hash(hello,m)')
 4 APPPATH\Libraries\TEFakeContent\TEFakeContent.php(16): App\Libraries\TEFakeContent\Interpreter\Interpreter->make_field('hash(hello,m)')
 5 APPPATH\Controllers\Home.php(26): App\Libraries\TEFakeContent\TEFakeContent->field('hash(hello,m)')
 6 SYSTEMPATH\CodeIgniter.php(898): App\Controllers\Home->index()
 7 SYSTEMPATH\CodeIgniter.php(468): CodeIgniter\CodeIgniter->runController(Object(App\Controllers\Home))
 8 SYSTEMPATH\CodeIgniter.php(351): CodeIgniter\CodeIgniter->handleRequest(null, Object(Config\Cache), false)
 9 FCPATH\index.php(55): CodeIgniter\CodeIgniter->run()
CRITICAL - 2022-12-19 08:14:08 --> Too few arguments to function App\Libraries\TEFakeContent\GenContent\GenContent::hash(), 1 passed in E:\SoftWare\xampp 7\htdocs\my_projects\Resume\Shop\app\Libraries\TEFakeContent\Interpreter\Interpreting\Method.php on line 17 and exactly 2 expected
in APPPATH\Libraries\TEFakeContent\GenContent\GenContent.php on line 220.
 1 APPPATH\Libraries\TEFakeContent\Interpreter\Interpreting\Method.php(17): App\Libraries\TEFakeContent\GenContent\GenContent->hash('hell')
 2 APPPATH\Libraries\TEFakeContent\Interpreter\Interpreting\Method.php(8): App\Libraries\TEFakeContent\Interpreter\Interpreting\Interpreting->run_method([...])
 3 APPPATH\Libraries\TEFakeContent\Interpreter\Interpreting\Interpreting.php(22): App\Libraries\TEFakeContent\Interpreter\Interpreting\Interpreting->method('hash(hello')
 4 APPPATH\Libraries\TEFakeContent\Interpreter\Interpreter.php(44): App\Libraries\TEFakeContent\Interpreter\Interpreting\Interpreting->start('hash(hello')
 5 APPPATH\Libraries\TEFakeContent\Interpreter\Interpreter.php(33): App\Libraries\TEFakeContent\Interpreter\Interpreter->fetch_portions()
 6 APPPATH\Libraries\TEFakeContent\Interpreter\Interpreter.php(19): App\Libraries\TEFakeContent\Interpreter\Interpreter->making('hash(hello|#,md5)')
 7 APPPATH\Libraries\TEFakeContent\TEFakeContent.php(16): App\Libraries\TEFakeContent\Interpreter\Interpreter->make_field('hash(hello|#,md5)')
 8 APPPATH\Controllers\Home.php(26): App\Libraries\TEFakeContent\TEFakeContent->field('hash(hello|#,md5)')
 9 SYSTEMPATH\CodeIgniter.php(898): App\Controllers\Home->index()
10 SYSTEMPATH\CodeIgniter.php(468): CodeIgniter\CodeIgniter->runController(Object(App\Controllers\Home))
11 SYSTEMPATH\CodeIgniter.php(351): CodeIgniter\CodeIgniter->handleRequest(null, Object(Config\Cache), false)
12 FCPATH\index.php(55): CodeIgniter\CodeIgniter->run()
CRITICAL - 2022-12-19 10:36:36 --> Undefined offset: 0
in APPPATH\Libraries\TEFakeContent\Interpreter\Interpreting\Strings.php on line 28.
 1 APPPATH\Libraries\TEFakeContent\Interpreter\Interpreting\Strings.php(28): CodeIgniter\Debug\Exceptions->errorHandler(8, 'Undefined offset: 0', 'APPPATH\\Libraries\\TEFakeContent\\Interpreter\\Interpreting\\Strings.php', 28, [...])
 2 APPPATH\Libraries\TEFakeContent\Interpreter\Interpreting\Strings.php(8): App\Libraries\TEFakeContent\Interpreter\Interpreting\Interpreting->split('##')
 3 APPPATH\Libraries\TEFakeContent\Interpreter\Interpreting\Interpreting.php(25): App\Libraries\TEFakeContent\Interpreter\Interpreting\Interpreting->strings('##')
 4 APPPATH\Libraries\TEFakeContent\Interpreter\Interpreter.php(44): App\Libraries\TEFakeContent\Interpreter\Interpreting\Interpreting->start('##')
 5 APPPATH\Libraries\TEFakeContent\Interpreter\Interpreter.php(33): App\Libraries\TEFakeContent\Interpreter\Interpreter->fetch_portions()
 6 APPPATH\Libraries\TEFakeContent\Interpreter\Interpreter.php(19): App\Libraries\TEFakeContent\Interpreter\Interpreter->making('##')
 7 APPPATH\Libraries\TEFakeContent\TEFakeContent.php(16): App\Libraries\TEFakeContent\Interpreter\Interpreter->make_field('##')
 8 APPPATH\Controllers\Home.php(26): App\Libraries\TEFakeContent\TEFakeContent->field('##')
 9 SYSTEMPATH\CodeIgniter.php(898): App\Controllers\Home->index()
10 SYSTEMPATH\CodeIgniter.php(468): CodeIgniter\CodeIgniter->runController(Object(App\Controllers\Home))
11 SYSTEMPATH\CodeIgniter.php(351): CodeIgniter\CodeIgniter->handleRequest(null, Object(Config\Cache), false)
12 FCPATH\index.php(55): CodeIgniter\CodeIgniter->run()
CRITICAL - 2022-12-19 10:36:38 --> Undefined offset: 0
in APPPATH\Libraries\TEFakeContent\Interpreter\Interpreting\Strings.php on line 28.
 1 APPPATH\Libraries\TEFakeContent\Interpreter\Interpreting\Strings.php(28): CodeIgniter\Debug\Exceptions->errorHandler(8, 'Undefined offset: 0', 'APPPATH\\Libraries\\TEFakeContent\\Interpreter\\Interpreting\\Strings.php', 28, [...])
 2 APPPATH\Libraries\TEFakeContent\Interpreter\Interpreting\Strings.php(8): App\Libraries\TEFakeContent\Interpreter\Interpreting\Interpreting->split('##')
 3 APPPATH\Libraries\TEFakeContent\Interpreter\Interpreting\Interpreting.php(25): App\Libraries\TEFakeContent\Interpreter\Interpreting\Interpreting->strings('##')
 4 APPPATH\Libraries\TEFakeContent\Interpreter\Interpreter.php(44): App\Libraries\TEFakeContent\Interpreter\Interpreting\Interpreting->start('##')
 5 APPPATH\Libraries\TEFakeContent\Interpreter\Interpreter.php(33): App\Libraries\TEFakeContent\Interpreter\Interpreter->fetch_portions()
 6 APPPATH\Libraries\TEFakeContent\Interpreter\Interpreter.php(19): App\Libraries\TEFakeContent\Interpreter\Interpreter->making('##')
 7 APPPATH\Libraries\TEFakeContent\TEFakeContent.php(16): App\Libraries\TEFakeContent\Interpreter\Interpreter->make_field('##')
 8 APPPATH\Controllers\Home.php(26): App\Libraries\TEFakeContent\TEFakeContent->field('##')
 9 SYSTEMPATH\CodeIgniter.php(898): App\Controllers\Home->index()
10 SYSTEMPATH\CodeIgniter.php(468): CodeIgniter\CodeIgniter->runController(Object(App\Controllers\Home))
11 SYSTEMPATH\CodeIgniter.php(351): CodeIgniter\CodeIgniter->handleRequest(null, Object(Config\Cache), false)
12 FCPATH\index.php(55): CodeIgniter\CodeIgniter->run()
CRITICAL - 2022-12-19 10:42:47 --> Undefined offset: 1
in APPPATH\Libraries\TEFakeContent\Interpreter\Interpreting\Strings.php on line 30.
 1 APPPATH\Libraries\TEFakeContent\Interpreter\Interpreting\Strings.php(30): CodeIgniter\Debug\Exceptions->errorHandler(8, 'Undefined offset: 1', 'APPPATH\\Libraries\\TEFakeContent\\Interpreter\\Interpreting\\Strings.php', 30, [...])
 2 APPPATH\Libraries\TEFakeContent\Interpreter\Interpreting\Strings.php(8): App\Libraries\TEFakeContent\Interpreter\Interpreting\Interpreting->split('##[#]#')
 3 APPPATH\Libraries\TEFakeContent\Interpreter\Interpreting\Interpreting.php(25): App\Libraries\TEFakeContent\Interpreter\Interpreting\Interpreting->strings('##[#]#')
 4 APPPATH\Libraries\TEFakeContent\Interpreter\Interpreter.php(44): App\Libraries\TEFakeContent\Interpreter\Interpreting\Interpreting->start('##[#]#')
 5 APPPATH\Libraries\TEFakeContent\Interpreter\Interpreter.php(33): App\Libraries\TEFakeContent\Interpreter\Interpreter->fetch_portions()
 6 APPPATH\Libraries\TEFakeContent\Interpreter\Interpreter.php(19): App\Libraries\TEFakeContent\Interpreter\Interpreter->making('##[#]#')
 7 APPPATH\Libraries\TEFakeContent\TEFakeContent.php(16): App\Libraries\TEFakeContent\Interpreter\Interpreter->make_field('##[#]#')
 8 APPPATH\Controllers\Home.php(26): App\Libraries\TEFakeContent\TEFakeContent->field('##[#]#')
 9 SYSTEMPATH\CodeIgniter.php(898): App\Controllers\Home->index()
10 SYSTEMPATH\CodeIgniter.php(468): CodeIgniter\CodeIgniter->runController(Object(App\Controllers\Home))
11 SYSTEMPATH\CodeIgniter.php(351): CodeIgniter\CodeIgniter->handleRequest(null, Object(Config\Cache), false)
12 FCPATH\index.php(55): CodeIgniter\CodeIgniter->run()
CRITICAL - 2022-12-19 10:48:26 --> Undefined offset: 2
in APPPATH\Libraries\TEFakeContent\Interpreter\Interpreting\Strings.php on line 32.
 1 APPPATH\Libraries\TEFakeContent\Interpreter\Interpreting\Strings.php(32): CodeIgniter\Debug\Exceptions->errorHandler(8, 'Undefined offset: 2', 'APPPATH\\Libraries\\TEFakeContent\\Interpreter\\Interpreting\\Strings.php', 32, [...])
 2 APPPATH\Libraries\TEFakeContent\Interpreter\Interpreting\Strings.php(8): App\Libraries\TEFakeContent\Interpreter\Interpreting\Interpreting->split('##[#]#')
 3 APPPATH\Libraries\TEFakeContent\Interpreter\Interpreting\Interpreting.php(25): App\Libraries\TEFakeContent\Interpreter\Interpreting\Interpreting->strings('##[#]#')
 4 APPPATH\Libraries\TEFakeContent\Interpreter\Interpreter.php(44): App\Libraries\TEFakeContent\Interpreter\Interpreting\Interpreting->start('##[#]#')
 5 APPPATH\Libraries\TEFakeContent\Interpreter\Interpreter.php(33): App\Libraries\TEFakeContent\Interpreter\Interpreter->fetch_portions()
 6 APPPATH\Libraries\TEFakeContent\Interpreter\Interpreter.php(19): App\Libraries\TEFakeContent\Interpreter\Interpreter->making('##[#]#')
 7 APPPATH\Libraries\TEFakeContent\TEFakeContent.php(16): App\Libraries\TEFakeContent\Interpreter\Interpreter->make_field('##[#]#')
 8 APPPATH\Controllers\Home.php(26): App\Libraries\TEFakeContent\TEFakeContent->field('##[#]#')
 9 SYSTEMPATH\CodeIgniter.php(898): App\Controllers\Home->index()
10 SYSTEMPATH\CodeIgniter.php(468): CodeIgniter\CodeIgniter->runController(Object(App\Controllers\Home))
11 SYSTEMPATH\CodeIgniter.php(351): CodeIgniter\CodeIgniter->handleRequest(null, Object(Config\Cache), false)
12 FCPATH\index.php(55): CodeIgniter\CodeIgniter->run()
