CRITICAL - 2022-10-30 09:29:18 --> Call to undefined method App\Libraries\Form\SearchBox\SearchBox::gen_submit()
in APPPATH\Libraries\Form\SearchBox\SearchBox.php on line 14.
 1 APPPATH\Controllers\BaseController.php(171): App\Libraries\Form\SearchBox\SearchBox->generate()
 2 APPPATH\Controllers\BaseController.php(131): App\Controllers\BaseController->gen_search_box()
 3 APPPATH\Controllers\BaseController.php(115): App\Controllers\BaseController->header()
 4 APPPATH\Controllers\BaseController.php(90): App\Controllers\BaseController->load_views('VHome')
 5 APPPATH\Controllers\Home.php(11): App\Controllers\BaseController->view('VHome')
 6 SYSTEMPATH\CodeIgniter.php(898): App\Controllers\Home->index()
 7 SYSTEMPATH\CodeIgniter.php(468): CodeIgniter\CodeIgniter->runController(Object(App\Controllers\Home))
 8 SYSTEMPATH\CodeIgniter.php(351): CodeIgniter\CodeIgniter->handleRequest(null, Object(Config\Cache), false)
 9 FCPATH\index.php(55): CodeIgniter\CodeIgniter->run()
CRITICAL - 2022-10-30 10:38:04 --> Call to undefined method App\Libraries\Form\SearchBox\SearchBox::create_submit()
in APPPATH\Libraries\Form\SearchBox\Handlers\Submit.php on line 23.
 1 APPPATH\Libraries\Form\SearchBox\SearchBox.php(14): App\Libraries\Form\SearchBox\SearchBox->generate_submit()
 2 APPPATH\Controllers\BaseController.php(171): App\Libraries\Form\SearchBox\SearchBox->generate()
 3 APPPATH\Controllers\BaseController.php(131): App\Controllers\BaseController->gen_search_box()
 4 APPPATH\Controllers\BaseController.php(115): App\Controllers\BaseController->header()
 5 APPPATH\Controllers\BaseController.php(90): App\Controllers\BaseController->load_views('VHome')
 6 APPPATH\Controllers\Home.php(11): App\Controllers\BaseController->view('VHome')
 7 SYSTEMPATH\CodeIgniter.php(898): App\Controllers\Home->index()
 8 SYSTEMPATH\CodeIgniter.php(468): CodeIgniter\CodeIgniter->runController(Object(App\Controllers\Home))
 9 SYSTEMPATH\CodeIgniter.php(351): CodeIgniter\CodeIgniter->handleRequest(null, Object(Config\Cache), false)
10 FCPATH\index.php(55): CodeIgniter\CodeIgniter->run()
CRITICAL - 2022-10-30 10:39:26 --> Undefined variable: btn
in APPPATH\Libraries\Form\SearchBox\SearchBox.php on line 16.
 1 APPPATH\Libraries\Form\SearchBox\SearchBox.php(16): CodeIgniter\Debug\Exceptions->errorHandler(8, 'Undefined variable: btn', 'APPPATH\\Libraries\\Form\\SearchBox\\SearchBox.php', 16, [...])
 2 APPPATH\Controllers\BaseController.php(171): App\Libraries\Form\SearchBox\SearchBox->generate()
 3 APPPATH\Controllers\BaseController.php(131): App\Controllers\BaseController->gen_search_box()
 4 APPPATH\Controllers\BaseController.php(115): App\Controllers\BaseController->header()
 5 APPPATH\Controllers\BaseController.php(90): App\Controllers\BaseController->load_views('VHome')
 6 APPPATH\Controllers\Home.php(11): App\Controllers\BaseController->view('VHome')
 7 SYSTEMPATH\CodeIgniter.php(898): App\Controllers\Home->index()
 8 SYSTEMPATH\CodeIgniter.php(468): CodeIgniter\CodeIgniter->runController(Object(App\Controllers\Home))
 9 SYSTEMPATH\CodeIgniter.php(351): CodeIgniter\CodeIgniter->handleRequest(null, Object(Config\Cache), false)
10 FCPATH\index.php(55): CodeIgniter\CodeIgniter->run()
