CRITICAL - 2022-11-20 06:01:48 --> Call to a member function setHeading() on bool
in APPPATH\Controllers\Panel\ManageBrands.php on line 144.
 1 APPPATH\Controllers\Panel\ManageBrands.php(94): App\Controllers\Panel\ManageBrands->gen_table([...])
 2 APPPATH\Controllers\Panel\ManageBrands.php(15): App\Controllers\Panel\ManageBrands->show_table()
 3 SYSTEMPATH\CodeIgniter.php(898): App\Controllers\Panel\ManageBrands->index()
 4 SYSTEMPATH\CodeIgniter.php(468): CodeIgniter\CodeIgniter->runController(Object(App\Controllers\Panel\ManageBrands))
 5 SYSTEMPATH\CodeIgniter.php(351): CodeIgniter\CodeIgniter->handleRequest(null, Object(Config\Cache), false)
 6 FCPATH\index.php(55): CodeIgniter\CodeIgniter->run()
CRITICAL - 2022-11-20 06:42:13 --> Return value of App\Controllers\Panel\ManageBrands::get_brands() must be of the type array, null returned
in APPPATH\Controllers\Panel\ManageBrands.php on line 113.
 1 APPPATH\Controllers\Panel\ManageBrands.php(94): App\Controllers\Panel\ManageBrands->get_brands()
 2 APPPATH\Controllers\Panel\ManageBrands.php(15): App\Controllers\Panel\ManageBrands->show_table()
 3 SYSTEMPATH\CodeIgniter.php(898): App\Controllers\Panel\ManageBrands->index()
 4 SYSTEMPATH\CodeIgniter.php(468): CodeIgniter\CodeIgniter->runController(Object(App\Controllers\Panel\ManageBrands))
 5 SYSTEMPATH\CodeIgniter.php(351): CodeIgniter\CodeIgniter->handleRequest(null, Object(Config\Cache), false)
 6 FCPATH\index.php(55): CodeIgniter\CodeIgniter->run()
CRITICAL - 2022-11-20 09:59:33 --> Class 'App\Controllers\Panel\BaseController' not found
in APPPATH\Controllers\Panel\Dashboard.php on line 5.
 1 SYSTEMPATH\Autoloader\Autoloader.php(284): include_once()
 2 SYSTEMPATH\Autoloader\Autoloader.php(261): CodeIgniter\Autoloader\Autoloader->includeFile('APPPATH\\Controllers\\Panel\\Dashboard.php')
 3 SYSTEMPATH\Autoloader\Autoloader.php(239): CodeIgniter\Autoloader\Autoloader->loadInNamespace('App\\Controllers\\Panel\\Dashboard')
 4 [internal function]: CodeIgniter\Autoloader\Autoloader->loadClass('App\\Controllers\\Panel\\Dashboard')
 5 [internal function]: spl_autoload_call('App\\Controllers\\Panel\\Dashboard')
 6 SYSTEMPATH\CodeIgniter.php(848): class_exists('\\App\\Controllers\\Panel\\Dashboard', true)
 7 SYSTEMPATH\CodeIgniter.php(455): CodeIgniter\CodeIgniter->startController()
 8 SYSTEMPATH\CodeIgniter.php(351): CodeIgniter\CodeIgniter->handleRequest(null, Object(Config\Cache), false)
 9 FCPATH\index.php(55): CodeIgniter\CodeIgniter->run()
CRITICAL - 2022-11-20 10:00:00 --> Class 'App\Controllers\Panel\BaseController' not found
in APPPATH\Controllers\Panel\Dashboard.php on line 5.
 1 SYSTEMPATH\Autoloader\Autoloader.php(284): include_once()
 2 SYSTEMPATH\Autoloader\Autoloader.php(261): CodeIgniter\Autoloader\Autoloader->includeFile('APPPATH\\Controllers\\Panel\\Dashboard.php')
 3 SYSTEMPATH\Autoloader\Autoloader.php(239): CodeIgniter\Autoloader\Autoloader->loadInNamespace('App\\Controllers\\Panel\\Dashboard')
 4 [internal function]: CodeIgniter\Autoloader\Autoloader->loadClass('App\\Controllers\\Panel\\Dashboard')
 5 [internal function]: spl_autoload_call('App\\Controllers\\Panel\\Dashboard')
 6 SYSTEMPATH\CodeIgniter.php(848): class_exists('\\App\\Controllers\\Panel\\Dashboard', true)
 7 SYSTEMPATH\CodeIgniter.php(455): CodeIgniter\CodeIgniter->startController()
 8 SYSTEMPATH\CodeIgniter.php(351): CodeIgniter\CodeIgniter->handleRequest(null, Object(Config\Cache), false)
 9 FCPATH\index.php(55): CodeIgniter\CodeIgniter->run()
CRITICAL - 2022-11-20 10:00:17 --> Class 'App\Controllers\Panel\BaseController' not found
in APPPATH\Controllers\Panel\Dashboard.php on line 5.
 1 SYSTEMPATH\Autoloader\Autoloader.php(284): include_once()
 2 SYSTEMPATH\Autoloader\Autoloader.php(261): CodeIgniter\Autoloader\Autoloader->includeFile('APPPATH\\Controllers\\Panel\\Dashboard.php')
 3 SYSTEMPATH\Autoloader\Autoloader.php(239): CodeIgniter\Autoloader\Autoloader->loadInNamespace('App\\Controllers\\Panel\\Dashboard')
 4 [internal function]: CodeIgniter\Autoloader\Autoloader->loadClass('App\\Controllers\\Panel\\Dashboard')
 5 [internal function]: spl_autoload_call('App\\Controllers\\Panel\\Dashboard')
 6 SYSTEMPATH\CodeIgniter.php(848): class_exists('\\App\\Controllers\\Panel\\Dashboard', true)
 7 SYSTEMPATH\CodeIgniter.php(455): CodeIgniter\CodeIgniter->startController()
 8 SYSTEMPATH\CodeIgniter.php(351): CodeIgniter\CodeIgniter->handleRequest(null, Object(Config\Cache), false)
 9 FCPATH\index.php(55): CodeIgniter\CodeIgniter->run()
CRITICAL - 2022-11-20 10:01:44 --> Class 'App\Controllers\Panel\BaseController' not found
in APPPATH\Controllers\Panel\Dashboard.php on line 5.
 1 SYSTEMPATH\Autoloader\Autoloader.php(284): include_once()
 2 SYSTEMPATH\Autoloader\Autoloader.php(261): CodeIgniter\Autoloader\Autoloader->includeFile('APPPATH\\Controllers\\Panel\\Dashboard.php')
 3 SYSTEMPATH\Autoloader\Autoloader.php(239): CodeIgniter\Autoloader\Autoloader->loadInNamespace('App\\Controllers\\Panel\\Dashboard')
 4 [internal function]: CodeIgniter\Autoloader\Autoloader->loadClass('App\\Controllers\\Panel\\Dashboard')
 5 [internal function]: spl_autoload_call('App\\Controllers\\Panel\\Dashboard')
 6 SYSTEMPATH\CodeIgniter.php(848): class_exists('\\App\\Controllers\\Panel\\Dashboard', true)
 7 SYSTEMPATH\CodeIgniter.php(455): CodeIgniter\CodeIgniter->startController()
 8 SYSTEMPATH\CodeIgniter.php(351): CodeIgniter\CodeIgniter->handleRequest(null, Object(Config\Cache), false)
 9 FCPATH\index.php(55): CodeIgniter\CodeIgniter->run()
CRITICAL - 2022-11-20 10:16:37 --> Call to undefined method App\Controllers\Panel\Dashboard::header_content()
in APPPATH\Controllers\Panel\BaseController.php on line 100.
 1 APPPATH\Controllers\Panel\Dashboard.php(9): App\Controllers\Panel\BaseController->view('Panel/VDashboard', 'Dashboard')
 2 SYSTEMPATH\CodeIgniter.php(898): App\Controllers\Panel\Dashboard->index()
 3 SYSTEMPATH\CodeIgniter.php(468): CodeIgniter\CodeIgniter->runController(Object(App\Controllers\Panel\Dashboard))
 4 SYSTEMPATH\CodeIgniter.php(351): CodeIgniter\CodeIgniter->handleRequest(null, Object(Config\Cache), false)
 5 FCPATH\index.php(55): CodeIgniter\CodeIgniter->run()
CRITICAL - 2022-11-20 10:17:21 --> Undefined variable: nav
in APPPATH\Views\Templates\Body\Header.php on line 2.
 1 APPPATH\Views\Templates\Body\Header.php(2): CodeIgniter\Debug\Exceptions->errorHandler(8, 'Undefined variable: nav', 'APPPATH\\Views\\Templates\\Body\\Header.php', 2, [...])
 2 SYSTEMPATH\View\View.php(213): include('APPPATH\\Views\\Templates\\Body\\Header.php')
 3 SYSTEMPATH\View\View.php(216): CodeIgniter\View\View->CodeIgniter\View\{closure}()
 4 SYSTEMPATH\Common.php(1135): CodeIgniter\View\View->render('Templates/Body/Header', [], true)
 5 APPPATH\Libraries\LoadView\Attachments\View.php(95): view('Templates/Body/Header')
 6 APPPATH\Libraries\LoadView\Attachments\View.php(76): App\Libraries\LoadView\LoadView->header_view()
 7 APPPATH\Libraries\LoadView\Attachments\View.php(31): App\Libraries\LoadView\LoadView->body_view('Panel/VDashboard')
 8 APPPATH\Libraries\LoadView\LoadView.php(25): App\Libraries\LoadView\LoadView->render_view('Panel/VDashboard', 'Dashboard')
 9 APPPATH\Controllers\Panel\BaseController.php(106): App\Libraries\LoadView\LoadView->show('Panel/VDashboard', 'Dashboard')
10 APPPATH\Controllers\Panel\Dashboard.php(9): App\Controllers\Panel\BaseController->view('Panel/VDashboard', 'Dashboard')
11 SYSTEMPATH\CodeIgniter.php(898): App\Controllers\Panel\Dashboard->index()
12 SYSTEMPATH\CodeIgniter.php(468): CodeIgniter\CodeIgniter->runController(Object(App\Controllers\Panel\Dashboard))
13 SYSTEMPATH\CodeIgniter.php(351): CodeIgniter\CodeIgniter->handleRequest(null, Object(Config\Cache), false)
14 FCPATH\index.php(55): CodeIgniter\CodeIgniter->run()
CRITICAL - 2022-11-20 10:19:42 --> Invalid file: Panel/Templates/Body/Header.php
in SYSTEMPATH\Exceptions\FrameworkException.php on line 33.
 1 SYSTEMPATH\View\View.php(201): CodeIgniter\Exceptions\FrameworkException::forInvalidFile('Panel/Templates/Body/Header.php')
 2 SYSTEMPATH\Common.php(1135): CodeIgniter\View\View->render('Panel/Templates/Body/Header', [], true)
 3 APPPATH\Libraries\LoadView\Attachments\View.php(95): view('Panel/Templates/Body/Header')
 4 APPPATH\Libraries\LoadView\Attachments\View.php(76): App\Libraries\LoadView\LoadView->header_view()
 5 APPPATH\Libraries\LoadView\Attachments\View.php(31): App\Libraries\LoadView\LoadView->body_view('Panel/VDashboard')
 6 APPPATH\Libraries\LoadView\LoadView.php(25): App\Libraries\LoadView\LoadView->render_view('Panel/VDashboard', 'Dashboard')
 7 APPPATH\Controllers\Panel\BaseController.php(107): App\Libraries\LoadView\LoadView->show('Panel/VDashboard', 'Dashboard')
 8 APPPATH\Controllers\Panel\Dashboard.php(9): App\Controllers\Panel\BaseController->view('Panel/VDashboard', 'Dashboard')
 9 SYSTEMPATH\CodeIgniter.php(898): App\Controllers\Panel\Dashboard->index()
10 SYSTEMPATH\CodeIgniter.php(468): CodeIgniter\CodeIgniter->runController(Object(App\Controllers\Panel\Dashboard))
11 SYSTEMPATH\CodeIgniter.php(351): CodeIgniter\CodeIgniter->handleRequest(null, Object(Config\Cache), false)
12 FCPATH\index.php(55): CodeIgniter\CodeIgniter->run()
CRITICAL - 2022-11-20 10:37:18 --> Return value of App\Controllers\Panel\BaseController::header_content() must be of the type string, none returned
in APPPATH\Controllers\Panel\BaseController.php on line 128.
 1 APPPATH\Controllers\Panel\BaseController.php(100): App\Controllers\Panel\BaseController->header_content()
 2 APPPATH\Controllers\Panel\Dashboard.php(9): App\Controllers\Panel\BaseController->view('Panel/VDashboard', 'Dashboard')
 3 SYSTEMPATH\CodeIgniter.php(898): App\Controllers\Panel\Dashboard->index()
 4 SYSTEMPATH\CodeIgniter.php(468): CodeIgniter\CodeIgniter->runController(Object(App\Controllers\Panel\Dashboard))
 5 SYSTEMPATH\CodeIgniter.php(351): CodeIgniter\CodeIgniter->handleRequest(null, Object(Config\Cache), false)
 6 FCPATH\index.php(55): CodeIgniter\CodeIgniter->run()
CRITICAL - 2022-11-20 10:37:57 --> Undefined variable: nav
in APPPATH\Views\Panel\Templates\Body\Header.php on line 1.
 1 APPPATH\Views\Panel\Templates\Body\Header.php(1): CodeIgniter\Debug\Exceptions->errorHandler(8, 'Undefined variable: nav', 'APPPATH\\Views\\Panel\\Templates\\Body\\Header.php', 1, [...])
 2 SYSTEMPATH\View\View.php(213): include('APPPATH\\Views\\Panel\\Templates\\Body\\Header.php')
 3 SYSTEMPATH\View\View.php(216): CodeIgniter\View\View->CodeIgniter\View\{closure}()
 4 SYSTEMPATH\Common.php(1135): CodeIgniter\View\View->render('Panel/Templates/Body/Header', [], true)
 5 APPPATH\Libraries\LoadView\Attachments\View.php(95): view('Panel/Templates/Body/Header')
 6 APPPATH\Libraries\LoadView\Attachments\View.php(76): App\Libraries\LoadView\LoadView->header_view()
 7 APPPATH\Libraries\LoadView\Attachments\View.php(31): App\Libraries\LoadView\LoadView->body_view('Panel/VDashboard')
 8 APPPATH\Libraries\LoadView\LoadView.php(25): App\Libraries\LoadView\LoadView->render_view('Panel/VDashboard', 'Dashboard')
 9 APPPATH\Controllers\Panel\BaseController.php(106): App\Libraries\LoadView\LoadView->show('Panel/VDashboard', 'Dashboard')
10 APPPATH\Controllers\Panel\Dashboard.php(9): App\Controllers\Panel\BaseController->view('Panel/VDashboard', 'Dashboard')
11 SYSTEMPATH\CodeIgniter.php(898): App\Controllers\Panel\Dashboard->index()
12 SYSTEMPATH\CodeIgniter.php(468): CodeIgniter\CodeIgniter->runController(Object(App\Controllers\Panel\Dashboard))
13 SYSTEMPATH\CodeIgniter.php(351): CodeIgniter\CodeIgniter->handleRequest(null, Object(Config\Cache), false)
14 FCPATH\index.php(55): CodeIgniter\CodeIgniter->run()
CRITICAL - 2022-11-20 10:39:06 --> Undefined variable: nav
in APPPATH\Views\Panel\Templates\Body\Header.php on line 1.
 1 APPPATH\Views\Panel\Templates\Body\Header.php(1): CodeIgniter\Debug\Exceptions->errorHandler(8, 'Undefined variable: nav', 'APPPATH\\Views\\Panel\\Templates\\Body\\Header.php', 1, [...])
 2 SYSTEMPATH\View\View.php(213): include('APPPATH\\Views\\Panel\\Templates\\Body\\Header.php')
 3 SYSTEMPATH\View\View.php(216): CodeIgniter\View\View->CodeIgniter\View\{closure}()
 4 SYSTEMPATH\Common.php(1135): CodeIgniter\View\View->render('Panel/Templates/Body/Header', [], true)
 5 APPPATH\Libraries\LoadView\Attachments\View.php(95): view('Panel/Templates/Body/Header')
 6 APPPATH\Libraries\LoadView\Attachments\View.php(76): App\Libraries\LoadView\LoadView->header_view()
 7 APPPATH\Libraries\LoadView\Attachments\View.php(31): App\Libraries\LoadView\LoadView->body_view('Panel/VDashboard')
 8 APPPATH\Libraries\LoadView\LoadView.php(25): App\Libraries\LoadView\LoadView->render_view('Panel/VDashboard', 'Dashboard')
 9 APPPATH\Controllers\Panel\BaseController.php(106): App\Libraries\LoadView\LoadView->show('Panel/VDashboard', 'Dashboard')
10 APPPATH\Controllers\Panel\Dashboard.php(9): App\Controllers\Panel\BaseController->view('Panel/VDashboard', 'Dashboard')
11 SYSTEMPATH\CodeIgniter.php(898): App\Controllers\Panel\Dashboard->index()
12 SYSTEMPATH\CodeIgniter.php(468): CodeIgniter\CodeIgniter->runController(Object(App\Controllers\Panel\Dashboard))
13 SYSTEMPATH\CodeIgniter.php(351): CodeIgniter\CodeIgniter->handleRequest(null, Object(Config\Cache), false)
14 FCPATH\index.php(55): CodeIgniter\CodeIgniter->run()
