CRITICAL - 2023-02-22 09:13:13 --> Too few arguments to function App\Libraries\TEFakeContent\GenContent\GenContent::hash(), 1 passed in E:\SoftWare\xampp 7\htdocs\my_projects\Resume\Shop\app\Libraries\TEFakeContent\Interpreter\Handlers\Method.php on line 29 and exactly 2 expected
in APPPATH\Libraries\TEFakeContent\GenContent\GenContent.php on line 220.
 1 APPPATH\Libraries\TEFakeContent\Interpreter\Handlers\Method.php(29): App\Libraries\TEFakeContent\GenContent\GenContent->hash('md5')
 2 APPPATH\Libraries\TEFakeContent\Interpreter\Handlers\Method.php(14): App\Libraries\TEFakeContent\Interpreter\Handlers\Method->run_method([...])
 3 APPPATH\Libraries\TEFakeContent\Interpreter\Interpreter.php(104): App\Libraries\TEFakeContent\Interpreter\Handlers\Method->method('hash(md5)')
 4 APPPATH\Libraries\TEFakeContent\Interpreter\Interpreter.php(90): App\Libraries\TEFakeContent\Interpreter\Interpreter->interpreter('hash(md5)', false)
 5 APPPATH\Libraries\TEFakeContent\Interpreter\Interpreter.php(67): App\Libraries\TEFakeContent\Interpreter\Interpreter->fetch_placeholders(false)
 6 APPPATH\Libraries\TEFakeContent\Interpreter\Interpreter.php(34): App\Libraries\TEFakeContent\Interpreter\Interpreter->making('hash(md5)', false)
 7 APPPATH\Libraries\TEFakeContent\TEFakeContent.php(16): App\Libraries\TEFakeContent\Interpreter\Interpreter->make_fields([...], 10)
 8 APPPATH\Controllers\Home.php(29): App\Libraries\TEFakeContent\TEFakeContent->fields([...])
 9 SYSTEMPATH\CodeIgniter.php(898): App\Controllers\Home->index()
10 SYSTEMPATH\CodeIgniter.php(468): CodeIgniter\CodeIgniter->runController(Object(App\Controllers\Home))
11 SYSTEMPATH\CodeIgniter.php(351): CodeIgniter\CodeIgniter->handleRequest(null, Object(Config\Cache), false)
12 FCPATH\index.php(55): CodeIgniter\CodeIgniter->run()
CRITICAL - 2023-02-22 09:26:56 --> Too few arguments to function App\Libraries\TEFakeContent\GenContent\GenContent::hash(), 1 passed in E:\SoftWare\xampp 7\htdocs\my_projects\Resume\Shop\app\Libraries\TEFakeContent\Interpreter\Handlers\Method.php on line 29 and exactly 2 expected
in APPPATH\Libraries\TEFakeContent\GenContent\GenContent.php on line 220.
 1 APPPATH\Libraries\TEFakeContent\Interpreter\Handlers\Method.php(29): App\Libraries\TEFakeContent\GenContent\GenContent->hash('ms5')
 2 APPPATH\Libraries\TEFakeContent\Interpreter\Handlers\Method.php(14): App\Libraries\TEFakeContent\Interpreter\Handlers\Method->run_method([...])
 3 APPPATH\Libraries\TEFakeContent\Interpreter\Interpreter.php(104): App\Libraries\TEFakeContent\Interpreter\Handlers\Method->method('hash(ms5)')
 4 APPPATH\Libraries\TEFakeContent\Interpreter\Interpreter.php(90): App\Libraries\TEFakeContent\Interpreter\Interpreter->interpreter('hash(ms5)', false)
 5 APPPATH\Libraries\TEFakeContent\Interpreter\Interpreter.php(67): App\Libraries\TEFakeContent\Interpreter\Interpreter->fetch_placeholders(false)
 6 APPPATH\Libraries\TEFakeContent\Interpreter\Interpreter.php(34): App\Libraries\TEFakeContent\Interpreter\Interpreter->making('aaa|hash(ms5)', false)
 7 APPPATH\Libraries\TEFakeContent\TEFakeContent.php(16): App\Libraries\TEFakeContent\Interpreter\Interpreter->make_fields([...], 10)
 8 APPPATH\Controllers\Home.php(29): App\Libraries\TEFakeContent\TEFakeContent->fields([...])
 9 SYSTEMPATH\CodeIgniter.php(898): App\Controllers\Home->index()
10 SYSTEMPATH\CodeIgniter.php(468): CodeIgniter\CodeIgniter->runController(Object(App\Controllers\Home))
11 SYSTEMPATH\CodeIgniter.php(351): CodeIgniter\CodeIgniter->handleRequest(null, Object(Config\Cache), false)
12 FCPATH\index.php(55): CodeIgniter\CodeIgniter->run()
CRITICAL - 2023-02-22 09:49:53 --> Class 'App\Libraries\TEFakeContent\GenContent\LoremIpsum\Character' not found
in APPPATH\Libraries\TEFakeContent\GenContent\GenContent.php on line 197.
 1 APPPATH\Libraries\TEFakeContent\Interpreter\Handlers\Method.php(29): App\Libraries\TEFakeContent\GenContent\GenContent->lorem_char(5)
 2 APPPATH\Libraries\TEFakeContent\Interpreter\Handlers\Method.php(14): App\Libraries\TEFakeContent\Interpreter\Handlers\Method->run_method([...])
 3 APPPATH\Libraries\TEFakeContent\Interpreter\Interpreter.php(104): App\Libraries\TEFakeContent\Interpreter\Handlers\Method->method('lorem_char(5)')
 4 APPPATH\Libraries\TEFakeContent\Interpreter\Interpreter.php(90): App\Libraries\TEFakeContent\Interpreter\Interpreter->interpreter('lorem_char(5)', false)
 5 APPPATH\Libraries\TEFakeContent\Interpreter\Interpreter.php(67): App\Libraries\TEFakeContent\Interpreter\Interpreter->fetch_placeholders(false)
 6 APPPATH\Libraries\TEFakeContent\Interpreter\Interpreter.php(34): App\Libraries\TEFakeContent\Interpreter\Interpreter->making('lorem_char(5)', false)
 7 APPPATH\Libraries\TEFakeContent\TEFakeContent.php(16): App\Libraries\TEFakeContent\Interpreter\Interpreter->make_fields([...], 3)
 8 APPPATH\Controllers\Home.php(34): App\Libraries\TEFakeContent\TEFakeContent->fields([...], 3)
 9 SYSTEMPATH\CodeIgniter.php(898): App\Controllers\Home->index()
10 SYSTEMPATH\CodeIgniter.php(468): CodeIgniter\CodeIgniter->runController(Object(App\Controllers\Home))
11 SYSTEMPATH\CodeIgniter.php(351): CodeIgniter\CodeIgniter->handleRequest(null, Object(Config\Cache), false)
12 FCPATH\index.php(55): CodeIgniter\CodeIgniter->run()
CRITICAL - 2023-02-22 09:52:58 --> Class 'App\Libraries\TEFakeContent\GenContent\LoremIpsum\Word' not found
in APPPATH\Libraries\TEFakeContent\GenContent\GenContent.php on line 203.
 1 APPPATH\Libraries\TEFakeContent\Interpreter\Handlers\Method.php(29): App\Libraries\TEFakeContent\GenContent\GenContent->lorem_word(4)
 2 APPPATH\Libraries\TEFakeContent\Interpreter\Handlers\Method.php(14): App\Libraries\TEFakeContent\Interpreter\Handlers\Method->run_method([...])
 3 APPPATH\Libraries\TEFakeContent\Interpreter\Interpreter.php(104): App\Libraries\TEFakeContent\Interpreter\Handlers\Method->method('lorem_word(4)')
 4 APPPATH\Libraries\TEFakeContent\Interpreter\Interpreter.php(90): App\Libraries\TEFakeContent\Interpreter\Interpreter->interpreter('lorem_word(4)', false)
 5 APPPATH\Libraries\TEFakeContent\Interpreter\Interpreter.php(67): App\Libraries\TEFakeContent\Interpreter\Interpreter->fetch_placeholders(false)
 6 APPPATH\Libraries\TEFakeContent\Interpreter\Interpreter.php(34): App\Libraries\TEFakeContent\Interpreter\Interpreter->making('lorem_word(4)', false)
 7 APPPATH\Libraries\TEFakeContent\TEFakeContent.php(16): App\Libraries\TEFakeContent\Interpreter\Interpreter->make_fields([...], 3)
 8 APPPATH\Controllers\Home.php(35): App\Libraries\TEFakeContent\TEFakeContent->fields([...], 3)
 9 SYSTEMPATH\CodeIgniter.php(898): App\Controllers\Home->index()
10 SYSTEMPATH\CodeIgniter.php(468): CodeIgniter\CodeIgniter->runController(Object(App\Controllers\Home))
11 SYSTEMPATH\CodeIgniter.php(351): CodeIgniter\CodeIgniter->handleRequest(null, Object(Config\Cache), false)
12 FCPATH\index.php(55): CodeIgniter\CodeIgniter->run()
