CRITICAL - 2023-04-17 06:48:11 --> unlink(E:\SoftWare\xampp 7\htdocs\my_projects\Resume\Shop\writable\/Uploads/ProductImages/DefaultImages.jpg): No such file or directory
in APPPATH\Controllers\Process\Products.php on line 237.
 1 [internal function]: CodeIgniter\Debug\Exceptions->errorHandler(2, 'unlink(E:\\SoftWare\\xampp 7\\htdocs\\my_projects\\Resume\\Shop\\writable\\/Uploads/ProductImages/DefaultImages.jpg): No such file or directory', 'APPPATH\\Controllers\\Process\\Products.php', 237, [...])
 2 APPPATH\Controllers\Process\Products.php(237): unlink('ROOTPATH\\writable\\/Uploads/ProductImages/DefaultImages.jpg')
 3 APPPATH\Controllers\Process\Products.php(206): App\Controllers\Process\Products->delete_product('135')
 4 APPPATH\Controllers\Process\Products.php(29): App\Controllers\Process\Products->delete()
 5 SYSTEMPATH\CodeIgniter.php(898): App\Controllers\Process\Products->process('delete')
 6 SYSTEMPATH\CodeIgniter.php(468): CodeIgniter\CodeIgniter->runController(Object(App\Controllers\Process\Products))
 7 SYSTEMPATH\CodeIgniter.php(351): CodeIgniter\CodeIgniter->handleRequest(null, Object(Config\Cache), false)
 8 FCPATH\index.php(55): CodeIgniter\CodeIgniter->run()
CRITICAL - 2023-04-17 07:04:01 --> unlink(E:\SoftWare\xampp 7\htdocs\my_projects\Resume\Shop\writable\/Uploads/ProductImages/DefaultImages.jpg): No such file or directory
in APPPATH\Controllers\Process\Products.php on line 237.
 1 [internal function]: CodeIgniter\Debug\Exceptions->errorHandler(2, 'unlink(E:\\SoftWare\\xampp 7\\htdocs\\my_projects\\Resume\\Shop\\writable\\/Uploads/ProductImages/DefaultImages.jpg): No such file or directory', 'APPPATH\\Controllers\\Process\\Products.php', 237, [...])
 2 APPPATH\Controllers\Process\Products.php(237): unlink('ROOTPATH\\writable\\/Uploads/ProductImages/DefaultImages.jpg')
 3 APPPATH\Controllers\Process\Products.php(206): App\Controllers\Process\Products->delete_product('136')
 4 APPPATH\Controllers\Process\Products.php(29): App\Controllers\Process\Products->delete()
 5 SYSTEMPATH\CodeIgniter.php(898): App\Controllers\Process\Products->process('delete')
 6 SYSTEMPATH\CodeIgniter.php(468): CodeIgniter\CodeIgniter->runController(Object(App\Controllers\Process\Products))
 7 SYSTEMPATH\CodeIgniter.php(351): CodeIgniter\CodeIgniter->handleRequest(null, Object(Config\Cache), false)
 8 FCPATH\index.php(55): CodeIgniter\CodeIgniter->run()
CRITICAL - 2023-04-17 09:38:25 --> Return value of App\Controllers\Process\Products::update_photo() must be an object or null, bool returned
in APPPATH\Controllers\Process\Products.php on line 324.
 1 APPPATH\Controllers\Process\Products.php(305): App\Controllers\Process\Products->update_photo('145')
 2 APPPATH\Controllers\Process\Products.php(273): App\Controllers\Process\Products->updating([...])
 3 APPPATH\Controllers\Process\Products.php(32): App\Controllers\Process\Products->edit()
 4 SYSTEMPATH\CodeIgniter.php(898): App\Controllers\Process\Products->process('edit')
 5 SYSTEMPATH\CodeIgniter.php(468): CodeIgniter\CodeIgniter->runController(Object(App\Controllers\Process\Products))
 6 SYSTEMPATH\CodeIgniter.php(351): CodeIgniter\CodeIgniter->handleRequest(null, Object(Config\Cache), false)
 7 FCPATH\index.php(55): CodeIgniter\CodeIgniter->run()
CRITICAL - 2023-04-17 09:40:18 --> unlink(E:\SoftWare\xampp 7\htdocs\my_projects\Resume\Shop\writable\/Uploads/ProductImages/ProductImage_643c1cae4f650.jpg): No such file or directory
in APPPATH\Controllers\Process\Products.php on line 237.
 1 [internal function]: CodeIgniter\Debug\Exceptions->errorHandler(2, 'unlink(E:\\SoftWare\\xampp 7\\htdocs\\my_projects\\Resume\\Shop\\writable\\/Uploads/ProductImages/ProductImage_643c1cae4f650.jpg): No such file or directory', 'APPPATH\\Controllers\\Process\\Products.php', 237, [...])
 2 APPPATH\Controllers\Process\Products.php(237): unlink('ROOTPATH\\writable\\/Uploads/ProductImages/ProductImage_643c1cae4f650.jpg')
 3 APPPATH\Controllers\Process\Products.php(206): App\Controllers\Process\Products->delete_product('130')
 4 APPPATH\Controllers\Process\Products.php(29): App\Controllers\Process\Products->delete()
 5 SYSTEMPATH\CodeIgniter.php(898): App\Controllers\Process\Products->process('delete')
 6 SYSTEMPATH\CodeIgniter.php(468): CodeIgniter\CodeIgniter->runController(Object(App\Controllers\Process\Products))
 7 SYSTEMPATH\CodeIgniter.php(351): CodeIgniter\CodeIgniter->handleRequest(null, Object(Config\Cache), false)
 8 FCPATH\index.php(55): CodeIgniter\CodeIgniter->run()
CRITICAL - 2023-04-17 09:40:39 --> Trying to access array offset on value of type null
in APPPATH\Controllers\Panel\EditProduct.php on line 65.
 1 APPPATH\Controllers\Panel\EditProduct.php(65): CodeIgniter\Debug\Exceptions->errorHandler(8, 'Trying to access array offset on value of type null', 'APPPATH\\Controllers\\Panel\\EditProduct.php', 65, [...])
 2 APPPATH\Controllers\Panel\EditProduct.php(50): App\Controllers\Panel\EditProduct->add_product_form('145')
 3 APPPATH\Controllers\Panel\EditProduct.php(14): App\Controllers\Panel\EditProduct->edit_product('145')
 4 SYSTEMPATH\CodeIgniter.php(898): App\Controllers\Panel\EditProduct->index('145')
 5 SYSTEMPATH\CodeIgniter.php(468): CodeIgniter\CodeIgniter->runController(Object(App\Controllers\Panel\EditProduct))
 6 SYSTEMPATH\CodeIgniter.php(351): CodeIgniter\CodeIgniter->handleRequest(null, Object(Config\Cache), false)
 7 FCPATH\index.php(55): CodeIgniter\CodeIgniter->run()
CRITICAL - 2023-04-17 09:41:02 --> unlink(E:\SoftWare\xampp 7\htdocs\my_projects\Resume\Shop\writable\/Uploads/ProductImages/index.jpg): No such file or directory
in APPPATH\Controllers\Process\Products.php on line 237.
 1 [internal function]: CodeIgniter\Debug\Exceptions->errorHandler(2, 'unlink(E:\\SoftWare\\xampp 7\\htdocs\\my_projects\\Resume\\Shop\\writable\\/Uploads/ProductImages/index.jpg): No such file or directory', 'APPPATH\\Controllers\\Process\\Products.php', 237, [...])
 2 APPPATH\Controllers\Process\Products.php(237): unlink('ROOTPATH\\writable\\/Uploads/ProductImages/index.jpg')
 3 APPPATH\Controllers\Process\Products.php(206): App\Controllers\Process\Products->delete_product('127')
 4 APPPATH\Controllers\Process\Products.php(29): App\Controllers\Process\Products->delete()
 5 SYSTEMPATH\CodeIgniter.php(898): App\Controllers\Process\Products->process('delete')
 6 SYSTEMPATH\CodeIgniter.php(468): CodeIgniter\CodeIgniter->runController(Object(App\Controllers\Process\Products))
 7 SYSTEMPATH\CodeIgniter.php(351): CodeIgniter\CodeIgniter->handleRequest(null, Object(Config\Cache), false)
 8 FCPATH\index.php(55): CodeIgniter\CodeIgniter->run()
CRITICAL - 2023-04-17 10:18:07 --> Return value of App\Controllers\Process\Products::delete_old_photo() must be of the type bool, none returned
in APPPATH\Controllers\Process\Products.php on line 344.
 1 APPPATH\Controllers\Process\Products.php(330): App\Controllers\Process\Products->delete_old_photo('148')
 2 APPPATH\Controllers\Process\Products.php(324): App\Controllers\Process\Products->update_photo_info('148', 'ProductImage_643d632f5a870.jpg')
 3 APPPATH\Controllers\Process\Products.php(305): App\Controllers\Process\Products->update_photo('148')
 4 APPPATH\Controllers\Process\Products.php(273): App\Controllers\Process\Products->updating([...])
 5 APPPATH\Controllers\Process\Products.php(32): App\Controllers\Process\Products->edit()
 6 SYSTEMPATH\CodeIgniter.php(898): App\Controllers\Process\Products->process('edit')
 7 SYSTEMPATH\CodeIgniter.php(468): CodeIgniter\CodeIgniter->runController(Object(App\Controllers\Process\Products))
 8 SYSTEMPATH\CodeIgniter.php(351): CodeIgniter\CodeIgniter->handleRequest(null, Object(Config\Cache), false)
 9 FCPATH\index.php(55): CodeIgniter\CodeIgniter->run()
