CRITICAL - 2022-11-02 08:09:06 --> Only variables should be passed by reference
in APPPATH\Controllers\Process\ManageBrands.php on line 17.
 1 APPPATH\Controllers\Process\ManageBrands.php(17): CodeIgniter\Debug\Exceptions->errorHandler(8, 'Only variables should be passed by reference', 'APPPATH\\Controllers\\Process\\ManageBrands.php', 17, [])
 2 APPPATH\Controllers\Process\ManageBrands.php(10): App\Controllers\Process\ManageBrands->save_brand()
 3 SYSTEMPATH\CodeIgniter.php(898): App\Controllers\Process\ManageBrands->process('save')
 4 SYSTEMPATH\CodeIgniter.php(468): CodeIgniter\CodeIgniter->runController(Object(App\Controllers\Process\ManageBrands))
 5 SYSTEMPATH\CodeIgniter.php(351): CodeIgniter\CodeIgniter->handleRequest(null, Object(Config\Cache), false)
 6 FCPATH\index.php(55): CodeIgniter\CodeIgniter->run()
CRITICAL - 2022-11-02 08:23:24 --> Undefined variable: input
in APPPATH\Controllers\Process\ManageBrands.php on line 39.
 1 APPPATH\Controllers\Process\ManageBrands.php(39): CodeIgniter\Debug\Exceptions->errorHandler(8, 'Undefined variable: input', 'APPPATH\\Controllers\\Process\\ManageBrands.php', 39, [])
 2 APPPATH\Controllers\Process\ManageBrands.php(32): App\Controllers\Process\ManageBrands->error_url()
 3 APPPATH\Controllers\Process\ManageBrands.php(17): App\Controllers\Process\ManageBrands->insert([...])
 4 APPPATH\Controllers\Process\ManageBrands.php(10): App\Controllers\Process\ManageBrands->save_brand()
 5 SYSTEMPATH\CodeIgniter.php(898): App\Controllers\Process\ManageBrands->process('save')
 6 SYSTEMPATH\CodeIgniter.php(468): CodeIgniter\CodeIgniter->runController(Object(App\Controllers\Process\ManageBrands))
 7 SYSTEMPATH\CodeIgniter.php(351): CodeIgniter\CodeIgniter->handleRequest(null, Object(Config\Cache), false)
 8 FCPATH\index.php(55): CodeIgniter\CodeIgniter->run()
CRITICAL - 2022-11-02 09:29:39 --> Undefined variable: errors
in APPPATH\Views\Panel\VManageBrands.php on line 3.
 1 APPPATH\Views\Panel\VManageBrands.php(3): CodeIgniter\Debug\Exceptions->errorHandler(8, 'Undefined variable: errors', 'APPPATH\\Views\\Panel\\VManageBrands.php', 3, [...])
 2 SYSTEMPATH\View\View.php(213): include('APPPATH\\Views\\Panel\\VManageBrands.php')
 3 SYSTEMPATH\View\View.php(216): CodeIgniter\View\View->CodeIgniter\View\{closure}()
 4 SYSTEMPATH\Common.php(1135): CodeIgniter\View\View->render('Panel\\VManageBrands', [], true)
 5 APPPATH\Controllers\BaseController.php(119): view('Panel\\VManageBrands')
 6 APPPATH\Controllers\BaseController.php(90): App\Controllers\BaseController->load_views('Panel\\VManageBrands')
 7 APPPATH\Controllers\Panel\ManageBrands.php(13): App\Controllers\BaseController->view('Panel\\VManageBrands')
 8 SYSTEMPATH\CodeIgniter.php(898): App\Controllers\Panel\ManageBrands->index()
 9 SYSTEMPATH\CodeIgniter.php(468): CodeIgniter\CodeIgniter->runController(Object(App\Controllers\Panel\ManageBrands))
10 SYSTEMPATH\CodeIgniter.php(351): CodeIgniter\CodeIgniter->handleRequest(null, Object(Config\Cache), false)
11 FCPATH\index.php(55): CodeIgniter\CodeIgniter->run()
CRITICAL - 2022-11-02 09:29:55 --> Undefined variable: errors
in APPPATH\Views\Panel\VManageBrands.php on line 3.
 1 APPPATH\Views\Panel\VManageBrands.php(3): CodeIgniter\Debug\Exceptions->errorHandler(8, 'Undefined variable: errors', 'APPPATH\\Views\\Panel\\VManageBrands.php', 3, [...])
 2 SYSTEMPATH\View\View.php(213): include('APPPATH\\Views\\Panel\\VManageBrands.php')
 3 SYSTEMPATH\View\View.php(216): CodeIgniter\View\View->CodeIgniter\View\{closure}()
 4 SYSTEMPATH\Common.php(1135): CodeIgniter\View\View->render('Panel\\VManageBrands', [], true)
 5 APPPATH\Controllers\BaseController.php(119): view('Panel\\VManageBrands')
 6 APPPATH\Controllers\BaseController.php(90): App\Controllers\BaseController->load_views('Panel\\VManageBrands')
 7 APPPATH\Controllers\Panel\ManageBrands.php(13): App\Controllers\BaseController->view('Panel\\VManageBrands')
 8 SYSTEMPATH\CodeIgniter.php(898): App\Controllers\Panel\ManageBrands->index()
 9 SYSTEMPATH\CodeIgniter.php(468): CodeIgniter\CodeIgniter->runController(Object(App\Controllers\Panel\ManageBrands))
10 SYSTEMPATH\CodeIgniter.php(351): CodeIgniter\CodeIgniter->handleRequest(null, Object(Config\Cache), false)
11 FCPATH\index.php(55): CodeIgniter\CodeIgniter->run()
CRITICAL - 2022-11-02 09:30:27 --> Undefined variable: errors
in APPPATH\Views\Panel\VManageBrands.php on line 3.
 1 APPPATH\Views\Panel\VManageBrands.php(3): CodeIgniter\Debug\Exceptions->errorHandler(8, 'Undefined variable: errors', 'APPPATH\\Views\\Panel\\VManageBrands.php', 3, [...])
 2 SYSTEMPATH\View\View.php(213): include('APPPATH\\Views\\Panel\\VManageBrands.php')
 3 SYSTEMPATH\View\View.php(216): CodeIgniter\View\View->CodeIgniter\View\{closure}()
 4 SYSTEMPATH\Common.php(1135): CodeIgniter\View\View->render('Panel\\VManageBrands', [], true)
 5 APPPATH\Controllers\BaseController.php(119): view('Panel\\VManageBrands')
 6 APPPATH\Controllers\BaseController.php(90): App\Controllers\BaseController->load_views('Panel\\VManageBrands')
 7 APPPATH\Controllers\Panel\ManageBrands.php(13): App\Controllers\BaseController->view('Panel\\VManageBrands')
 8 SYSTEMPATH\CodeIgniter.php(898): App\Controllers\Panel\ManageBrands->index()
 9 SYSTEMPATH\CodeIgniter.php(468): CodeIgniter\CodeIgniter->runController(Object(App\Controllers\Panel\ManageBrands))
10 SYSTEMPATH\CodeIgniter.php(351): CodeIgniter\CodeIgniter->handleRequest(null, Object(Config\Cache), false)
11 FCPATH\index.php(55): CodeIgniter\CodeIgniter->run()
CRITICAL - 2022-11-02 09:31:03 --> Undefined variable: errors
in APPPATH\Views\Panel\VManageBrands.php on line 3.
 1 APPPATH\Views\Panel\VManageBrands.php(3): CodeIgniter\Debug\Exceptions->errorHandler(8, 'Undefined variable: errors', 'APPPATH\\Views\\Panel\\VManageBrands.php', 3, [...])
 2 SYSTEMPATH\View\View.php(213): include('APPPATH\\Views\\Panel\\VManageBrands.php')
 3 SYSTEMPATH\View\View.php(216): CodeIgniter\View\View->CodeIgniter\View\{closure}()
 4 SYSTEMPATH\Common.php(1135): CodeIgniter\View\View->render('Panel\\VManageBrands', [], true)
 5 APPPATH\Controllers\BaseController.php(119): view('Panel\\VManageBrands')
 6 APPPATH\Controllers\BaseController.php(90): App\Controllers\BaseController->load_views('Panel\\VManageBrands')
 7 APPPATH\Controllers\Panel\ManageBrands.php(13): App\Controllers\BaseController->view('Panel\\VManageBrands')
 8 SYSTEMPATH\CodeIgniter.php(898): App\Controllers\Panel\ManageBrands->index()
 9 SYSTEMPATH\CodeIgniter.php(468): CodeIgniter\CodeIgniter->runController(Object(App\Controllers\Panel\ManageBrands))
10 SYSTEMPATH\CodeIgniter.php(351): CodeIgniter\CodeIgniter->handleRequest(null, Object(Config\Cache), false)
11 FCPATH\index.php(55): CodeIgniter\CodeIgniter->run()
CRITICAL - 2022-11-02 09:32:43 --> Typed property App\Controllers\Panel\ManageBrands::$errors must be array, stdClass used
in APPPATH\Controllers\Panel\ManageBrands.php on line 35.
 1 APPPATH\Controllers\Panel\ManageBrands.php(28): App\Controllers\Panel\ManageBrands->convert_error('{"name":"The name field is required."}')
 2 APPPATH\Controllers\Panel\ManageBrands.php(9): App\Controllers\Panel\ManageBrands->prepare_errors('{"name":"The name field is required."}')
 3 SYSTEMPATH\CodeIgniter.php(898): App\Controllers\Panel\ManageBrands->index('{"name":"The name field is required."}')
 4 SYSTEMPATH\CodeIgniter.php(468): CodeIgniter\CodeIgniter->runController(Object(App\Controllers\Panel\ManageBrands))
 5 SYSTEMPATH\CodeIgniter.php(351): CodeIgniter\CodeIgniter->handleRequest(null, Object(Config\Cache), false)
 6 FCPATH\index.php(55): CodeIgniter\CodeIgniter->run()
CRITICAL - 2022-11-02 09:32:53 --> Typed property App\Controllers\Panel\ManageBrands::$errors must be array, stdClass used
in APPPATH\Controllers\Panel\ManageBrands.php on line 35.
 1 APPPATH\Controllers\Panel\ManageBrands.php(28): App\Controllers\Panel\ManageBrands->convert_error('{"name":"The name field is required."}')
 2 APPPATH\Controllers\Panel\ManageBrands.php(9): App\Controllers\Panel\ManageBrands->prepare_errors('{"name":"The name field is required."}')
 3 SYSTEMPATH\CodeIgniter.php(898): App\Controllers\Panel\ManageBrands->index('{"name":"The name field is required."}')
 4 SYSTEMPATH\CodeIgniter.php(468): CodeIgniter\CodeIgniter->runController(Object(App\Controllers\Panel\ManageBrands))
 5 SYSTEMPATH\CodeIgniter.php(351): CodeIgniter\CodeIgniter->handleRequest(null, Object(Config\Cache), false)
 6 FCPATH\index.php(55): CodeIgniter\CodeIgniter->run()
CRITICAL - 2022-11-02 10:12:05 --> Return value of App\Controllers\Panel\ManageBrands::prepare_errors() must be of the type string or null, none returned
in APPPATH\Controllers\Panel\ManageBrands.php on line 24.
 1 APPPATH\Controllers\Panel\ManageBrands.php(8): App\Controllers\Panel\ManageBrands->prepare_errors('ROOTPATH\\public')
 2 SYSTEMPATH\CodeIgniter.php(898): App\Controllers\Panel\ManageBrands->index()
 3 SYSTEMPATH\CodeIgniter.php(468): CodeIgniter\CodeIgniter->runController(Object(App\Controllers\Panel\ManageBrands))
 4 SYSTEMPATH\CodeIgniter.php(351): CodeIgniter\CodeIgniter->handleRequest(null, Object(Config\Cache), false)
 5 FCPATH\index.php(55): CodeIgniter\CodeIgniter->run()
CRITICAL - 2022-11-02 10:13:10 --> Undefined property: App\Libraries\ShowErrors\ShowErrors::$elem
in APPPATH\Libraries\ShowErrors\ShowErrors.php on line 37.
 1 APPPATH\Libraries\ShowErrors\ShowErrors.php(37): CodeIgniter\Debug\Exceptions->errorHandler(8, 'Undefined property: App\\Libraries\\ShowErrors\\ShowErrors::$elem', 'APPPATH\\Libraries\\ShowErrors\\ShowErrors.php', 37, [...])
 2 APPPATH\Libraries\ShowErrors\ShowErrors.php(13): App\Libraries\ShowErrors\ShowErrors->gen_error_box()
 3 APPPATH\Controllers\Panel\ManageBrands.php(23): App\Libraries\ShowErrors\ShowErrors->__invoke('{"name":"The name field is required."}')
 4 APPPATH\Controllers\Panel\ManageBrands.php(8): App\Controllers\Panel\ManageBrands->show_errors('{"name":"The name field is required."}')
 5 SYSTEMPATH\CodeIgniter.php(898): App\Controllers\Panel\ManageBrands->index('{"name":"The name field is required."}')
 6 SYSTEMPATH\CodeIgniter.php(468): CodeIgniter\CodeIgniter->runController(Object(App\Controllers\Panel\ManageBrands))
 7 SYSTEMPATH\CodeIgniter.php(351): CodeIgniter\CodeIgniter->handleRequest(null, Object(Config\Cache), false)
 8 FCPATH\index.php(55): CodeIgniter\CodeIgniter->run()
CRITICAL - 2022-11-02 10:15:52 --> Too few arguments to function App\Controllers\Panel\ManageBrands::show_errors(), 1 passed in E:\SoftWare\xampp 7\htdocs\my_projects\Resume\Shop\app\Controllers\Panel\ManageBrands.php on line 8 and exactly 2 expected
in APPPATH\Controllers\Panel\ManageBrands.php on line 20.
 1 APPPATH\Controllers\Panel\ManageBrands.php(8): App\Controllers\Panel\ManageBrands->show_errors('{"name":"The name field is required."}')
 2 SYSTEMPATH\CodeIgniter.php(898): App\Controllers\Panel\ManageBrands->index('{"name":"The name field is required."}')
 3 SYSTEMPATH\CodeIgniter.php(468): CodeIgniter\CodeIgniter->runController(Object(App\Controllers\Panel\ManageBrands))
 4 SYSTEMPATH\CodeIgniter.php(351): CodeIgniter\CodeIgniter->handleRequest(null, Object(Config\Cache), false)
 5 FCPATH\index.php(55): CodeIgniter\CodeIgniter->run()
CRITICAL - 2022-11-02 11:48:08 --> Undefined variable: table
in APPPATH\Views\Panel\VManageBrands.php on line 11.
 1 APPPATH\Views\Panel\VManageBrands.php(11): CodeIgniter\Debug\Exceptions->errorHandler(8, 'Undefined variable: table', 'APPPATH\\Views\\Panel\\VManageBrands.php', 11, [...])
 2 SYSTEMPATH\View\View.php(213): include('APPPATH\\Views\\Panel\\VManageBrands.php')
 3 SYSTEMPATH\View\View.php(216): CodeIgniter\View\View->CodeIgniter\View\{closure}()
 4 SYSTEMPATH\Common.php(1135): CodeIgniter\View\View->render('Panel\\VManageBrands', [], true)
 5 APPPATH\Controllers\BaseController.php(211): view('Panel\\VManageBrands')
 6 APPPATH\Controllers\BaseController.php(117): App\Controllers\BaseController->load_views('Panel\\VManageBrands')
 7 APPPATH\Controllers\BaseController.php(88): App\Controllers\BaseController->render_view('Panel\\VManageBrands', 'Manage Brands')
 8 APPPATH\Controllers\Panel\ManageBrands.php(12): App\Controllers\BaseController->view('Panel\\VManageBrands', 'Manage Brands')
 9 SYSTEMPATH\CodeIgniter.php(898): App\Controllers\Panel\ManageBrands->index()
10 SYSTEMPATH\CodeIgniter.php(468): CodeIgniter\CodeIgniter->runController(Object(App\Controllers\Panel\ManageBrands))
11 SYSTEMPATH\CodeIgniter.php(351): CodeIgniter\CodeIgniter->handleRequest(null, Object(Config\Cache), false)
12 FCPATH\index.php(55): CodeIgniter\CodeIgniter->run()
