CRITICAL - 2023-03-08 06:41:20 --> Undefined variable: model
in APPPATH\Controllers\Edit\BaseEdit.php on line 140.
 1 APPPATH\Controllers\Edit\BaseEdit.php(140): CodeIgniter\Debug\Exceptions->errorHandler(8, 'Undefined variable: model', 'APPPATH\\Controllers\\Edit\\BaseEdit.php', 140, [...])
 2 APPPATH\Controllers\Edit\BaseEdit.php(121): App\Controllers\Edit\BaseEdit->find_row('name,description,deleted_at')
 3 APPPATH\Controllers\Edit\ShippingMethod.php(26): App\Controllers\Edit\BaseEdit->get_form_data('name,description,deleted_at')
 4 APPPATH\Controllers\Edit\BaseEdit.php(93): App\Controllers\Edit\ShippingMethod->edit_form()
 5 APPPATH\Controllers\Edit\BaseEdit.php(66): App\Controllers\Edit\BaseEdit->gen_edit_form()
 6 SYSTEMPATH\CodeIgniter.php(898): App\Controllers\Edit\BaseEdit->index('53')
 7 SYSTEMPATH\CodeIgniter.php(468): CodeIgniter\CodeIgniter->runController(Object(App\Controllers\Edit\ShippingMethod))
 8 SYSTEMPATH\CodeIgniter.php(351): CodeIgniter\CodeIgniter->handleRequest(null, Object(Config\Cache), false)
 9 FCPATH\index.php(55): CodeIgniter\CodeIgniter->run()
CRITICAL - 2023-03-08 06:42:24 --> Undefined variable: joinFields
in APPPATH\Controllers\Edit\BaseEdit.php on line 140.
 1 APPPATH\Controllers\Edit\BaseEdit.php(140): CodeIgniter\Debug\Exceptions->errorHandler(8, 'Undefined variable: joinFields', 'APPPATH\\Controllers\\Edit\\BaseEdit.php', 140, [...])
 2 APPPATH\Controllers\Edit\BaseEdit.php(119): App\Controllers\Edit\BaseEdit->find_row('name,description,deleted_at')
 3 APPPATH\Controllers\Edit\ShippingMethod.php(26): App\Controllers\Edit\BaseEdit->get_form_data('name,description,deleted_at')
 4 APPPATH\Controllers\Edit\BaseEdit.php(93): App\Controllers\Edit\ShippingMethod->edit_form()
 5 APPPATH\Controllers\Edit\BaseEdit.php(66): App\Controllers\Edit\BaseEdit->gen_edit_form()
 6 SYSTEMPATH\CodeIgniter.php(898): App\Controllers\Edit\BaseEdit->index('53')
 7 SYSTEMPATH\CodeIgniter.php(468): CodeIgniter\CodeIgniter->runController(Object(App\Controllers\Edit\ShippingMethod))
 8 SYSTEMPATH\CodeIgniter.php(351): CodeIgniter\CodeIgniter->handleRequest(null, Object(Config\Cache), false)
 9 FCPATH\index.php(55): CodeIgniter\CodeIgniter->run()
CRITICAL - 2023-03-08 09:08:05 --> Too few arguments to function App\Controllers\Process\BaseProcess::redirect(), 0 passed in E:\SoftWare\xampp 7\htdocs\my_projects\Resume\Shop\app\Controllers\Process\BaseProcess.php on line 53 and exactly 1 expected
in APPPATH\Controllers\Process\BaseProcess.php on line 220.
 1 APPPATH\Controllers\Process\BaseProcess.php(53): App\Controllers\Process\BaseProcess->redirect()
 2 SYSTEMPATH\CodeIgniter.php(898): App\Controllers\Process\BaseProcess->index('ddd', '2')
 3 SYSTEMPATH\CodeIgniter.php(468): CodeIgniter\CodeIgniter->runController(Object(App\Controllers\Process\ShippingMethod))
 4 SYSTEMPATH\CodeIgniter.php(351): CodeIgniter\CodeIgniter->handleRequest(null, Object(Config\Cache), false)
 5 FCPATH\index.php(55): CodeIgniter\CodeIgniter->run()
CRITICAL - 2023-03-08 10:34:34 --> Call to undefined method App\Controllers\Panel\ShippingMethod::gen_edit_form()
in APPPATH\Controllers\Panel\BaseManage.php on line 44.
 1 SYSTEMPATH\CodeIgniter.php(898): App\Controllers\Panel\BaseManage->index()
 2 SYSTEMPATH\CodeIgniter.php(468): CodeIgniter\CodeIgniter->runController(Object(App\Controllers\Panel\ShippingMethod))
 3 SYSTEMPATH\CodeIgniter.php(351): CodeIgniter\CodeIgniter->handleRequest(null, Object(Config\Cache), false)
 4 FCPATH\index.php(55): CodeIgniter\CodeIgniter->run()
