CRITICAL - 2023-02-06 06:04:22 --> Too few arguments to function App\Libraries\TEFakeContent\GenContent\GenContent::accidental_num(), 0 passed in E:\SoftWare\xampp 7\htdocs\my_projects\Resume\Shop\app\Libraries\TEFakeContent\Interpreter\Interpreting\Strings.php on line 83 and exactly 1 expected
in APPPATH\Libraries\TEFakeContent\GenContent\GenContent.php on line 41.
 1 APPPATH\Libraries\TEFakeContent\Interpreter\Interpreting\Strings.php(83): App\Libraries\TEFakeContent\GenContent\GenContent->accidental_num()
 2 APPPATH\Libraries\TEFakeContent\Interpreter\Interpreting\Strings.php(74): App\Libraries\TEFakeContent\Interpreter\Interpreting\Interpreting->get_random_data('#')
 3 APPPATH\Libraries\TEFakeContent\Interpreter\Interpreting\Strings.php(62): App\Libraries\TEFakeContent\Interpreter\Interpreting\Interpreting->str_replace('[###]')
 4 APPPATH\Libraries\TEFakeContent\Interpreter\Interpreting\Strings.php(53): App\Libraries\TEFakeContent\Interpreter\Interpreting\Interpreting->replacing('[###]')
 5 APPPATH\Libraries\TEFakeContent\Interpreter\Interpreting\Strings.php(10): App\Libraries\TEFakeContent\Interpreter\Interpreting\Interpreting->fetch_replace([...])
 6 APPPATH\Libraries\TEFakeContent\Interpreter\Interpreting\Interpreting.php(25): App\Libraries\TEFakeContent\Interpreter\Interpreting\Interpreting->strings('[###]')
 7 APPPATH\Libraries\TEFakeContent\Interpreter\Interpreter.php(44): App\Libraries\TEFakeContent\Interpreter\Interpreting\Interpreting->start('[###]')
 8 APPPATH\Libraries\TEFakeContent\Interpreter\Interpreter.php(33): App\Libraries\TEFakeContent\Interpreter\Interpreter->fetch_portions()
 9 APPPATH\Libraries\TEFakeContent\Interpreter\Interpreter.php(19): App\Libraries\TEFakeContent\Interpreter\Interpreter->making('[###]')
10 APPPATH\Libraries\TEFakeContent\TEFakeContent.php(16): App\Libraries\TEFakeContent\Interpreter\Interpreter->make_field('[###]')
11 APPPATH\Controllers\Home.php(26): App\Libraries\TEFakeContent\TEFakeContent->field('[###]')
12 SYSTEMPATH\CodeIgniter.php(898): App\Controllers\Home->index()
13 SYSTEMPATH\CodeIgniter.php(468): CodeIgniter\CodeIgniter->runController(Object(App\Controllers\Home))
14 SYSTEMPATH\CodeIgniter.php(351): CodeIgniter\CodeIgniter->handleRequest(null, Object(Config\Cache), false)
15 FCPATH\index.php(55): CodeIgniter\CodeIgniter->run()
CRITICAL - 2023-02-06 06:16:24 --> Call to undefined method App\Libraries\TEFakeContent\GenContent\GenContent::addidental_upper_alpha()
in APPPATH\Libraries\TEFakeContent\Interpreter\Interpreting\Strings.php on line 86.
 1 APPPATH\Libraries\TEFakeContent\Interpreter\Interpreting\Strings.php(73): App\Libraries\TEFakeContent\Interpreter\Interpreting\Interpreting->get_random_data('$')
 2 APPPATH\Libraries\TEFakeContent\Interpreter\Interpreting\Strings.php(61): App\Libraries\TEFakeContent\Interpreter\Interpreting\Interpreting->str_replace('[$##]')
 3 APPPATH\Libraries\TEFakeContent\Interpreter\Interpreting\Strings.php(53): App\Libraries\TEFakeContent\Interpreter\Interpreting\Interpreting->replacing('[$##]')
 4 APPPATH\Libraries\TEFakeContent\Interpreter\Interpreting\Strings.php(10): App\Libraries\TEFakeContent\Interpreter\Interpreting\Interpreting->fetch_replace([...])
 5 APPPATH\Libraries\TEFakeContent\Interpreter\Interpreting\Interpreting.php(25): App\Libraries\TEFakeContent\Interpreter\Interpreting\Interpreting->strings('[$##]')
 6 APPPATH\Libraries\TEFakeContent\Interpreter\Interpreter.php(44): App\Libraries\TEFakeContent\Interpreter\Interpreting\Interpreting->start('[$##]')
 7 APPPATH\Libraries\TEFakeContent\Interpreter\Interpreter.php(33): App\Libraries\TEFakeContent\Interpreter\Interpreter->fetch_portions()
 8 APPPATH\Libraries\TEFakeContent\Interpreter\Interpreter.php(19): App\Libraries\TEFakeContent\Interpreter\Interpreter->making('[$##]')
 9 APPPATH\Libraries\TEFakeContent\TEFakeContent.php(16): App\Libraries\TEFakeContent\Interpreter\Interpreter->make_field('[$##]')
10 APPPATH\Controllers\Home.php(26): App\Libraries\TEFakeContent\TEFakeContent->field('[$##]')
11 SYSTEMPATH\CodeIgniter.php(898): App\Controllers\Home->index()
12 SYSTEMPATH\CodeIgniter.php(468): CodeIgniter\CodeIgniter->runController(Object(App\Controllers\Home))
13 SYSTEMPATH\CodeIgniter.php(351): CodeIgniter\CodeIgniter->handleRequest(null, Object(Config\Cache), false)
14 FCPATH\index.php(55): CodeIgniter\CodeIgniter->run()
CRITICAL - 2023-02-06 06:25:57 --> Class 'App\Controllers\App\Libraries\TEFakeContent\Interpreter\Interpreting\String' not found
in APPPATH\Controllers\Home.php on line 24.
 1 SYSTEMPATH\CodeIgniter.php(898): App\Controllers\Home->index()
 2 SYSTEMPATH\CodeIgniter.php(468): CodeIgniter\CodeIgniter->runController(Object(App\Controllers\Home))
 3 SYSTEMPATH\CodeIgniter.php(351): CodeIgniter\CodeIgniter->handleRequest(null, Object(Config\Cache), false)
 4 FCPATH\index.php(55): CodeIgniter\CodeIgniter->run()
CRITICAL - 2023-02-06 08:48:37 --> Class 'App\Libraries\TEFakeContent\GenContent\Accidental' not found
in APPPATH\Libraries\TEFakeContent\GenContent\GenContent.php on line 38.
 1 APPPATH\Libraries\TEFakeContent\Interpreter\Interpreting\Strings.php(134): App\Libraries\TEFakeContent\GenContent\GenContent->accidental_upper_alpha(1)
 2 APPPATH\Libraries\TEFakeContent\Interpreter\Interpreting\Strings.php(115): App\Libraries\TEFakeContent\Interpreter\Interpreting\Interpreting->get_random_data('$')
 3 APPPATH\Libraries\TEFakeContent\Interpreter\Interpreting\Strings.php(97): App\Libraries\TEFakeContent\Interpreter\Interpreting\Interpreting->random_replace('[$@#%]')
 4 APPPATH\Libraries\TEFakeContent\Interpreter\Interpreting\Strings.php(85): App\Libraries\TEFakeContent\Interpreter\Interpreting\Interpreting->replacing('[$@#%]')
 5 APPPATH\Libraries\TEFakeContent\Interpreter\Interpreting\Strings.php(16): App\Libraries\TEFakeContent\Interpreter\Interpreting\Interpreting->fetch([...])
 6 APPPATH\Libraries\TEFakeContent\Interpreter\Interpreting\Interpreting.php(25): App\Libraries\TEFakeContent\Interpreter\Interpreting\Interpreting->strings('[$@#%]')
 7 APPPATH\Libraries\TEFakeContent\Interpreter\Interpreter.php(44): App\Libraries\TEFakeContent\Interpreter\Interpreting\Interpreting->start('[$@#%]')
 8 APPPATH\Libraries\TEFakeContent\Interpreter\Interpreter.php(33): App\Libraries\TEFakeContent\Interpreter\Interpreter->fetch_portions()
 9 APPPATH\Libraries\TEFakeContent\Interpreter\Interpreter.php(19): App\Libraries\TEFakeContent\Interpreter\Interpreter->making('[$@#%]')
10 APPPATH\Libraries\TEFakeContent\TEFakeContent.php(16): App\Libraries\TEFakeContent\Interpreter\Interpreter->make_field('[$@#%]')
11 APPPATH\Controllers\Home.php(25): App\Libraries\TEFakeContent\TEFakeContent->field('[$@#%]')
12 SYSTEMPATH\CodeIgniter.php(898): App\Controllers\Home->index()
13 SYSTEMPATH\CodeIgniter.php(468): CodeIgniter\CodeIgniter->runController(Object(App\Controllers\Home))
14 SYSTEMPATH\CodeIgniter.php(351): CodeIgniter\CodeIgniter->handleRequest(null, Object(Config\Cache), false)
15 FCPATH\index.php(55): CodeIgniter\CodeIgniter->run()
CRITICAL - 2023-02-06 08:49:14 --> Call to undefined method App\Libraries\TEFakeContent\GenContent\GenContent::lower_alpha()
in APPPATH\Libraries\TEFakeContent\GenContent\GenContent.php on line 29.
 1 APPPATH\Libraries\TEFakeContent\Interpreter\Interpreting\Strings.php(132): App\Libraries\TEFakeContent\GenContent\GenContent->accidental_lower_alpha(1)
 2 APPPATH\Libraries\TEFakeContent\Interpreter\Interpreting\Strings.php(115): App\Libraries\TEFakeContent\Interpreter\Interpreting\Interpreting->get_random_data('@')
 3 APPPATH\Libraries\TEFakeContent\Interpreter\Interpreting\Strings.php(97): App\Libraries\TEFakeContent\Interpreter\Interpreting\Interpreting->random_replace('[$@#%]')
 4 APPPATH\Libraries\TEFakeContent\Interpreter\Interpreting\Strings.php(85): App\Libraries\TEFakeContent\Interpreter\Interpreting\Interpreting->replacing('[$@#%]')
 5 APPPATH\Libraries\TEFakeContent\Interpreter\Interpreting\Strings.php(16): App\Libraries\TEFakeContent\Interpreter\Interpreting\Interpreting->fetch([...])
 6 APPPATH\Libraries\TEFakeContent\Interpreter\Interpreting\Interpreting.php(25): App\Libraries\TEFakeContent\Interpreter\Interpreting\Interpreting->strings('[$@#%]')
 7 APPPATH\Libraries\TEFakeContent\Interpreter\Interpreter.php(44): App\Libraries\TEFakeContent\Interpreter\Interpreting\Interpreting->start('[$@#%]')
 8 APPPATH\Libraries\TEFakeContent\Interpreter\Interpreter.php(33): App\Libraries\TEFakeContent\Interpreter\Interpreter->fetch_portions()
 9 APPPATH\Libraries\TEFakeContent\Interpreter\Interpreter.php(19): App\Libraries\TEFakeContent\Interpreter\Interpreter->making('[$@#%]')
10 APPPATH\Libraries\TEFakeContent\TEFakeContent.php(16): App\Libraries\TEFakeContent\Interpreter\Interpreter->make_field('[$@#%]')
11 APPPATH\Controllers\Home.php(25): App\Libraries\TEFakeContent\TEFakeContent->field('[$@#%]')
12 SYSTEMPATH\CodeIgniter.php(898): App\Controllers\Home->index()
13 SYSTEMPATH\CodeIgniter.php(468): CodeIgniter\CodeIgniter->runController(Object(App\Controllers\Home))
14 SYSTEMPATH\CodeIgniter.php(351): CodeIgniter\CodeIgniter->handleRequest(null, Object(Config\Cache), false)
15 FCPATH\index.php(55): CodeIgniter\CodeIgniter->run()
CRITICAL - 2023-02-06 09:28:36 --> Call to undefined method App\Libraries\TEFakeContent\GenContent\GenContent::datetime()
in APPPATH\Libraries\TEFakeContent\Interpreter\Interpreting\Method.php on line 15.
 1 APPPATH\Libraries\TEFakeContent\Interpreter\Interpreting\Method.php(8): App\Libraries\TEFakeContent\Interpreter\Interpreting\Interpreting->run_method([...])
 2 APPPATH\Libraries\TEFakeContent\Interpreter\Interpreting\Interpreting.php(23): App\Libraries\TEFakeContent\Interpreter\Interpreting\Interpreting->method('datetime()')
 3 APPPATH\Libraries\TEFakeContent\Interpreter\Interpreter.php(44): App\Libraries\TEFakeContent\Interpreter\Interpreting\Interpreting->start('datetime()')
 4 APPPATH\Libraries\TEFakeContent\Interpreter\Interpreter.php(33): App\Libraries\TEFakeContent\Interpreter\Interpreter->fetch_portions()
 5 APPPATH\Libraries\TEFakeContent\Interpreter\Interpreter.php(19): App\Libraries\TEFakeContent\Interpreter\Interpreter->making('datetime()')
 6 APPPATH\Libraries\TEFakeContent\TEFakeContent.php(16): App\Libraries\TEFakeContent\Interpreter\Interpreter->make_field('datetime()')
 7 APPPATH\Controllers\Home.php(26): App\Libraries\TEFakeContent\TEFakeContent->field('datetime()')
 8 SYSTEMPATH\CodeIgniter.php(898): App\Controllers\Home->index()
 9 SYSTEMPATH\CodeIgniter.php(468): CodeIgniter\CodeIgniter->runController(Object(App\Controllers\Home))
10 SYSTEMPATH\CodeIgniter.php(351): CodeIgniter\CodeIgniter->handleRequest(null, Object(Config\Cache), false)
11 FCPATH\index.php(55): CodeIgniter\CodeIgniter->run()
CRITICAL - 2023-02-06 10:10:59 --> Class 'App\Libraries\TEFakeContent\Interpreter\Interpreting\Interpreting' not found
in APPPATH\Libraries\TEFakeContent\Interpreter\Interpreter.php on line 14.
 1 APPPATH\Libraries\TEFakeContent\TEFakeContent.php(14): App\Libraries\TEFakeContent\Interpreter\Interpreter->__construct()
 2 APPPATH\Controllers\Home.php(26): App\Libraries\TEFakeContent\TEFakeContent->field('timestamp()')
 3 SYSTEMPATH\CodeIgniter.php(898): App\Controllers\Home->index()
 4 SYSTEMPATH\CodeIgniter.php(468): CodeIgniter\CodeIgniter->runController(Object(App\Controllers\Home))
 5 SYSTEMPATH\CodeIgniter.php(351): CodeIgniter\CodeIgniter->handleRequest(null, Object(Config\Cache), false)
 6 FCPATH\index.php(55): CodeIgniter\CodeIgniter->run()
CRITICAL - 2023-02-06 10:12:00 --> Return value of App\Libraries\TEFakeContent\Interpreter\Interpreter::interpreter() must be of the type string or null, object returned
in APPPATH\Libraries\TEFakeContent\Interpreter\Interpreter.php on line 56.
 1 APPPATH\Libraries\TEFakeContent\Interpreter\Interpreter.php(50): App\Libraries\TEFakeContent\Interpreter\Interpreter->interpreter('timestamp()')
 2 APPPATH\Libraries\TEFakeContent\Interpreter\Interpreter.php(37): App\Libraries\TEFakeContent\Interpreter\Interpreter->fetch_portions()
 3 APPPATH\Libraries\TEFakeContent\Interpreter\Interpreter.php(23): App\Libraries\TEFakeContent\Interpreter\Interpreter->making('timestamp()')
 4 APPPATH\Libraries\TEFakeContent\TEFakeContent.php(16): App\Libraries\TEFakeContent\Interpreter\Interpreter->make_field('timestamp()')
 5 APPPATH\Controllers\Home.php(26): App\Libraries\TEFakeContent\TEFakeContent->field('timestamp()')
 6 SYSTEMPATH\CodeIgniter.php(898): App\Controllers\Home->index()
 7 SYSTEMPATH\CodeIgniter.php(468): CodeIgniter\CodeIgniter->runController(Object(App\Controllers\Home))
 8 SYSTEMPATH\CodeIgniter.php(351): CodeIgniter\CodeIgniter->handleRequest(null, Object(Config\Cache), false)
 9 FCPATH\index.php(55): CodeIgniter\CodeIgniter->run()
