CRITICAL - 2023-02-07 05:50:35 --> Only variables should be passed by reference
in APPPATH\Libraries\TEFakeContent\Interpreter\Handlers\Range.php on line 10.
 1 APPPATH\Libraries\TEFakeContent\Interpreter\Handlers\Range.php(10): CodeIgniter\Debug\Exceptions->errorHandler(8, 'Only variables should be passed by reference', 'APPPATH\\Libraries\\TEFakeContent\\Interpreter\\Handlers\\Range.php', 10, [...])
 2 APPPATH\Libraries\TEFakeContent\Interpreter\Interpreter.php(55): App\Libraries\TEFakeContent\Interpreter\Handlers\Range->range('[10-20]')
 3 APPPATH\Libraries\TEFakeContent\Interpreter\Interpreter.php(42): App\Libraries\TEFakeContent\Interpreter\Interpreter->interpreter('[10-20]')
 4 APPPATH\Libraries\TEFakeContent\Interpreter\Interpreter.php(31): App\Libraries\TEFakeContent\Interpreter\Interpreter->fetch_portions()
 5 APPPATH\Libraries\TEFakeContent\Interpreter\Interpreter.php(17): App\Libraries\TEFakeContent\Interpreter\Interpreter->making('[10-20]')
 6 APPPATH\Libraries\TEFakeContent\TEFakeContent.php(16): App\Libraries\TEFakeContent\Interpreter\Interpreter->make_field('[10-20]')
 7 APPPATH\Controllers\Home.php(26): App\Libraries\TEFakeContent\TEFakeContent->field('[10-20]')
 8 SYSTEMPATH\CodeIgniter.php(898): App\Controllers\Home->index()
 9 SYSTEMPATH\CodeIgniter.php(468): CodeIgniter\CodeIgniter->runController(Object(App\Controllers\Home))
10 SYSTEMPATH\CodeIgniter.php(351): CodeIgniter\CodeIgniter->handleRequest(null, Object(Config\Cache), false)
11 FCPATH\index.php(55): CodeIgniter\CodeIgniter->run()
CRITICAL - 2023-02-07 06:06:57 --> random_int() expects parameter 2 to be int, string given
in APPPATH\Libraries\TEFakeContent\Interpreter\Handlers\Range.php on line 51.
 1 APPPATH\Libraries\TEFakeContent\Interpreter\Handlers\Range.php(51): random_int('10', 'a')
 2 APPPATH\Libraries\TEFakeContent\Interpreter\Handlers\Range.php(10): App\Libraries\TEFakeContent\Interpreter\Handlers\Range->int([...])
 3 APPPATH\Libraries\TEFakeContent\Interpreter\Interpreter.php(55): App\Libraries\TEFakeContent\Interpreter\Handlers\Range->range('[10-a]')
 4 APPPATH\Libraries\TEFakeContent\Interpreter\Interpreter.php(42): App\Libraries\TEFakeContent\Interpreter\Interpreter->interpreter('[10-a]')
 5 APPPATH\Libraries\TEFakeContent\Interpreter\Interpreter.php(31): App\Libraries\TEFakeContent\Interpreter\Interpreter->fetch_portions()
 6 APPPATH\Libraries\TEFakeContent\Interpreter\Interpreter.php(17): App\Libraries\TEFakeContent\Interpreter\Interpreter->making('[10-a]')
 7 APPPATH\Libraries\TEFakeContent\TEFakeContent.php(16): App\Libraries\TEFakeContent\Interpreter\Interpreter->make_field('[10-a]')
 8 APPPATH\Controllers\Home.php(26): App\Libraries\TEFakeContent\TEFakeContent->field('[10-a]')
 9 SYSTEMPATH\CodeIgniter.php(898): App\Controllers\Home->index()
10 SYSTEMPATH\CodeIgniter.php(468): CodeIgniter\CodeIgniter->runController(Object(App\Controllers\Home))
11 SYSTEMPATH\CodeIgniter.php(351): CodeIgniter\CodeIgniter->handleRequest(null, Object(Config\Cache), false)
12 FCPATH\index.php(55): CodeIgniter\CodeIgniter->run()
CRITICAL - 2023-02-07 07:11:52 --> Return value of App\Libraries\TEFakeContent\Interpreter\Handlers\Range::alpha_case() must be of the type string, none returned
in APPPATH\Libraries\TEFakeContent\Interpreter\Handlers\Range.php on line 76.
 1 APPPATH\Libraries\TEFakeContent\Interpreter\Handlers\Range.php(33): App\Libraries\TEFakeContent\Interpreter\Handlers\Range->alpha_case('1')
 2 APPPATH\Libraries\TEFakeContent\Interpreter\Handlers\Range.php(10): App\Libraries\TEFakeContent\Interpreter\Handlers\Range->detection([...])
 3 APPPATH\Libraries\TEFakeContent\Interpreter\Interpreter.php(55): App\Libraries\TEFakeContent\Interpreter\Handlers\Range->range('[1-4]')
 4 APPPATH\Libraries\TEFakeContent\Interpreter\Interpreter.php(42): App\Libraries\TEFakeContent\Interpreter\Interpreter->interpreter('[1-4]')
 5 APPPATH\Libraries\TEFakeContent\Interpreter\Interpreter.php(31): App\Libraries\TEFakeContent\Interpreter\Interpreter->fetch_portions()
 6 APPPATH\Libraries\TEFakeContent\Interpreter\Interpreter.php(17): App\Libraries\TEFakeContent\Interpreter\Interpreter->making('[1-4]')
 7 APPPATH\Libraries\TEFakeContent\TEFakeContent.php(16): App\Libraries\TEFakeContent\Interpreter\Interpreter->make_field('[1-4]')
 8 APPPATH\Controllers\Home.php(26): App\Libraries\TEFakeContent\TEFakeContent->field('[1-4]')
 9 SYSTEMPATH\CodeIgniter.php(898): App\Controllers\Home->index()
10 SYSTEMPATH\CodeIgniter.php(468): CodeIgniter\CodeIgniter->runController(Object(App\Controllers\Home))
11 SYSTEMPATH\CodeIgniter.php(351): CodeIgniter\CodeIgniter->handleRequest(null, Object(Config\Cache), false)
12 FCPATH\index.php(55): CodeIgniter\CodeIgniter->run()
CRITICAL - 2023-02-07 07:13:40 --> Return value of App\Libraries\TEFakeContent\Interpreter\Handlers\Range::alpha_case() must be of the type string, none returned
in APPPATH\Libraries\TEFakeContent\Interpreter\Handlers\Range.php on line 76.
 1 APPPATH\Libraries\TEFakeContent\Interpreter\Handlers\Range.php(33): App\Libraries\TEFakeContent\Interpreter\Handlers\Range->alpha_case('1')
 2 APPPATH\Libraries\TEFakeContent\Interpreter\Handlers\Range.php(10): App\Libraries\TEFakeContent\Interpreter\Handlers\Range->detection([...])
 3 APPPATH\Libraries\TEFakeContent\Interpreter\Interpreter.php(55): App\Libraries\TEFakeContent\Interpreter\Handlers\Range->range('[1-4]')
 4 APPPATH\Libraries\TEFakeContent\Interpreter\Interpreter.php(42): App\Libraries\TEFakeContent\Interpreter\Interpreter->interpreter('[1-4]')
 5 APPPATH\Libraries\TEFakeContent\Interpreter\Interpreter.php(31): App\Libraries\TEFakeContent\Interpreter\Interpreter->fetch_portions()
 6 APPPATH\Libraries\TEFakeContent\Interpreter\Interpreter.php(17): App\Libraries\TEFakeContent\Interpreter\Interpreter->making('[1-4]')
 7 APPPATH\Libraries\TEFakeContent\TEFakeContent.php(16): App\Libraries\TEFakeContent\Interpreter\Interpreter->make_field('[1-4]')
 8 APPPATH\Controllers\Home.php(26): App\Libraries\TEFakeContent\TEFakeContent->field('[1-4]')
 9 SYSTEMPATH\CodeIgniter.php(898): App\Controllers\Home->index()
10 SYSTEMPATH\CodeIgniter.php(468): CodeIgniter\CodeIgniter->runController(Object(App\Controllers\Home))
11 SYSTEMPATH\CodeIgniter.php(351): CodeIgniter\CodeIgniter->handleRequest(null, Object(Config\Cache), false)
12 FCPATH\index.php(55): CodeIgniter\CodeIgniter->run()
CRITICAL - 2023-02-07 07:16:05 --> Return value of App\Libraries\TEFakeContent\Interpreter\Handlers\Range::alpha_case() must be of the type string, none returned
in APPPATH\Libraries\TEFakeContent\Interpreter\Handlers\Range.php on line 76.
 1 APPPATH\Libraries\TEFakeContent\Interpreter\Handlers\Range.php(33): App\Libraries\TEFakeContent\Interpreter\Handlers\Range->alpha_case('1')
 2 APPPATH\Libraries\TEFakeContent\Interpreter\Handlers\Range.php(10): App\Libraries\TEFakeContent\Interpreter\Handlers\Range->detection([...])
 3 APPPATH\Libraries\TEFakeContent\Interpreter\Interpreter.php(55): App\Libraries\TEFakeContent\Interpreter\Handlers\Range->range('[1-4]')
 4 APPPATH\Libraries\TEFakeContent\Interpreter\Interpreter.php(42): App\Libraries\TEFakeContent\Interpreter\Interpreter->interpreter('[1-4]')
 5 APPPATH\Libraries\TEFakeContent\Interpreter\Interpreter.php(31): App\Libraries\TEFakeContent\Interpreter\Interpreter->fetch_portions()
 6 APPPATH\Libraries\TEFakeContent\Interpreter\Interpreter.php(17): App\Libraries\TEFakeContent\Interpreter\Interpreter->making('[1-4]')
 7 APPPATH\Libraries\TEFakeContent\TEFakeContent.php(16): App\Libraries\TEFakeContent\Interpreter\Interpreter->make_field('[1-4]')
 8 APPPATH\Controllers\Home.php(26): App\Libraries\TEFakeContent\TEFakeContent->field('[1-4]')
 9 SYSTEMPATH\CodeIgniter.php(898): App\Controllers\Home->index()
10 SYSTEMPATH\CodeIgniter.php(468): CodeIgniter\CodeIgniter->runController(Object(App\Controllers\Home))
11 SYSTEMPATH\CodeIgniter.php(351): CodeIgniter\CodeIgniter->handleRequest(null, Object(Config\Cache), false)
12 FCPATH\index.php(55): CodeIgniter\CodeIgniter->run()
CRITICAL - 2023-02-07 07:17:42 --> Return value of App\Libraries\TEFakeContent\Interpreter\Handlers\Range::alpha_case() must be of the type string, none returned
in APPPATH\Libraries\TEFakeContent\Interpreter\Handlers\Range.php on line 76.
 1 APPPATH\Libraries\TEFakeContent\Interpreter\Handlers\Range.php(33): App\Libraries\TEFakeContent\Interpreter\Handlers\Range->alpha_case('1')
 2 APPPATH\Libraries\TEFakeContent\Interpreter\Handlers\Range.php(10): App\Libraries\TEFakeContent\Interpreter\Handlers\Range->detection([...])
 3 APPPATH\Libraries\TEFakeContent\Interpreter\Interpreter.php(55): App\Libraries\TEFakeContent\Interpreter\Handlers\Range->range('[1-a]')
 4 APPPATH\Libraries\TEFakeContent\Interpreter\Interpreter.php(42): App\Libraries\TEFakeContent\Interpreter\Interpreter->interpreter('[1-a]')
 5 APPPATH\Libraries\TEFakeContent\Interpreter\Interpreter.php(31): App\Libraries\TEFakeContent\Interpreter\Interpreter->fetch_portions()
 6 APPPATH\Libraries\TEFakeContent\Interpreter\Interpreter.php(17): App\Libraries\TEFakeContent\Interpreter\Interpreter->making('[1-a]')
 7 APPPATH\Libraries\TEFakeContent\TEFakeContent.php(16): App\Libraries\TEFakeContent\Interpreter\Interpreter->make_field('[1-a]')
 8 APPPATH\Controllers\Home.php(26): App\Libraries\TEFakeContent\TEFakeContent->field('[1-a]')
 9 SYSTEMPATH\CodeIgniter.php(898): App\Controllers\Home->index()
10 SYSTEMPATH\CodeIgniter.php(468): CodeIgniter\CodeIgniter->runController(Object(App\Controllers\Home))
11 SYSTEMPATH\CodeIgniter.php(351): CodeIgniter\CodeIgniter->handleRequest(null, Object(Config\Cache), false)
12 FCPATH\index.php(55): CodeIgniter\CodeIgniter->run()
