CRITICAL - 2023-04-05 05:44:37 --> array_merge(): Expected parameter 2 to be an array, null given
in APPPATH\Controllers\BaseController.php on line 193.
 1 [internal function]: CodeIgniter\Debug\Exceptions->errorHandler(2, 'array_merge(): Expected parameter 2 to be an array, null given', 'APPPATH\\Controllers\\BaseController.php', 193, [...])
 2 APPPATH\Controllers\BaseController.php(193): array_merge([...], null)
 3 APPPATH\Controllers\BaseController.php(177): App\Controllers\BaseController->top_nav_items()
 4 APPPATH\Controllers\BaseController.php(135): App\Controllers\BaseController->gen_nav()
 5 APPPATH\Controllers\BaseController.php(99): App\Controllers\BaseController->header_content()
 6 APPPATH\Controllers\Home.php(19): App\Controllers\BaseController->view('VHome', 'Home')
 7 SYSTEMPATH\CodeIgniter.php(898): App\Controllers\Home->index()
 8 SYSTEMPATH\CodeIgniter.php(468): CodeIgniter\CodeIgniter->runController(Object(App\Controllers\Home))
 9 SYSTEMPATH\CodeIgniter.php(351): CodeIgniter\CodeIgniter->handleRequest(null, Object(Config\Cache), false)
10 FCPATH\index.php(55): CodeIgniter\CodeIgniter->run()
CRITICAL - 2023-04-05 06:34:26 --> Undefined index: number
in APPPATH\Models\MCart.php on line 100.
 1 APPPATH\Models\MCart.php(100): CodeIgniter\Debug\Exceptions->errorHandler(8, 'Undefined index: number', 'APPPATH\\Models\\MCart.php', 100, [...])
 2 APPPATH\Models\MCart.php(74): App\Models\MCart->get_number_of_product('4')
 3 APPPATH\Models\MCart.php(29): App\Models\MCart->add_number_product('4')
 4 APPPATH\Controllers\Panel\Cart.php(13): App\Models\MCart->add_to_cart('4')
 5 SYSTEMPATH\CodeIgniter.php(898): App\Controllers\Panel\Cart->index('1')
 6 SYSTEMPATH\CodeIgniter.php(468): CodeIgniter\CodeIgniter->runController(Object(App\Controllers\Panel\Cart))
 7 SYSTEMPATH\CodeIgniter.php(351): CodeIgniter\CodeIgniter->handleRequest(null, Object(Config\Cache), false)
 8 FCPATH\index.php(55): CodeIgniter\CodeIgniter->run()
CRITICAL - 2023-04-05 06:46:42 --> Object of class App\Models\MCart could not be converted to string
in APPPATH\Models\MCart.php on line 97.
 1 APPPATH\Models\MCart.php(74): App\Models\MCart->get_number_of_product('4')
 2 APPPATH\Models\MCart.php(29): App\Models\MCart->add_number_product('4')
 3 APPPATH\Controllers\Panel\Cart.php(13): App\Models\MCart->add_to_cart('4')
 4 SYSTEMPATH\CodeIgniter.php(898): App\Controllers\Panel\Cart->index('1')
 5 SYSTEMPATH\CodeIgniter.php(468): CodeIgniter\CodeIgniter->runController(Object(App\Controllers\Panel\Cart))
 6 SYSTEMPATH\CodeIgniter.php(351): CodeIgniter\CodeIgniter->handleRequest(null, Object(Config\Cache), false)
 7 FCPATH\index.php(55): CodeIgniter\CodeIgniter->run()
CRITICAL - 2023-04-05 07:04:05 --> Cannot use object of type stdClass as array
in APPPATH\Models\MCart.php on line 110.
 1 APPPATH\Models\MCart.php(74): App\Models\MCart->get_number_of_product('4')
 2 APPPATH\Models\MCart.php(29): App\Models\MCart->add_number_product('4')
 3 APPPATH\Controllers\Panel\Cart.php(13): App\Models\MCart->add_to_cart('4')
 4 SYSTEMPATH\CodeIgniter.php(898): App\Controllers\Panel\Cart->index('1')
 5 SYSTEMPATH\CodeIgniter.php(468): CodeIgniter\CodeIgniter->runController(Object(App\Controllers\Panel\Cart))
 6 SYSTEMPATH\CodeIgniter.php(351): CodeIgniter\CodeIgniter->handleRequest(null, Object(Config\Cache), false)
 7 FCPATH\index.php(55): CodeIgniter\CodeIgniter->run()
CRITICAL - 2023-04-05 08:05:46 --> syntax error, unexpected '$this' (T_VARIABLE)
in APPPATH\Controllers\Panel\Cart.php on line 20.
 1 SYSTEMPATH\Autoloader\Autoloader.php(261): CodeIgniter\Autoloader\Autoloader->includeFile('APPPATH\\Controllers\\Panel\\Cart.php')
 2 SYSTEMPATH\Autoloader\Autoloader.php(239): CodeIgniter\Autoloader\Autoloader->loadInNamespace('App\\Controllers\\Panel\\Cart')
 3 [internal function]: CodeIgniter\Autoloader\Autoloader->loadClass('App\\Controllers\\Panel\\Cart')
 4 [internal function]: spl_autoload_call('App\\Controllers\\Panel\\Cart')
 5 SYSTEMPATH\CodeIgniter.php(848): class_exists('\\App\\Controllers\\Panel\\Cart', true)
 6 SYSTEMPATH\CodeIgniter.php(455): CodeIgniter\CodeIgniter->startController()
 7 SYSTEMPATH\CodeIgniter.php(351): CodeIgniter\CodeIgniter->handleRequest(null, Object(Config\Cache), false)
 8 FCPATH\index.php(55): CodeIgniter\CodeIgniter->run()
CRITICAL - 2023-04-05 08:29:37 --> Undefined property: stdClass::$total_number_product
in APPPATH\Models\MCart.php on line 145.
 1 APPPATH\Models\MCart.php(145): CodeIgniter\Debug\Exceptions->errorHandler(8, 'Undefined property: stdClass::$total_number_product', 'APPPATH\\Models\\MCart.php', 145, [...])
 2 APPPATH\Controllers\Panel\Cart.php(20): App\Models\MCart->get_total_number_products()
 3 SYSTEMPATH\CodeIgniter.php(898): App\Controllers\Panel\Cart->index('1')
 4 SYSTEMPATH\CodeIgniter.php(468): CodeIgniter\CodeIgniter->runController(Object(App\Controllers\Panel\Cart))
 5 SYSTEMPATH\CodeIgniter.php(351): CodeIgniter\CodeIgniter->handleRequest(null, Object(Config\Cache), false)
 6 FCPATH\index.php(55): CodeIgniter\CodeIgniter->run()
CRITICAL - 2023-04-05 08:44:13 --> Undefined property: stdClass::$total_number_products
in APPPATH\Models\MCart.php on line 142.
 1 APPPATH\Models\MCart.php(142): CodeIgniter\Debug\Exceptions->errorHandler(8, 'Undefined property: stdClass::$total_number_products', 'APPPATH\\Models\\MCart.php', 142, [...])
 2 APPPATH\Controllers\Panel\Cart.php(20): App\Models\MCart->get_total_number_products()
 3 SYSTEMPATH\CodeIgniter.php(898): App\Controllers\Panel\Cart->index('1')
 4 SYSTEMPATH\CodeIgniter.php(468): CodeIgniter\CodeIgniter->runController(Object(App\Controllers\Panel\Cart))
 5 SYSTEMPATH\CodeIgniter.php(351): CodeIgniter\CodeIgniter->handleRequest(null, Object(Config\Cache), false)
 6 FCPATH\index.php(55): CodeIgniter\CodeIgniter->run()
CRITICAL - 2023-04-05 08:44:47 --> Undefined property: stdClass::$total_number_products
in APPPATH\Models\MCart.php on line 142.
 1 APPPATH\Models\MCart.php(142): CodeIgniter\Debug\Exceptions->errorHandler(8, 'Undefined property: stdClass::$total_number_products', 'APPPATH\\Models\\MCart.php', 142, [...])
 2 APPPATH\Controllers\Panel\Cart.php(20): App\Models\MCart->get_total_number_products()
 3 SYSTEMPATH\CodeIgniter.php(898): App\Controllers\Panel\Cart->index('1')
 4 SYSTEMPATH\CodeIgniter.php(468): CodeIgniter\CodeIgniter->runController(Object(App\Controllers\Panel\Cart))
 5 SYSTEMPATH\CodeIgniter.php(351): CodeIgniter\CodeIgniter->handleRequest(null, Object(Config\Cache), false)
 6 FCPATH\index.php(55): CodeIgniter\CodeIgniter->run()
ERROR - 2023-04-05 09:46:40 --> Unknown column 'c.number * p.price' in 'field list'
CRITICAL - 2023-04-05 09:46:40 --> Unknown column 'c.number * p.price' in 'field list'
in SYSTEMPATH\Database\MySQLi\Connection.php on line 292.
 1 SYSTEMPATH\Database\MySQLi\Connection.php(292): mysqli->query('SELECT `c`.`number * p`.`price` as `total_price`
FROM `cart` as `c`
JOIN `products` as `p` ON `p`.`id` = `c`.`product_id`
WHERE `c`.`customer_id` = \'1\'', 0)
 2 SYSTEMPATH\Database\BaseConnection.php(678): CodeIgniter\Database\MySQLi\Connection->execute('SELECT `c`.`number * p`.`price` as `total_price`
FROM `cart` as `c`
JOIN `products` as `p` ON `p`.`id` = `c`.`product_id`
WHERE `c`.`customer_id` = \'1\'')
 3 SYSTEMPATH\Database\BaseConnection.php(606): CodeIgniter\Database\BaseConnection->simpleQuery('SELECT `c`.`number * p`.`price` as `total_price`
FROM `cart` as `c`
JOIN `products` as `p` ON `p`.`id` = `c`.`product_id`
WHERE `c`.`customer_id` = \'1\'')
 4 SYSTEMPATH\Database\BaseBuilder.php(1585): CodeIgniter\Database\BaseConnection->query('SELECT `c`.`number * p`.`price` as `total_price`
FROM `cart` as `c`
JOIN `products` as `p` ON `p`.`id` = `c`.`product_id`
WHERE `c`.`customer_id` = :c.customer_id:', [...], false)
 5 APPPATH\Models\MCart.php(194): CodeIgniter\Database\BaseBuilder->get()
 6 APPPATH\Controllers\Panel\Cart.php(21): App\Models\MCart->total_price()
 7 SYSTEMPATH\CodeIgniter.php(898): App\Controllers\Panel\Cart->index('1')
 8 SYSTEMPATH\CodeIgniter.php(468): CodeIgniter\CodeIgniter->runController(Object(App\Controllers\Panel\Cart))
 9 SYSTEMPATH\CodeIgniter.php(351): CodeIgniter\CodeIgniter->handleRequest(null, Object(Config\Cache), false)
10 FCPATH\index.php(55): CodeIgniter\CodeIgniter->run()
CRITICAL - 2023-04-05 09:47:38 --> Array to string conversion
in APPPATH\Controllers\Panel\Cart.php on line 21.
 1 APPPATH\Controllers\Panel\Cart.php(21): CodeIgniter\Debug\Exceptions->errorHandler(8, 'Array to string conversion', 'APPPATH\\Controllers\\Panel\\Cart.php', 21, [...])
 2 SYSTEMPATH\CodeIgniter.php(898): App\Controllers\Panel\Cart->index('1')
 3 SYSTEMPATH\CodeIgniter.php(468): CodeIgniter\CodeIgniter->runController(Object(App\Controllers\Panel\Cart))
 4 SYSTEMPATH\CodeIgniter.php(351): CodeIgniter\CodeIgniter->handleRequest(null, Object(Config\Cache), false)
 5 FCPATH\index.php(55): CodeIgniter\CodeIgniter->run()
