CRITICAL - 2022-11-01 08:36:25 --> Call to undefined function App\Libraries\Form\form_label()
in APPPATH\Libraries\Form\Form.php on line 89.
 1 APPPATH\Controllers\Panel\ManageBrands.php(15): App\Libraries\Form\Form->text('brand_name', 'Brand Name')
 2 APPPATH\Controllers\Panel\ManageBrands.php(7): App\Controllers\Panel\ManageBrands->gen_form()
 3 SYSTEMPATH\CodeIgniter.php(898): App\Controllers\Panel\ManageBrands->index()
 4 SYSTEMPATH\CodeIgniter.php(468): CodeIgniter\CodeIgniter->runController(Object(App\Controllers\Panel\ManageBrands))
 5 SYSTEMPATH\CodeIgniter.php(351): CodeIgniter\CodeIgniter->handleRequest(null, Object(Config\Cache), false)
 6 FCPATH\index.php(55): CodeIgniter\CodeIgniter->run()
CRITICAL - 2022-11-01 08:37:32 --> Object of class App\Libraries\Form\Form could not be converted to string
in APPPATH\Views\Panel\VManageBrands.php on line 3.
 1 SYSTEMPATH\View\View.php(213): include()
 2 SYSTEMPATH\View\View.php(216): CodeIgniter\View\View->CodeIgniter\View\{closure}()
 3 SYSTEMPATH\Common.php(1135): CodeIgniter\View\View->render('Panel\\VManageBrands', [], true)
 4 APPPATH\Controllers\BaseController.php(119): view('Panel\\VManageBrands')
 5 APPPATH\Controllers\BaseController.php(90): App\Controllers\BaseController->load_views('Panel\\VManageBrands')
 6 APPPATH\Controllers\Panel\ManageBrands.php(9): App\Controllers\BaseController->view('Panel\\VManageBrands')
 7 SYSTEMPATH\CodeIgniter.php(898): App\Controllers\Panel\ManageBrands->index()
 8 SYSTEMPATH\CodeIgniter.php(468): CodeIgniter\CodeIgniter->runController(Object(App\Controllers\Panel\ManageBrands))
 9 SYSTEMPATH\CodeIgniter.php(351): CodeIgniter\CodeIgniter->handleRequest(null, Object(Config\Cache), false)
10 FCPATH\index.php(55): CodeIgniter\CodeIgniter->run()
CRITICAL - 2022-11-01 08:38:35 --> Object of class App\Libraries\Form\Form could not be converted to string
in APPPATH\Views\Panel\VManageBrands.php on line 3.
 1 SYSTEMPATH\View\View.php(213): include()
 2 SYSTEMPATH\View\View.php(216): CodeIgniter\View\View->CodeIgniter\View\{closure}()
 3 SYSTEMPATH\Common.php(1135): CodeIgniter\View\View->render('Panel\\VManageBrands', [], true)
 4 APPPATH\Controllers\BaseController.php(119): view('Panel\\VManageBrands')
 5 APPPATH\Controllers\BaseController.php(90): App\Controllers\BaseController->load_views('Panel\\VManageBrands')
 6 APPPATH\Controllers\Panel\ManageBrands.php(9): App\Controllers\BaseController->view('Panel\\VManageBrands')
 7 SYSTEMPATH\CodeIgniter.php(898): App\Controllers\Panel\ManageBrands->index()
 8 SYSTEMPATH\CodeIgniter.php(468): CodeIgniter\CodeIgniter->runController(Object(App\Controllers\Panel\ManageBrands))
 9 SYSTEMPATH\CodeIgniter.php(351): CodeIgniter\CodeIgniter->handleRequest(null, Object(Config\Cache), false)
10 FCPATH\index.php(55): CodeIgniter\CodeIgniter->run()
CRITICAL - 2022-11-01 08:38:37 --> Object of class App\Libraries\Form\Form could not be converted to string
in APPPATH\Views\Panel\VManageBrands.php on line 3.
 1 SYSTEMPATH\View\View.php(213): include()
 2 SYSTEMPATH\View\View.php(216): CodeIgniter\View\View->CodeIgniter\View\{closure}()
 3 SYSTEMPATH\Common.php(1135): CodeIgniter\View\View->render('Panel\\VManageBrands', [], true)
 4 APPPATH\Controllers\BaseController.php(119): view('Panel\\VManageBrands')
 5 APPPATH\Controllers\BaseController.php(90): App\Controllers\BaseController->load_views('Panel\\VManageBrands')
 6 APPPATH\Controllers\Panel\ManageBrands.php(9): App\Controllers\BaseController->view('Panel\\VManageBrands')
 7 SYSTEMPATH\CodeIgniter.php(898): App\Controllers\Panel\ManageBrands->index()
 8 SYSTEMPATH\CodeIgniter.php(468): CodeIgniter\CodeIgniter->runController(Object(App\Controllers\Panel\ManageBrands))
 9 SYSTEMPATH\CodeIgniter.php(351): CodeIgniter\CodeIgniter->handleRequest(null, Object(Config\Cache), false)
10 FCPATH\index.php(55): CodeIgniter\CodeIgniter->run()
CRITICAL - 2022-11-01 10:36:10 --> Undefined constant 'App\Controllers\Process'
in APPPATH\Controllers\Process\ManageBrands.php on line 2.
 1 SYSTEMPATH\Autoloader\Autoloader.php(284): include_once()
 2 SYSTEMPATH\Autoloader\Autoloader.php(261): CodeIgniter\Autoloader\Autoloader->includeFile('APPPATH\\Controllers\\Process\\ManageBrands.php')
 3 SYSTEMPATH\Autoloader\Autoloader.php(239): CodeIgniter\Autoloader\Autoloader->loadInNamespace('App\\Controllers\\Process\\ManageBrands')
 4 [internal function]: CodeIgniter\Autoloader\Autoloader->loadClass('App\\Controllers\\Process\\ManageBrands')
 5 [internal function]: spl_autoload_call('App\\Controllers\\Process\\ManageBrands')
 6 SYSTEMPATH\CodeIgniter.php(848): class_exists('\\App\\Controllers\\Process\\ManageBrands', true)
 7 SYSTEMPATH\CodeIgniter.php(455): CodeIgniter\CodeIgniter->startController()
 8 SYSTEMPATH\CodeIgniter.php(351): CodeIgniter\CodeIgniter->handleRequest(null, Object(Config\Cache), false)
 9 FCPATH\index.php(55): CodeIgniter\CodeIgniter->run()
CRITICAL - 2022-11-01 10:50:53 --> Undefined constant 'App\Controllers\Process'
in APPPATH\Controllers\Process\ManageBrands.php on line 2.
 1 SYSTEMPATH\Autoloader\Autoloader.php(284): include_once()
 2 SYSTEMPATH\Autoloader\Autoloader.php(261): CodeIgniter\Autoloader\Autoloader->includeFile('APPPATH\\Controllers\\Process\\ManageBrands.php')
 3 SYSTEMPATH\Autoloader\Autoloader.php(239): CodeIgniter\Autoloader\Autoloader->loadInNamespace('App\\Controllers\\Process\\ManageBrands')
 4 [internal function]: CodeIgniter\Autoloader\Autoloader->loadClass('App\\Controllers\\Process\\ManageBrands')
 5 [internal function]: spl_autoload_call('App\\Controllers\\Process\\ManageBrands')
 6 SYSTEMPATH\CodeIgniter.php(848): class_exists('\\App\\Controllers\\Process\\ManageBrands', true)
 7 SYSTEMPATH\CodeIgniter.php(455): CodeIgniter\CodeIgniter->startController()
 8 SYSTEMPATH\CodeIgniter.php(351): CodeIgniter\CodeIgniter->handleRequest(null, Object(Config\Cache), false)
 9 FCPATH\index.php(55): CodeIgniter\CodeIgniter->run()
CRITICAL - 2022-11-01 10:51:40 --> Undefined constant 'App\Controllers\Process'
in APPPATH\Controllers\Process\ManageBrands.php on line 2.
 1 SYSTEMPATH\Autoloader\Autoloader.php(284): include_once()
 2 SYSTEMPATH\Autoloader\Autoloader.php(261): CodeIgniter\Autoloader\Autoloader->includeFile('APPPATH\\Controllers\\Process\\ManageBrands.php')
 3 SYSTEMPATH\Autoloader\Autoloader.php(239): CodeIgniter\Autoloader\Autoloader->loadInNamespace('App\\Controllers\\Process\\ManageBrands')
 4 [internal function]: CodeIgniter\Autoloader\Autoloader->loadClass('App\\Controllers\\Process\\ManageBrands')
 5 [internal function]: spl_autoload_call('App\\Controllers\\Process\\ManageBrands')
 6 SYSTEMPATH\CodeIgniter.php(848): class_exists('\\App\\Controllers\\Process\\ManageBrands', true)
 7 SYSTEMPATH\CodeIgniter.php(455): CodeIgniter\CodeIgniter->startController()
 8 SYSTEMPATH\CodeIgniter.php(351): CodeIgniter\CodeIgniter->handleRequest(null, Object(Config\Cache), false)
 9 FCPATH\index.php(55): CodeIgniter\CodeIgniter->run()
CRITICAL - 2022-11-01 10:51:45 --> Undefined constant 'App\Controllers\Process'
in APPPATH\Controllers\Process\ManageBrands.php on line 2.
 1 SYSTEMPATH\Autoloader\Autoloader.php(284): include_once()
 2 SYSTEMPATH\Autoloader\Autoloader.php(261): CodeIgniter\Autoloader\Autoloader->includeFile('APPPATH\\Controllers\\Process\\ManageBrands.php')
 3 SYSTEMPATH\Autoloader\Autoloader.php(239): CodeIgniter\Autoloader\Autoloader->loadInNamespace('App\\Controllers\\Process\\ManageBrands')
 4 [internal function]: CodeIgniter\Autoloader\Autoloader->loadClass('App\\Controllers\\Process\\ManageBrands')
 5 [internal function]: spl_autoload_call('App\\Controllers\\Process\\ManageBrands')
 6 SYSTEMPATH\CodeIgniter.php(848): class_exists('\\App\\Controllers\\Process\\ManageBrands', true)
 7 SYSTEMPATH\CodeIgniter.php(455): CodeIgniter\CodeIgniter->startController()
 8 SYSTEMPATH\CodeIgniter.php(351): CodeIgniter\CodeIgniter->handleRequest(null, Object(Config\Cache), false)
 9 FCPATH\index.php(55): CodeIgniter\CodeIgniter->run()
CRITICAL - 2022-11-01 10:52:43 --> Undefined constant 'App\Controllers\Process'
in APPPATH\Controllers\Process\ManageBrands.php on line 2.
 1 SYSTEMPATH\Autoloader\Autoloader.php(284): include_once()
 2 SYSTEMPATH\Autoloader\Autoloader.php(261): CodeIgniter\Autoloader\Autoloader->includeFile('APPPATH\\Controllers\\Process\\ManageBrands.php')
 3 SYSTEMPATH\Autoloader\Autoloader.php(239): CodeIgniter\Autoloader\Autoloader->loadInNamespace('App\\Controllers\\Process\\ManageBrands')
 4 [internal function]: CodeIgniter\Autoloader\Autoloader->loadClass('App\\Controllers\\Process\\ManageBrands')
 5 [internal function]: spl_autoload_call('App\\Controllers\\Process\\ManageBrands')
 6 SYSTEMPATH\CodeIgniter.php(848): class_exists('\\App\\Controllers\\Process\\ManageBrands', true)
 7 SYSTEMPATH\CodeIgniter.php(455): CodeIgniter\CodeIgniter->startController()
 8 SYSTEMPATH\CodeIgniter.php(351): CodeIgniter\CodeIgniter->handleRequest(null, Object(Config\Cache), false)
 9 FCPATH\index.php(55): CodeIgniter\CodeIgniter->run()
CRITICAL - 2022-11-01 10:54:40 --> Undefined constant 'App\Controllers\Process'
in APPPATH\Controllers\Process\ManageBrands.php on line 2.
 1 SYSTEMPATH\Autoloader\Autoloader.php(284): include_once()
 2 SYSTEMPATH\Autoloader\Autoloader.php(261): CodeIgniter\Autoloader\Autoloader->includeFile('APPPATH\\Controllers\\Process\\ManageBrands.php')
 3 SYSTEMPATH\Autoloader\Autoloader.php(239): CodeIgniter\Autoloader\Autoloader->loadInNamespace('App\\Controllers\\Process\\ManageBrands')
 4 [internal function]: CodeIgniter\Autoloader\Autoloader->loadClass('App\\Controllers\\Process\\ManageBrands')
 5 [internal function]: spl_autoload_call('App\\Controllers\\Process\\ManageBrands')
 6 SYSTEMPATH\CodeIgniter.php(848): class_exists('\\App\\Controllers\\Process\\ManageBrands', true)
 7 SYSTEMPATH\CodeIgniter.php(455): CodeIgniter\CodeIgniter->startController()
 8 SYSTEMPATH\CodeIgniter.php(351): CodeIgniter\CodeIgniter->handleRequest(null, Object(Config\Cache), false)
 9 FCPATH\index.php(55): CodeIgniter\CodeIgniter->run()
CRITICAL - 2022-11-01 10:59:26 --> Undefined constant 'App\Controllers\Process'
in APPPATH\Controllers\Process\ManageBrands.php on line 2.
 1 SYSTEMPATH\Autoloader\Autoloader.php(284): include_once()
 2 SYSTEMPATH\Autoloader\Autoloader.php(261): CodeIgniter\Autoloader\Autoloader->includeFile('APPPATH\\Controllers\\Process\\ManageBrands.php')
 3 SYSTEMPATH\Autoloader\Autoloader.php(239): CodeIgniter\Autoloader\Autoloader->loadInNamespace('App\\Controllers\\Process\\ManageBrands')
 4 [internal function]: CodeIgniter\Autoloader\Autoloader->loadClass('App\\Controllers\\Process\\ManageBrands')
 5 [internal function]: spl_autoload_call('App\\Controllers\\Process\\ManageBrands')
 6 SYSTEMPATH\CodeIgniter.php(848): class_exists('\\App\\Controllers\\Process\\ManageBrands', true)
 7 SYSTEMPATH\CodeIgniter.php(455): CodeIgniter\CodeIgniter->startController()
 8 SYSTEMPATH\CodeIgniter.php(351): CodeIgniter\CodeIgniter->handleRequest(null, Object(Config\Cache), false)
 9 FCPATH\index.php(55): CodeIgniter\CodeIgniter->run()
CRITICAL - 2022-11-01 11:03:13 --> Undefined constant 'App\Controllers\Process'
in APPPATH\Controllers\Process\ManageBrands.php on line 2.
 1 SYSTEMPATH\Autoloader\Autoloader.php(284): include_once()
 2 SYSTEMPATH\Autoloader\Autoloader.php(261): CodeIgniter\Autoloader\Autoloader->includeFile('APPPATH\\Controllers\\Process\\ManageBrands.php')
 3 SYSTEMPATH\Autoloader\Autoloader.php(239): CodeIgniter\Autoloader\Autoloader->loadInNamespace('App\\Controllers\\Process\\ManageBrands')
 4 [internal function]: CodeIgniter\Autoloader\Autoloader->loadClass('App\\Controllers\\Process\\ManageBrands')
 5 [internal function]: spl_autoload_call('App\\Controllers\\Process\\ManageBrands')
 6 SYSTEMPATH\CodeIgniter.php(848): class_exists('\\App\\Controllers\\Process\\ManageBrands', true)
 7 SYSTEMPATH\CodeIgniter.php(455): CodeIgniter\CodeIgniter->startController()
 8 SYSTEMPATH\CodeIgniter.php(351): CodeIgniter\CodeIgniter->handleRequest(null, Object(Config\Cache), false)
 9 FCPATH\index.php(55): CodeIgniter\CodeIgniter->run()
CRITICAL - 2022-11-01 11:03:56 --> Undefined variable: operation
in APPPATH\Controllers\Process\ManageBrands.php on line 8.
 1 APPPATH\Controllers\Process\ManageBrands.php(8): CodeIgniter\Debug\Exceptions->errorHandler(8, 'Undefined variable: operation', 'APPPATH\\Controllers\\Process\\ManageBrands.php', 8, [])
 2 SYSTEMPATH\CodeIgniter.php(898): App\Controllers\Process\ManageBrands->process()
 3 SYSTEMPATH\CodeIgniter.php(468): CodeIgniter\CodeIgniter->runController(Object(App\Controllers\Process\ManageBrands))
 4 SYSTEMPATH\CodeIgniter.php(351): CodeIgniter\CodeIgniter->handleRequest(null, Object(Config\Cache), false)
 5 FCPATH\index.php(55): CodeIgniter\CodeIgniter->run()
CRITICAL - 2022-11-01 11:08:03 --> Call to undefined method CodeIgniter\HTTP\IncomingRequest::redirect()
in APPPATH\Controllers\Process\ManageBrands.php on line 12.
 1 SYSTEMPATH\CodeIgniter.php(898): App\Controllers\Process\ManageBrands->process('aaa')
 2 SYSTEMPATH\CodeIgniter.php(468): CodeIgniter\CodeIgniter->runController(Object(App\Controllers\Process\ManageBrands))
 3 SYSTEMPATH\CodeIgniter.php(351): CodeIgniter\CodeIgniter->handleRequest(null, Object(Config\Cache), false)
 4 FCPATH\index.php(55): CodeIgniter\CodeIgniter->run()
CRITICAL - 2022-11-01 11:29:54 --> Call to a member function reset() on null
in SYSTEMPATH\BaseModel.php on line 1347.
 1 SYSTEMPATH\BaseModel.php(707): CodeIgniter\BaseModel->validate([...])
 2 SYSTEMPATH\Model.php(666): CodeIgniter\BaseModel->insert([...], true)
 3 APPPATH\Controllers\Process\ManageBrands.php(22): CodeIgniter\Model->insert([...])
 4 APPPATH\Controllers\Process\ManageBrands.php(11): App\Controllers\Process\ManageBrands->save_brand()
 5 SYSTEMPATH\CodeIgniter.php(898): App\Controllers\Process\ManageBrands->process('save')
 6 SYSTEMPATH\CodeIgniter.php(468): CodeIgniter\CodeIgniter->runController(Object(App\Controllers\Process\ManageBrands))
 7 SYSTEMPATH\CodeIgniter.php(351): CodeIgniter\CodeIgniter->handleRequest(null, Object(Config\Cache), false)
 8 FCPATH\index.php(55): CodeIgniter\CodeIgniter->run()
CRITICAL - 2022-11-01 11:30:48 --> Call to a member function reset() on null
in SYSTEMPATH\BaseModel.php on line 1347.
 1 SYSTEMPATH\BaseModel.php(707): CodeIgniter\BaseModel->validate([...])
 2 SYSTEMPATH\Model.php(666): CodeIgniter\BaseModel->insert([...], true)
 3 APPPATH\Controllers\Process\ManageBrands.php(22): CodeIgniter\Model->insert([...])
 4 APPPATH\Controllers\Process\ManageBrands.php(11): App\Controllers\Process\ManageBrands->save_brand()
 5 SYSTEMPATH\CodeIgniter.php(898): App\Controllers\Process\ManageBrands->process('save')
 6 SYSTEMPATH\CodeIgniter.php(468): CodeIgniter\CodeIgniter->runController(Object(App\Controllers\Process\ManageBrands))
 7 SYSTEMPATH\CodeIgniter.php(351): CodeIgniter\CodeIgniter->handleRequest(null, Object(Config\Cache), false)
 8 FCPATH\index.php(55): CodeIgniter\CodeIgniter->run()
CRITICAL - 2022-11-01 11:32:36 --> Call to a member function reset() on null
in SYSTEMPATH\BaseModel.php on line 1347.
 1 SYSTEMPATH\BaseModel.php(707): CodeIgniter\BaseModel->validate([...])
 2 SYSTEMPATH\Model.php(666): CodeIgniter\BaseModel->insert([...], true)
 3 APPPATH\Controllers\Process\ManageBrands.php(22): CodeIgniter\Model->insert([...])
 4 APPPATH\Controllers\Process\ManageBrands.php(11): App\Controllers\Process\ManageBrands->save_brand()
 5 SYSTEMPATH\CodeIgniter.php(898): App\Controllers\Process\ManageBrands->process('save')
 6 SYSTEMPATH\CodeIgniter.php(468): CodeIgniter\CodeIgniter->runController(Object(App\Controllers\Process\ManageBrands))
 7 SYSTEMPATH\CodeIgniter.php(351): CodeIgniter\CodeIgniter->handleRequest(null, Object(Config\Cache), false)
 8 FCPATH\index.php(55): CodeIgniter\CodeIgniter->run()
CRITICAL - 2022-11-01 11:33:39 --> There is no data to insert.
in SYSTEMPATH\BaseModel.php on line 718.
 1 SYSTEMPATH\BaseModel.php(718): CodeIgniter\Database\Exceptions\DataException::forEmptyDataset('insert')
 2 SYSTEMPATH\Model.php(666): CodeIgniter\BaseModel->insert([], true)
 3 APPPATH\Controllers\Process\ManageBrands.php(22): CodeIgniter\Model->insert([...])
 4 APPPATH\Controllers\Process\ManageBrands.php(11): App\Controllers\Process\ManageBrands->save_brand()
 5 SYSTEMPATH\CodeIgniter.php(898): App\Controllers\Process\ManageBrands->process('save')
 6 SYSTEMPATH\CodeIgniter.php(468): CodeIgniter\CodeIgniter->runController(Object(App\Controllers\Process\ManageBrands))
 7 SYSTEMPATH\CodeIgniter.php(351): CodeIgniter\CodeIgniter->handleRequest(null, Object(Config\Cache), false)
 8 FCPATH\index.php(55): CodeIgniter\CodeIgniter->run()
ERROR - 2022-11-01 11:37:54 --> Error connecting to the database: Access denied for user '****'@'localhost' (using password: YES)
CRITICAL - 2022-11-01 11:37:54 --> Unable to connect to the database.
Main connection [MySQLi]: Access denied for user '****'@'localhost' (using password: YES)
in SYSTEMPATH\Database\BaseConnection.php on line 415.
 1 SYSTEMPATH\Database\BaseConnection.php(585): CodeIgniter\Database\BaseConnection->initialize()
 2 SYSTEMPATH\Database\BaseBuilder.php(1904): CodeIgniter\Database\BaseConnection->query('INSERT INTO `brands` (`name`, `deleted_at`) VALUES (:name:, :deleted_at:)', [...], false)
 3 SYSTEMPATH\Model.php(278): CodeIgniter\Database\BaseBuilder->insert()
 4 SYSTEMPATH\BaseModel.php(738): CodeIgniter\Model->doInsert([...])
 5 SYSTEMPATH\Model.php(666): CodeIgniter\BaseModel->insert([...], true)
 6 APPPATH\Controllers\Process\ManageBrands.php(23): CodeIgniter\Model->insert([...])
 7 APPPATH\Controllers\Process\ManageBrands.php(11): App\Controllers\Process\ManageBrands->save_brand()
 8 SYSTEMPATH\CodeIgniter.php(898): App\Controllers\Process\ManageBrands->process('save')
 9 SYSTEMPATH\CodeIgniter.php(468): CodeIgniter\CodeIgniter->runController(Object(App\Controllers\Process\ManageBrands))
10 SYSTEMPATH\CodeIgniter.php(351): CodeIgniter\CodeIgniter->handleRequest(null, Object(Config\Cache), false)
11 FCPATH\index.php(55): CodeIgniter\CodeIgniter->run()
ERROR - 2022-11-01 11:39:57 --> Error connecting to the database: Access denied for user '****'@'localhost' (using password: YES)
CRITICAL - 2022-11-01 11:39:57 --> Unable to connect to the database.
Main connection [MySQLi]: Access denied for user '****'@'localhost' (using password: YES)
in SYSTEMPATH\Database\BaseConnection.php on line 415.
 1 SYSTEMPATH\Database\BaseConnection.php(585): CodeIgniter\Database\BaseConnection->initialize()
 2 SYSTEMPATH\Database\BaseBuilder.php(1904): CodeIgniter\Database\BaseConnection->query('INSERT INTO `brands` (`name`, `deleted_at`) VALUES (:name:, :deleted_at:)', [...], false)
 3 SYSTEMPATH\Model.php(278): CodeIgniter\Database\BaseBuilder->insert()
 4 SYSTEMPATH\BaseModel.php(738): CodeIgniter\Model->doInsert([...])
 5 SYSTEMPATH\Model.php(666): CodeIgniter\BaseModel->insert([...], true)
 6 APPPATH\Controllers\Process\ManageBrands.php(23): CodeIgniter\Model->insert([...])
 7 APPPATH\Controllers\Process\ManageBrands.php(11): App\Controllers\Process\ManageBrands->save_brand()
 8 SYSTEMPATH\CodeIgniter.php(898): App\Controllers\Process\ManageBrands->process('save')
 9 SYSTEMPATH\CodeIgniter.php(468): CodeIgniter\CodeIgniter->runController(Object(App\Controllers\Process\ManageBrands))
10 SYSTEMPATH\CodeIgniter.php(351): CodeIgniter\CodeIgniter->handleRequest(null, Object(Config\Cache), false)
11 FCPATH\index.php(55): CodeIgniter\CodeIgniter->run()
ERROR - 2022-11-01 11:40:07 --> Error connecting to the database: Access denied for user '****'@'localhost' (using password: YES)
CRITICAL - 2022-11-01 11:40:07 --> Unable to connect to the database.
Main connection [MySQLi]: Access denied for user '****'@'localhost' (using password: YES)
in SYSTEMPATH\Database\BaseConnection.php on line 415.
 1 SYSTEMPATH\Database\BaseConnection.php(585): CodeIgniter\Database\BaseConnection->initialize()
 2 SYSTEMPATH\Database\BaseBuilder.php(1904): CodeIgniter\Database\BaseConnection->query('INSERT INTO `brands` (`name`, `deleted_at`) VALUES (:name:, :deleted_at:)', [...], false)
 3 SYSTEMPATH\Model.php(278): CodeIgniter\Database\BaseBuilder->insert()
 4 SYSTEMPATH\BaseModel.php(738): CodeIgniter\Model->doInsert([...])
 5 SYSTEMPATH\Model.php(666): CodeIgniter\BaseModel->insert([...], true)
 6 APPPATH\Controllers\Process\ManageBrands.php(23): CodeIgniter\Model->insert([...])
 7 APPPATH\Controllers\Process\ManageBrands.php(11): App\Controllers\Process\ManageBrands->save_brand()
 8 SYSTEMPATH\CodeIgniter.php(898): App\Controllers\Process\ManageBrands->process('save')
 9 SYSTEMPATH\CodeIgniter.php(468): CodeIgniter\CodeIgniter->runController(Object(App\Controllers\Process\ManageBrands))
10 SYSTEMPATH\CodeIgniter.php(351): CodeIgniter\CodeIgniter->handleRequest(null, Object(Config\Cache), false)
11 FCPATH\index.php(55): CodeIgniter\CodeIgniter->run()
ERROR - 2022-11-01 11:44:23 --> Error connecting to the database: Access denied for user '****'@'localhost' (using password: YES)
CRITICAL - 2022-11-01 11:44:23 --> Unable to connect to the database.
Main connection [MySQLi]: Access denied for user '****'@'localhost' (using password: YES)
in SYSTEMPATH\Database\BaseConnection.php on line 415.
 1 SYSTEMPATH\Database\BaseConnection.php(585): CodeIgniter\Database\BaseConnection->initialize()
 2 SYSTEMPATH\Database\BaseBuilder.php(1904): CodeIgniter\Database\BaseConnection->query('INSERT INTO `brands` (`name`, `deleted_at`) VALUES (:name:, :deleted_at:)', [...], false)
 3 SYSTEMPATH\Model.php(278): CodeIgniter\Database\BaseBuilder->insert()
 4 SYSTEMPATH\BaseModel.php(738): CodeIgniter\Model->doInsert([...])
 5 SYSTEMPATH\Model.php(666): CodeIgniter\BaseModel->insert([...], true)
 6 APPPATH\Controllers\Process\ManageBrands.php(23): CodeIgniter\Model->insert([...])
 7 APPPATH\Controllers\Process\ManageBrands.php(11): App\Controllers\Process\ManageBrands->save_brand()
 8 SYSTEMPATH\CodeIgniter.php(898): App\Controllers\Process\ManageBrands->process('save')
 9 SYSTEMPATH\CodeIgniter.php(468): CodeIgniter\CodeIgniter->runController(Object(App\Controllers\Process\ManageBrands))
10 SYSTEMPATH\CodeIgniter.php(351): CodeIgniter\CodeIgniter->handleRequest(null, Object(Config\Cache), false)
11 FCPATH\index.php(55): CodeIgniter\CodeIgniter->run()
ERROR - 2022-11-01 11:47:42 --> Error connecting to the database: Access denied for user '****'@'localhost' (using password: YES)
CRITICAL - 2022-11-01 11:47:42 --> Unable to connect to the database.
Main connection [MySQLi]: Access denied for user '****'@'localhost' (using password: YES)
in SYSTEMPATH\Database\BaseConnection.php on line 415.
 1 SYSTEMPATH\Database\BaseConnection.php(585): CodeIgniter\Database\BaseConnection->initialize()
 2 SYSTEMPATH\Database\BaseBuilder.php(1904): CodeIgniter\Database\BaseConnection->query('INSERT INTO `brands` (`name`, `deleted_at`) VALUES (:name:, :deleted_at:)', [...], false)
 3 SYSTEMPATH\Model.php(278): CodeIgniter\Database\BaseBuilder->insert()
 4 SYSTEMPATH\BaseModel.php(738): CodeIgniter\Model->doInsert([...])
 5 SYSTEMPATH\Model.php(666): CodeIgniter\BaseModel->insert([...], true)
 6 APPPATH\Controllers\Process\ManageBrands.php(23): CodeIgniter\Model->insert([...])
 7 APPPATH\Controllers\Process\ManageBrands.php(11): App\Controllers\Process\ManageBrands->save_brand()
 8 SYSTEMPATH\CodeIgniter.php(898): App\Controllers\Process\ManageBrands->process('save')
 9 SYSTEMPATH\CodeIgniter.php(468): CodeIgniter\CodeIgniter->runController(Object(App\Controllers\Process\ManageBrands))
10 SYSTEMPATH\CodeIgniter.php(351): CodeIgniter\CodeIgniter->handleRequest(null, Object(Config\Cache), false)
11 FCPATH\index.php(55): CodeIgniter\CodeIgniter->run()
