CRITICAL - 2022-12-01 10:57:06 --> Undefined variable: addProduct
in APPPATH\Views\Panel\VProducts.php on line 6.
 1 APPPATH\Views\Panel\VProducts.php(6): CodeIgniter\Debug\Exceptions->errorHandler(8, 'Undefined variable: addProduct', 'APPPATH\\Views\\Panel\\VProducts.php', 6, [...])
 2 SYSTEMPATH\View\View.php(213): include('APPPATH\\Views\\Panel\\VProducts.php')
 3 SYSTEMPATH\View\View.php(216): CodeIgniter\View\View->CodeIgniter\View\{closure}()
 4 SYSTEMPATH\Common.php(1135): CodeIgniter\View\View->render('Panel/VProducts', [], true)
 5 APPPATH\Libraries\LoadView\Attachments\View.php(79): view('Panel/VProducts')
 6 APPPATH\Libraries\LoadView\Attachments\View.php(31): App\Libraries\LoadView\LoadView->body_view('Panel/VProducts')
 7 APPPATH\Libraries\LoadView\LoadView.php(25): App\Libraries\LoadView\LoadView->render_view('Panel/VProducts', 'Manage Products')
 8 APPPATH\Controllers\BaseController.php(114): App\Libraries\LoadView\LoadView->show('Panel/VProducts', 'Manage Products')
 9 APPPATH\Controllers\Panel\Products.php(14): App\Controllers\BaseController->view('Panel/VProducts', 'Manage Products')
10 SYSTEMPATH\CodeIgniter.php(898): App\Controllers\Panel\Products->index()
11 SYSTEMPATH\CodeIgniter.php(468): CodeIgniter\CodeIgniter->runController(Object(App\Controllers\Panel\Products))
12 SYSTEMPATH\CodeIgniter.php(351): CodeIgniter\CodeIgniter->handleRequest(null, Object(Config\Cache), false)
13 FCPATH\index.php(55): CodeIgniter\CodeIgniter->run()
CRITICAL - 2022-12-01 10:58:00 --> Undefined variable: addProduct
in APPPATH\Views\Panel\VProducts.php on line 6.
 1 APPPATH\Views\Panel\VProducts.php(6): CodeIgniter\Debug\Exceptions->errorHandler(8, 'Undefined variable: addProduct', 'APPPATH\\Views\\Panel\\VProducts.php', 6, [...])
 2 SYSTEMPATH\View\View.php(213): include('APPPATH\\Views\\Panel\\VProducts.php')
 3 SYSTEMPATH\View\View.php(216): CodeIgniter\View\View->CodeIgniter\View\{closure}()
 4 SYSTEMPATH\Common.php(1135): CodeIgniter\View\View->render('Panel/VProducts', [], true)
 5 APPPATH\Libraries\LoadView\Attachments\View.php(79): view('Panel/VProducts')
 6 APPPATH\Libraries\LoadView\Attachments\View.php(31): App\Libraries\LoadView\LoadView->body_view('Panel/VProducts')
 7 APPPATH\Libraries\LoadView\LoadView.php(25): App\Libraries\LoadView\LoadView->render_view('Panel/VProducts', 'Manage Products')
 8 APPPATH\Controllers\BaseController.php(114): App\Libraries\LoadView\LoadView->show('Panel/VProducts', 'Manage Products')
 9 APPPATH\Controllers\Panel\Products.php(14): App\Controllers\BaseController->view('Panel/VProducts', 'Manage Products')
10 SYSTEMPATH\CodeIgniter.php(898): App\Controllers\Panel\Products->index()
11 SYSTEMPATH\CodeIgniter.php(468): CodeIgniter\CodeIgniter->runController(Object(App\Controllers\Panel\Products))
12 SYSTEMPATH\CodeIgniter.php(351): CodeIgniter\CodeIgniter->handleRequest(null, Object(Config\Cache), false)
13 FCPATH\index.php(55): CodeIgniter\CodeIgniter->run()
CRITICAL - 2022-12-01 10:58:56 --> Call to undefined method App\Controllers\Panel\Products::add_product_group_form()
in APPPATH\Controllers\Panel\Products.php on line 47.
 1 APPPATH\Controllers\Panel\Products.php(12): App\Controllers\Panel\Products->add_product()
 2 SYSTEMPATH\CodeIgniter.php(898): App\Controllers\Panel\Products->index()
 3 SYSTEMPATH\CodeIgniter.php(468): CodeIgniter\CodeIgniter->runController(Object(App\Controllers\Panel\Products))
 4 SYSTEMPATH\CodeIgniter.php(351): CodeIgniter\CodeIgniter->handleRequest(null, Object(Config\Cache), false)
 5 FCPATH\index.php(55): CodeIgniter\CodeIgniter->run()
