CRITICAL - 2023-02-08 06:58:20 --> Only variables should be passed by reference
in APPPATH\Libraries\TEFakeContent\Interpreter\Handlers\Sign.php on line 163.
 1 APPPATH\Libraries\TEFakeContent\Interpreter\Handlers\Sign.php(163): CodeIgniter\Debug\Exceptions->errorHandler(8, 'Only variables should be passed by reference', 'APPPATH\\Libraries\\TEFakeContent\\Interpreter\\Handlers\\Sign.php', 163, [...])
 2 APPPATH\Libraries\TEFakeContent\Interpreter\Handlers\Sign.php(101): App\Libraries\TEFakeContent\Interpreter\Handlers\Sign->ordinal_replace('User_@gmail.com')
 3 APPPATH\Libraries\TEFakeContent\Interpreter\Handlers\Sign.php(85): App\Libraries\TEFakeContent\Interpreter\Handlers\Sign->replacing('User_@gmail.com')
 4 APPPATH\Libraries\TEFakeContent\Interpreter\Handlers\Sign.php(16): App\Libraries\TEFakeContent\Interpreter\Handlers\Sign->fetch([...])
 5 APPPATH\Libraries\TEFakeContent\Interpreter\Interpreter.php(100): App\Libraries\TEFakeContent\Interpreter\Handlers\Sign->sign('User_@gmail.com')
 6 APPPATH\Libraries\TEFakeContent\Interpreter\Interpreter.php(84): App\Libraries\TEFakeContent\Interpreter\Interpreter->interpreter('User_@gmail.com')
 7 APPPATH\Libraries\TEFakeContent\Interpreter\Interpreter.php(67): App\Libraries\TEFakeContent\Interpreter\Interpreter->fetch_placeholders()
 8 APPPATH\Libraries\TEFakeContent\Interpreter\Interpreter.php(41): App\Libraries\TEFakeContent\Interpreter\Interpreter->making('User_@gmail.com')
 9 APPPATH\Libraries\TEFakeContent\TEFakeContent.php(16): App\Libraries\TEFakeContent\Interpreter\Interpreter->make_field('User_@gmail.com')
10 APPPATH\Controllers\Home.php(26): App\Libraries\TEFakeContent\TEFakeContent->field('User_@gmail.com')
11 SYSTEMPATH\CodeIgniter.php(898): App\Controllers\Home->index()
12 SYSTEMPATH\CodeIgniter.php(468): CodeIgniter\CodeIgniter->runController(Object(App\Controllers\Home))
13 SYSTEMPATH\CodeIgniter.php(351): CodeIgniter\CodeIgniter->handleRequest(null, Object(Config\Cache), false)
14 FCPATH\index.php(55): CodeIgniter\CodeIgniter->run()
CRITICAL - 2023-02-08 06:58:59 --> Too few arguments to function App\Libraries\TEFakeContent\Interpreter\Handlers\Sign::escape(), 1 passed in E:\SoftWare\xampp 7\htdocs\my_projects\Resume\Shop\app\Libraries\TEFakeContent\Interpreter\Handlers\Sign.php on line 163 and exactly 2 expected
in APPPATH\Libraries\TEFakeContent\Interpreter\Handlers\Sign.php on line 169.
 1 APPPATH\Libraries\TEFakeContent\Interpreter\Handlers\Sign.php(163): App\Libraries\TEFakeContent\Interpreter\Handlers\Sign->escape('U')
 2 APPPATH\Libraries\TEFakeContent\Interpreter\Handlers\Sign.php(101): App\Libraries\TEFakeContent\Interpreter\Handlers\Sign->ordinal_replace('User_@gmail.com')
 3 APPPATH\Libraries\TEFakeContent\Interpreter\Handlers\Sign.php(85): App\Libraries\TEFakeContent\Interpreter\Handlers\Sign->replacing('User_@gmail.com')
 4 APPPATH\Libraries\TEFakeContent\Interpreter\Handlers\Sign.php(16): App\Libraries\TEFakeContent\Interpreter\Handlers\Sign->fetch([...])
 5 APPPATH\Libraries\TEFakeContent\Interpreter\Interpreter.php(100): App\Libraries\TEFakeContent\Interpreter\Handlers\Sign->sign('User_@gmail.com')
 6 APPPATH\Libraries\TEFakeContent\Interpreter\Interpreter.php(84): App\Libraries\TEFakeContent\Interpreter\Interpreter->interpreter('User_@gmail.com')
 7 APPPATH\Libraries\TEFakeContent\Interpreter\Interpreter.php(67): App\Libraries\TEFakeContent\Interpreter\Interpreter->fetch_placeholders()
 8 APPPATH\Libraries\TEFakeContent\Interpreter\Interpreter.php(41): App\Libraries\TEFakeContent\Interpreter\Interpreter->making('User_@gmail.com')
 9 APPPATH\Libraries\TEFakeContent\TEFakeContent.php(16): App\Libraries\TEFakeContent\Interpreter\Interpreter->make_field('User_@gmail.com')
10 APPPATH\Controllers\Home.php(26): App\Libraries\TEFakeContent\TEFakeContent->field('User_@gmail.com')
11 SYSTEMPATH\CodeIgniter.php(898): App\Controllers\Home->index()
12 SYSTEMPATH\CodeIgniter.php(468): CodeIgniter\CodeIgniter->runController(Object(App\Controllers\Home))
13 SYSTEMPATH\CodeIgniter.php(351): CodeIgniter\CodeIgniter->handleRequest(null, Object(Config\Cache), false)
14 FCPATH\index.php(55): CodeIgniter\CodeIgniter->run()
CRITICAL - 2023-02-08 08:45:24 --> Return value of App\Libraries\TEFakeContent\Interpreter\Handlers\Sign::is_escape() must be of the type string, none returned
in APPPATH\Libraries\TEFakeContent\Interpreter\Handlers\Sign.php on line 173.
 1 APPPATH\Libraries\TEFakeContent\Interpreter\Handlers\Sign.php(155): App\Libraries\TEFakeContent\Interpreter\Handlers\Sign->is_escape('random', '[', false, null)
 2 APPPATH\Libraries\TEFakeContent\Interpreter\Handlers\Sign.php(115): App\Libraries\TEFakeContent\Interpreter\Handlers\Sign->escape('random', '[')
 3 APPPATH\Libraries\TEFakeContent\Interpreter\Handlers\Sign.php(97): App\Libraries\TEFakeContent\Interpreter\Handlers\Sign->random_replace('[$$$]')
 4 APPPATH\Libraries\TEFakeContent\Interpreter\Handlers\Sign.php(85): App\Libraries\TEFakeContent\Interpreter\Handlers\Sign->replacing('[$$$]')
 5 APPPATH\Libraries\TEFakeContent\Interpreter\Handlers\Sign.php(16): App\Libraries\TEFakeContent\Interpreter\Handlers\Sign->fetch([...])
 6 APPPATH\Libraries\TEFakeContent\Interpreter\Interpreter.php(100): App\Libraries\TEFakeContent\Interpreter\Handlers\Sign->sign('[$$$]')
 7 APPPATH\Libraries\TEFakeContent\Interpreter\Interpreter.php(84): App\Libraries\TEFakeContent\Interpreter\Interpreter->interpreter('[$$$]')
 8 APPPATH\Libraries\TEFakeContent\Interpreter\Interpreter.php(67): App\Libraries\TEFakeContent\Interpreter\Interpreter->fetch_placeholders()
 9 APPPATH\Libraries\TEFakeContent\Interpreter\Interpreter.php(41): App\Libraries\TEFakeContent\Interpreter\Interpreter->making('user_|[$$$]|\\@gmail.com')
10 APPPATH\Libraries\TEFakeContent\TEFakeContent.php(16): App\Libraries\TEFakeContent\Interpreter\Interpreter->make_field('user_|[$$$]|\\@gmail.com')
11 APPPATH\Controllers\Home.php(26): App\Libraries\TEFakeContent\TEFakeContent->field('user_|[$$$]|\\@gmail.com')
12 SYSTEMPATH\CodeIgniter.php(898): App\Controllers\Home->index()
13 SYSTEMPATH\CodeIgniter.php(468): CodeIgniter\CodeIgniter->runController(Object(App\Controllers\Home))
14 SYSTEMPATH\CodeIgniter.php(351): CodeIgniter\CodeIgniter->handleRequest(null, Object(Config\Cache), false)
15 FCPATH\index.php(55): CodeIgniter\CodeIgniter->run()
CRITICAL - 2023-02-08 09:21:35 --> syntax error, unexpected ']', expecting ';'
in APPPATH\Libraries\TEFakeContent\Interpreter\Handlers\Sign.php on line 190.
 1 SYSTEMPATH\Autoloader\Autoloader.php(261): CodeIgniter\Autoloader\Autoloader->includeFile('APPPATH\\Libraries\\TEFakeContent\\Interpreter\\Handlers\\Sign.php')
 2 SYSTEMPATH\Autoloader\Autoloader.php(239): CodeIgniter\Autoloader\Autoloader->loadInNamespace('App\\Libraries\\TEFakeContent\\Interpreter\\Handlers\\Sign')
 3 [internal function]: CodeIgniter\Autoloader\Autoloader->loadClass('App\\Libraries\\TEFakeContent\\Interpreter\\Handlers\\Sign')
 4 APPPATH\Libraries\TEFakeContent\Interpreter\Interpreter.php(99): spl_autoload_call('App\\Libraries\\TEFakeContent\\Interpreter\\Handlers\\Sign')
 5 APPPATH\Libraries\TEFakeContent\Interpreter\Interpreter.php(84): App\Libraries\TEFakeContent\Interpreter\Interpreter->interpreter('\\]user\\]_@gmail.com')
 6 APPPATH\Libraries\TEFakeContent\Interpreter\Interpreter.php(67): App\Libraries\TEFakeContent\Interpreter\Interpreter->fetch_placeholders()
 7 APPPATH\Libraries\TEFakeContent\Interpreter\Interpreter.php(41): App\Libraries\TEFakeContent\Interpreter\Interpreter->making('\\]user\\]_@gmail.com')
 8 APPPATH\Libraries\TEFakeContent\TEFakeContent.php(16): App\Libraries\TEFakeContent\Interpreter\Interpreter->make_field('\\]user\\]_@gmail.com')
 9 APPPATH\Controllers\Home.php(26): App\Libraries\TEFakeContent\TEFakeContent->field('\\]user\\]_@gmail.com')
10 SYSTEMPATH\CodeIgniter.php(898): App\Controllers\Home->index()
11 SYSTEMPATH\CodeIgniter.php(468): CodeIgniter\CodeIgniter->runController(Object(App\Controllers\Home))
12 SYSTEMPATH\CodeIgniter.php(351): CodeIgniter\CodeIgniter->handleRequest(null, Object(Config\Cache), false)
13 FCPATH\index.php(55): CodeIgniter\CodeIgniter->run()
CRITICAL - 2023-02-08 10:12:10 --> Undefined index: [user\]
in APPPATH\Libraries\TEFakeContent\Interpreter\Handlers\Sign.php on line 68.
 1 APPPATH\Libraries\TEFakeContent\Interpreter\Handlers\Sign.php(68): CodeIgniter\Debug\Exceptions->errorHandler(8, 'Undefined index: [user\\]', 'APPPATH\\Libraries\\TEFakeContent\\Interpreter\\Handlers\\Sign.php', 68, [...])
 2 APPPATH\Libraries\TEFakeContent\Interpreter\Handlers\Sign.php(38): App\Libraries\TEFakeContent\Interpreter\Handlers\Sign->fix_escape([...])
 3 APPPATH\Libraries\TEFakeContent\Interpreter\Handlers\Sign.php(14): App\Libraries\TEFakeContent\Interpreter\Handlers\Sign->split('\\[user\\]_[$]\\@gmail.com')
 4 APPPATH\Libraries\TEFakeContent\Interpreter\Interpreter.php(100): App\Libraries\TEFakeContent\Interpreter\Handlers\Sign->sign('\\[user\\]_[$]\\@gmail.com')
 5 APPPATH\Libraries\TEFakeContent\Interpreter\Interpreter.php(84): App\Libraries\TEFakeContent\Interpreter\Interpreter->interpreter('\\[user\\]_[$]\\@gmail.com')
 6 APPPATH\Libraries\TEFakeContent\Interpreter\Interpreter.php(67): App\Libraries\TEFakeContent\Interpreter\Interpreter->fetch_placeholders()
 7 APPPATH\Libraries\TEFakeContent\Interpreter\Interpreter.php(41): App\Libraries\TEFakeContent\Interpreter\Interpreter->making('\\[user\\]_[$]\\@gmail.com')
 8 APPPATH\Libraries\TEFakeContent\TEFakeContent.php(16): App\Libraries\TEFakeContent\Interpreter\Interpreter->make_field('\\[user\\]_[$]\\@gmail.com')
 9 APPPATH\Controllers\Home.php(26): App\Libraries\TEFakeContent\TEFakeContent->field('\\[user\\]_[$]\\@gmail.com')
10 SYSTEMPATH\CodeIgniter.php(898): App\Controllers\Home->index()
11 SYSTEMPATH\CodeIgniter.php(468): CodeIgniter\CodeIgniter->runController(Object(App\Controllers\Home))
12 SYSTEMPATH\CodeIgniter.php(351): CodeIgniter\CodeIgniter->handleRequest(null, Object(Config\Cache), false)
13 FCPATH\index.php(55): CodeIgniter\CodeIgniter->run()
CRITICAL - 2023-02-08 10:38:01 --> Undefined offset: 0
in APPPATH\Libraries\TEFakeContent\Interpreter\Handlers\Sign.php on line 83.
 1 APPPATH\Libraries\TEFakeContent\Interpreter\Handlers\Sign.php(83): CodeIgniter\Debug\Exceptions->errorHandler(8, 'Undefined offset: 0', 'APPPATH\\Libraries\\TEFakeContent\\Interpreter\\Handlers\\Sign.php', 83, [...])
 2 APPPATH\Libraries\TEFakeContent\Interpreter\Handlers\Sign.php(38): App\Libraries\TEFakeContent\Interpreter\Handlers\Sign->fix_escape([...])
 3 APPPATH\Libraries\TEFakeContent\Interpreter\Handlers\Sign.php(14): App\Libraries\TEFakeContent\Interpreter\Handlers\Sign->split('[user\\]\\[$]\\@gmail.com')
 4 APPPATH\Libraries\TEFakeContent\Interpreter\Interpreter.php(100): App\Libraries\TEFakeContent\Interpreter\Handlers\Sign->sign('[user\\]\\[$]\\@gmail.com')
 5 APPPATH\Libraries\TEFakeContent\Interpreter\Interpreter.php(84): App\Libraries\TEFakeContent\Interpreter\Interpreter->interpreter('[user\\]\\[$]\\@gmail.com')
 6 APPPATH\Libraries\TEFakeContent\Interpreter\Interpreter.php(67): App\Libraries\TEFakeContent\Interpreter\Interpreter->fetch_placeholders()
 7 APPPATH\Libraries\TEFakeContent\Interpreter\Interpreter.php(41): App\Libraries\TEFakeContent\Interpreter\Interpreter->making('[user\\]\\[$]\\@gmail.com')
 8 APPPATH\Libraries\TEFakeContent\TEFakeContent.php(16): App\Libraries\TEFakeContent\Interpreter\Interpreter->make_field('[user\\]\\[$]\\@gmail.com')
 9 APPPATH\Controllers\Home.php(26): App\Libraries\TEFakeContent\TEFakeContent->field('[user\\]\\[$]\\@gmail.com')
10 SYSTEMPATH\CodeIgniter.php(898): App\Controllers\Home->index()
11 SYSTEMPATH\CodeIgniter.php(468): CodeIgniter\CodeIgniter->runController(Object(App\Controllers\Home))
12 SYSTEMPATH\CodeIgniter.php(351): CodeIgniter\CodeIgniter->handleRequest(null, Object(Config\Cache), false)
13 FCPATH\index.php(55): CodeIgniter\CodeIgniter->run()
CRITICAL - 2023-02-08 10:38:30 --> Undefined offset: 0
in APPPATH\Libraries\TEFakeContent\Interpreter\Handlers\Sign.php on line 83.
 1 APPPATH\Libraries\TEFakeContent\Interpreter\Handlers\Sign.php(83): CodeIgniter\Debug\Exceptions->errorHandler(8, 'Undefined offset: 0', 'APPPATH\\Libraries\\TEFakeContent\\Interpreter\\Handlers\\Sign.php', 83, [...])
 2 APPPATH\Libraries\TEFakeContent\Interpreter\Handlers\Sign.php(38): App\Libraries\TEFakeContent\Interpreter\Handlers\Sign->fix_escape([...])
 3 APPPATH\Libraries\TEFakeContent\Interpreter\Handlers\Sign.php(14): App\Libraries\TEFakeContent\Interpreter\Handlers\Sign->split('[user]_[$]\\@gmail.com')
 4 APPPATH\Libraries\TEFakeContent\Interpreter\Interpreter.php(100): App\Libraries\TEFakeContent\Interpreter\Handlers\Sign->sign('[user]_[$]\\@gmail.com')
 5 APPPATH\Libraries\TEFakeContent\Interpreter\Interpreter.php(84): App\Libraries\TEFakeContent\Interpreter\Interpreter->interpreter('[user]_[$]\\@gmail.com')
 6 APPPATH\Libraries\TEFakeContent\Interpreter\Interpreter.php(67): App\Libraries\TEFakeContent\Interpreter\Interpreter->fetch_placeholders()
 7 APPPATH\Libraries\TEFakeContent\Interpreter\Interpreter.php(41): App\Libraries\TEFakeContent\Interpreter\Interpreter->making('[user]_[$]\\@gmail.com')
 8 APPPATH\Libraries\TEFakeContent\TEFakeContent.php(16): App\Libraries\TEFakeContent\Interpreter\Interpreter->make_field('[user]_[$]\\@gmail.com')
 9 APPPATH\Controllers\Home.php(26): App\Libraries\TEFakeContent\TEFakeContent->field('[user]_[$]\\@gmail.com')
10 SYSTEMPATH\CodeIgniter.php(898): App\Controllers\Home->index()
11 SYSTEMPATH\CodeIgniter.php(468): CodeIgniter\CodeIgniter->runController(Object(App\Controllers\Home))
12 SYSTEMPATH\CodeIgniter.php(351): CodeIgniter\CodeIgniter->handleRequest(null, Object(Config\Cache), false)
13 FCPATH\index.php(55): CodeIgniter\CodeIgniter->run()
