CRITICAL - 2023-04-26 10:38:45 --> count(): Parameter must be an array or an object that implements Countable
in APPPATH\Models\MProducts.php on line 146.
 1 [internal function]: CodeIgniter\Debug\Exceptions->errorHandler(2, 'count(): Parameter must be an array or an object that implements Countable', 'APPPATH\\Models\\MProducts.php', 146, [...])
 2 APPPATH\Models\MProducts.php(146): count(3)
 3 APPPATH\Models\MProducts.php(123): App\Models\MProducts->get_random_product(3)
 4 APPPATH\Controllers\Home.php(21): App\Models\MProducts->get_suggest_product(3)
 5 SYSTEMPATH\CodeIgniter.php(898): App\Controllers\Home->index()
 6 SYSTEMPATH\CodeIgniter.php(468): CodeIgniter\CodeIgniter->runController(Object(App\Controllers\Home))
 7 SYSTEMPATH\CodeIgniter.php(351): CodeIgniter\CodeIgniter->handleRequest(null, Object(Config\Cache), false)
 8 FCPATH\index.php(55): CodeIgniter\CodeIgniter->run()
ERROR - 2023-04-26 10:39:38 --> Table 'shop.product_image' doesn't exist
CRITICAL - 2023-04-26 10:39:38 --> Table 'shop.product_image' doesn't exist
in SYSTEMPATH\Database\MySQLi\Connection.php on line 292.
 1 SYSTEMPATH\Database\MySQLi\Connection.php(292): mysqli->query('SELECT `p`.`name`, `p`.`price`, `p`.`discount`, `pi`.`name`
FROM `products` as `p`
JOIN `product_image` as `pi` ON `p`.`id` = `pi`.`product_idleft`
WHERE `id` = (\'98\',\'93\',\'49\')', 0)
 2 SYSTEMPATH\Database\BaseConnection.php(678): CodeIgniter\Database\MySQLi\Connection->execute('SELECT `p`.`name`, `p`.`price`, `p`.`discount`, `pi`.`name`
FROM `products` as `p`
JOIN `product_image` as `pi` ON `p`.`id` = `pi`.`product_idleft`
WHERE `id` = (\'98\',\'93\',\'49\')')
 3 SYSTEMPATH\Database\BaseConnection.php(606): CodeIgniter\Database\BaseConnection->simpleQuery('SELECT `p`.`name`, `p`.`price`, `p`.`discount`, `pi`.`name`
FROM `products` as `p`
JOIN `product_image` as `pi` ON `p`.`id` = `pi`.`product_idleft`
WHERE `id` = (\'98\',\'93\',\'49\')')
 4 SYSTEMPATH\Database\BaseBuilder.php(1585): CodeIgniter\Database\BaseConnection->query('SELECT `p`.`name`, `p`.`price`, `p`.`discount`, `pi`.`name`
FROM `products` as `p`
JOIN `product_image` as `pi` ON `p`.`id` = `pi`.`product_idleft`
WHERE `id` = :id:', [...], false)
 5 APPPATH\Models\MProducts.php(130): CodeIgniter\Database\BaseBuilder->get()
 6 APPPATH\Controllers\Home.php(21): App\Models\MProducts->get_suggest_product(3)
 7 SYSTEMPATH\CodeIgniter.php(898): App\Controllers\Home->index()
 8 SYSTEMPATH\CodeIgniter.php(468): CodeIgniter\CodeIgniter->runController(Object(App\Controllers\Home))
 9 SYSTEMPATH\CodeIgniter.php(351): CodeIgniter\CodeIgniter->handleRequest(null, Object(Config\Cache), false)
10 FCPATH\index.php(55): CodeIgniter\CodeIgniter->run()
ERROR - 2023-04-26 10:40:07 --> Column 'id' in where clause is ambiguous
CRITICAL - 2023-04-26 10:40:07 --> Column 'id' in where clause is ambiguous
in SYSTEMPATH\Database\MySQLi\Connection.php on line 292.
 1 SYSTEMPATH\Database\MySQLi\Connection.php(292): mysqli->query('SELECT `p`.`name`, `p`.`price`, `p`.`discount`, `pi`.`name`
FROM `products` as `p`
JOIN `product_images` as `pi` ON `p`.`id` = `pi`.`product_idleft`
WHERE `id` = (\'54\',\'8\',\'56\')', 0)
 2 SYSTEMPATH\Database\BaseConnection.php(678): CodeIgniter\Database\MySQLi\Connection->execute('SELECT `p`.`name`, `p`.`price`, `p`.`discount`, `pi`.`name`
FROM `products` as `p`
JOIN `product_images` as `pi` ON `p`.`id` = `pi`.`product_idleft`
WHERE `id` = (\'54\',\'8\',\'56\')')
 3 SYSTEMPATH\Database\BaseConnection.php(606): CodeIgniter\Database\BaseConnection->simpleQuery('SELECT `p`.`name`, `p`.`price`, `p`.`discount`, `pi`.`name`
FROM `products` as `p`
JOIN `product_images` as `pi` ON `p`.`id` = `pi`.`product_idleft`
WHERE `id` = (\'54\',\'8\',\'56\')')
 4 SYSTEMPATH\Database\BaseBuilder.php(1585): CodeIgniter\Database\BaseConnection->query('SELECT `p`.`name`, `p`.`price`, `p`.`discount`, `pi`.`name`
FROM `products` as `p`
JOIN `product_images` as `pi` ON `p`.`id` = `pi`.`product_idleft`
WHERE `id` = :id:', [...], false)
 5 APPPATH\Models\MProducts.php(130): CodeIgniter\Database\BaseBuilder->get()
 6 APPPATH\Controllers\Home.php(21): App\Models\MProducts->get_suggest_product(3)
 7 SYSTEMPATH\CodeIgniter.php(898): App\Controllers\Home->index()
 8 SYSTEMPATH\CodeIgniter.php(468): CodeIgniter\CodeIgniter->runController(Object(App\Controllers\Home))
 9 SYSTEMPATH\CodeIgniter.php(351): CodeIgniter\CodeIgniter->handleRequest(null, Object(Config\Cache), false)
10 FCPATH\index.php(55): CodeIgniter\CodeIgniter->run()
ERROR - 2023-04-26 10:40:53 --> Unknown column 'pid' in 'where clause'
CRITICAL - 2023-04-26 10:40:53 --> Unknown column 'pid' in 'where clause'
in SYSTEMPATH\Database\MySQLi\Connection.php on line 292.
 1 SYSTEMPATH\Database\MySQLi\Connection.php(292): mysqli->query('SELECT `p`.`name`, `p`.`price`, `p`.`discount`, `pi`.`name`
FROM `products` as `p`
JOIN `product_images` as `pi` ON `p`.`id` = `pi`.`product_idleft`
WHERE `pid` = (\'64\',\'39\',\'95\')', 0)
 2 SYSTEMPATH\Database\BaseConnection.php(678): CodeIgniter\Database\MySQLi\Connection->execute('SELECT `p`.`name`, `p`.`price`, `p`.`discount`, `pi`.`name`
FROM `products` as `p`
JOIN `product_images` as `pi` ON `p`.`id` = `pi`.`product_idleft`
WHERE `pid` = (\'64\',\'39\',\'95\')')
 3 SYSTEMPATH\Database\BaseConnection.php(606): CodeIgniter\Database\BaseConnection->simpleQuery('SELECT `p`.`name`, `p`.`price`, `p`.`discount`, `pi`.`name`
FROM `products` as `p`
JOIN `product_images` as `pi` ON `p`.`id` = `pi`.`product_idleft`
WHERE `pid` = (\'64\',\'39\',\'95\')')
 4 SYSTEMPATH\Database\BaseBuilder.php(1585): CodeIgniter\Database\BaseConnection->query('SELECT `p`.`name`, `p`.`price`, `p`.`discount`, `pi`.`name`
FROM `products` as `p`
JOIN `product_images` as `pi` ON `p`.`id` = `pi`.`product_idleft`
WHERE `pid` = :pid:', [...], false)
 5 APPPATH\Models\MProducts.php(130): CodeIgniter\Database\BaseBuilder->get()
 6 APPPATH\Controllers\Home.php(21): App\Models\MProducts->get_suggest_product(3)
 7 SYSTEMPATH\CodeIgniter.php(898): App\Controllers\Home->index()
 8 SYSTEMPATH\CodeIgniter.php(468): CodeIgniter\CodeIgniter->runController(Object(App\Controllers\Home))
 9 SYSTEMPATH\CodeIgniter.php(351): CodeIgniter\CodeIgniter->handleRequest(null, Object(Config\Cache), false)
10 FCPATH\index.php(55): CodeIgniter\CodeIgniter->run()
ERROR - 2023-04-26 10:40:55 --> Unknown column 'pid' in 'where clause'
CRITICAL - 2023-04-26 10:40:55 --> Unknown column 'pid' in 'where clause'
in SYSTEMPATH\Database\MySQLi\Connection.php on line 292.
 1 SYSTEMPATH\Database\MySQLi\Connection.php(292): mysqli->query('SELECT `p`.`name`, `p`.`price`, `p`.`discount`, `pi`.`name`
FROM `products` as `p`
JOIN `product_images` as `pi` ON `p`.`id` = `pi`.`product_idleft`
WHERE `pid` = (\'70\',\'92\',\'101\')', 0)
 2 SYSTEMPATH\Database\BaseConnection.php(678): CodeIgniter\Database\MySQLi\Connection->execute('SELECT `p`.`name`, `p`.`price`, `p`.`discount`, `pi`.`name`
FROM `products` as `p`
JOIN `product_images` as `pi` ON `p`.`id` = `pi`.`product_idleft`
WHERE `pid` = (\'70\',\'92\',\'101\')')
 3 SYSTEMPATH\Database\BaseConnection.php(606): CodeIgniter\Database\BaseConnection->simpleQuery('SELECT `p`.`name`, `p`.`price`, `p`.`discount`, `pi`.`name`
FROM `products` as `p`
JOIN `product_images` as `pi` ON `p`.`id` = `pi`.`product_idleft`
WHERE `pid` = (\'70\',\'92\',\'101\')')
 4 SYSTEMPATH\Database\BaseBuilder.php(1585): CodeIgniter\Database\BaseConnection->query('SELECT `p`.`name`, `p`.`price`, `p`.`discount`, `pi`.`name`
FROM `products` as `p`
JOIN `product_images` as `pi` ON `p`.`id` = `pi`.`product_idleft`
WHERE `pid` = :pid:', [...], false)
 5 APPPATH\Models\MProducts.php(130): CodeIgniter\Database\BaseBuilder->get()
 6 APPPATH\Controllers\Home.php(21): App\Models\MProducts->get_suggest_product(3)
 7 SYSTEMPATH\CodeIgniter.php(898): App\Controllers\Home->index()
 8 SYSTEMPATH\CodeIgniter.php(468): CodeIgniter\CodeIgniter->runController(Object(App\Controllers\Home))
 9 SYSTEMPATH\CodeIgniter.php(351): CodeIgniter\CodeIgniter->handleRequest(null, Object(Config\Cache), false)
10 FCPATH\index.php(55): CodeIgniter\CodeIgniter->run()
ERROR - 2023-04-26 10:41:10 --> Illegal parameter data types int and row for operation '='
CRITICAL - 2023-04-26 10:41:10 --> Illegal parameter data types int and row for operation '='
in SYSTEMPATH\Database\MySQLi\Connection.php on line 292.
 1 SYSTEMPATH\Database\MySQLi\Connection.php(292): mysqli->query('SELECT `p`.`name`, `p`.`price`, `p`.`discount`, `pi`.`name`
FROM `products` as `p`
JOIN `product_images` as `pi` ON `p`.`id` = `pi`.`product_idleft`
WHERE `p`.`id` = (\'53\',\'72\',\'87\')', 0)
 2 SYSTEMPATH\Database\BaseConnection.php(678): CodeIgniter\Database\MySQLi\Connection->execute('SELECT `p`.`name`, `p`.`price`, `p`.`discount`, `pi`.`name`
FROM `products` as `p`
JOIN `product_images` as `pi` ON `p`.`id` = `pi`.`product_idleft`
WHERE `p`.`id` = (\'53\',\'72\',\'87\')')
 3 SYSTEMPATH\Database\BaseConnection.php(606): CodeIgniter\Database\BaseConnection->simpleQuery('SELECT `p`.`name`, `p`.`price`, `p`.`discount`, `pi`.`name`
FROM `products` as `p`
JOIN `product_images` as `pi` ON `p`.`id` = `pi`.`product_idleft`
WHERE `p`.`id` = (\'53\',\'72\',\'87\')')
 4 SYSTEMPATH\Database\BaseBuilder.php(1585): CodeIgniter\Database\BaseConnection->query('SELECT `p`.`name`, `p`.`price`, `p`.`discount`, `pi`.`name`
FROM `products` as `p`
JOIN `product_images` as `pi` ON `p`.`id` = `pi`.`product_idleft`
WHERE `p`.`id` = :p.id:', [...], false)
 5 APPPATH\Models\MProducts.php(130): CodeIgniter\Database\BaseBuilder->get()
 6 APPPATH\Controllers\Home.php(21): App\Models\MProducts->get_suggest_product(3)
 7 SYSTEMPATH\CodeIgniter.php(898): App\Controllers\Home->index()
 8 SYSTEMPATH\CodeIgniter.php(468): CodeIgniter\CodeIgniter->runController(Object(App\Controllers\Home))
 9 SYSTEMPATH\CodeIgniter.php(351): CodeIgniter\CodeIgniter->handleRequest(null, Object(Config\Cache), false)
10 FCPATH\index.php(55): CodeIgniter\CodeIgniter->run()
ERROR - 2023-04-26 10:43:40 --> Illegal parameter data types int and row for operation '='
CRITICAL - 2023-04-26 10:43:40 --> Illegal parameter data types int and row for operation '='
in SYSTEMPATH\Database\MySQLi\Connection.php on line 292.
 1 SYSTEMPATH\Database\MySQLi\Connection.php(292): mysqli->query('SELECT `p`.`name`, `p`.`price`, `p`.`discount`, `pi`.`name`
FROM `products` as `p`
JOIN `product_images` as `pi` ON `p`.`id` = `pi`.`product_idleft`
WHERE `p`.`id` = (\'62\',\'45\',\'20\')', 0)
 2 SYSTEMPATH\Database\BaseConnection.php(678): CodeIgniter\Database\MySQLi\Connection->execute('SELECT `p`.`name`, `p`.`price`, `p`.`discount`, `pi`.`name`
FROM `products` as `p`
JOIN `product_images` as `pi` ON `p`.`id` = `pi`.`product_idleft`
WHERE `p`.`id` = (\'62\',\'45\',\'20\')')
 3 SYSTEMPATH\Database\BaseConnection.php(606): CodeIgniter\Database\BaseConnection->simpleQuery('SELECT `p`.`name`, `p`.`price`, `p`.`discount`, `pi`.`name`
FROM `products` as `p`
JOIN `product_images` as `pi` ON `p`.`id` = `pi`.`product_idleft`
WHERE `p`.`id` = (\'62\',\'45\',\'20\')')
 4 SYSTEMPATH\Database\BaseBuilder.php(1585): CodeIgniter\Database\BaseConnection->query('SELECT `p`.`name`, `p`.`price`, `p`.`discount`, `pi`.`name`
FROM `products` as `p`
JOIN `product_images` as `pi` ON `p`.`id` = `pi`.`product_idleft`
WHERE `p`.`id` = :p.id:', [...], false)
 5 APPPATH\Models\MProducts.php(130): CodeIgniter\Database\BaseBuilder->get()
 6 APPPATH\Controllers\Home.php(21): App\Models\MProducts->get_suggest_product(3)
 7 SYSTEMPATH\CodeIgniter.php(898): App\Controllers\Home->index()
 8 SYSTEMPATH\CodeIgniter.php(468): CodeIgniter\CodeIgniter->runController(Object(App\Controllers\Home))
 9 SYSTEMPATH\CodeIgniter.php(351): CodeIgniter\CodeIgniter->handleRequest(null, Object(Config\Cache), false)
10 FCPATH\index.php(55): CodeIgniter\CodeIgniter->run()
ERROR - 2023-04-26 10:44:25 --> Unknown column 'pi.name' in 'field list'
CRITICAL - 2023-04-26 10:44:25 --> Unknown column 'pi.name' in 'field list'
in SYSTEMPATH\Database\MySQLi\Connection.php on line 292.
 1 SYSTEMPATH\Database\MySQLi\Connection.php(292): mysqli->query('SELECT `p`.`name`, `p`.`price`, `p`.`discount`, `pi`.`name`
FROM `products` as `p`
WHERE `p`.`id` = (\'8\',\'102\',\'43\')', 0)
 2 SYSTEMPATH\Database\BaseConnection.php(678): CodeIgniter\Database\MySQLi\Connection->execute('SELECT `p`.`name`, `p`.`price`, `p`.`discount`, `pi`.`name`
FROM `products` as `p`
WHERE `p`.`id` = (\'8\',\'102\',\'43\')')
 3 SYSTEMPATH\Database\BaseConnection.php(606): CodeIgniter\Database\BaseConnection->simpleQuery('SELECT `p`.`name`, `p`.`price`, `p`.`discount`, `pi`.`name`
FROM `products` as `p`
WHERE `p`.`id` = (\'8\',\'102\',\'43\')')
 4 SYSTEMPATH\Database\BaseBuilder.php(1585): CodeIgniter\Database\BaseConnection->query('SELECT `p`.`name`, `p`.`price`, `p`.`discount`, `pi`.`name`
FROM `products` as `p`
WHERE `p`.`id` = :p.id:', [...], false)
 5 APPPATH\Models\MProducts.php(130): CodeIgniter\Database\BaseBuilder->get()
 6 APPPATH\Controllers\Home.php(21): App\Models\MProducts->get_suggest_product(3)
 7 SYSTEMPATH\CodeIgniter.php(898): App\Controllers\Home->index()
 8 SYSTEMPATH\CodeIgniter.php(468): CodeIgniter\CodeIgniter->runController(Object(App\Controllers\Home))
 9 SYSTEMPATH\CodeIgniter.php(351): CodeIgniter\CodeIgniter->handleRequest(null, Object(Config\Cache), false)
10 FCPATH\index.php(55): CodeIgniter\CodeIgniter->run()
ERROR - 2023-04-26 10:44:41 --> Illegal parameter data types int and row for operation '='
CRITICAL - 2023-04-26 10:44:41 --> Illegal parameter data types int and row for operation '='
in SYSTEMPATH\Database\MySQLi\Connection.php on line 292.
 1 SYSTEMPATH\Database\MySQLi\Connection.php(292): mysqli->query('SELECT `p`.`name`, `p`.`price`, `p`.`discount`
FROM `products` as `p`
WHERE `p`.`id` = (\'86\',\'28\',\'37\')', 0)
 2 SYSTEMPATH\Database\BaseConnection.php(678): CodeIgniter\Database\MySQLi\Connection->execute('SELECT `p`.`name`, `p`.`price`, `p`.`discount`
FROM `products` as `p`
WHERE `p`.`id` = (\'86\',\'28\',\'37\')')
 3 SYSTEMPATH\Database\BaseConnection.php(606): CodeIgniter\Database\BaseConnection->simpleQuery('SELECT `p`.`name`, `p`.`price`, `p`.`discount`
FROM `products` as `p`
WHERE `p`.`id` = (\'86\',\'28\',\'37\')')
 4 SYSTEMPATH\Database\BaseBuilder.php(1585): CodeIgniter\Database\BaseConnection->query('SELECT `p`.`name`, `p`.`price`, `p`.`discount`
FROM `products` as `p`
WHERE `p`.`id` = :p.id:', [...], false)
 5 APPPATH\Models\MProducts.php(130): CodeIgniter\Database\BaseBuilder->get()
 6 APPPATH\Controllers\Home.php(21): App\Models\MProducts->get_suggest_product(3)
 7 SYSTEMPATH\CodeIgniter.php(898): App\Controllers\Home->index()
 8 SYSTEMPATH\CodeIgniter.php(468): CodeIgniter\CodeIgniter->runController(Object(App\Controllers\Home))
 9 SYSTEMPATH\CodeIgniter.php(351): CodeIgniter\CodeIgniter->handleRequest(null, Object(Config\Cache), false)
10 FCPATH\index.php(55): CodeIgniter\CodeIgniter->run()
ERROR - 2023-04-26 10:46:06 --> Illegal parameter data types int and row for operation '='
CRITICAL - 2023-04-26 10:46:06 --> Illegal parameter data types int and row for operation '='
in SYSTEMPATH\Database\MySQLi\Connection.php on line 292.
 1 SYSTEMPATH\Database\MySQLi\Connection.php(292): mysqli->query('SELECT `p`.`name` as `product_name`, `p`.`price`, `p`.`discount`, `pi`.`name` as `image_name`
FROM `products` as `p`
JOIN `product_images` as `pi` ON `p`.`id` = `pi`.`product_idleft`
WHERE `p`.`id` = (\'58\',\'48\',\'10\')', 0)
 2 SYSTEMPATH\Database\BaseConnection.php(678): CodeIgniter\Database\MySQLi\Connection->execute('SELECT `p`.`name` as `product_name`, `p`.`price`, `p`.`discount`, `pi`.`name` as `image_name`
FROM `products` as `p`
JOIN `product_images` as `pi` ON `p`.`id` = `pi`.`product_idleft`
WHERE `p`.`id` = (\'58\',\'48\',\'10\')')
 3 SYSTEMPATH\Database\BaseConnection.php(606): CodeIgniter\Database\BaseConnection->simpleQuery('SELECT `p`.`name` as `product_name`, `p`.`price`, `p`.`discount`, `pi`.`name` as `image_name`
FROM `products` as `p`
JOIN `product_images` as `pi` ON `p`.`id` = `pi`.`product_idleft`
WHERE `p`.`id` = (\'58\',\'48\',\'10\')')
 4 SYSTEMPATH\Database\BaseBuilder.php(1585): CodeIgniter\Database\BaseConnection->query('SELECT `p`.`name` as `product_name`, `p`.`price`, `p`.`discount`, `pi`.`name` as `image_name`
FROM `products` as `p`
JOIN `product_images` as `pi` ON `p`.`id` = `pi`.`product_idleft`
WHERE `p`.`id` = :p.id:', [...], false)
 5 APPPATH\Models\MProducts.php(130): CodeIgniter\Database\BaseBuilder->get()
 6 APPPATH\Controllers\Home.php(21): App\Models\MProducts->get_suggest_product(3)
 7 SYSTEMPATH\CodeIgniter.php(898): App\Controllers\Home->index()
 8 SYSTEMPATH\CodeIgniter.php(468): CodeIgniter\CodeIgniter->runController(Object(App\Controllers\Home))
 9 SYSTEMPATH\CodeIgniter.php(351): CodeIgniter\CodeIgniter->handleRequest(null, Object(Config\Cache), false)
10 FCPATH\index.php(55): CodeIgniter\CodeIgniter->run()
ERROR - 2023-04-26 10:46:14 --> Illegal parameter data types int and row for operation '='
CRITICAL - 2023-04-26 10:46:14 --> Illegal parameter data types int and row for operation '='
in SYSTEMPATH\Database\MySQLi\Connection.php on line 292.
 1 SYSTEMPATH\Database\MySQLi\Connection.php(292): mysqli->query('SELECT `p`.`name` as `product_name`, `p`.`price`, `p`.`discount`, `pi`.`name` as `image_name`
FROM `products` as `p`
JOIN `product_images` as `pi` ON `p`.`id` = `pi`.`product_idleft`
WHERE `p`.`id` = (\'19\',\'77\',\'74\')', 0)
 2 SYSTEMPATH\Database\BaseConnection.php(678): CodeIgniter\Database\MySQLi\Connection->execute('SELECT `p`.`name` as `product_name`, `p`.`price`, `p`.`discount`, `pi`.`name` as `image_name`
FROM `products` as `p`
JOIN `product_images` as `pi` ON `p`.`id` = `pi`.`product_idleft`
WHERE `p`.`id` = (\'19\',\'77\',\'74\')')
 3 SYSTEMPATH\Database\BaseConnection.php(606): CodeIgniter\Database\BaseConnection->simpleQuery('SELECT `p`.`name` as `product_name`, `p`.`price`, `p`.`discount`, `pi`.`name` as `image_name`
FROM `products` as `p`
JOIN `product_images` as `pi` ON `p`.`id` = `pi`.`product_idleft`
WHERE `p`.`id` = (\'19\',\'77\',\'74\')')
 4 SYSTEMPATH\Database\BaseBuilder.php(1585): CodeIgniter\Database\BaseConnection->query('SELECT `p`.`name` as `product_name`, `p`.`price`, `p`.`discount`, `pi`.`name` as `image_name`
FROM `products` as `p`
JOIN `product_images` as `pi` ON `p`.`id` = `pi`.`product_idleft`
WHERE `p`.`id` = :p.id:', [...], false)
 5 APPPATH\Models\MProducts.php(130): CodeIgniter\Database\BaseBuilder->get()
 6 APPPATH\Controllers\Home.php(21): App\Models\MProducts->get_suggest_product(3)
 7 SYSTEMPATH\CodeIgniter.php(898): App\Controllers\Home->index()
 8 SYSTEMPATH\CodeIgniter.php(468): CodeIgniter\CodeIgniter->runController(Object(App\Controllers\Home))
 9 SYSTEMPATH\CodeIgniter.php(351): CodeIgniter\CodeIgniter->handleRequest(null, Object(Config\Cache), false)
10 FCPATH\index.php(55): CodeIgniter\CodeIgniter->run()
ERROR - 2023-04-26 10:46:41 --> Illegal parameter data types int and row for operation '='
CRITICAL - 2023-04-26 10:46:41 --> Illegal parameter data types int and row for operation '='
in SYSTEMPATH\Database\MySQLi\Connection.php on line 292.
 1 SYSTEMPATH\Database\MySQLi\Connection.php(292): mysqli->query('SELECT `p`.`name` as `product_name`, `p`.`price` as `price`, `p`.`discount` as `discount`, `pi`.`name` as `image_name`
FROM `products` as `p`
JOIN `product_images` as `pi` ON `p`.`id` = `pi`.`product_idleft`
WHERE `p`.`id` = (\'13\',\'55\',\'83\')', 0)
 2 SYSTEMPATH\Database\BaseConnection.php(678): CodeIgniter\Database\MySQLi\Connection->execute('SELECT `p`.`name` as `product_name`, `p`.`price` as `price`, `p`.`discount` as `discount`, `pi`.`name` as `image_name`
FROM `products` as `p`
JOIN `product_images` as `pi` ON `p`.`id` = `pi`.`product_idleft`
WHERE `p`.`id` = (\'13\',\'55\',\'83\')')
 3 SYSTEMPATH\Database\BaseConnection.php(606): CodeIgniter\Database\BaseConnection->simpleQuery('SELECT `p`.`name` as `product_name`, `p`.`price` as `price`, `p`.`discount` as `discount`, `pi`.`name` as `image_name`
FROM `products` as `p`
JOIN `product_images` as `pi` ON `p`.`id` = `pi`.`product_idleft`
WHERE `p`.`id` = (\'13\',\'55\',\'83\')')
 4 SYSTEMPATH\Database\BaseBuilder.php(1585): CodeIgniter\Database\BaseConnection->query('SELECT `p`.`name` as `product_name`, `p`.`price` as `price`, `p`.`discount` as `discount`, `pi`.`name` as `image_name`
FROM `products` as `p`
JOIN `product_images` as `pi` ON `p`.`id` = `pi`.`product_idleft`
WHERE `p`.`id` = :p.id:', [...], false)
 5 APPPATH\Models\MProducts.php(130): CodeIgniter\Database\BaseBuilder->get()
 6 APPPATH\Controllers\Home.php(21): App\Models\MProducts->get_suggest_product(3)
 7 SYSTEMPATH\CodeIgniter.php(898): App\Controllers\Home->index()
 8 SYSTEMPATH\CodeIgniter.php(468): CodeIgniter\CodeIgniter->runController(Object(App\Controllers\Home))
 9 SYSTEMPATH\CodeIgniter.php(351): CodeIgniter\CodeIgniter->handleRequest(null, Object(Config\Cache), false)
10 FCPATH\index.php(55): CodeIgniter\CodeIgniter->run()
ERROR - 2023-04-26 10:47:01 --> Unknown column 'pi.product_idleft' in 'on clause'
CRITICAL - 2023-04-26 10:47:01 --> Unknown column 'pi.product_idleft' in 'on clause'
in SYSTEMPATH\Database\MySQLi\Connection.php on line 292.
 1 SYSTEMPATH\Database\MySQLi\Connection.php(292): mysqli->query('SELECT `p`.`name` as `product_name`, `p`.`price` as `price`, `p`.`discount` as `discount`, `pi`.`name` as `image_name`
FROM `products` as `p`
JOIN `product_images` as `pi` ON `p`.`id` = `pi`.`product_idleft`
WHERE `p`.`id` = \'10\'', 0)
 2 SYSTEMPATH\Database\BaseConnection.php(678): CodeIgniter\Database\MySQLi\Connection->execute('SELECT `p`.`name` as `product_name`, `p`.`price` as `price`, `p`.`discount` as `discount`, `pi`.`name` as `image_name`
FROM `products` as `p`
JOIN `product_images` as `pi` ON `p`.`id` = `pi`.`product_idleft`
WHERE `p`.`id` = \'10\'')
 3 SYSTEMPATH\Database\BaseConnection.php(606): CodeIgniter\Database\BaseConnection->simpleQuery('SELECT `p`.`name` as `product_name`, `p`.`price` as `price`, `p`.`discount` as `discount`, `pi`.`name` as `image_name`
FROM `products` as `p`
JOIN `product_images` as `pi` ON `p`.`id` = `pi`.`product_idleft`
WHERE `p`.`id` = \'10\'')
 4 SYSTEMPATH\Database\BaseBuilder.php(1585): CodeIgniter\Database\BaseConnection->query('SELECT `p`.`name` as `product_name`, `p`.`price` as `price`, `p`.`discount` as `discount`, `pi`.`name` as `image_name`
FROM `products` as `p`
JOIN `product_images` as `pi` ON `p`.`id` = `pi`.`product_idleft`
WHERE `p`.`id` = :p.id:', [...], false)
 5 APPPATH\Models\MProducts.php(130): CodeIgniter\Database\BaseBuilder->get()
 6 APPPATH\Controllers\Home.php(21): App\Models\MProducts->get_suggest_product(3)
 7 SYSTEMPATH\CodeIgniter.php(898): App\Controllers\Home->index()
 8 SYSTEMPATH\CodeIgniter.php(468): CodeIgniter\CodeIgniter->runController(Object(App\Controllers\Home))
 9 SYSTEMPATH\CodeIgniter.php(351): CodeIgniter\CodeIgniter->handleRequest(null, Object(Config\Cache), false)
10 FCPATH\index.php(55): CodeIgniter\CodeIgniter->run()
ERROR - 2023-04-26 10:47:56 --> Illegal parameter data types int and row for operation '='
CRITICAL - 2023-04-26 10:47:56 --> Illegal parameter data types int and row for operation '='
in SYSTEMPATH\Database\MySQLi\Connection.php on line 292.
 1 SYSTEMPATH\Database\MySQLi\Connection.php(292): mysqli->query('SELECT `p`.`name` as `product_name`, `p`.`price` as `price`, `p`.`discount` as `discount`, `pi`.`name` as `image_name`
FROM `products` as `p`
LEFT JOIN `product_images` as `pi` ON `p`.`id` = `pi`.`product_id`
WHERE `p`.`id` = (\'4\',\'63\',\'69\')', 0)
 2 SYSTEMPATH\Database\BaseConnection.php(678): CodeIgniter\Database\MySQLi\Connection->execute('SELECT `p`.`name` as `product_name`, `p`.`price` as `price`, `p`.`discount` as `discount`, `pi`.`name` as `image_name`
FROM `products` as `p`
LEFT JOIN `product_images` as `pi` ON `p`.`id` = `pi`.`product_id`
WHERE `p`.`id` = (\'4\',\'63\',\'69\')')
 3 SYSTEMPATH\Database\BaseConnection.php(606): CodeIgniter\Database\BaseConnection->simpleQuery('SELECT `p`.`name` as `product_name`, `p`.`price` as `price`, `p`.`discount` as `discount`, `pi`.`name` as `image_name`
FROM `products` as `p`
LEFT JOIN `product_images` as `pi` ON `p`.`id` = `pi`.`product_id`
WHERE `p`.`id` = (\'4\',\'63\',\'69\')')
 4 SYSTEMPATH\Database\BaseBuilder.php(1585): CodeIgniter\Database\BaseConnection->query('SELECT `p`.`name` as `product_name`, `p`.`price` as `price`, `p`.`discount` as `discount`, `pi`.`name` as `image_name`
FROM `products` as `p`
LEFT JOIN `product_images` as `pi` ON `p`.`id` = `pi`.`product_id`
WHERE `p`.`id` = :p.id:', [...], false)
 5 APPPATH\Models\MProducts.php(130): CodeIgniter\Database\BaseBuilder->get()
 6 APPPATH\Controllers\Home.php(21): App\Models\MProducts->get_suggest_product(3)
 7 SYSTEMPATH\CodeIgniter.php(898): App\Controllers\Home->index()
 8 SYSTEMPATH\CodeIgniter.php(468): CodeIgniter\CodeIgniter->runController(Object(App\Controllers\Home))
 9 SYSTEMPATH\CodeIgniter.php(351): CodeIgniter\CodeIgniter->handleRequest(null, Object(Config\Cache), false)
10 FCPATH\index.php(55): CodeIgniter\CodeIgniter->run()
ERROR - 2023-04-26 10:48:19 --> Illegal parameter data types int and row for operation '='
CRITICAL - 2023-04-26 10:48:19 --> Illegal parameter data types int and row for operation '='
in SYSTEMPATH\Database\MySQLi\Connection.php on line 292.
 1 SYSTEMPATH\Database\MySQLi\Connection.php(292): mysqli->query('SELECT `p`.`name` as `product_name`, `p`.`price` as `price`, `p`.`discount` as `discount`, `pi`.`name` as `image_name`
FROM `products` as `p`
LEFT JOIN `product_images` as `pi` ON `p`.`id` = `pi`.`product_id`
WHERE `p`.`id` = (10,11)', 0)
 2 SYSTEMPATH\Database\BaseConnection.php(678): CodeIgniter\Database\MySQLi\Connection->execute('SELECT `p`.`name` as `product_name`, `p`.`price` as `price`, `p`.`discount` as `discount`, `pi`.`name` as `image_name`
FROM `products` as `p`
LEFT JOIN `product_images` as `pi` ON `p`.`id` = `pi`.`product_id`
WHERE `p`.`id` = (10,11)')
 3 SYSTEMPATH\Database\BaseConnection.php(606): CodeIgniter\Database\BaseConnection->simpleQuery('SELECT `p`.`name` as `product_name`, `p`.`price` as `price`, `p`.`discount` as `discount`, `pi`.`name` as `image_name`
FROM `products` as `p`
LEFT JOIN `product_images` as `pi` ON `p`.`id` = `pi`.`product_id`
WHERE `p`.`id` = (10,11)')
 4 SYSTEMPATH\Database\BaseBuilder.php(1585): CodeIgniter\Database\BaseConnection->query('SELECT `p`.`name` as `product_name`, `p`.`price` as `price`, `p`.`discount` as `discount`, `pi`.`name` as `image_name`
FROM `products` as `p`
LEFT JOIN `product_images` as `pi` ON `p`.`id` = `pi`.`product_id`
WHERE `p`.`id` = :p.id:', [...], false)
 5 APPPATH\Models\MProducts.php(130): CodeIgniter\Database\BaseBuilder->get()
 6 APPPATH\Controllers\Home.php(21): App\Models\MProducts->get_suggest_product(3)
 7 SYSTEMPATH\CodeIgniter.php(898): App\Controllers\Home->index()
 8 SYSTEMPATH\CodeIgniter.php(468): CodeIgniter\CodeIgniter->runController(Object(App\Controllers\Home))
 9 SYSTEMPATH\CodeIgniter.php(351): CodeIgniter\CodeIgniter->handleRequest(null, Object(Config\Cache), false)
10 FCPATH\index.php(55): CodeIgniter\CodeIgniter->run()
ERROR - 2023-04-26 10:48:22 --> Illegal parameter data types int and row for operation '='
CRITICAL - 2023-04-26 10:48:22 --> Illegal parameter data types int and row for operation '='
in SYSTEMPATH\Database\MySQLi\Connection.php on line 292.
 1 SYSTEMPATH\Database\MySQLi\Connection.php(292): mysqli->query('SELECT `p`.`name` as `product_name`, `p`.`price` as `price`, `p`.`discount` as `discount`, `pi`.`name` as `image_name`
FROM `products` as `p`
LEFT JOIN `product_images` as `pi` ON `p`.`id` = `pi`.`product_id`
WHERE `p`.`id` = (10,11)', 0)
 2 SYSTEMPATH\Database\BaseConnection.php(678): CodeIgniter\Database\MySQLi\Connection->execute('SELECT `p`.`name` as `product_name`, `p`.`price` as `price`, `p`.`discount` as `discount`, `pi`.`name` as `image_name`
FROM `products` as `p`
LEFT JOIN `product_images` as `pi` ON `p`.`id` = `pi`.`product_id`
WHERE `p`.`id` = (10,11)')
 3 SYSTEMPATH\Database\BaseConnection.php(606): CodeIgniter\Database\BaseConnection->simpleQuery('SELECT `p`.`name` as `product_name`, `p`.`price` as `price`, `p`.`discount` as `discount`, `pi`.`name` as `image_name`
FROM `products` as `p`
LEFT JOIN `product_images` as `pi` ON `p`.`id` = `pi`.`product_id`
WHERE `p`.`id` = (10,11)')
 4 SYSTEMPATH\Database\BaseBuilder.php(1585): CodeIgniter\Database\BaseConnection->query('SELECT `p`.`name` as `product_name`, `p`.`price` as `price`, `p`.`discount` as `discount`, `pi`.`name` as `image_name`
FROM `products` as `p`
LEFT JOIN `product_images` as `pi` ON `p`.`id` = `pi`.`product_id`
WHERE `p`.`id` = :p.id:', [...], false)
 5 APPPATH\Models\MProducts.php(130): CodeIgniter\Database\BaseBuilder->get()
 6 APPPATH\Controllers\Home.php(21): App\Models\MProducts->get_suggest_product(3)
 7 SYSTEMPATH\CodeIgniter.php(898): App\Controllers\Home->index()
 8 SYSTEMPATH\CodeIgniter.php(468): CodeIgniter\CodeIgniter->runController(Object(App\Controllers\Home))
 9 SYSTEMPATH\CodeIgniter.php(351): CodeIgniter\CodeIgniter->handleRequest(null, Object(Config\Cache), false)
10 FCPATH\index.php(55): CodeIgniter\CodeIgniter->run()
CRITICAL - 2023-04-26 11:43:19 --> Undefined index: suggestedProducts
in APPPATH\Controllers\Home.php on line 44.
 1 APPPATH\Controllers\Home.php(44): CodeIgniter\Debug\Exceptions->errorHandler(8, 'Undefined index: suggestedProducts', 'APPPATH\\Controllers\\Home.php', 44, [...])
 2 APPPATH\Controllers\Home.php(17): App\Controllers\Home->prepare_html()
 3 SYSTEMPATH\CodeIgniter.php(898): App\Controllers\Home->index()
 4 SYSTEMPATH\CodeIgniter.php(468): CodeIgniter\CodeIgniter->runController(Object(App\Controllers\Home))
 5 SYSTEMPATH\CodeIgniter.php(351): CodeIgniter\CodeIgniter->handleRequest(null, Object(Config\Cache), false)
 6 FCPATH\index.php(55): CodeIgniter\CodeIgniter->run()
