CRITICAL - 2022-11-26 07:28:45 --> Undefined variable: errors
in APPPATH\Views\Panel\VManageBrands.php on line 6.
 1 APPPATH\Views\Panel\VManageBrands.php(6): CodeIgniter\Debug\Exceptions->errorHandler(8, 'Undefined variable: errors', 'APPPATH\\Views\\Panel\\VManageBrands.php', 6, [...])
 2 SYSTEMPATH\View\View.php(213): include('APPPATH\\Views\\Panel\\VManageBrands.php')
 3 SYSTEMPATH\View\View.php(216): CodeIgniter\View\View->CodeIgniter\View\{closure}()
 4 SYSTEMPATH\Common.php(1135): CodeIgniter\View\View->render('Panel\\VManageBrands', [], true)
 5 APPPATH\Libraries\LoadView\Attachments\View.php(79): view('Panel\\VManageBrands')
 6 APPPATH\Libraries\LoadView\Attachments\View.php(31): App\Libraries\LoadView\LoadView->body_view('Panel\\VManageBrands')
 7 APPPATH\Libraries\LoadView\LoadView.php(25): App\Libraries\LoadView\LoadView->render_view('Panel\\VManageBrands', 'Manage Brands')
 8 APPPATH\Controllers\BaseController.php(116): App\Libraries\LoadView\LoadView->show('Panel\\VManageBrands', 'Manage Brands')
 9 APPPATH\Controllers\Panel\ManageBrands.php(29): App\Controllers\BaseController->view('Panel\\VManageBrands', 'Manage Brands')
10 SYSTEMPATH\CodeIgniter.php(898): App\Controllers\Panel\ManageBrands->index()
11 SYSTEMPATH\CodeIgniter.php(468): CodeIgniter\CodeIgniter->runController(Object(App\Controllers\Panel\ManageBrands))
12 SYSTEMPATH\CodeIgniter.php(351): CodeIgniter\CodeIgniter->handleRequest(null, Object(Config\Cache), false)
13 FCPATH\index.php(55): CodeIgniter\CodeIgniter->run()
CRITICAL - 2022-11-26 07:29:43 --> Undefined variable: errors
in APPPATH\Views\Panel\VManageBrands.php on line 6.
 1 APPPATH\Views\Panel\VManageBrands.php(6): CodeIgniter\Debug\Exceptions->errorHandler(8, 'Undefined variable: errors', 'APPPATH\\Views\\Panel\\VManageBrands.php', 6, [...])
 2 SYSTEMPATH\View\View.php(213): include('APPPATH\\Views\\Panel\\VManageBrands.php')
 3 SYSTEMPATH\View\View.php(216): CodeIgniter\View\View->CodeIgniter\View\{closure}()
 4 SYSTEMPATH\Common.php(1135): CodeIgniter\View\View->render('Panel\\VManageBrands', [], true)
 5 APPPATH\Libraries\LoadView\Attachments\View.php(79): view('Panel\\VManageBrands')
 6 APPPATH\Libraries\LoadView\Attachments\View.php(31): App\Libraries\LoadView\LoadView->body_view('Panel\\VManageBrands')
 7 APPPATH\Libraries\LoadView\LoadView.php(25): App\Libraries\LoadView\LoadView->render_view('Panel\\VManageBrands', 'Manage Brands')
 8 APPPATH\Controllers\BaseController.php(116): App\Libraries\LoadView\LoadView->show('Panel\\VManageBrands', 'Manage Brands')
 9 APPPATH\Controllers\Panel\ManageBrands.php(29): App\Controllers\BaseController->view('Panel\\VManageBrands', 'Manage Brands')
10 SYSTEMPATH\CodeIgniter.php(898): App\Controllers\Panel\ManageBrands->index()
11 SYSTEMPATH\CodeIgniter.php(468): CodeIgniter\CodeIgniter->runController(Object(App\Controllers\Panel\ManageBrands))
12 SYSTEMPATH\CodeIgniter.php(351): CodeIgniter\CodeIgniter->handleRequest(null, Object(Config\Cache), false)
13 FCPATH\index.php(55): CodeIgniter\CodeIgniter->run()
CRITICAL - 2022-11-26 09:03:26 --> Class 'App\Controllers\Panel\BaseController' not found
in APPPATH\Controllers\Panel\ProductGroups.php on line 4.
 1 SYSTEMPATH\Autoloader\Autoloader.php(284): include_once()
 2 SYSTEMPATH\Autoloader\Autoloader.php(261): CodeIgniter\Autoloader\Autoloader->includeFile('APPPATH\\Controllers\\Panel\\ProductGroups.php')
 3 SYSTEMPATH\Autoloader\Autoloader.php(239): CodeIgniter\Autoloader\Autoloader->loadInNamespace('App\\Controllers\\Panel\\ProductGroups')
 4 [internal function]: CodeIgniter\Autoloader\Autoloader->loadClass('App\\Controllers\\Panel\\ProductGroups')
 5 [internal function]: spl_autoload_call('App\\Controllers\\Panel\\ProductGroups')
 6 SYSTEMPATH\CodeIgniter.php(848): class_exists('\\App\\Controllers\\Panel\\ProductGroups', true)
 7 SYSTEMPATH\CodeIgniter.php(455): CodeIgniter\CodeIgniter->startController()
 8 SYSTEMPATH\CodeIgniter.php(351): CodeIgniter\CodeIgniter->handleRequest(null, Object(Config\Cache), false)
 9 FCPATH\index.php(55): CodeIgniter\CodeIgniter->run()
CRITICAL - 2022-11-26 09:04:03 --> Call to undefined method App\Controllers\Panel\ProductGroups::errors()
in APPPATH\Controllers\Panel\ProductGroups.php on line 13.
 1 SYSTEMPATH\CodeIgniter.php(898): App\Controllers\Panel\ProductGroups->index()
 2 SYSTEMPATH\CodeIgniter.php(468): CodeIgniter\CodeIgniter->runController(Object(App\Controllers\Panel\ProductGroups))
 3 SYSTEMPATH\CodeIgniter.php(351): CodeIgniter\CodeIgniter->handleRequest(null, Object(Config\Cache), false)
 4 FCPATH\index.php(55): CodeIgniter\CodeIgniter->run()
CRITICAL - 2022-11-26 09:04:34 --> Too few arguments to function App\Controllers\BaseController::msg(), 1 passed in E:\SoftWare\xampp 7\htdocs\my_projects\Resume\Shop\app\Controllers\Panel\ProductGroups.php on line 13 and exactly 2 expected
in APPPATH\Controllers\BaseController.php on line 224.
 1 APPPATH\Controllers\Panel\ProductGroups.php(13): App\Controllers\BaseController->msg('ROOTPATH\\public')
 2 SYSTEMPATH\CodeIgniter.php(898): App\Controllers\Panel\ProductGroups->index()
 3 SYSTEMPATH\CodeIgniter.php(468): CodeIgniter\CodeIgniter->runController(Object(App\Controllers\Panel\ProductGroups))
 4 SYSTEMPATH\CodeIgniter.php(351): CodeIgniter\CodeIgniter->handleRequest(null, Object(Config\Cache), false)
 5 FCPATH\index.php(55): CodeIgniter\CodeIgniter->run()
CRITICAL - 2022-11-26 09:05:09 --> Undefined variable: errors
in APPPATH\Views\Panel\VProductGroups.php on line 2.
 1 APPPATH\Views\Panel\VProductGroups.php(2): CodeIgniter\Debug\Exceptions->errorHandler(8, 'Undefined variable: errors', 'APPPATH\\Views\\Panel\\VProductGroups.php', 2, [...])
 2 SYSTEMPATH\View\View.php(213): include('APPPATH\\Views\\Panel\\VProductGroups.php')
 3 SYSTEMPATH\View\View.php(216): CodeIgniter\View\View->CodeIgniter\View\{closure}()
 4 SYSTEMPATH\Common.php(1135): CodeIgniter\View\View->render('Panel/VProductGroups', [], true)
 5 APPPATH\Libraries\LoadView\Attachments\View.php(79): view('Panel/VProductGroups')
 6 APPPATH\Libraries\LoadView\Attachments\View.php(31): App\Libraries\LoadView\LoadView->body_view('Panel/VProductGroups')
 7 APPPATH\Libraries\LoadView\LoadView.php(25): App\Libraries\LoadView\LoadView->render_view('Panel/VProductGroups', 'Product Groups')
 8 APPPATH\Controllers\BaseController.php(114): App\Libraries\LoadView\LoadView->show('Panel/VProductGroups', 'Product Groups')
 9 APPPATH\Controllers\Panel\ProductGroups.php(15): App\Controllers\BaseController->view('Panel/VProductGroups', 'Product Groups')
10 SYSTEMPATH\CodeIgniter.php(898): App\Controllers\Panel\ProductGroups->index()
11 SYSTEMPATH\CodeIgniter.php(468): CodeIgniter\CodeIgniter->runController(Object(App\Controllers\Panel\ProductGroups))
12 SYSTEMPATH\CodeIgniter.php(351): CodeIgniter\CodeIgniter->handleRequest(null, Object(Config\Cache), false)
13 FCPATH\index.php(55): CodeIgniter\CodeIgniter->run()
CRITICAL - 2022-11-26 09:46:42 --> Call to undefined method App\Controllers\Panel\ProductGroups::frame_for_form()
in APPPATH\Controllers\Panel\ProductGroups.php on line 35.
 1 APPPATH\Controllers\Panel\ProductGroups.php(15): App\Controllers\Panel\ProductGroups->add_product_group()
 2 SYSTEMPATH\CodeIgniter.php(898): App\Controllers\Panel\ProductGroups->index()
 3 SYSTEMPATH\CodeIgniter.php(468): CodeIgniter\CodeIgniter->runController(Object(App\Controllers\Panel\ProductGroups))
 4 SYSTEMPATH\CodeIgniter.php(351): CodeIgniter\CodeIgniter->handleRequest(null, Object(Config\Cache), false)
 5 FCPATH\index.php(55): CodeIgniter\CodeIgniter->run()
CRITICAL - 2022-11-26 09:49:26 --> Undefined variable: addProductGroups
in APPPATH\Views\Panel\VProductGroups.php on line 5.
 1 APPPATH\Views\Panel\VProductGroups.php(5): CodeIgniter\Debug\Exceptions->errorHandler(8, 'Undefined variable: addProductGroups', 'APPPATH\\Views\\Panel\\VProductGroups.php', 5, [...])
 2 SYSTEMPATH\View\View.php(213): include('APPPATH\\Views\\Panel\\VProductGroups.php')
 3 SYSTEMPATH\View\View.php(216): CodeIgniter\View\View->CodeIgniter\View\{closure}()
 4 SYSTEMPATH\Common.php(1135): CodeIgniter\View\View->render('Panel/VProductGroups', [], true)
 5 APPPATH\Libraries\LoadView\Attachments\View.php(79): view('Panel/VProductGroups')
 6 APPPATH\Libraries\LoadView\Attachments\View.php(31): App\Libraries\LoadView\LoadView->body_view('Panel/VProductGroups')
 7 APPPATH\Libraries\LoadView\LoadView.php(25): App\Libraries\LoadView\LoadView->render_view('Panel/VProductGroups', 'Product Groups')
 8 APPPATH\Controllers\BaseController.php(114): App\Libraries\LoadView\LoadView->show('Panel/VProductGroups', 'Product Groups')
 9 APPPATH\Controllers\Panel\ProductGroups.php(19): App\Controllers\BaseController->view('Panel/VProductGroups', 'Product Groups')
10 SYSTEMPATH\CodeIgniter.php(898): App\Controllers\Panel\ProductGroups->index()
11 SYSTEMPATH\CodeIgniter.php(468): CodeIgniter\CodeIgniter->runController(Object(App\Controllers\Panel\ProductGroups))
12 SYSTEMPATH\CodeIgniter.php(351): CodeIgniter\CodeIgniter->handleRequest(null, Object(Config\Cache), false)
13 FCPATH\index.php(55): CodeIgniter\CodeIgniter->run()
CRITICAL - 2022-11-26 10:30:58 --> Undefined offset: 0
in SYSTEMPATH\Router\RouteCollection.php on line 1134.
 1 SYSTEMPATH\Router\RouteCollection.php(1134): CodeIgniter\Debug\Exceptions->errorHandler(8, 'Undefined offset: 0', 'SYSTEMPATH\\Router\\RouteCollection.php', 1134, [...])
 2 SYSTEMPATH\Router\RouteCollection.php(1001): CodeIgniter\Router\RouteCollection->fillRouteParams('ProductGroups/Process/([a-zA-Z]+)', [])
 3 SYSTEMPATH\Common.php(913): CodeIgniter\Router\RouteCollection->reverseRoute('pgp')
 4 APPPATH\Controllers\Panel\ProductGroups.php(18): route_to('pgp')
 5 SYSTEMPATH\CodeIgniter.php(898): App\Controllers\Panel\ProductGroups->index()
 6 SYSTEMPATH\CodeIgniter.php(468): CodeIgniter\CodeIgniter->runController(Object(App\Controllers\Panel\ProductGroups))
 7 SYSTEMPATH\CodeIgniter.php(351): CodeIgniter\CodeIgniter->handleRequest(null, Object(Config\Cache), false)
 8 FCPATH\index.php(55): CodeIgniter\CodeIgniter->run()
CRITICAL - 2022-11-26 10:31:45 --> Undefined offset: 0
in SYSTEMPATH\Router\RouteCollection.php on line 1134.
 1 SYSTEMPATH\Router\RouteCollection.php(1134): CodeIgniter\Debug\Exceptions->errorHandler(8, 'Undefined offset: 0', 'SYSTEMPATH\\Router\\RouteCollection.php', 1134, [...])
 2 SYSTEMPATH\Router\RouteCollection.php(1001): CodeIgniter\Router\RouteCollection->fillRouteParams('ProductGroups/Process/([^/]+)', [])
 3 SYSTEMPATH\Common.php(913): CodeIgniter\Router\RouteCollection->reverseRoute('pgp')
 4 APPPATH\Controllers\Panel\ProductGroups.php(18): route_to('pgp')
 5 SYSTEMPATH\CodeIgniter.php(898): App\Controllers\Panel\ProductGroups->index()
 6 SYSTEMPATH\CodeIgniter.php(468): CodeIgniter\CodeIgniter->runController(Object(App\Controllers\Panel\ProductGroups))
 7 SYSTEMPATH\CodeIgniter.php(351): CodeIgniter\CodeIgniter->handleRequest(null, Object(Config\Cache), false)
 8 FCPATH\index.php(55): CodeIgniter\CodeIgniter->run()
CRITICAL - 2022-11-26 10:32:49 --> Undefined offset: 0
in SYSTEMPATH\Router\RouteCollection.php on line 1134.
 1 SYSTEMPATH\Router\RouteCollection.php(1134): CodeIgniter\Debug\Exceptions->errorHandler(8, 'Undefined offset: 0', 'SYSTEMPATH\\Router\\RouteCollection.php', 1134, [...])
 2 SYSTEMPATH\Router\RouteCollection.php(1001): CodeIgniter\Router\RouteCollection->fillRouteParams('ProductGroups/Process/([^/]+)', [])
 3 SYSTEMPATH\Common.php(913): CodeIgniter\Router\RouteCollection->reverseRoute('pgp')
 4 APPPATH\Controllers\Panel\ProductGroups.php(18): route_to('pgp')
 5 SYSTEMPATH\CodeIgniter.php(898): App\Controllers\Panel\ProductGroups->index()
 6 SYSTEMPATH\CodeIgniter.php(468): CodeIgniter\CodeIgniter->runController(Object(App\Controllers\Panel\ProductGroups))
 7 SYSTEMPATH\CodeIgniter.php(351): CodeIgniter\CodeIgniter->handleRequest(null, Object(Config\Cache), false)
 8 FCPATH\index.php(55): CodeIgniter\CodeIgniter->run()
CRITICAL - 2022-11-26 10:34:37 --> Undefined offset: 0
in SYSTEMPATH\Router\RouteCollection.php on line 1134.
 1 SYSTEMPATH\Router\RouteCollection.php(1134): CodeIgniter\Debug\Exceptions->errorHandler(8, 'Undefined offset: 0', 'SYSTEMPATH\\Router\\RouteCollection.php', 1134, [...])
 2 SYSTEMPATH\Router\RouteCollection.php(1001): CodeIgniter\Router\RouteCollection->fillRouteParams('ProductGroups/Process/([^/]+)', [])
 3 SYSTEMPATH\Common.php(913): CodeIgniter\Router\RouteCollection->reverseRoute('pgp')
 4 APPPATH\Controllers\Panel\ProductGroups.php(18): route_to('pgp')
 5 SYSTEMPATH\CodeIgniter.php(898): App\Controllers\Panel\ProductGroups->index()
 6 SYSTEMPATH\CodeIgniter.php(468): CodeIgniter\CodeIgniter->runController(Object(App\Controllers\Panel\ProductGroups))
 7 SYSTEMPATH\CodeIgniter.php(351): CodeIgniter\CodeIgniter->handleRequest(null, Object(Config\Cache), false)
 8 FCPATH\index.php(55): CodeIgniter\CodeIgniter->run()
CRITICAL - 2022-11-26 10:40:20 --> Call to undefined method App\Controllers\Process\ProductGroups::initController()
in SYSTEMPATH\CodeIgniter.php on line 861.
 1 SYSTEMPATH\CodeIgniter.php(459): CodeIgniter\CodeIgniter->createController()
 2 SYSTEMPATH\CodeIgniter.php(351): CodeIgniter\CodeIgniter->handleRequest(null, Object(Config\Cache), false)
 3 FCPATH\index.php(55): CodeIgniter\CodeIgniter->run()
