CRITICAL - 2022-12-18 06:31:10 --> Return value of App\Libraries\TEFakeContent\Interpreter\Interpreter::explode_field() must be of the type string, none returned
in APPPATH\Libraries\TEFakeContent\Interpreter\Interpreter.php on line 33.
 1 APPPATH\Libraries\TEFakeContent\Interpreter\Interpreter.php(21): App\Libraries\TEFakeContent\Interpreter\Interpreter->explode_field('#')
 2 APPPATH\Libraries\TEFakeContent\Interpreter\Interpreter.php(16): App\Libraries\TEFakeContent\Interpreter\Interpreter->fetch([...])
 3 APPPATH\Libraries\TEFakeContent\TEFakeContent.php(10): App\Libraries\TEFakeContent\Interpreter\Interpreter->start([...])
 4 APPPATH\Controllers\Home.php(26): App\Libraries\TEFakeContent\TEFakeContent->fields([...])
 5 SYSTEMPATH\CodeIgniter.php(898): App\Controllers\Home->index()
 6 SYSTEMPATH\CodeIgniter.php(468): CodeIgniter\CodeIgniter->runController(Object(App\Controllers\Home))
 7 SYSTEMPATH\CodeIgniter.php(351): CodeIgniter\CodeIgniter->handleRequest(null, Object(Config\Cache), false)
 8 FCPATH\index.php(55): CodeIgniter\CodeIgniter->run()
CRITICAL - 2022-12-18 07:29:52 --> Call to private method App\Libraries\TEFakeContent\Interpreter\BaseInterpreter::interpreting() from context 'App\Libraries\TEFakeContent\Interpreter\Interpreter'
in APPPATH\Libraries\TEFakeContent\Interpreter\Interpreter.php on line 45.
 1 APPPATH\Libraries\TEFakeContent\Interpreter\Interpreter.php(34): App\Libraries\TEFakeContent\Interpreter\Interpreter->fetch_portions()
 2 APPPATH\Libraries\TEFakeContent\Interpreter\Interpreter.php(20): App\Libraries\TEFakeContent\Interpreter\Interpreter->making('user_|[#]|[#]')
 3 APPPATH\Libraries\TEFakeContent\TEFakeContent.php(16): App\Libraries\TEFakeContent\Interpreter\Interpreter->make_field('user_|[#]|[#]')
 4 APPPATH\Controllers\Home.php(26): App\Libraries\TEFakeContent\TEFakeContent->field('user_|[#]|[#]')
 5 SYSTEMPATH\CodeIgniter.php(898): App\Controllers\Home->index()
 6 SYSTEMPATH\CodeIgniter.php(468): CodeIgniter\CodeIgniter->runController(Object(App\Controllers\Home))
 7 SYSTEMPATH\CodeIgniter.php(351): CodeIgniter\CodeIgniter->handleRequest(null, Object(Config\Cache), false)
 8 FCPATH\index.php(55): CodeIgniter\CodeIgniter->run()
CRITICAL - 2022-12-18 07:30:07 --> Cannot access private property App\Libraries\TEFakeContent\Interpreter\Interpreter::$gc
in APPPATH\Libraries\TEFakeContent\Interpreter\BaseInterpreter.php on line 13.
 1 APPPATH\Libraries\TEFakeContent\Interpreter\Interpreter.php(45): App\Libraries\TEFakeContent\Interpreter\BaseInterpreter->interpreting('[#]')
 2 APPPATH\Libraries\TEFakeContent\Interpreter\Interpreter.php(34): App\Libraries\TEFakeContent\Interpreter\Interpreter->fetch_portions()
 3 APPPATH\Libraries\TEFakeContent\Interpreter\Interpreter.php(20): App\Libraries\TEFakeContent\Interpreter\Interpreter->making('user_|[#]|[#]')
 4 APPPATH\Libraries\TEFakeContent\TEFakeContent.php(16): App\Libraries\TEFakeContent\Interpreter\Interpreter->make_field('user_|[#]|[#]')
 5 APPPATH\Controllers\Home.php(26): App\Libraries\TEFakeContent\TEFakeContent->field('user_|[#]|[#]')
 6 SYSTEMPATH\CodeIgniter.php(898): App\Controllers\Home->index()
 7 SYSTEMPATH\CodeIgniter.php(468): CodeIgniter\CodeIgniter->runController(Object(App\Controllers\Home))
 8 SYSTEMPATH\CodeIgniter.php(351): CodeIgniter\CodeIgniter->handleRequest(null, Object(Config\Cache), false)
 9 FCPATH\index.php(55): CodeIgniter\CodeIgniter->run()
CRITICAL - 2022-12-18 07:30:09 --> Cannot access private property App\Libraries\TEFakeContent\Interpreter\Interpreter::$gc
in APPPATH\Libraries\TEFakeContent\Interpreter\BaseInterpreter.php on line 13.
 1 APPPATH\Libraries\TEFakeContent\Interpreter\Interpreter.php(45): App\Libraries\TEFakeContent\Interpreter\BaseInterpreter->interpreting('[#]')
 2 APPPATH\Libraries\TEFakeContent\Interpreter\Interpreter.php(34): App\Libraries\TEFakeContent\Interpreter\Interpreter->fetch_portions()
 3 APPPATH\Libraries\TEFakeContent\Interpreter\Interpreter.php(20): App\Libraries\TEFakeContent\Interpreter\Interpreter->making('user_|[#]|[#]')
 4 APPPATH\Libraries\TEFakeContent\TEFakeContent.php(16): App\Libraries\TEFakeContent\Interpreter\Interpreter->make_field('user_|[#]|[#]')
 5 APPPATH\Controllers\Home.php(26): App\Libraries\TEFakeContent\TEFakeContent->field('user_|[#]|[#]')
 6 SYSTEMPATH\CodeIgniter.php(898): App\Controllers\Home->index()
 7 SYSTEMPATH\CodeIgniter.php(468): CodeIgniter\CodeIgniter->runController(Object(App\Controllers\Home))
 8 SYSTEMPATH\CodeIgniter.php(351): CodeIgniter\CodeIgniter->handleRequest(null, Object(Config\Cache), false)
 9 FCPATH\index.php(55): CodeIgniter\CodeIgniter->run()
CRITICAL - 2022-12-18 08:21:35 --> Return value of App\Libraries\TEFakeContent\Interpreter\BaseInterpreter::interpreting() must be of the type string, none returned
in APPPATH\Libraries\TEFakeContent\Interpreter\BaseInterpreter.php on line 24.
 1 APPPATH\Libraries\TEFakeContent\Interpreter\Interpreter.php(43): App\Libraries\TEFakeContent\Interpreter\BaseInterpreter->interpreting('time()')
 2 APPPATH\Libraries\TEFakeContent\Interpreter\Interpreter.php(32): App\Libraries\TEFakeContent\Interpreter\Interpreter->fetch_portions()
 3 APPPATH\Libraries\TEFakeContent\Interpreter\Interpreter.php(18): App\Libraries\TEFakeContent\Interpreter\Interpreter->making('time()')
 4 APPPATH\Libraries\TEFakeContent\TEFakeContent.php(16): App\Libraries\TEFakeContent\Interpreter\Interpreter->make_field('time()')
 5 APPPATH\Controllers\Home.php(26): App\Libraries\TEFakeContent\TEFakeContent->field('time()')
 6 SYSTEMPATH\CodeIgniter.php(898): App\Controllers\Home->index()
 7 SYSTEMPATH\CodeIgniter.php(468): CodeIgniter\CodeIgniter->runController(Object(App\Controllers\Home))
 8 SYSTEMPATH\CodeIgniter.php(351): CodeIgniter\CodeIgniter->handleRequest(null, Object(Config\Cache), false)
 9 FCPATH\index.php(55): CodeIgniter\CodeIgniter->run()
CRITICAL - 2022-12-18 08:23:51 --> Return value of App\Libraries\TEFakeContent\Interpreter\BaseInterpreter::interpreting() must be of the type string, none returned
in APPPATH\Libraries\TEFakeContent\Interpreter\BaseInterpreter.php on line 24.
 1 APPPATH\Libraries\TEFakeContent\Interpreter\Interpreter.php(43): App\Libraries\TEFakeContent\Interpreter\BaseInterpreter->interpreting('time()')
 2 APPPATH\Libraries\TEFakeContent\Interpreter\Interpreter.php(32): App\Libraries\TEFakeContent\Interpreter\Interpreter->fetch_portions()
 3 APPPATH\Libraries\TEFakeContent\Interpreter\Interpreter.php(18): App\Libraries\TEFakeContent\Interpreter\Interpreter->making('time()')
 4 APPPATH\Libraries\TEFakeContent\TEFakeContent.php(16): App\Libraries\TEFakeContent\Interpreter\Interpreter->make_field('time()')
 5 APPPATH\Controllers\Home.php(26): App\Libraries\TEFakeContent\TEFakeContent->field('time()')
 6 SYSTEMPATH\CodeIgniter.php(898): App\Controllers\Home->index()
 7 SYSTEMPATH\CodeIgniter.php(468): CodeIgniter\CodeIgniter->runController(Object(App\Controllers\Home))
 8 SYSTEMPATH\CodeIgniter.php(351): CodeIgniter\CodeIgniter->handleRequest(null, Object(Config\Cache), false)
 9 FCPATH\index.php(55): CodeIgniter\CodeIgniter->run()
CRITICAL - 2022-12-18 08:26:12 --> Return value of App\Libraries\TEFakeContent\Interpreter\BaseInterpreter::if_method() must be of the type string, none returned
in APPPATH\Libraries\TEFakeContent\Interpreter\BaseInterpreter.php on line 30.
 1 APPPATH\Libraries\TEFakeContent\Interpreter\BaseInterpreter.php(16): App\Libraries\TEFakeContent\Interpreter\BaseInterpreter->if_method('time()')
 2 APPPATH\Libraries\TEFakeContent\Interpreter\Interpreter.php(43): App\Libraries\TEFakeContent\Interpreter\BaseInterpreter->interpreting('time()')
 3 APPPATH\Libraries\TEFakeContent\Interpreter\Interpreter.php(32): App\Libraries\TEFakeContent\Interpreter\Interpreter->fetch_portions()
 4 APPPATH\Libraries\TEFakeContent\Interpreter\Interpreter.php(18): App\Libraries\TEFakeContent\Interpreter\Interpreter->making('time()')
 5 APPPATH\Libraries\TEFakeContent\TEFakeContent.php(16): App\Libraries\TEFakeContent\Interpreter\Interpreter->make_field('time()')
 6 APPPATH\Controllers\Home.php(26): App\Libraries\TEFakeContent\TEFakeContent->field('time()')
 7 SYSTEMPATH\CodeIgniter.php(898): App\Controllers\Home->index()
 8 SYSTEMPATH\CodeIgniter.php(468): CodeIgniter\CodeIgniter->runController(Object(App\Controllers\Home))
 9 SYSTEMPATH\CodeIgniter.php(351): CodeIgniter\CodeIgniter->handleRequest(null, Object(Config\Cache), false)
10 FCPATH\index.php(55): CodeIgniter\CodeIgniter->run()
CRITICAL - 2022-12-18 08:29:03 --> Return value of App\Libraries\TEFakeContent\Interpreter\BaseInterpreter::interpreting() must be of the type string, none returned
in APPPATH\Libraries\TEFakeContent\Interpreter\BaseInterpreter.php on line 24.
 1 APPPATH\Libraries\TEFakeContent\Interpreter\Interpreter.php(43): App\Libraries\TEFakeContent\Interpreter\BaseInterpreter->interpreting('()time()')
 2 APPPATH\Libraries\TEFakeContent\Interpreter\Interpreter.php(32): App\Libraries\TEFakeContent\Interpreter\Interpreter->fetch_portions()
 3 APPPATH\Libraries\TEFakeContent\Interpreter\Interpreter.php(18): App\Libraries\TEFakeContent\Interpreter\Interpreter->making('()time()')
 4 APPPATH\Libraries\TEFakeContent\TEFakeContent.php(16): App\Libraries\TEFakeContent\Interpreter\Interpreter->make_field('()time()')
 5 APPPATH\Controllers\Home.php(26): App\Libraries\TEFakeContent\TEFakeContent->field('()time()')
 6 SYSTEMPATH\CodeIgniter.php(898): App\Controllers\Home->index()
 7 SYSTEMPATH\CodeIgniter.php(468): CodeIgniter\CodeIgniter->runController(Object(App\Controllers\Home))
 8 SYSTEMPATH\CodeIgniter.php(351): CodeIgniter\CodeIgniter->handleRequest(null, Object(Config\Cache), false)
 9 FCPATH\index.php(55): CodeIgniter\CodeIgniter->run()
CRITICAL - 2022-12-18 09:00:30 --> Return value of App\Libraries\TEFakeContent\Interpreter\BaseInterpreter::if_method() must be of the type string, none returned
in APPPATH\Libraries\TEFakeContent\Interpreter\BaseInterpreter.php on line 28.
 1 APPPATH\Libraries\TEFakeContent\Interpreter\BaseInterpreter.php(16): App\Libraries\TEFakeContent\Interpreter\BaseInterpreter->if_method('timestamp()')
 2 APPPATH\Libraries\TEFakeContent\Interpreter\Interpreter.php(43): App\Libraries\TEFakeContent\Interpreter\BaseInterpreter->interpreting('timestamp()')
 3 APPPATH\Libraries\TEFakeContent\Interpreter\Interpreter.php(32): App\Libraries\TEFakeContent\Interpreter\Interpreter->fetch_portions()
 4 APPPATH\Libraries\TEFakeContent\Interpreter\Interpreter.php(18): App\Libraries\TEFakeContent\Interpreter\Interpreter->making('timestamp()')
 5 APPPATH\Libraries\TEFakeContent\TEFakeContent.php(16): App\Libraries\TEFakeContent\Interpreter\Interpreter->make_field('timestamp()')
 6 APPPATH\Controllers\Home.php(26): App\Libraries\TEFakeContent\TEFakeContent->field('timestamp()')
 7 SYSTEMPATH\CodeIgniter.php(898): App\Controllers\Home->index()
 8 SYSTEMPATH\CodeIgniter.php(468): CodeIgniter\CodeIgniter->runController(Object(App\Controllers\Home))
 9 SYSTEMPATH\CodeIgniter.php(351): CodeIgniter\CodeIgniter->handleRequest(null, Object(Config\Cache), false)
10 FCPATH\index.php(55): CodeIgniter\CodeIgniter->run()
CRITICAL - 2022-12-18 09:03:15 --> Return value of App\Libraries\TEFakeContent\Interpreter\BaseInterpreter::extract_params() must be of the type array, string returned
in APPPATH\Libraries\TEFakeContent\Interpreter\BaseInterpreter.php on line 42.
 1 APPPATH\Libraries\TEFakeContent\Interpreter\BaseInterpreter.php(33): App\Libraries\TEFakeContent\Interpreter\BaseInterpreter->extract_params('timestamp()')
 2 APPPATH\Libraries\TEFakeContent\Interpreter\BaseInterpreter.php(27): App\Libraries\TEFakeContent\Interpreter\BaseInterpreter->method_parse('timestamp()')
 3 APPPATH\Libraries\TEFakeContent\Interpreter\BaseInterpreter.php(16): App\Libraries\TEFakeContent\Interpreter\BaseInterpreter->if_method('timestamp()')
 4 APPPATH\Libraries\TEFakeContent\Interpreter\Interpreter.php(43): App\Libraries\TEFakeContent\Interpreter\BaseInterpreter->interpreting('timestamp()')
 5 APPPATH\Libraries\TEFakeContent\Interpreter\Interpreter.php(32): App\Libraries\TEFakeContent\Interpreter\Interpreter->fetch_portions()
 6 APPPATH\Libraries\TEFakeContent\Interpreter\Interpreter.php(18): App\Libraries\TEFakeContent\Interpreter\Interpreter->making('timestamp()')
 7 APPPATH\Libraries\TEFakeContent\TEFakeContent.php(16): App\Libraries\TEFakeContent\Interpreter\Interpreter->make_field('timestamp()')
 8 APPPATH\Controllers\Home.php(26): App\Libraries\TEFakeContent\TEFakeContent->field('timestamp()')
 9 SYSTEMPATH\CodeIgniter.php(898): App\Controllers\Home->index()
10 SYSTEMPATH\CodeIgniter.php(468): CodeIgniter\CodeIgniter->runController(Object(App\Controllers\Home))
11 SYSTEMPATH\CodeIgniter.php(351): CodeIgniter\CodeIgniter->handleRequest(null, Object(Config\Cache), false)
12 FCPATH\index.php(55): CodeIgniter\CodeIgniter->run()
CRITICAL - 2022-12-18 09:03:43 --> Return value of App\Libraries\TEFakeContent\Interpreter\BaseInterpreter::extract_params() must be of the type array, string returned
in APPPATH\Libraries\TEFakeContent\Interpreter\BaseInterpreter.php on line 45.
 1 APPPATH\Libraries\TEFakeContent\Interpreter\BaseInterpreter.php(36): App\Libraries\TEFakeContent\Interpreter\BaseInterpreter->extract_params('timestamp()')
 2 APPPATH\Libraries\TEFakeContent\Interpreter\BaseInterpreter.php(28): App\Libraries\TEFakeContent\Interpreter\BaseInterpreter->method_parse('timestamp()')
 3 APPPATH\Libraries\TEFakeContent\Interpreter\BaseInterpreter.php(16): App\Libraries\TEFakeContent\Interpreter\BaseInterpreter->if_method('timestamp()')
 4 APPPATH\Libraries\TEFakeContent\Interpreter\Interpreter.php(43): App\Libraries\TEFakeContent\Interpreter\BaseInterpreter->interpreting('timestamp()')
 5 APPPATH\Libraries\TEFakeContent\Interpreter\Interpreter.php(32): App\Libraries\TEFakeContent\Interpreter\Interpreter->fetch_portions()
 6 APPPATH\Libraries\TEFakeContent\Interpreter\Interpreter.php(18): App\Libraries\TEFakeContent\Interpreter\Interpreter->making('timestamp()')
 7 APPPATH\Libraries\TEFakeContent\TEFakeContent.php(16): App\Libraries\TEFakeContent\Interpreter\Interpreter->make_field('timestamp()')
 8 APPPATH\Controllers\Home.php(26): App\Libraries\TEFakeContent\TEFakeContent->field('timestamp()')
 9 SYSTEMPATH\CodeIgniter.php(898): App\Controllers\Home->index()
10 SYSTEMPATH\CodeIgniter.php(468): CodeIgniter\CodeIgniter->runController(Object(App\Controllers\Home))
11 SYSTEMPATH\CodeIgniter.php(351): CodeIgniter\CodeIgniter->handleRequest(null, Object(Config\Cache), false)
12 FCPATH\index.php(55): CodeIgniter\CodeIgniter->run()
CRITICAL - 2022-12-18 09:07:51 --> Return value of App\Libraries\TEFakeContent\Interpreter\BaseInterpreter::extract_params() must be of the type string, array returned
in APPPATH\Libraries\TEFakeContent\Interpreter\BaseInterpreter.php on line 45.
 1 APPPATH\Libraries\TEFakeContent\Interpreter\BaseInterpreter.php(36): App\Libraries\TEFakeContent\Interpreter\BaseInterpreter->extract_params('timestamp(11,22)')
 2 APPPATH\Libraries\TEFakeContent\Interpreter\BaseInterpreter.php(28): App\Libraries\TEFakeContent\Interpreter\BaseInterpreter->method_parse('timestamp(11,22)')
 3 APPPATH\Libraries\TEFakeContent\Interpreter\BaseInterpreter.php(16): App\Libraries\TEFakeContent\Interpreter\BaseInterpreter->if_method('timestamp(11,22)')
 4 APPPATH\Libraries\TEFakeContent\Interpreter\Interpreter.php(43): App\Libraries\TEFakeContent\Interpreter\BaseInterpreter->interpreting('timestamp(11,22)')
 5 APPPATH\Libraries\TEFakeContent\Interpreter\Interpreter.php(32): App\Libraries\TEFakeContent\Interpreter\Interpreter->fetch_portions()
 6 APPPATH\Libraries\TEFakeContent\Interpreter\Interpreter.php(18): App\Libraries\TEFakeContent\Interpreter\Interpreter->making('timestamp(11,22)')
 7 APPPATH\Libraries\TEFakeContent\TEFakeContent.php(16): App\Libraries\TEFakeContent\Interpreter\Interpreter->make_field('timestamp(11,22)')
 8 APPPATH\Controllers\Home.php(26): App\Libraries\TEFakeContent\TEFakeContent->field('timestamp(11,22)')
 9 SYSTEMPATH\CodeIgniter.php(898): App\Controllers\Home->index()
10 SYSTEMPATH\CodeIgniter.php(468): CodeIgniter\CodeIgniter->runController(Object(App\Controllers\Home))
11 SYSTEMPATH\CodeIgniter.php(351): CodeIgniter\CodeIgniter->handleRequest(null, Object(Config\Cache), false)
12 FCPATH\index.php(55): CodeIgniter\CodeIgniter->run()
CRITICAL - 2022-12-18 09:31:52 --> Return value of App\Libraries\TEFakeContent\Interpreter\BaseInterpreter::run_method() must be of the type string, none returned
in APPPATH\Libraries\TEFakeContent\Interpreter\BaseInterpreter.php on line 35.
 1 APPPATH\Libraries\TEFakeContent\Interpreter\BaseInterpreter.php(27): App\Libraries\TEFakeContent\Interpreter\BaseInterpreter->run_method([...])
 2 APPPATH\Libraries\TEFakeContent\Interpreter\BaseInterpreter.php(16): App\Libraries\TEFakeContent\Interpreter\BaseInterpreter->if_method('timestamp()')
 3 APPPATH\Libraries\TEFakeContent\Interpreter\Interpreter.php(43): App\Libraries\TEFakeContent\Interpreter\BaseInterpreter->interpreting('timestamp()')
 4 APPPATH\Libraries\TEFakeContent\Interpreter\Interpreter.php(32): App\Libraries\TEFakeContent\Interpreter\Interpreter->fetch_portions()
 5 APPPATH\Libraries\TEFakeContent\Interpreter\Interpreter.php(18): App\Libraries\TEFakeContent\Interpreter\Interpreter->making('timestamp()')
 6 APPPATH\Libraries\TEFakeContent\TEFakeContent.php(16): App\Libraries\TEFakeContent\Interpreter\Interpreter->make_field('timestamp()')
 7 APPPATH\Controllers\Home.php(26): App\Libraries\TEFakeContent\TEFakeContent->field('timestamp()')
 8 SYSTEMPATH\CodeIgniter.php(898): App\Controllers\Home->index()
 9 SYSTEMPATH\CodeIgniter.php(468): CodeIgniter\CodeIgniter->runController(Object(App\Controllers\Home))
10 SYSTEMPATH\CodeIgniter.php(351): CodeIgniter\CodeIgniter->handleRequest(null, Object(Config\Cache), false)
11 FCPATH\index.php(55): CodeIgniter\CodeIgniter->run()
CRITICAL - 2022-12-18 10:22:16 --> Call to protected method App\Libraries\TEFakeContent\Interpreter\Interpreting\Interpreting::start() from context 'App\Libraries\TEFakeContent\Interpreter\Interpreter'
in APPPATH\Libraries\TEFakeContent\Interpreter\Interpreter.php on line 44.
 1 APPPATH\Libraries\TEFakeContent\Interpreter\Interpreter.php(33): App\Libraries\TEFakeContent\Interpreter\Interpreter->fetch_portions()
 2 APPPATH\Libraries\TEFakeContent\Interpreter\Interpreter.php(19): App\Libraries\TEFakeContent\Interpreter\Interpreter->making('timestamp()')
 3 APPPATH\Libraries\TEFakeContent\TEFakeContent.php(16): App\Libraries\TEFakeContent\Interpreter\Interpreter->make_field('timestamp()')
 4 APPPATH\Controllers\Home.php(26): App\Libraries\TEFakeContent\TEFakeContent->field('timestamp()')
 5 SYSTEMPATH\CodeIgniter.php(898): App\Controllers\Home->index()
 6 SYSTEMPATH\CodeIgniter.php(468): CodeIgniter\CodeIgniter->runController(Object(App\Controllers\Home))
 7 SYSTEMPATH\CodeIgniter.php(351): CodeIgniter\CodeIgniter->handleRequest(null, Object(Config\Cache), false)
 8 FCPATH\index.php(55): CodeIgniter\CodeIgniter->run()
CRITICAL - 2022-12-18 10:37:15 --> Undefined offset: 1
in APPPATH\Libraries\TEFakeContent\Interpreter\Interpreting\Method.php on line 22.
 1 APPPATH\Libraries\TEFakeContent\Interpreter\Interpreting\Method.php(22): CodeIgniter\Debug\Exceptions->errorHandler(8, 'Undefined offset: 1', 'APPPATH\\Libraries\\TEFakeContent\\Interpreter\\Interpreting\\Method.php', 22, [...])
 2 APPPATH\Libraries\TEFakeContent\Interpreter\Interpreting\Method.php(8): App\Libraries\TEFakeContent\Interpreter\Interpreting\Interpreting->run_method([...])
 3 APPPATH\Libraries\TEFakeContent\Interpreter\Interpreting\Interpreting.php(22): App\Libraries\TEFakeContent\Interpreter\Interpreting\Interpreting->method('lorem_char(2)')
 4 APPPATH\Libraries\TEFakeContent\Interpreter\Interpreter.php(44): App\Libraries\TEFakeContent\Interpreter\Interpreting\Interpreting->start('lorem_char(2)')
 5 APPPATH\Libraries\TEFakeContent\Interpreter\Interpreter.php(33): App\Libraries\TEFakeContent\Interpreter\Interpreter->fetch_portions()
 6 APPPATH\Libraries\TEFakeContent\Interpreter\Interpreter.php(19): App\Libraries\TEFakeContent\Interpreter\Interpreter->making('lorem_char(2)')
 7 APPPATH\Libraries\TEFakeContent\TEFakeContent.php(16): App\Libraries\TEFakeContent\Interpreter\Interpreter->make_field('lorem_char(2)')
 8 APPPATH\Controllers\Home.php(26): App\Libraries\TEFakeContent\TEFakeContent->field('lorem_char(2)')
 9 SYSTEMPATH\CodeIgniter.php(898): App\Controllers\Home->index()
10 SYSTEMPATH\CodeIgniter.php(468): CodeIgniter\CodeIgniter->runController(Object(App\Controllers\Home))
11 SYSTEMPATH\CodeIgniter.php(351): CodeIgniter\CodeIgniter->handleRequest(null, Object(Config\Cache), false)
12 FCPATH\index.php(55): CodeIgniter\CodeIgniter->run()
