CRITICAL - 2023-02-14 08:44:45 --> Class 'App\Libraries\TEFakeContent\Interpreter' not found
in APPPATH\Libraries\TEFakeContent\TEFakeContent.php on line 16.
 1 APPPATH\Controllers\Home.php(26): App\Libraries\TEFakeContent\TEFakeContent->field('@@@|@@@Gmail.com')
 2 SYSTEMPATH\CodeIgniter.php(898): App\Controllers\Home->index()
 3 SYSTEMPATH\CodeIgniter.php(468): CodeIgniter\CodeIgniter->runController(Object(App\Controllers\Home))
 4 SYSTEMPATH\CodeIgniter.php(351): CodeIgniter\CodeIgniter->handleRequest(null, Object(Config\Cache), false)
 5 FCPATH\index.php(55): CodeIgniter\CodeIgniter->run()
CRITICAL - 2023-02-14 08:46:00 --> Class 'App\Libraries\TEFakeContent\Interpreter' not found
in APPPATH\Libraries\TEFakeContent\TEFakeContent.php on line 16.
 1 APPPATH\Controllers\Home.php(26): App\Libraries\TEFakeContent\TEFakeContent->field('@@@|@@@Gmail.com')
 2 SYSTEMPATH\CodeIgniter.php(898): App\Controllers\Home->index()
 3 SYSTEMPATH\CodeIgniter.php(468): CodeIgniter\CodeIgniter->runController(Object(App\Controllers\Home))
 4 SYSTEMPATH\CodeIgniter.php(351): CodeIgniter\CodeIgniter->handleRequest(null, Object(Config\Cache), false)
 5 FCPATH\index.php(55): CodeIgniter\CodeIgniter->run()
CRITICAL - 2023-02-14 09:24:04 --> Argument 1 passed to App\Libraries\TEFakeContent\GenContent\Handlers\Ordinal::alpha_rotation() must be of the type string, null given, called in E:\SoftWare\xampp 7\htdocs\my_projects\Resume\Shop\app\Libraries\TEFakeContent\GenContent\Handlers\Ordinal.php on line 23
in APPPATH\Libraries\TEFakeContent\GenContent\Handlers\Ordinal.php on line 92.
 1 APPPATH\Libraries\TEFakeContent\GenContent\Handlers\Ordinal.php(23): App\Libraries\TEFakeContent\GenContent\Handlers\Ordinal->alpha_rotation(null, 0, 1)
 2 APPPATH\Libraries\TEFakeContent\GenContent\GenContent.php(112): App\Libraries\TEFakeContent\GenContent\Handlers\Ordinal->lower_alpha(false)
 3 APPPATH\Libraries\TEFakeContent\Interpreter\Handlers\Sign.php(152): App\Libraries\TEFakeContent\GenContent\GenContent->ordinal_lower_alpha()
 4 APPPATH\Libraries\TEFakeContent\Interpreter\Handlers\Sign.php(16): App\Libraries\TEFakeContent\Interpreter\Handlers\Sign->replace_content()
 5 APPPATH\Libraries\TEFakeContent\Interpreter\Interpreter.php(102): App\Libraries\TEFakeContent\Interpreter\Handlers\Sign->sign('@@@')
 6 APPPATH\Libraries\TEFakeContent\Interpreter\Interpreter.php(86): App\Libraries\TEFakeContent\Interpreter\Interpreter->interpreter('@@@')
 7 APPPATH\Libraries\TEFakeContent\Interpreter\Interpreter.php(67): App\Libraries\TEFakeContent\Interpreter\Interpreter->fetch_placeholders()
 8 APPPATH\Libraries\TEFakeContent\Interpreter\Interpreter.php(41): App\Libraries\TEFakeContent\Interpreter\Interpreter->making('@@@|@@@|Gmail.com')
 9 APPPATH\Libraries\TEFakeContent\TEFakeContent.php(20): App\Libraries\TEFakeContent\Interpreter\Interpreter->make_field('@@@|@@@|Gmail.com')
10 APPPATH\Controllers\Home.php(26): App\Libraries\TEFakeContent\TEFakeContent->field('@@@|@@@|Gmail.com')
11 SYSTEMPATH\CodeIgniter.php(898): App\Controllers\Home->index()
12 SYSTEMPATH\CodeIgniter.php(468): CodeIgniter\CodeIgniter->runController(Object(App\Controllers\Home))
13 SYSTEMPATH\CodeIgniter.php(351): CodeIgniter\CodeIgniter->handleRequest(null, Object(Config\Cache), false)
14 FCPATH\index.php(55): CodeIgniter\CodeIgniter->run()
CRITICAL - 2023-02-14 09:26:43 --> Cannot pass parameter 1 by reference
in APPPATH\Libraries\TEFakeContent\GenContent\Handlers\Ordinal.php on line 23.
 1 APPPATH\Libraries\TEFakeContent\GenContent\GenContent.php(112): App\Libraries\TEFakeContent\GenContent\Handlers\Ordinal->lower_alpha(false)
 2 APPPATH\Libraries\TEFakeContent\Interpreter\Handlers\Sign.php(152): App\Libraries\TEFakeContent\GenContent\GenContent->ordinal_lower_alpha()
 3 APPPATH\Libraries\TEFakeContent\Interpreter\Handlers\Sign.php(16): App\Libraries\TEFakeContent\Interpreter\Handlers\Sign->replace_content()
 4 APPPATH\Libraries\TEFakeContent\Interpreter\Interpreter.php(102): App\Libraries\TEFakeContent\Interpreter\Handlers\Sign->sign('@@@')
 5 APPPATH\Libraries\TEFakeContent\Interpreter\Interpreter.php(86): App\Libraries\TEFakeContent\Interpreter\Interpreter->interpreter('@@@')
 6 APPPATH\Libraries\TEFakeContent\Interpreter\Interpreter.php(67): App\Libraries\TEFakeContent\Interpreter\Interpreter->fetch_placeholders()
 7 APPPATH\Libraries\TEFakeContent\Interpreter\Interpreter.php(41): App\Libraries\TEFakeContent\Interpreter\Interpreter->making('@@@|@@@|Gmail.com')
 8 APPPATH\Libraries\TEFakeContent\TEFakeContent.php(20): App\Libraries\TEFakeContent\Interpreter\Interpreter->make_field('@@@|@@@|Gmail.com')
 9 APPPATH\Controllers\Home.php(26): App\Libraries\TEFakeContent\TEFakeContent->field('@@@|@@@|Gmail.com')
10 SYSTEMPATH\CodeIgniter.php(898): App\Controllers\Home->index()
11 SYSTEMPATH\CodeIgniter.php(468): CodeIgniter\CodeIgniter->runController(Object(App\Controllers\Home))
12 SYSTEMPATH\CodeIgniter.php(351): CodeIgniter\CodeIgniter->handleRequest(null, Object(Config\Cache), false)
13 FCPATH\index.php(55): CodeIgniter\CodeIgniter->run()
CRITICAL - 2023-02-14 10:28:05 --> Too few arguments to function App\Libraries\TEFakeContent\GenContent\Handlers\Ordinal::alpha_rotation(), 3 passed in E:\SoftWare\xampp 7\htdocs\my_projects\Resume\Shop\app\Libraries\TEFakeContent\GenContent\Handlers\Ordinal.php on line 36 and exactly 4 expected
in APPPATH\Libraries\TEFakeContent\GenContent\Handlers\Ordinal.php on line 96.
 1 APPPATH\Libraries\TEFakeContent\GenContent\Handlers\Ordinal.php(36): App\Libraries\TEFakeContent\GenContent\Handlers\Ordinal->alpha_rotation('upperAlpha', 0, 1)
 2 APPPATH\Libraries\TEFakeContent\GenContent\GenContent.php(124): App\Libraries\TEFakeContent\GenContent\Handlers\Ordinal->upper_alpha(false)
 3 APPPATH\Libraries\TEFakeContent\Interpreter\Handlers\Sign.php(151): App\Libraries\TEFakeContent\GenContent\GenContent->ordinal_upper_alpha()
 4 APPPATH\Libraries\TEFakeContent\Interpreter\Handlers\Sign.php(16): App\Libraries\TEFakeContent\Interpreter\Handlers\Sign->replace_content(true)
 5 APPPATH\Libraries\TEFakeContent\Interpreter\Interpreter.php(106): App\Libraries\TEFakeContent\Interpreter\Handlers\Sign->sign('#', true)
 6 APPPATH\Libraries\TEFakeContent\Interpreter\Interpreter.php(88): App\Libraries\TEFakeContent\Interpreter\Interpreter->interpreter('#', true)
 7 APPPATH\Libraries\TEFakeContent\Interpreter\Interpreter.php(67): App\Libraries\TEFakeContent\Interpreter\Interpreter->fetch_placeholders()
 8 APPPATH\Libraries\TEFakeContent\Interpreter\Interpreter.php(41): App\Libraries\TEFakeContent\Interpreter\Interpreter->making('#|#|Gmail.com')
 9 APPPATH\Libraries\TEFakeContent\TEFakeContent.php(20): App\Libraries\TEFakeContent\Interpreter\Interpreter->make_field('#|#|Gmail.com')
10 APPPATH\Controllers\Home.php(26): App\Libraries\TEFakeContent\TEFakeContent->field('#|#|Gmail.com')
11 SYSTEMPATH\CodeIgniter.php(898): App\Controllers\Home->index()
12 SYSTEMPATH\CodeIgniter.php(468): CodeIgniter\CodeIgniter->runController(Object(App\Controllers\Home))
13 SYSTEMPATH\CodeIgniter.php(351): CodeIgniter\CodeIgniter->handleRequest(null, Object(Config\Cache), false)
14 FCPATH\index.php(55): CodeIgniter\CodeIgniter->run()
CRITICAL - 2023-02-14 10:43:22 --> Too few arguments to function App\Libraries\TEFakeContent\GenContent\Handlers\Ordinal::alpha_rotation(), 3 passed in E:\SoftWare\xampp 7\htdocs\my_projects\Resume\Shop\app\Libraries\TEFakeContent\GenContent\Handlers\Ordinal.php on line 36 and exactly 4 expected
in APPPATH\Libraries\TEFakeContent\GenContent\Handlers\Ordinal.php on line 96.
 1 APPPATH\Libraries\TEFakeContent\GenContent\Handlers\Ordinal.php(36): App\Libraries\TEFakeContent\GenContent\Handlers\Ordinal->alpha_rotation('upperAlpha', 0, 1)
 2 APPPATH\Libraries\TEFakeContent\GenContent\GenContent.php(124): App\Libraries\TEFakeContent\GenContent\Handlers\Ordinal->upper_alpha(false)
 3 APPPATH\Libraries\TEFakeContent\Interpreter\Handlers\Sign.php(151): App\Libraries\TEFakeContent\GenContent\GenContent->ordinal_upper_alpha()
 4 APPPATH\Libraries\TEFakeContent\Interpreter\Handlers\Sign.php(16): App\Libraries\TEFakeContent\Interpreter\Handlers\Sign->replace_content(true)
 5 APPPATH\Libraries\TEFakeContent\Interpreter\Interpreter.php(106): App\Libraries\TEFakeContent\Interpreter\Handlers\Sign->sign('#', true)
 6 APPPATH\Libraries\TEFakeContent\Interpreter\Interpreter.php(88): App\Libraries\TEFakeContent\Interpreter\Interpreter->interpreter('#', true)
 7 APPPATH\Libraries\TEFakeContent\Interpreter\Interpreter.php(67): App\Libraries\TEFakeContent\Interpreter\Interpreter->fetch_placeholders()
 8 APPPATH\Libraries\TEFakeContent\Interpreter\Interpreter.php(41): App\Libraries\TEFakeContent\Interpreter\Interpreter->making('#|#|Gmail.com')
 9 APPPATH\Libraries\TEFakeContent\TEFakeContent.php(20): App\Libraries\TEFakeContent\Interpreter\Interpreter->make_field('#|#|Gmail.com')
10 APPPATH\Controllers\Home.php(26): App\Libraries\TEFakeContent\TEFakeContent->field('#|#|Gmail.com')
11 SYSTEMPATH\CodeIgniter.php(898): App\Controllers\Home->index()
12 SYSTEMPATH\CodeIgniter.php(468): CodeIgniter\CodeIgniter->runController(Object(App\Controllers\Home))
13 SYSTEMPATH\CodeIgniter.php(351): CodeIgniter\CodeIgniter->handleRequest(null, Object(Config\Cache), false)
14 FCPATH\index.php(55): CodeIgniter\CodeIgniter->run()
CRITICAL - 2023-02-14 10:49:51 --> Too few arguments to function App\Libraries\TEFakeContent\GenContent\Handlers\Ordinal::alpha_rotation(), 3 passed in E:\SoftWare\xampp 7\htdocs\my_projects\Resume\Shop\app\Libraries\TEFakeContent\GenContent\Handlers\Ordinal.php on line 36 and exactly 4 expected
in APPPATH\Libraries\TEFakeContent\GenContent\Handlers\Ordinal.php on line 96.
 1 APPPATH\Libraries\TEFakeContent\GenContent\Handlers\Ordinal.php(36): App\Libraries\TEFakeContent\GenContent\Handlers\Ordinal->alpha_rotation('upperAlpha', 0, 1)
 2 APPPATH\Libraries\TEFakeContent\GenContent\GenContent.php(124): App\Libraries\TEFakeContent\GenContent\Handlers\Ordinal->upper_alpha(false)
 3 APPPATH\Libraries\TEFakeContent\Interpreter\Handlers\Sign.php(151): App\Libraries\TEFakeContent\GenContent\GenContent->ordinal_upper_alpha()
 4 APPPATH\Libraries\TEFakeContent\Interpreter\Handlers\Sign.php(16): App\Libraries\TEFakeContent\Interpreter\Handlers\Sign->replace_content(true)
 5 APPPATH\Libraries\TEFakeContent\Interpreter\Interpreter.php(106): App\Libraries\TEFakeContent\Interpreter\Handlers\Sign->sign('#', true)
 6 APPPATH\Libraries\TEFakeContent\Interpreter\Interpreter.php(88): App\Libraries\TEFakeContent\Interpreter\Interpreter->interpreter('#', true)
 7 APPPATH\Libraries\TEFakeContent\Interpreter\Interpreter.php(67): App\Libraries\TEFakeContent\Interpreter\Interpreter->fetch_placeholders()
 8 APPPATH\Libraries\TEFakeContent\Interpreter\Interpreter.php(41): App\Libraries\TEFakeContent\Interpreter\Interpreter->making('#|#|Gmail.com')
 9 APPPATH\Libraries\TEFakeContent\TEFakeContent.php(20): App\Libraries\TEFakeContent\Interpreter\Interpreter->make_field('#|#|Gmail.com')
10 APPPATH\Controllers\Home.php(26): App\Libraries\TEFakeContent\TEFakeContent->field('#|#|Gmail.com')
11 SYSTEMPATH\CodeIgniter.php(898): App\Controllers\Home->index()
12 SYSTEMPATH\CodeIgniter.php(468): CodeIgniter\CodeIgniter->runController(Object(App\Controllers\Home))
13 SYSTEMPATH\CodeIgniter.php(351): CodeIgniter\CodeIgniter->handleRequest(null, Object(Config\Cache), false)
14 FCPATH\index.php(55): CodeIgniter\CodeIgniter->run()
CRITICAL - 2023-02-14 10:49:54 --> Too few arguments to function App\Libraries\TEFakeContent\GenContent\Handlers\Ordinal::alpha_rotation(), 3 passed in E:\SoftWare\xampp 7\htdocs\my_projects\Resume\Shop\app\Libraries\TEFakeContent\GenContent\Handlers\Ordinal.php on line 36 and exactly 4 expected
in APPPATH\Libraries\TEFakeContent\GenContent\Handlers\Ordinal.php on line 96.
 1 APPPATH\Libraries\TEFakeContent\GenContent\Handlers\Ordinal.php(36): App\Libraries\TEFakeContent\GenContent\Handlers\Ordinal->alpha_rotation('upperAlpha', 0, 1)
 2 APPPATH\Libraries\TEFakeContent\GenContent\GenContent.php(124): App\Libraries\TEFakeContent\GenContent\Handlers\Ordinal->upper_alpha(false)
 3 APPPATH\Libraries\TEFakeContent\Interpreter\Handlers\Sign.php(151): App\Libraries\TEFakeContent\GenContent\GenContent->ordinal_upper_alpha()
 4 APPPATH\Libraries\TEFakeContent\Interpreter\Handlers\Sign.php(16): App\Libraries\TEFakeContent\Interpreter\Handlers\Sign->replace_content(true)
 5 APPPATH\Libraries\TEFakeContent\Interpreter\Interpreter.php(106): App\Libraries\TEFakeContent\Interpreter\Handlers\Sign->sign('#', true)
 6 APPPATH\Libraries\TEFakeContent\Interpreter\Interpreter.php(88): App\Libraries\TEFakeContent\Interpreter\Interpreter->interpreter('#', true)
 7 APPPATH\Libraries\TEFakeContent\Interpreter\Interpreter.php(67): App\Libraries\TEFakeContent\Interpreter\Interpreter->fetch_placeholders()
 8 APPPATH\Libraries\TEFakeContent\Interpreter\Interpreter.php(41): App\Libraries\TEFakeContent\Interpreter\Interpreter->making('#|#|Gmail.com')
 9 APPPATH\Libraries\TEFakeContent\TEFakeContent.php(20): App\Libraries\TEFakeContent\Interpreter\Interpreter->make_field('#|#|Gmail.com')
10 APPPATH\Controllers\Home.php(26): App\Libraries\TEFakeContent\TEFakeContent->field('#|#|Gmail.com')
11 SYSTEMPATH\CodeIgniter.php(898): App\Controllers\Home->index()
12 SYSTEMPATH\CodeIgniter.php(468): CodeIgniter\CodeIgniter->runController(Object(App\Controllers\Home))
13 SYSTEMPATH\CodeIgniter.php(351): CodeIgniter\CodeIgniter->handleRequest(null, Object(Config\Cache), false)
14 FCPATH\index.php(55): CodeIgniter\CodeIgniter->run()
CRITICAL - 2023-02-14 10:51:24 --> Too few arguments to function App\Libraries\TEFakeContent\GenContent\Handlers\Ordinal::alpha_rotation(), 3 passed in E:\SoftWare\xampp 7\htdocs\my_projects\Resume\Shop\app\Libraries\TEFakeContent\GenContent\Handlers\Ordinal.php on line 36 and exactly 4 expected
in APPPATH\Libraries\TEFakeContent\GenContent\Handlers\Ordinal.php on line 96.
 1 APPPATH\Libraries\TEFakeContent\GenContent\Handlers\Ordinal.php(36): App\Libraries\TEFakeContent\GenContent\Handlers\Ordinal->alpha_rotation('upperAlpha', 0, 1)
 2 APPPATH\Libraries\TEFakeContent\GenContent\GenContent.php(124): App\Libraries\TEFakeContent\GenContent\Handlers\Ordinal->upper_alpha(false)
 3 APPPATH\Libraries\TEFakeContent\Interpreter\Handlers\Sign.php(151): App\Libraries\TEFakeContent\GenContent\GenContent->ordinal_upper_alpha()
 4 APPPATH\Libraries\TEFakeContent\Interpreter\Handlers\Sign.php(16): App\Libraries\TEFakeContent\Interpreter\Handlers\Sign->replace_content(true)
 5 APPPATH\Libraries\TEFakeContent\Interpreter\Interpreter.php(106): App\Libraries\TEFakeContent\Interpreter\Handlers\Sign->sign('#', true)
 6 APPPATH\Libraries\TEFakeContent\Interpreter\Interpreter.php(88): App\Libraries\TEFakeContent\Interpreter\Interpreter->interpreter('#', true)
 7 APPPATH\Libraries\TEFakeContent\Interpreter\Interpreter.php(67): App\Libraries\TEFakeContent\Interpreter\Interpreter->fetch_placeholders()
 8 APPPATH\Libraries\TEFakeContent\Interpreter\Interpreter.php(41): App\Libraries\TEFakeContent\Interpreter\Interpreter->making('#|#|Gmail.com')
 9 APPPATH\Libraries\TEFakeContent\TEFakeContent.php(20): App\Libraries\TEFakeContent\Interpreter\Interpreter->make_field('#|#|Gmail.com')
10 APPPATH\Controllers\Home.php(26): App\Libraries\TEFakeContent\TEFakeContent->field('#|#|Gmail.com')
11 SYSTEMPATH\CodeIgniter.php(898): App\Controllers\Home->index()
12 SYSTEMPATH\CodeIgniter.php(468): CodeIgniter\CodeIgniter->runController(Object(App\Controllers\Home))
13 SYSTEMPATH\CodeIgniter.php(351): CodeIgniter\CodeIgniter->handleRequest(null, Object(Config\Cache), false)
14 FCPATH\index.php(55): CodeIgniter\CodeIgniter->run()
CRITICAL - 2023-02-14 10:51:25 --> Too few arguments to function App\Libraries\TEFakeContent\GenContent\Handlers\Ordinal::alpha_rotation(), 3 passed in E:\SoftWare\xampp 7\htdocs\my_projects\Resume\Shop\app\Libraries\TEFakeContent\GenContent\Handlers\Ordinal.php on line 36 and exactly 4 expected
in APPPATH\Libraries\TEFakeContent\GenContent\Handlers\Ordinal.php on line 96.
 1 APPPATH\Libraries\TEFakeContent\GenContent\Handlers\Ordinal.php(36): App\Libraries\TEFakeContent\GenContent\Handlers\Ordinal->alpha_rotation('upperAlpha', 0, 1)
 2 APPPATH\Libraries\TEFakeContent\GenContent\GenContent.php(124): App\Libraries\TEFakeContent\GenContent\Handlers\Ordinal->upper_alpha(false)
 3 APPPATH\Libraries\TEFakeContent\Interpreter\Handlers\Sign.php(151): App\Libraries\TEFakeContent\GenContent\GenContent->ordinal_upper_alpha()
 4 APPPATH\Libraries\TEFakeContent\Interpreter\Handlers\Sign.php(16): App\Libraries\TEFakeContent\Interpreter\Handlers\Sign->replace_content(true)
 5 APPPATH\Libraries\TEFakeContent\Interpreter\Interpreter.php(106): App\Libraries\TEFakeContent\Interpreter\Handlers\Sign->sign('#', true)
 6 APPPATH\Libraries\TEFakeContent\Interpreter\Interpreter.php(88): App\Libraries\TEFakeContent\Interpreter\Interpreter->interpreter('#', true)
 7 APPPATH\Libraries\TEFakeContent\Interpreter\Interpreter.php(67): App\Libraries\TEFakeContent\Interpreter\Interpreter->fetch_placeholders()
 8 APPPATH\Libraries\TEFakeContent\Interpreter\Interpreter.php(41): App\Libraries\TEFakeContent\Interpreter\Interpreter->making('#|#|Gmail.com')
 9 APPPATH\Libraries\TEFakeContent\TEFakeContent.php(20): App\Libraries\TEFakeContent\Interpreter\Interpreter->make_field('#|#|Gmail.com')
10 APPPATH\Controllers\Home.php(26): App\Libraries\TEFakeContent\TEFakeContent->field('#|#|Gmail.com')
11 SYSTEMPATH\CodeIgniter.php(898): App\Controllers\Home->index()
12 SYSTEMPATH\CodeIgniter.php(468): CodeIgniter\CodeIgniter->runController(Object(App\Controllers\Home))
13 SYSTEMPATH\CodeIgniter.php(351): CodeIgniter\CodeIgniter->handleRequest(null, Object(Config\Cache), false)
14 FCPATH\index.php(55): CodeIgniter\CodeIgniter->run()
CRITICAL - 2023-02-14 10:51:47 --> Undefined variable: go
in APPPATH\Libraries\TEFakeContent\GenContent\Handlers\Ordinal.php on line 106.
 1 APPPATH\Libraries\TEFakeContent\GenContent\Handlers\Ordinal.php(106): CodeIgniter\Debug\Exceptions->errorHandler(8, 'Undefined variable: go', 'APPPATH\\Libraries\\TEFakeContent\\GenContent\\Handlers\\Ordinal.php', 106, [...])
 2 APPPATH\Libraries\TEFakeContent\GenContent\Handlers\Ordinal.php(36): App\Libraries\TEFakeContent\GenContent\Handlers\Ordinal->alpha_rotation('upperAlpha', 0, 1)
 3 APPPATH\Libraries\TEFakeContent\GenContent\GenContent.php(124): App\Libraries\TEFakeContent\GenContent\Handlers\Ordinal->upper_alpha(false)
 4 APPPATH\Libraries\TEFakeContent\Interpreter\Handlers\Sign.php(151): App\Libraries\TEFakeContent\GenContent\GenContent->ordinal_upper_alpha()
 5 APPPATH\Libraries\TEFakeContent\Interpreter\Handlers\Sign.php(16): App\Libraries\TEFakeContent\Interpreter\Handlers\Sign->replace_content(true)
 6 APPPATH\Libraries\TEFakeContent\Interpreter\Interpreter.php(106): App\Libraries\TEFakeContent\Interpreter\Handlers\Sign->sign('#', true)
 7 APPPATH\Libraries\TEFakeContent\Interpreter\Interpreter.php(88): App\Libraries\TEFakeContent\Interpreter\Interpreter->interpreter('#', true)
 8 APPPATH\Libraries\TEFakeContent\Interpreter\Interpreter.php(67): App\Libraries\TEFakeContent\Interpreter\Interpreter->fetch_placeholders()
 9 APPPATH\Libraries\TEFakeContent\Interpreter\Interpreter.php(41): App\Libraries\TEFakeContent\Interpreter\Interpreter->making('#|#|Gmail.com')
10 APPPATH\Libraries\TEFakeContent\TEFakeContent.php(20): App\Libraries\TEFakeContent\Interpreter\Interpreter->make_field('#|#|Gmail.com')
11 APPPATH\Controllers\Home.php(26): App\Libraries\TEFakeContent\TEFakeContent->field('#|#|Gmail.com')
12 SYSTEMPATH\CodeIgniter.php(898): App\Controllers\Home->index()
13 SYSTEMPATH\CodeIgniter.php(468): CodeIgniter\CodeIgniter->runController(Object(App\Controllers\Home))
14 SYSTEMPATH\CodeIgniter.php(351): CodeIgniter\CodeIgniter->handleRequest(null, Object(Config\Cache), false)
15 FCPATH\index.php(55): CodeIgniter\CodeIgniter->run()
CRITICAL - 2023-02-14 10:52:07 --> Too few arguments to function App\Libraries\TEFakeContent\GenContent\Handlers\Ordinal::alpha_rotation(), 3 passed in E:\SoftWare\xampp 7\htdocs\my_projects\Resume\Shop\app\Libraries\TEFakeContent\GenContent\Handlers\Ordinal.php on line 36 and exactly 4 expected
in APPPATH\Libraries\TEFakeContent\GenContent\Handlers\Ordinal.php on line 96.
 1 APPPATH\Libraries\TEFakeContent\GenContent\Handlers\Ordinal.php(36): App\Libraries\TEFakeContent\GenContent\Handlers\Ordinal->alpha_rotation('upperAlpha', 0, 1)
 2 APPPATH\Libraries\TEFakeContent\GenContent\GenContent.php(124): App\Libraries\TEFakeContent\GenContent\Handlers\Ordinal->upper_alpha(false)
 3 APPPATH\Libraries\TEFakeContent\Interpreter\Handlers\Sign.php(151): App\Libraries\TEFakeContent\GenContent\GenContent->ordinal_upper_alpha()
 4 APPPATH\Libraries\TEFakeContent\Interpreter\Handlers\Sign.php(16): App\Libraries\TEFakeContent\Interpreter\Handlers\Sign->replace_content(true)
 5 APPPATH\Libraries\TEFakeContent\Interpreter\Interpreter.php(106): App\Libraries\TEFakeContent\Interpreter\Handlers\Sign->sign('#', true)
 6 APPPATH\Libraries\TEFakeContent\Interpreter\Interpreter.php(88): App\Libraries\TEFakeContent\Interpreter\Interpreter->interpreter('#', true)
 7 APPPATH\Libraries\TEFakeContent\Interpreter\Interpreter.php(67): App\Libraries\TEFakeContent\Interpreter\Interpreter->fetch_placeholders()
 8 APPPATH\Libraries\TEFakeContent\Interpreter\Interpreter.php(41): App\Libraries\TEFakeContent\Interpreter\Interpreter->making('#|#|Gmail.com')
 9 APPPATH\Libraries\TEFakeContent\TEFakeContent.php(20): App\Libraries\TEFakeContent\Interpreter\Interpreter->make_field('#|#|Gmail.com')
10 APPPATH\Controllers\Home.php(26): App\Libraries\TEFakeContent\TEFakeContent->field('#|#|Gmail.com')
11 SYSTEMPATH\CodeIgniter.php(898): App\Controllers\Home->index()
12 SYSTEMPATH\CodeIgniter.php(468): CodeIgniter\CodeIgniter->runController(Object(App\Controllers\Home))
13 SYSTEMPATH\CodeIgniter.php(351): CodeIgniter\CodeIgniter->handleRequest(null, Object(Config\Cache), false)
14 FCPATH\index.php(55): CodeIgniter\CodeIgniter->run()
CRITICAL - 2023-02-14 10:53:15 --> Too few arguments to function App\Libraries\TEFakeContent\GenContent\Handlers\Ordinal::alpha_rotation(), 3 passed in E:\SoftWare\xampp 7\htdocs\my_projects\Resume\Shop\app\Libraries\TEFakeContent\GenContent\Handlers\Ordinal.php on line 36 and exactly 4 expected
in APPPATH\Libraries\TEFakeContent\GenContent\Handlers\Ordinal.php on line 96.
 1 APPPATH\Libraries\TEFakeContent\GenContent\Handlers\Ordinal.php(36): App\Libraries\TEFakeContent\GenContent\Handlers\Ordinal->alpha_rotation('upperAlpha', 0, 1)
 2 APPPATH\Libraries\TEFakeContent\GenContent\GenContent.php(124): App\Libraries\TEFakeContent\GenContent\Handlers\Ordinal->upper_alpha(false)
 3 APPPATH\Libraries\TEFakeContent\Interpreter\Handlers\Sign.php(151): App\Libraries\TEFakeContent\GenContent\GenContent->ordinal_upper_alpha()
 4 APPPATH\Libraries\TEFakeContent\Interpreter\Handlers\Sign.php(16): App\Libraries\TEFakeContent\Interpreter\Handlers\Sign->replace_content(true)
 5 APPPATH\Libraries\TEFakeContent\Interpreter\Interpreter.php(106): App\Libraries\TEFakeContent\Interpreter\Handlers\Sign->sign('#', true)
 6 APPPATH\Libraries\TEFakeContent\Interpreter\Interpreter.php(88): App\Libraries\TEFakeContent\Interpreter\Interpreter->interpreter('#', true)
 7 APPPATH\Libraries\TEFakeContent\Interpreter\Interpreter.php(67): App\Libraries\TEFakeContent\Interpreter\Interpreter->fetch_placeholders()
 8 APPPATH\Libraries\TEFakeContent\Interpreter\Interpreter.php(41): App\Libraries\TEFakeContent\Interpreter\Interpreter->making('#|#|Gmail.com')
 9 APPPATH\Libraries\TEFakeContent\TEFakeContent.php(20): App\Libraries\TEFakeContent\Interpreter\Interpreter->make_field('#|#|Gmail.com')
10 APPPATH\Controllers\Home.php(26): App\Libraries\TEFakeContent\TEFakeContent->field('#|#|Gmail.com')
11 SYSTEMPATH\CodeIgniter.php(898): App\Controllers\Home->index()
12 SYSTEMPATH\CodeIgniter.php(468): CodeIgniter\CodeIgniter->runController(Object(App\Controllers\Home))
13 SYSTEMPATH\CodeIgniter.php(351): CodeIgniter\CodeIgniter->handleRequest(null, Object(Config\Cache), false)
14 FCPATH\index.php(55): CodeIgniter\CodeIgniter->run()
