CRITICAL - 2023-04-19 07:32:19 --> Argument 3 passed to App\Libraries\Form\Form::text() must be of the type string, null given, called in E:\SoftWare\xampp 7\htdocs\my_projects\Resume\Shop\app\Controllers\Panel\EditProduct.php on line 67
in APPPATH\Libraries\Form\Form.php on line 104.
 1 APPPATH\Controllers\Panel\EditProduct.php(67): App\Libraries\Form\Form->text('price', 'Price', null)
 2 APPPATH\Controllers\Panel\EditProduct.php(50): App\Controllers\Panel\EditProduct->add_product_form('157')
 3 APPPATH\Controllers\Panel\EditProduct.php(14): App\Controllers\Panel\EditProduct->edit_product('157')
 4 SYSTEMPATH\CodeIgniter.php(898): App\Controllers\Panel\EditProduct->index('157')
 5 SYSTEMPATH\CodeIgniter.php(468): CodeIgniter\CodeIgniter->runController(Object(App\Controllers\Panel\EditProduct))
 6 SYSTEMPATH\CodeIgniter.php(351): CodeIgniter\CodeIgniter->handleRequest(null, Object(Config\Cache), false)
 7 FCPATH\index.php(55): CodeIgniter\CodeIgniter->run()
CRITICAL - 2023-04-19 07:33:01 --> Return value of App\Controllers\Panel\ProductsList::gppd() must be of the type string, null returned
in APPPATH\Controllers\Panel\ProductsList.php on line 114.
 1 APPPATH\Controllers\Panel\ProductsList.php(87): App\Controllers\Panel\ProductsList->gppd([...])
 2 APPPATH\Controllers\Panel\ProductsList.php(74): App\Controllers\Panel\ProductsList->gen_row_product([...])
 3 APPPATH\Controllers\Panel\ProductsList.php(47): App\Controllers\Panel\ProductsList->prepare_html([...])
 4 APPPATH\Controllers\Panel\ProductsList.php(16): App\Controllers\Panel\ProductsList->init_product_list('1')
 5 SYSTEMPATH\CodeIgniter.php(898): App\Controllers\Panel\ProductsList->index('1')
 6 SYSTEMPATH\CodeIgniter.php(468): CodeIgniter\CodeIgniter->runController(Object(App\Controllers\Panel\ProductsList))
 7 SYSTEMPATH\CodeIgniter.php(351): CodeIgniter\CodeIgniter->handleRequest(null, Object(Config\Cache), false)
 8 FCPATH\index.php(55): CodeIgniter\CodeIgniter->run()
CRITICAL - 2023-04-19 07:35:44 --> Return value of App\Controllers\Panel\ProductsList::gppd() must be of the type string, null returned
in APPPATH\Controllers\Panel\ProductsList.php on line 114.
 1 APPPATH\Controllers\Panel\ProductsList.php(87): App\Controllers\Panel\ProductsList->gppd([...])
 2 APPPATH\Controllers\Panel\ProductsList.php(74): App\Controllers\Panel\ProductsList->gen_row_product([...])
 3 APPPATH\Controllers\Panel\ProductsList.php(47): App\Controllers\Panel\ProductsList->prepare_html([...])
 4 APPPATH\Controllers\Panel\ProductsList.php(16): App\Controllers\Panel\ProductsList->init_product_list('1')
 5 SYSTEMPATH\CodeIgniter.php(898): App\Controllers\Panel\ProductsList->index('1')
 6 SYSTEMPATH\CodeIgniter.php(468): CodeIgniter\CodeIgniter->runController(Object(App\Controllers\Panel\ProductsList))
 7 SYSTEMPATH\CodeIgniter.php(351): CodeIgniter\CodeIgniter->handleRequest(null, Object(Config\Cache), false)
 8 FCPATH\index.php(55): CodeIgniter\CodeIgniter->run()
CRITICAL - 2023-04-19 08:30:43 --> Return value of App\Controllers\Panel\ProductsList::gppd() must be of the type string, null returned
in APPPATH\Controllers\Panel\ProductsList.php on line 114.
 1 APPPATH\Controllers\Panel\ProductsList.php(87): App\Controllers\Panel\ProductsList->gppd([...])
 2 APPPATH\Controllers\Panel\ProductsList.php(74): App\Controllers\Panel\ProductsList->gen_row_product([...])
 3 APPPATH\Controllers\Panel\ProductsList.php(47): App\Controllers\Panel\ProductsList->prepare_html([...])
 4 APPPATH\Controllers\Panel\ProductsList.php(16): App\Controllers\Panel\ProductsList->init_product_list('1')
 5 SYSTEMPATH\CodeIgniter.php(898): App\Controllers\Panel\ProductsList->index('1')
 6 SYSTEMPATH\CodeIgniter.php(468): CodeIgniter\CodeIgniter->runController(Object(App\Controllers\Panel\ProductsList))
 7 SYSTEMPATH\CodeIgniter.php(351): CodeIgniter\CodeIgniter->handleRequest(null, Object(Config\Cache), false)
 8 FCPATH\index.php(55): CodeIgniter\CodeIgniter->run()
CRITICAL - 2023-04-19 08:34:10 --> Return value of App\Controllers\Panel\ProductsList::gppd() must be of the type string, null returned
in APPPATH\Controllers\Panel\ProductsList.php on line 114.
 1 APPPATH\Controllers\Panel\ProductsList.php(87): App\Controllers\Panel\ProductsList->gppd([...])
 2 APPPATH\Controllers\Panel\ProductsList.php(74): App\Controllers\Panel\ProductsList->gen_row_product([...])
 3 APPPATH\Controllers\Panel\ProductsList.php(47): App\Controllers\Panel\ProductsList->prepare_html([...])
 4 APPPATH\Controllers\Panel\ProductsList.php(16): App\Controllers\Panel\ProductsList->init_product_list('1')
 5 SYSTEMPATH\CodeIgniter.php(898): App\Controllers\Panel\ProductsList->index('1')
 6 SYSTEMPATH\CodeIgniter.php(468): CodeIgniter\CodeIgniter->runController(Object(App\Controllers\Panel\ProductsList))
 7 SYSTEMPATH\CodeIgniter.php(351): CodeIgniter\CodeIgniter->handleRequest(null, Object(Config\Cache), false)
 8 FCPATH\index.php(55): CodeIgniter\CodeIgniter->run()
CRITICAL - 2023-04-19 08:35:42 --> Return value of App\Controllers\Panel\ProductsList::gppd() must be of the type string, null returned
in APPPATH\Controllers\Panel\ProductsList.php on line 114.
 1 APPPATH\Controllers\Panel\ProductsList.php(87): App\Controllers\Panel\ProductsList->gppd([...])
 2 APPPATH\Controllers\Panel\ProductsList.php(74): App\Controllers\Panel\ProductsList->gen_row_product([...])
 3 APPPATH\Controllers\Panel\ProductsList.php(47): App\Controllers\Panel\ProductsList->prepare_html([...])
 4 APPPATH\Controllers\Panel\ProductsList.php(16): App\Controllers\Panel\ProductsList->init_product_list('1')
 5 SYSTEMPATH\CodeIgniter.php(898): App\Controllers\Panel\ProductsList->index('1')
 6 SYSTEMPATH\CodeIgniter.php(468): CodeIgniter\CodeIgniter->runController(Object(App\Controllers\Panel\ProductsList))
 7 SYSTEMPATH\CodeIgniter.php(351): CodeIgniter\CodeIgniter->handleRequest(null, Object(Config\Cache), false)
 8 FCPATH\index.php(55): CodeIgniter\CodeIgniter->run()
ERROR - 2023-04-19 08:40:06 --> Unknown column 'prices' in 'field list'
CRITICAL - 2023-04-19 08:40:06 --> Unknown column 'prices' in 'field list'
in SYSTEMPATH\Database\MySQLi\Connection.php on line 292.
 1 SYSTEMPATH\Database\MySQLi\Connection.php(292): mysqli->query('SELECT `p`.`id`, `p`.`name` as `name`, `prices`, `discount`, price - ifnull(discount, 0) as total_price, `pi`.`name` as `image`
FROM `products` as `p`
JOIN `product_images` as `pi` ON `p`.`id` = `pi`.`product_id`
WHERE `product_group_id` = \'1\'', 0)
 2 SYSTEMPATH\Database\BaseConnection.php(678): CodeIgniter\Database\MySQLi\Connection->execute('SELECT `p`.`id`, `p`.`name` as `name`, `prices`, `discount`, price - ifnull(discount, 0) as total_price, `pi`.`name` as `image`
FROM `products` as `p`
JOIN `product_images` as `pi` ON `p`.`id` = `pi`.`product_id`
WHERE `product_group_id` = \'1\'')
 3 SYSTEMPATH\Database\BaseConnection.php(606): CodeIgniter\Database\BaseConnection->simpleQuery('SELECT `p`.`id`, `p`.`name` as `name`, `prices`, `discount`, price - ifnull(discount, 0) as total_price, `pi`.`name` as `image`
FROM `products` as `p`
JOIN `product_images` as `pi` ON `p`.`id` = `pi`.`product_id`
WHERE `product_group_id` = \'1\'')
 4 SYSTEMPATH\Database\BaseBuilder.php(1585): CodeIgniter\Database\BaseConnection->query('SELECT `p`.`id`, `p`.`name` as `name`, `prices`, `discount`, price - ifnull(discount, 0) as total_price, `pi`.`name` as `image`
FROM `products` as `p`
JOIN `product_images` as `pi` ON `p`.`id` = `pi`.`product_id`
WHERE `product_group_id` = :product_group_id:', [...], false)
 5 APPPATH\Models\MProducts.php(86): CodeIgniter\Database\BaseBuilder->get()
 6 APPPATH\Controllers\Panel\ProductsList.php(59): App\Models\MProducts->get_products_group('1')
 7 APPPATH\Controllers\Panel\ProductsList.php(47): App\Controllers\Panel\ProductsList->get_products('1')
 8 APPPATH\Controllers\Panel\ProductsList.php(16): App\Controllers\Panel\ProductsList->init_product_list('1')
 9 SYSTEMPATH\CodeIgniter.php(898): App\Controllers\Panel\ProductsList->index('1')
10 SYSTEMPATH\CodeIgniter.php(468): CodeIgniter\CodeIgniter->runController(Object(App\Controllers\Panel\ProductsList))
11 SYSTEMPATH\CodeIgniter.php(351): CodeIgniter\CodeIgniter->handleRequest(null, Object(Config\Cache), false)
12 FCPATH\index.php(55): CodeIgniter\CodeIgniter->run()
ERROR - 2023-04-19 08:41:05 --> You have an error in your SQL syntax; check the manual that corresponds to your MariaDB server version for the right syntax to use near 'then 9999 else price end)
FROM `products` as `p`
JOIN `product_images` as `pi...' at line 1
CRITICAL - 2023-04-19 08:41:05 --> You have an error in your SQL syntax; check the manual that corresponds to your MariaDB server version for the right syntax to use near 'then 9999 else price end)
FROM `products` as `p`
JOIN `product_images` as `pi...' at line 1
in SYSTEMPATH\Database\MySQLi\Connection.php on line 292.
 1 SYSTEMPATH\Database\MySQLi\Connection.php(292): mysqli->query('SELECT `p`.`id`, `p`.`name` as `name`, `discount`, price - ifnull(discount, 0) as total_price, `pi`.`name` as `image`, (case price is null then 9999 else price end)
FROM `products` as `p`
JOIN `product_images` as `pi` ON `p`.`id` = `pi`.`product_id`
WHERE `product_group_id` = \'1\'', 0)
 2 SYSTEMPATH\Database\BaseConnection.php(678): CodeIgniter\Database\MySQLi\Connection->execute('SELECT `p`.`id`, `p`.`name` as `name`, `discount`, price - ifnull(discount, 0) as total_price, `pi`.`name` as `image`, (case price is null then 9999 else price end)
FROM `products` as `p`
JOIN `product_images` as `pi` ON `p`.`id` = `pi`.`product_id`
WHERE `product_group_id` = \'1\'')
 3 SYSTEMPATH\Database\BaseConnection.php(606): CodeIgniter\Database\BaseConnection->simpleQuery('SELECT `p`.`id`, `p`.`name` as `name`, `discount`, price - ifnull(discount, 0) as total_price, `pi`.`name` as `image`, (case price is null then 9999 else price end)
FROM `products` as `p`
JOIN `product_images` as `pi` ON `p`.`id` = `pi`.`product_id`
WHERE `product_group_id` = \'1\'')
 4 SYSTEMPATH\Database\BaseBuilder.php(1585): CodeIgniter\Database\BaseConnection->query('SELECT `p`.`id`, `p`.`name` as `name`, `discount`, price - ifnull(discount, 0) as total_price, `pi`.`name` as `image`, (case price is null then 9999 else price end)
FROM `products` as `p`
JOIN `product_images` as `pi` ON `p`.`id` = `pi`.`product_id`
WHERE `product_group_id` = :product_group_id:', [...], false)
 5 APPPATH\Models\MProducts.php(86): CodeIgniter\Database\BaseBuilder->get()
 6 APPPATH\Controllers\Panel\ProductsList.php(59): App\Models\MProducts->get_products_group('1')
 7 APPPATH\Controllers\Panel\ProductsList.php(47): App\Controllers\Panel\ProductsList->get_products('1')
 8 APPPATH\Controllers\Panel\ProductsList.php(16): App\Controllers\Panel\ProductsList->init_product_list('1')
 9 SYSTEMPATH\CodeIgniter.php(898): App\Controllers\Panel\ProductsList->index('1')
10 SYSTEMPATH\CodeIgniter.php(468): CodeIgniter\CodeIgniter->runController(Object(App\Controllers\Panel\ProductsList))
11 SYSTEMPATH\CodeIgniter.php(351): CodeIgniter\CodeIgniter->handleRequest(null, Object(Config\Cache), false)
12 FCPATH\index.php(55): CodeIgniter\CodeIgniter->run()
ERROR - 2023-04-19 08:41:55 --> You have an error in your SQL syntax; check the manual that corresponds to your MariaDB server version for the right syntax to use near 'then "999" else price end)
FROM `products` as `p`
JOIN `product_images` as `p...' at line 1
CRITICAL - 2023-04-19 08:41:55 --> You have an error in your SQL syntax; check the manual that corresponds to your MariaDB server version for the right syntax to use near 'then "999" else price end)
FROM `products` as `p`
JOIN `product_images` as `p...' at line 1
in SYSTEMPATH\Database\MySQLi\Connection.php on line 292.
 1 SYSTEMPATH\Database\MySQLi\Connection.php(292): mysqli->query('SELECT `p`.`id`, `p`.`name` as `name`, `discount`, price - ifnull(discount, 0) as total_price, `pi`.`name` as `image`, (case price is null then "999" else price end)
FROM `products` as `p`
JOIN `product_images` as `pi` ON `p`.`id` = `pi`.`product_id`
WHERE `product_group_id` = \'1\'', 0)
 2 SYSTEMPATH\Database\BaseConnection.php(678): CodeIgniter\Database\MySQLi\Connection->execute('SELECT `p`.`id`, `p`.`name` as `name`, `discount`, price - ifnull(discount, 0) as total_price, `pi`.`name` as `image`, (case price is null then "999" else price end)
FROM `products` as `p`
JOIN `product_images` as `pi` ON `p`.`id` = `pi`.`product_id`
WHERE `product_group_id` = \'1\'')
 3 SYSTEMPATH\Database\BaseConnection.php(606): CodeIgniter\Database\BaseConnection->simpleQuery('SELECT `p`.`id`, `p`.`name` as `name`, `discount`, price - ifnull(discount, 0) as total_price, `pi`.`name` as `image`, (case price is null then "999" else price end)
FROM `products` as `p`
JOIN `product_images` as `pi` ON `p`.`id` = `pi`.`product_id`
WHERE `product_group_id` = \'1\'')
 4 SYSTEMPATH\Database\BaseBuilder.php(1585): CodeIgniter\Database\BaseConnection->query('SELECT `p`.`id`, `p`.`name` as `name`, `discount`, price - ifnull(discount, 0) as total_price, `pi`.`name` as `image`, (case price is null then "999" else price end)
FROM `products` as `p`
JOIN `product_images` as `pi` ON `p`.`id` = `pi`.`product_id`
WHERE `product_group_id` = :product_group_id:', [...], false)
 5 APPPATH\Models\MProducts.php(86): CodeIgniter\Database\BaseBuilder->get()
 6 APPPATH\Controllers\Panel\ProductsList.php(59): App\Models\MProducts->get_products_group('1')
 7 APPPATH\Controllers\Panel\ProductsList.php(47): App\Controllers\Panel\ProductsList->get_products('1')
 8 APPPATH\Controllers\Panel\ProductsList.php(16): App\Controllers\Panel\ProductsList->init_product_list('1')
 9 SYSTEMPATH\CodeIgniter.php(898): App\Controllers\Panel\ProductsList->index('1')
10 SYSTEMPATH\CodeIgniter.php(468): CodeIgniter\CodeIgniter->runController(Object(App\Controllers\Panel\ProductsList))
11 SYSTEMPATH\CodeIgniter.php(351): CodeIgniter\CodeIgniter->handleRequest(null, Object(Config\Cache), false)
12 FCPATH\index.php(55): CodeIgniter\CodeIgniter->run()
ERROR - 2023-04-19 08:42:31 --> You have an error in your SQL syntax; check the manual that corresponds to your MariaDB server version for the right syntax to use near '`price` is null then "999" else price end)' at line 5
CRITICAL - 2023-04-19 08:42:31 --> You have an error in your SQL syntax; check the manual that corresponds to your MariaDB server version for the right syntax to use near '`price` is null then "999" else price end)' at line 5
in SYSTEMPATH\Database\MySQLi\Connection.php on line 292.
 1 SYSTEMPATH\Database\MySQLi\Connection.php(292): mysqli->query('SELECT `p`.`id`, `p`.`name` as `name`, `discount`, price - ifnull(discount, 0) as total_price, `pi`.`name` as `image`
FROM `products` as `p`
JOIN `product_images` as `pi` ON `p`.`id` = `pi`.`product_id`
WHERE `product_group_id` = \'1\'
AND (`case` `price` is null then "999" else price end)', 0)
 2 SYSTEMPATH\Database\BaseConnection.php(678): CodeIgniter\Database\MySQLi\Connection->execute('SELECT `p`.`id`, `p`.`name` as `name`, `discount`, price - ifnull(discount, 0) as total_price, `pi`.`name` as `image`
FROM `products` as `p`
JOIN `product_images` as `pi` ON `p`.`id` = `pi`.`product_id`
WHERE `product_group_id` = \'1\'
AND (`case` `price` is null then "999" else price end)')
 3 SYSTEMPATH\Database\BaseConnection.php(606): CodeIgniter\Database\BaseConnection->simpleQuery('SELECT `p`.`id`, `p`.`name` as `name`, `discount`, price - ifnull(discount, 0) as total_price, `pi`.`name` as `image`
FROM `products` as `p`
JOIN `product_images` as `pi` ON `p`.`id` = `pi`.`product_id`
WHERE `product_group_id` = \'1\'
AND (`case` `price` is null then "999" else price end)')
 4 SYSTEMPATH\Database\BaseBuilder.php(1585): CodeIgniter\Database\BaseConnection->query('SELECT `p`.`id`, `p`.`name` as `name`, `discount`, price - ifnull(discount, 0) as total_price, `pi`.`name` as `image`
FROM `products` as `p`
JOIN `product_images` as `pi` ON `p`.`id` = `pi`.`product_id`
WHERE `product_group_id` = :product_group_id:
AND (`case` `price` is null then "999" else price end)', [...], false)
 5 APPPATH\Models\MProducts.php(87): CodeIgniter\Database\BaseBuilder->get()
 6 APPPATH\Controllers\Panel\ProductsList.php(59): App\Models\MProducts->get_products_group('1')
 7 APPPATH\Controllers\Panel\ProductsList.php(47): App\Controllers\Panel\ProductsList->get_products('1')
 8 APPPATH\Controllers\Panel\ProductsList.php(16): App\Controllers\Panel\ProductsList->init_product_list('1')
 9 SYSTEMPATH\CodeIgniter.php(898): App\Controllers\Panel\ProductsList->index('1')
10 SYSTEMPATH\CodeIgniter.php(468): CodeIgniter\CodeIgniter->runController(Object(App\Controllers\Panel\ProductsList))
11 SYSTEMPATH\CodeIgniter.php(351): CodeIgniter\CodeIgniter->handleRequest(null, Object(Config\Cache), false)
12 FCPATH\index.php(55): CodeIgniter\CodeIgniter->run()
ERROR - 2023-04-19 08:44:39 --> Unknown column 'a' in 'field list'
CRITICAL - 2023-04-19 08:44:39 --> Unknown column 'a' in 'field list'
in SYSTEMPATH\Database\MySQLi\Connection.php on line 292.
 1 SYSTEMPATH\Database\MySQLi\Connection.php(292): mysqli->query('SELECT `p`.`id`, `p`.`name` as `name`, `discount`, price - ifnull(discount, 0) as total_price, `pi`.`name` as `image`, ifnull(price, (a)) as price
FROM `products` as `p`
JOIN `product_images` as `pi` ON `p`.`id` = `pi`.`product_id`
WHERE `product_group_id` = \'1\'', 0)
 2 SYSTEMPATH\Database\BaseConnection.php(678): CodeIgniter\Database\MySQLi\Connection->execute('SELECT `p`.`id`, `p`.`name` as `name`, `discount`, price - ifnull(discount, 0) as total_price, `pi`.`name` as `image`, ifnull(price, (a)) as price
FROM `products` as `p`
JOIN `product_images` as `pi` ON `p`.`id` = `pi`.`product_id`
WHERE `product_group_id` = \'1\'')
 3 SYSTEMPATH\Database\BaseConnection.php(606): CodeIgniter\Database\BaseConnection->simpleQuery('SELECT `p`.`id`, `p`.`name` as `name`, `discount`, price - ifnull(discount, 0) as total_price, `pi`.`name` as `image`, ifnull(price, (a)) as price
FROM `products` as `p`
JOIN `product_images` as `pi` ON `p`.`id` = `pi`.`product_id`
WHERE `product_group_id` = \'1\'')
 4 SYSTEMPATH\Database\BaseBuilder.php(1585): CodeIgniter\Database\BaseConnection->query('SELECT `p`.`id`, `p`.`name` as `name`, `discount`, price - ifnull(discount, 0) as total_price, `pi`.`name` as `image`, ifnull(price, (a)) as price
FROM `products` as `p`
JOIN `product_images` as `pi` ON `p`.`id` = `pi`.`product_id`
WHERE `product_group_id` = :product_group_id:', [...], false)
 5 APPPATH\Models\MProducts.php(87): CodeIgniter\Database\BaseBuilder->get()
 6 APPPATH\Controllers\Panel\ProductsList.php(59): App\Models\MProducts->get_products_group('1')
 7 APPPATH\Controllers\Panel\ProductsList.php(47): App\Controllers\Panel\ProductsList->get_products('1')
 8 APPPATH\Controllers\Panel\ProductsList.php(16): App\Controllers\Panel\ProductsList->init_product_list('1')
 9 SYSTEMPATH\CodeIgniter.php(898): App\Controllers\Panel\ProductsList->index('1')
10 SYSTEMPATH\CodeIgniter.php(468): CodeIgniter\CodeIgniter->runController(Object(App\Controllers\Panel\ProductsList))
11 SYSTEMPATH\CodeIgniter.php(351): CodeIgniter\CodeIgniter->handleRequest(null, Object(Config\Cache), false)
12 FCPATH\index.php(55): CodeIgniter\CodeIgniter->run()
CRITICAL - 2023-04-19 08:54:22 --> Argument 1 passed to App\Libraries\Elements\Handlers\Tag::big() must be of the type string, null given, called in E:\SoftWare\xampp 7\htdocs\my_projects\Resume\Shop\app\Controllers\Panel\ProductsList.php on line 101
in APPPATH\Libraries\Elements\Handlers\Tag.php on line 177.
 1 APPPATH\Controllers\Panel\ProductsList.php(101): App\Libraries\Elements\Handlers\Tag->big(null)
 2 APPPATH\Controllers\Panel\ProductsList.php(87): App\Controllers\Panel\ProductsList->gpn([...])
 3 APPPATH\Controllers\Panel\ProductsList.php(74): App\Controllers\Panel\ProductsList->gen_row_product([...])
 4 APPPATH\Controllers\Panel\ProductsList.php(47): App\Controllers\Panel\ProductsList->prepare_html([...])
 5 APPPATH\Controllers\Panel\ProductsList.php(16): App\Controllers\Panel\ProductsList->init_product_list('1')
 6 SYSTEMPATH\CodeIgniter.php(898): App\Controllers\Panel\ProductsList->index('1')
 7 SYSTEMPATH\CodeIgniter.php(468): CodeIgniter\CodeIgniter->runController(Object(App\Controllers\Panel\ProductsList))
 8 SYSTEMPATH\CodeIgniter.php(351): CodeIgniter\CodeIgniter->handleRequest(null, Object(Config\Cache), false)
 9 FCPATH\index.php(55): CodeIgniter\CodeIgniter->run()
CRITICAL - 2023-04-19 08:54:33 --> Argument 1 passed to App\Libraries\Elements\Handlers\Tag::big() must be of the type string, null given, called in E:\SoftWare\xampp 7\htdocs\my_projects\Resume\Shop\app\Controllers\Panel\ProductsList.php on line 101
in APPPATH\Libraries\Elements\Handlers\Tag.php on line 177.
 1 APPPATH\Controllers\Panel\ProductsList.php(101): App\Libraries\Elements\Handlers\Tag->big(null)
 2 APPPATH\Controllers\Panel\ProductsList.php(87): App\Controllers\Panel\ProductsList->gpn([...])
 3 APPPATH\Controllers\Panel\ProductsList.php(74): App\Controllers\Panel\ProductsList->gen_row_product([...])
 4 APPPATH\Controllers\Panel\ProductsList.php(47): App\Controllers\Panel\ProductsList->prepare_html([...])
 5 APPPATH\Controllers\Panel\ProductsList.php(16): App\Controllers\Panel\ProductsList->init_product_list('1')
 6 SYSTEMPATH\CodeIgniter.php(898): App\Controllers\Panel\ProductsList->index('1')
 7 SYSTEMPATH\CodeIgniter.php(468): CodeIgniter\CodeIgniter->runController(Object(App\Controllers\Panel\ProductsList))
 8 SYSTEMPATH\CodeIgniter.php(351): CodeIgniter\CodeIgniter->handleRequest(null, Object(Config\Cache), false)
 9 FCPATH\index.php(55): CodeIgniter\CodeIgniter->run()
CRITICAL - 2023-04-19 08:59:10 --> Argument 1 passed to App\Libraries\Elements\Handlers\Tag::big() must be of the type string, null given, called in E:\SoftWare\xampp 7\htdocs\my_projects\Resume\Shop\app\Controllers\Panel\ProductsList.php on line 101
in APPPATH\Libraries\Elements\Handlers\Tag.php on line 177.
 1 APPPATH\Controllers\Panel\ProductsList.php(101): App\Libraries\Elements\Handlers\Tag->big(null)
 2 APPPATH\Controllers\Panel\ProductsList.php(87): App\Controllers\Panel\ProductsList->gpn([...])
 3 APPPATH\Controllers\Panel\ProductsList.php(74): App\Controllers\Panel\ProductsList->gen_row_product([...])
 4 APPPATH\Controllers\Panel\ProductsList.php(47): App\Controllers\Panel\ProductsList->prepare_html([...])
 5 APPPATH\Controllers\Panel\ProductsList.php(16): App\Controllers\Panel\ProductsList->init_product_list('1')
 6 SYSTEMPATH\CodeIgniter.php(898): App\Controllers\Panel\ProductsList->index('1')
 7 SYSTEMPATH\CodeIgniter.php(468): CodeIgniter\CodeIgniter->runController(Object(App\Controllers\Panel\ProductsList))
 8 SYSTEMPATH\CodeIgniter.php(351): CodeIgniter\CodeIgniter->handleRequest(null, Object(Config\Cache), false)
 9 FCPATH\index.php(55): CodeIgniter\CodeIgniter->run()
CRITICAL - 2023-04-19 09:15:31 --> syntax error, unexpected 'echo' (T_ECHO)
in APPPATH\Controllers\Panel\ProductsList.php on line 104.
 1 SYSTEMPATH\Autoloader\Autoloader.php(261): CodeIgniter\Autoloader\Autoloader->includeFile('APPPATH\\Controllers\\Panel\\ProductsList.php')
 2 SYSTEMPATH\Autoloader\Autoloader.php(239): CodeIgniter\Autoloader\Autoloader->loadInNamespace('App\\Controllers\\Panel\\ProductsList')
 3 [internal function]: CodeIgniter\Autoloader\Autoloader->loadClass('App\\Controllers\\Panel\\ProductsList')
 4 [internal function]: spl_autoload_call('App\\Controllers\\Panel\\ProductsList')
 5 SYSTEMPATH\CodeIgniter.php(848): class_exists('\\App\\Controllers\\Panel\\ProductsList', true)
 6 SYSTEMPATH\CodeIgniter.php(455): CodeIgniter\CodeIgniter->startController()
 7 SYSTEMPATH\CodeIgniter.php(351): CodeIgniter\CodeIgniter->handleRequest(null, Object(Config\Cache), false)
 8 FCPATH\index.php(55): CodeIgniter\CodeIgniter->run()
ERROR - 2023-04-19 09:18:56 --> FUNCTION p.ifnull does not exist
CRITICAL - 2023-04-19 09:18:56 --> FUNCTION p.ifnull does not exist
in SYSTEMPATH\Database\MySQLi\Connection.php on line 292.
 1 SYSTEMPATH\Database\MySQLi\Connection.php(292): mysqli->query('SELECT `p`.`id`, p.ifnull(name, "NO NAME") as name, ifnull(price, 0) as price, `discount`, price - ifnull(discount, 0) as total_price, `pi`.`name` as `image`
FROM `products` as `p`
JOIN `product_images` as `pi` ON `p`.`id` = `pi`.`product_id`
WHERE `product_group_id` = \'1\'', 0)
 2 SYSTEMPATH\Database\BaseConnection.php(678): CodeIgniter\Database\MySQLi\Connection->execute('SELECT `p`.`id`, p.ifnull(name, "NO NAME") as name, ifnull(price, 0) as price, `discount`, price - ifnull(discount, 0) as total_price, `pi`.`name` as `image`
FROM `products` as `p`
JOIN `product_images` as `pi` ON `p`.`id` = `pi`.`product_id`
WHERE `product_group_id` = \'1\'')
 3 SYSTEMPATH\Database\BaseConnection.php(606): CodeIgniter\Database\BaseConnection->simpleQuery('SELECT `p`.`id`, p.ifnull(name, "NO NAME") as name, ifnull(price, 0) as price, `discount`, price - ifnull(discount, 0) as total_price, `pi`.`name` as `image`
FROM `products` as `p`
JOIN `product_images` as `pi` ON `p`.`id` = `pi`.`product_id`
WHERE `product_group_id` = \'1\'')
 4 SYSTEMPATH\Database\BaseBuilder.php(1585): CodeIgniter\Database\BaseConnection->query('SELECT `p`.`id`, p.ifnull(name, "NO NAME") as name, ifnull(price, 0) as price, `discount`, price - ifnull(discount, 0) as total_price, `pi`.`name` as `image`
FROM `products` as `p`
JOIN `product_images` as `pi` ON `p`.`id` = `pi`.`product_id`
WHERE `product_group_id` = :product_group_id:', [...], false)
 5 APPPATH\Models\MProducts.php(86): CodeIgniter\Database\BaseBuilder->get()
 6 APPPATH\Controllers\Panel\ProductsList.php(59): App\Models\MProducts->get_products_group('1')
 7 APPPATH\Controllers\Panel\ProductsList.php(47): App\Controllers\Panel\ProductsList->get_products('1')
 8 APPPATH\Controllers\Panel\ProductsList.php(16): App\Controllers\Panel\ProductsList->init_product_list('1')
 9 SYSTEMPATH\CodeIgniter.php(898): App\Controllers\Panel\ProductsList->index('1')
10 SYSTEMPATH\CodeIgniter.php(468): CodeIgniter\CodeIgniter->runController(Object(App\Controllers\Panel\ProductsList))
11 SYSTEMPATH\CodeIgniter.php(351): CodeIgniter\CodeIgniter->handleRequest(null, Object(Config\Cache), false)
12 FCPATH\index.php(55): CodeIgniter\CodeIgniter->run()
ERROR - 2023-04-19 09:19:02 --> FUNCTION p.ifnull does not exist
CRITICAL - 2023-04-19 09:19:02 --> FUNCTION p.ifnull does not exist
in SYSTEMPATH\Database\MySQLi\Connection.php on line 292.
 1 SYSTEMPATH\Database\MySQLi\Connection.php(292): mysqli->query('SELECT `p`.`id`, p.ifnull(name, "NO NAME") as name, ifnull(price, 0) as price, `discount`, price - ifnull(discount, 0) as total_price, `pi`.`name` as `image`
FROM `products` as `p`
JOIN `product_images` as `pi` ON `p`.`id` = `pi`.`product_id`
WHERE `product_group_id` = \'1\'', 0)
 2 SYSTEMPATH\Database\BaseConnection.php(678): CodeIgniter\Database\MySQLi\Connection->execute('SELECT `p`.`id`, p.ifnull(name, "NO NAME") as name, ifnull(price, 0) as price, `discount`, price - ifnull(discount, 0) as total_price, `pi`.`name` as `image`
FROM `products` as `p`
JOIN `product_images` as `pi` ON `p`.`id` = `pi`.`product_id`
WHERE `product_group_id` = \'1\'')
 3 SYSTEMPATH\Database\BaseConnection.php(606): CodeIgniter\Database\BaseConnection->simpleQuery('SELECT `p`.`id`, p.ifnull(name, "NO NAME") as name, ifnull(price, 0) as price, `discount`, price - ifnull(discount, 0) as total_price, `pi`.`name` as `image`
FROM `products` as `p`
JOIN `product_images` as `pi` ON `p`.`id` = `pi`.`product_id`
WHERE `product_group_id` = \'1\'')
 4 SYSTEMPATH\Database\BaseBuilder.php(1585): CodeIgniter\Database\BaseConnection->query('SELECT `p`.`id`, p.ifnull(name, "NO NAME") as name, ifnull(price, 0) as price, `discount`, price - ifnull(discount, 0) as total_price, `pi`.`name` as `image`
FROM `products` as `p`
JOIN `product_images` as `pi` ON `p`.`id` = `pi`.`product_id`
WHERE `product_group_id` = :product_group_id:', [...], false)
 5 APPPATH\Models\MProducts.php(86): CodeIgniter\Database\BaseBuilder->get()
 6 APPPATH\Controllers\Panel\ProductsList.php(59): App\Models\MProducts->get_products_group('1')
 7 APPPATH\Controllers\Panel\ProductsList.php(47): App\Controllers\Panel\ProductsList->get_products('1')
 8 APPPATH\Controllers\Panel\ProductsList.php(16): App\Controllers\Panel\ProductsList->init_product_list('1')
 9 SYSTEMPATH\CodeIgniter.php(898): App\Controllers\Panel\ProductsList->index('1')
10 SYSTEMPATH\CodeIgniter.php(468): CodeIgniter\CodeIgniter->runController(Object(App\Controllers\Panel\ProductsList))
11 SYSTEMPATH\CodeIgniter.php(351): CodeIgniter\CodeIgniter->handleRequest(null, Object(Config\Cache), false)
12 FCPATH\index.php(55): CodeIgniter\CodeIgniter->run()
CRITICAL - 2023-04-19 09:33:08 --> Use of undefined constant PUBLICPATH - assumed 'PUBLICPATH' (this will throw an Error in a future version of PHP)
in APPPATH\Controllers\Process\Products.php on line 393.
 1 APPPATH\Controllers\Process\Products.php(393): CodeIgniter\Debug\Exceptions->errorHandler(2, 'Use of undefined constant PUBLICPATH - assumed \'PUBLICPATH\' (this will throw an Error in a future version of PHP)', 'APPPATH\\Controllers\\Process\\Products.php', 393, [...])
 2 APPPATH\Controllers\Process\Products.php(133): App\Controllers\Process\Products->move_photo(Object(CodeIgniter\HTTP\Files\UploadedFile))
 3 APPPATH\Controllers\Process\Products.php(113): App\Controllers\Process\Products->save_photo(Object(CodeIgniter\HTTP\Files\UploadedFile))
 4 APPPATH\Controllers\Process\Products.php(53): App\Controllers\Process\Products->upload_photo()
 5 APPPATH\Controllers\Process\Products.php(26): App\Controllers\Process\Products->save()
 6 SYSTEMPATH\CodeIgniter.php(898): App\Controllers\Process\Products->process('save')
 7 SYSTEMPATH\CodeIgniter.php(468): CodeIgniter\CodeIgniter->runController(Object(App\Controllers\Process\Products))
 8 SYSTEMPATH\CodeIgniter.php(351): CodeIgniter\CodeIgniter->handleRequest(null, Object(Config\Cache), false)
 9 FCPATH\index.php(55): CodeIgniter\CodeIgniter->run()
CRITICAL - 2023-04-19 09:38:38 --> Use of undefined constant VENDORPATH - assumed 'VENDORPATH' (this will throw an Error in a future version of PHP)
in APPPATH\Controllers\Home.php on line 22.
 1 APPPATH\Controllers\Home.php(22): CodeIgniter\Debug\Exceptions->errorHandler(2, 'Use of undefined constant VENDORPATH - assumed \'VENDORPATH\' (this will throw an Error in a future version of PHP)', 'APPPATH\\Controllers\\Home.php', 22, [])
 2 SYSTEMPATH\CodeIgniter.php(898): App\Controllers\Home->index()
 3 SYSTEMPATH\CodeIgniter.php(468): CodeIgniter\CodeIgniter->runController(Object(App\Controllers\Home))
 4 SYSTEMPATH\CodeIgniter.php(351): CodeIgniter\CodeIgniter->handleRequest(null, Object(Config\Cache), false)
 5 FCPATH\index.php(55): CodeIgniter\CodeIgniter->run()
CRITICAL - 2023-04-19 09:38:50 --> Use of undefined constant VENDORPATH - assumed 'VENDORPATH' (this will throw an Error in a future version of PHP)
in APPPATH\Controllers\Home.php on line 22.
 1 APPPATH\Controllers\Home.php(22): CodeIgniter\Debug\Exceptions->errorHandler(2, 'Use of undefined constant VENDORPATH - assumed \'VENDORPATH\' (this will throw an Error in a future version of PHP)', 'APPPATH\\Controllers\\Home.php', 22, [])
 2 SYSTEMPATH\CodeIgniter.php(898): App\Controllers\Home->index()
 3 SYSTEMPATH\CodeIgniter.php(468): CodeIgniter\CodeIgniter->runController(Object(App\Controllers\Home))
 4 SYSTEMPATH\CodeIgniter.php(351): CodeIgniter\CodeIgniter->handleRequest(null, Object(Config\Cache), false)
 5 FCPATH\index.php(55): CodeIgniter\CodeIgniter->run()
CRITICAL - 2023-04-19 09:39:05 --> Use of undefined constant VENDORPATH - assumed 'VENDORPATH' (this will throw an Error in a future version of PHP)
in APPPATH\Controllers\Home.php on line 22.
 1 APPPATH\Controllers\Home.php(22): CodeIgniter\Debug\Exceptions->errorHandler(2, 'Use of undefined constant VENDORPATH - assumed \'VENDORPATH\' (this will throw an Error in a future version of PHP)', 'APPPATH\\Controllers\\Home.php', 22, [])
 2 SYSTEMPATH\CodeIgniter.php(898): App\Controllers\Home->index()
 3 SYSTEMPATH\CodeIgniter.php(468): CodeIgniter\CodeIgniter->runController(Object(App\Controllers\Home))
 4 SYSTEMPATH\CodeIgniter.php(351): CodeIgniter\CodeIgniter->handleRequest(null, Object(Config\Cache), false)
 5 FCPATH\index.php(55): CodeIgniter\CodeIgniter->run()
CRITICAL - 2023-04-19 09:39:06 --> Use of undefined constant VENDORPATH - assumed 'VENDORPATH' (this will throw an Error in a future version of PHP)
in APPPATH\Controllers\Home.php on line 22.
 1 APPPATH\Controllers\Home.php(22): CodeIgniter\Debug\Exceptions->errorHandler(2, 'Use of undefined constant VENDORPATH - assumed \'VENDORPATH\' (this will throw an Error in a future version of PHP)', 'APPPATH\\Controllers\\Home.php', 22, [])
 2 SYSTEMPATH\CodeIgniter.php(898): App\Controllers\Home->index()
 3 SYSTEMPATH\CodeIgniter.php(468): CodeIgniter\CodeIgniter->runController(Object(App\Controllers\Home))
 4 SYSTEMPATH\CodeIgniter.php(351): CodeIgniter\CodeIgniter->handleRequest(null, Object(Config\Cache), false)
 5 FCPATH\index.php(55): CodeIgniter\CodeIgniter->run()
CRITICAL - 2023-04-19 09:59:30 --> Use of undefined constant VENDORPATH - assumed 'VENDORPATH' (this will throw an Error in a future version of PHP)
in APPPATH\Controllers\Home.php on line 24.
 1 APPPATH\Controllers\Home.php(24): CodeIgniter\Debug\Exceptions->errorHandler(2, 'Use of undefined constant VENDORPATH - assumed \'VENDORPATH\' (this will throw an Error in a future version of PHP)', 'APPPATH\\Controllers\\Home.php', 24, [])
 2 SYSTEMPATH\CodeIgniter.php(898): App\Controllers\Home->index()
 3 SYSTEMPATH\CodeIgniter.php(468): CodeIgniter\CodeIgniter->runController(Object(App\Controllers\Home))
 4 SYSTEMPATH\CodeIgniter.php(351): CodeIgniter\CodeIgniter->handleRequest(null, Object(Config\Cache), false)
 5 FCPATH\index.php(55): CodeIgniter\CodeIgniter->run()
CRITICAL - 2023-04-19 10:06:28 --> number_format() expects parameter 1 to be float, string given
in APPPATH\Views\Panel\VProductInfo.php on line 18.
 1 [internal function]: CodeIgniter\Debug\Exceptions->errorHandler(2, 'number_format() expects parameter 1 to be float, string given', 'APPPATH\\Views\\Panel\\VProductInfo.php', 18, [...])
 2 APPPATH\Views\Panel\VProductInfo.php(18): number_format('ROOTPATH\\public')
 3 SYSTEMPATH\View\View.php(213): include('APPPATH\\Views\\Panel\\VProductInfo.php')
 4 SYSTEMPATH\View\View.php(216): CodeIgniter\View\View->CodeIgniter\View\{closure}()
 5 SYSTEMPATH\Common.php(1135): CodeIgniter\View\View->render('Panel/VProductInfo', [], true)
 6 APPPATH\Libraries\LoadView\Attachments\View.php(80): view('Panel/VProductInfo')
 7 APPPATH\Libraries\LoadView\Attachments\View.php(32): App\Libraries\LoadView\LoadView->body_view('Panel/VProductInfo')
 8 APPPATH\Libraries\LoadView\LoadView.php(26): App\Libraries\LoadView\LoadView->render_view('Panel/VProductInfo', 'Title')
 9 APPPATH\Controllers\BaseController.php(105): App\Libraries\LoadView\LoadView->show('Panel/VProductInfo', 'Title')
10 APPPATH\Controllers\Panel\ProductInfo.php(17): App\Controllers\BaseController->view('Panel/VProductInfo')
11 SYSTEMPATH\CodeIgniter.php(898): App\Controllers\Panel\ProductInfo->index('162')
12 SYSTEMPATH\CodeIgniter.php(468): CodeIgniter\CodeIgniter->runController(Object(App\Controllers\Panel\ProductInfo))
13 SYSTEMPATH\CodeIgniter.php(351): CodeIgniter\CodeIgniter->handleRequest(null, Object(Config\Cache), false)
14 FCPATH\index.php(55): CodeIgniter\CodeIgniter->run()
CRITICAL - 2023-04-19 10:10:09 --> number_format() expects parameter 1 to be float, string given
in APPPATH\Views\Panel\VProductInfo.php on line 18.
 1 [internal function]: CodeIgniter\Debug\Exceptions->errorHandler(2, 'number_format() expects parameter 1 to be float, string given', 'APPPATH\\Views\\Panel\\VProductInfo.php', 18, [...])
 2 APPPATH\Views\Panel\VProductInfo.php(18): number_format('ROOTPATH\\public')
 3 SYSTEMPATH\View\View.php(213): include('APPPATH\\Views\\Panel\\VProductInfo.php')
 4 SYSTEMPATH\View\View.php(216): CodeIgniter\View\View->CodeIgniter\View\{closure}()
 5 SYSTEMPATH\Common.php(1135): CodeIgniter\View\View->render('Panel/VProductInfo', [], true)
 6 APPPATH\Libraries\LoadView\Attachments\View.php(80): view('Panel/VProductInfo')
 7 APPPATH\Libraries\LoadView\Attachments\View.php(32): App\Libraries\LoadView\LoadView->body_view('Panel/VProductInfo')
 8 APPPATH\Libraries\LoadView\LoadView.php(26): App\Libraries\LoadView\LoadView->render_view('Panel/VProductInfo', 'Title')
 9 APPPATH\Controllers\BaseController.php(105): App\Libraries\LoadView\LoadView->show('Panel/VProductInfo', 'Title')
10 APPPATH\Controllers\Panel\ProductInfo.php(17): App\Controllers\BaseController->view('Panel/VProductInfo')
11 SYSTEMPATH\CodeIgniter.php(898): App\Controllers\Panel\ProductInfo->index('162')
12 SYSTEMPATH\CodeIgniter.php(468): CodeIgniter\CodeIgniter->runController(Object(App\Controllers\Panel\ProductInfo))
13 SYSTEMPATH\CodeIgniter.php(351): CodeIgniter\CodeIgniter->handleRequest(null, Object(Config\Cache), false)
14 FCPATH\index.php(55): CodeIgniter\CodeIgniter->run()
CRITICAL - 2023-04-19 10:43:08 --> array_diff(): at least 2 parameters are required, 1 given
in APPPATH\Controllers\Process\Products.php on line 68.
 1 [internal function]: CodeIgniter\Debug\Exceptions->errorHandler(2, 'array_diff(): at least 2 parameters are required, 1 given', 'APPPATH\\Controllers\\Process\\Products.php', 68, [...])
 2 APPPATH\Controllers\Process\Products.php(68): array_diff([...])
 3 APPPATH\Controllers\Process\Products.php(47): App\Controllers\Process\Products->prepare_inputs()
 4 APPPATH\Controllers\Process\Products.php(26): App\Controllers\Process\Products->save()
 5 SYSTEMPATH\CodeIgniter.php(898): App\Controllers\Process\Products->process('save')
 6 SYSTEMPATH\CodeIgniter.php(468): CodeIgniter\CodeIgniter->runController(Object(App\Controllers\Process\Products))
 7 SYSTEMPATH\CodeIgniter.php(351): CodeIgniter\CodeIgniter->handleRequest(null, Object(Config\Cache), false)
 8 FCPATH\index.php(55): CodeIgniter\CodeIgniter->run()
CRITICAL - 2023-04-19 10:52:01 --> Argument 3 passed to App\Libraries\Form\Form::textarea() must be of the type string, null given, called in E:\SoftWare\xampp 7\htdocs\my_projects\Resume\Shop\app\Controllers\Panel\EditProduct.php on line 66
in APPPATH\Libraries\Form\Form.php on line 327.
 1 APPPATH\Controllers\Panel\EditProduct.php(66): App\Libraries\Form\Form->textarea('description', 'Discription', null)
 2 APPPATH\Controllers\Panel\EditProduct.php(50): App\Controllers\Panel\EditProduct->add_product_form('163')
 3 APPPATH\Controllers\Panel\EditProduct.php(14): App\Controllers\Panel\EditProduct->edit_product('163')
 4 SYSTEMPATH\CodeIgniter.php(898): App\Controllers\Panel\EditProduct->index('163')
 5 SYSTEMPATH\CodeIgniter.php(468): CodeIgniter\CodeIgniter->runController(Object(App\Controllers\Panel\EditProduct))
 6 SYSTEMPATH\CodeIgniter.php(351): CodeIgniter\CodeIgniter->handleRequest(null, Object(Config\Cache), false)
 7 FCPATH\index.php(55): CodeIgniter\CodeIgniter->run()
CRITICAL - 2023-04-19 10:59:09 --> Argument 3 passed to App\Libraries\Form\Form::text() must be of the type string, null given, called in E:\SoftWare\xampp 7\htdocs\my_projects\Resume\Shop\app\Controllers\Panel\EditProduct.php on line 65
in APPPATH\Libraries\Form\Form.php on line 104.
 1 APPPATH\Controllers\Panel\EditProduct.php(65): App\Libraries\Form\Form->text('name', 'Product Name', null)
 2 APPPATH\Controllers\Panel\EditProduct.php(50): App\Controllers\Panel\EditProduct->add_product_form('164')
 3 APPPATH\Controllers\Panel\EditProduct.php(14): App\Controllers\Panel\EditProduct->edit_product('164')
 4 SYSTEMPATH\CodeIgniter.php(898): App\Controllers\Panel\EditProduct->index('164')
 5 SYSTEMPATH\CodeIgniter.php(468): CodeIgniter\CodeIgniter->runController(Object(App\Controllers\Panel\EditProduct))
 6 SYSTEMPATH\CodeIgniter.php(351): CodeIgniter\CodeIgniter->handleRequest(null, Object(Config\Cache), false)
 7 FCPATH\index.php(55): CodeIgniter\CodeIgniter->run()
CRITICAL - 2023-04-19 11:00:38 --> Undefined index: group_id
in APPPATH\Controllers\Process\Products.php on line 294.
 1 APPPATH\Controllers\Process\Products.php(294): CodeIgniter\Debug\Exceptions->errorHandler(8, 'Undefined index: group_id', 'APPPATH\\Controllers\\Process\\Products.php', 294, [...])
 2 APPPATH\Controllers\Process\Products.php(274): App\Controllers\Process\Products->get_inputs()
 3 APPPATH\Controllers\Process\Products.php(32): App\Controllers\Process\Products->edit()
 4 SYSTEMPATH\CodeIgniter.php(898): App\Controllers\Process\Products->process('edit')
 5 SYSTEMPATH\CodeIgniter.php(468): CodeIgniter\CodeIgniter->runController(Object(App\Controllers\Process\Products))
 6 SYSTEMPATH\CodeIgniter.php(351): CodeIgniter\CodeIgniter->handleRequest(null, Object(Config\Cache), false)
 7 FCPATH\index.php(55): CodeIgniter\CodeIgniter->run()
CRITICAL - 2023-04-19 11:06:43 --> Undefined index: name
in APPPATH\Controllers\Panel\EditProduct.php on line 64.
 1 APPPATH\Controllers\Panel\EditProduct.php(64): CodeIgniter\Debug\Exceptions->errorHandler(8, 'Undefined index: name', 'APPPATH\\Controllers\\Panel\\EditProduct.php', 64, [...])
 2 APPPATH\Controllers\Panel\EditProduct.php(49): App\Controllers\Panel\EditProduct->add_product_form('1')
 3 APPPATH\Controllers\Panel\EditProduct.php(14): App\Controllers\Panel\EditProduct->edit_product('1')
 4 SYSTEMPATH\CodeIgniter.php(898): App\Controllers\Panel\EditProduct->index('1')
 5 SYSTEMPATH\CodeIgniter.php(468): CodeIgniter\CodeIgniter->runController(Object(App\Controllers\Panel\EditProduct))
 6 SYSTEMPATH\CodeIgniter.php(351): CodeIgniter\CodeIgniter->handleRequest(null, Object(Config\Cache), false)
 7 FCPATH\index.php(55): CodeIgniter\CodeIgniter->run()
CRITICAL - 2023-04-19 11:07:04 --> Undefined index: name
in APPPATH\Controllers\Panel\EditProduct.php on line 64.
 1 APPPATH\Controllers\Panel\EditProduct.php(64): CodeIgniter\Debug\Exceptions->errorHandler(8, 'Undefined index: name', 'APPPATH\\Controllers\\Panel\\EditProduct.php', 64, [...])
 2 APPPATH\Controllers\Panel\EditProduct.php(49): App\Controllers\Panel\EditProduct->add_product_form('1')
 3 APPPATH\Controllers\Panel\EditProduct.php(14): App\Controllers\Panel\EditProduct->edit_product('1')
 4 SYSTEMPATH\CodeIgniter.php(898): App\Controllers\Panel\EditProduct->index('1')
 5 SYSTEMPATH\CodeIgniter.php(468): CodeIgniter\CodeIgniter->runController(Object(App\Controllers\Panel\EditProduct))
 6 SYSTEMPATH\CodeIgniter.php(351): CodeIgniter\CodeIgniter->handleRequest(null, Object(Config\Cache), false)
 7 FCPATH\index.php(55): CodeIgniter\CodeIgniter->run()
