CRITICAL - 2022-12-23 07:31:35 --> Undefined variable: result
in APPPATH\Libraries\TEFakeContent\Interpreter\Interpreting\Strings.php on line 26.
 1 APPPATH\Libraries\TEFakeContent\Interpreter\Interpreting\Strings.php(26): CodeIgniter\Debug\Exceptions->errorHandler(8, 'Undefined variable: result', 'APPPATH\\Libraries\\TEFakeContent\\Interpreter\\Interpreting\\Strings.php', 26, [...])
 2 APPPATH\Libraries\TEFakeContent\Interpreter\Interpreting\Strings.php(8): App\Libraries\TEFakeContent\Interpreter\Interpreting\Interpreting->split('##[#]#')
 3 APPPATH\Libraries\TEFakeContent\Interpreter\Interpreting\Interpreting.php(25): App\Libraries\TEFakeContent\Interpreter\Interpreting\Interpreting->strings('##[#]#')
 4 APPPATH\Libraries\TEFakeContent\Interpreter\Interpreter.php(44): App\Libraries\TEFakeContent\Interpreter\Interpreting\Interpreting->start('##[#]#')
 5 APPPATH\Libraries\TEFakeContent\Interpreter\Interpreter.php(33): App\Libraries\TEFakeContent\Interpreter\Interpreter->fetch_portions()
 6 APPPATH\Libraries\TEFakeContent\Interpreter\Interpreter.php(19): App\Libraries\TEFakeContent\Interpreter\Interpreter->making('##[#]#')
 7 APPPATH\Libraries\TEFakeContent\TEFakeContent.php(16): App\Libraries\TEFakeContent\Interpreter\Interpreter->make_field('##[#]#')
 8 APPPATH\Controllers\Home.php(26): App\Libraries\TEFakeContent\TEFakeContent->field('##[#]#')
 9 SYSTEMPATH\CodeIgniter.php(898): App\Controllers\Home->index()
10 SYSTEMPATH\CodeIgniter.php(468): CodeIgniter\CodeIgniter->runController(Object(App\Controllers\Home))
11 SYSTEMPATH\CodeIgniter.php(351): CodeIgniter\CodeIgniter->handleRequest(null, Object(Config\Cache), false)
12 FCPATH\index.php(55): CodeIgniter\CodeIgniter->run()
CRITICAL - 2022-12-23 07:32:09 --> Undefined variable: result
in APPPATH\Libraries\TEFakeContent\Interpreter\Interpreting\Strings.php on line 26.
 1 APPPATH\Libraries\TEFakeContent\Interpreter\Interpreting\Strings.php(26): CodeIgniter\Debug\Exceptions->errorHandler(8, 'Undefined variable: result', 'APPPATH\\Libraries\\TEFakeContent\\Interpreter\\Interpreting\\Strings.php', 26, [...])
 2 APPPATH\Libraries\TEFakeContent\Interpreter\Interpreting\Strings.php(8): App\Libraries\TEFakeContent\Interpreter\Interpreting\Interpreting->split('##[#]#')
 3 APPPATH\Libraries\TEFakeContent\Interpreter\Interpreting\Interpreting.php(25): App\Libraries\TEFakeContent\Interpreter\Interpreting\Interpreting->strings('##[#]#')
 4 APPPATH\Libraries\TEFakeContent\Interpreter\Interpreter.php(44): App\Libraries\TEFakeContent\Interpreter\Interpreting\Interpreting->start('##[#]#')
 5 APPPATH\Libraries\TEFakeContent\Interpreter\Interpreter.php(33): App\Libraries\TEFakeContent\Interpreter\Interpreter->fetch_portions()
 6 APPPATH\Libraries\TEFakeContent\Interpreter\Interpreter.php(19): App\Libraries\TEFakeContent\Interpreter\Interpreter->making('##[#]#')
 7 APPPATH\Libraries\TEFakeContent\TEFakeContent.php(16): App\Libraries\TEFakeContent\Interpreter\Interpreter->make_field('##[#]#')
 8 APPPATH\Controllers\Home.php(26): App\Libraries\TEFakeContent\TEFakeContent->field('##[#]#')
 9 SYSTEMPATH\CodeIgniter.php(898): App\Controllers\Home->index()
10 SYSTEMPATH\CodeIgniter.php(468): CodeIgniter\CodeIgniter->runController(Object(App\Controllers\Home))
11 SYSTEMPATH\CodeIgniter.php(351): CodeIgniter\CodeIgniter->handleRequest(null, Object(Config\Cache), false)
12 FCPATH\index.php(55): CodeIgniter\CodeIgniter->run()
CRITICAL - 2022-12-23 07:32:50 --> Only variables should be passed by reference
in APPPATH\Libraries\TEFakeContent\Interpreter\Interpreting\Strings.php on line 28.
 1 APPPATH\Libraries\TEFakeContent\Interpreter\Interpreting\Strings.php(28): CodeIgniter\Debug\Exceptions->errorHandler(8, 'Only variables should be passed by reference', 'APPPATH\\Libraries\\TEFakeContent\\Interpreter\\Interpreting\\Strings.php', 28, [...])
 2 APPPATH\Libraries\TEFakeContent\Interpreter\Interpreting\Strings.php(8): App\Libraries\TEFakeContent\Interpreter\Interpreting\Interpreting->split('##[#]#')
 3 APPPATH\Libraries\TEFakeContent\Interpreter\Interpreting\Interpreting.php(25): App\Libraries\TEFakeContent\Interpreter\Interpreting\Interpreting->strings('##[#]#')
 4 APPPATH\Libraries\TEFakeContent\Interpreter\Interpreter.php(44): App\Libraries\TEFakeContent\Interpreter\Interpreting\Interpreting->start('##[#]#')
 5 APPPATH\Libraries\TEFakeContent\Interpreter\Interpreter.php(33): App\Libraries\TEFakeContent\Interpreter\Interpreter->fetch_portions()
 6 APPPATH\Libraries\TEFakeContent\Interpreter\Interpreter.php(19): App\Libraries\TEFakeContent\Interpreter\Interpreter->making('##[#]#')
 7 APPPATH\Libraries\TEFakeContent\TEFakeContent.php(16): App\Libraries\TEFakeContent\Interpreter\Interpreter->make_field('##[#]#')
 8 APPPATH\Controllers\Home.php(26): App\Libraries\TEFakeContent\TEFakeContent->field('##[#]#')
 9 SYSTEMPATH\CodeIgniter.php(898): App\Controllers\Home->index()
10 SYSTEMPATH\CodeIgniter.php(468): CodeIgniter\CodeIgniter->runController(Object(App\Controllers\Home))
11 SYSTEMPATH\CodeIgniter.php(351): CodeIgniter\CodeIgniter->handleRequest(null, Object(Config\Cache), false)
12 FCPATH\index.php(55): CodeIgniter\CodeIgniter->run()
CRITICAL - 2022-12-23 07:45:37 --> Only variables should be passed by reference
in APPPATH\Libraries\TEFakeContent\Interpreter\Interpreting\Strings.php on line 20.
 1 APPPATH\Libraries\TEFakeContent\Interpreter\Interpreting\Strings.php(20): CodeIgniter\Debug\Exceptions->errorHandler(8, 'Only variables should be passed by reference', 'APPPATH\\Libraries\\TEFakeContent\\Interpreter\\Interpreting\\Strings.php', 20, [...])
 2 APPPATH\Libraries\TEFakeContent\Interpreter\Interpreting\Strings.php(8): App\Libraries\TEFakeContent\Interpreter\Interpreting\Interpreting->split('##[#]#')
 3 APPPATH\Libraries\TEFakeContent\Interpreter\Interpreting\Interpreting.php(25): App\Libraries\TEFakeContent\Interpreter\Interpreting\Interpreting->strings('##[#]#')
 4 APPPATH\Libraries\TEFakeContent\Interpreter\Interpreter.php(44): App\Libraries\TEFakeContent\Interpreter\Interpreting\Interpreting->start('##[#]#')
 5 APPPATH\Libraries\TEFakeContent\Interpreter\Interpreter.php(33): App\Libraries\TEFakeContent\Interpreter\Interpreter->fetch_portions()
 6 APPPATH\Libraries\TEFakeContent\Interpreter\Interpreter.php(19): App\Libraries\TEFakeContent\Interpreter\Interpreter->making('##[#]#')
 7 APPPATH\Libraries\TEFakeContent\TEFakeContent.php(16): App\Libraries\TEFakeContent\Interpreter\Interpreter->make_field('##[#]#')
 8 APPPATH\Controllers\Home.php(26): App\Libraries\TEFakeContent\TEFakeContent->field('##[#]#')
 9 SYSTEMPATH\CodeIgniter.php(898): App\Controllers\Home->index()
10 SYSTEMPATH\CodeIgniter.php(468): CodeIgniter\CodeIgniter->runController(Object(App\Controllers\Home))
11 SYSTEMPATH\CodeIgniter.php(351): CodeIgniter\CodeIgniter->handleRequest(null, Object(Config\Cache), false)
12 FCPATH\index.php(55): CodeIgniter\CodeIgniter->run()
CRITICAL - 2022-12-23 09:20:31 --> Return value of App\Libraries\TEFakeContent\Interpreter\Interpreting\Interpreting::split() must be of the type string, array returned
in APPPATH\Libraries\TEFakeContent\Interpreter\Interpreting\Strings.php on line 28.
 1 APPPATH\Libraries\TEFakeContent\Interpreter\Interpreting\Strings.php(8): App\Libraries\TEFakeContent\Interpreter\Interpreting\Interpreting->split('#')
 2 APPPATH\Libraries\TEFakeContent\Interpreter\Interpreting\Interpreting.php(25): App\Libraries\TEFakeContent\Interpreter\Interpreting\Interpreting->strings('#')
 3 APPPATH\Libraries\TEFakeContent\Interpreter\Interpreter.php(44): App\Libraries\TEFakeContent\Interpreter\Interpreting\Interpreting->start('#')
 4 APPPATH\Libraries\TEFakeContent\Interpreter\Interpreter.php(33): App\Libraries\TEFakeContent\Interpreter\Interpreter->fetch_portions()
 5 APPPATH\Libraries\TEFakeContent\Interpreter\Interpreter.php(19): App\Libraries\TEFakeContent\Interpreter\Interpreter->making('#')
 6 APPPATH\Libraries\TEFakeContent\TEFakeContent.php(16): App\Libraries\TEFakeContent\Interpreter\Interpreter->make_field('#')
 7 APPPATH\Controllers\Home.php(26): App\Libraries\TEFakeContent\TEFakeContent->field('#')
 8 SYSTEMPATH\CodeIgniter.php(898): App\Controllers\Home->index()
 9 SYSTEMPATH\CodeIgniter.php(468): CodeIgniter\CodeIgniter->runController(Object(App\Controllers\Home))
10 SYSTEMPATH\CodeIgniter.php(351): CodeIgniter\CodeIgniter->handleRequest(null, Object(Config\Cache), false)
11 FCPATH\index.php(55): CodeIgniter\CodeIgniter->run()
CRITICAL - 2022-12-23 09:21:21 --> Too few arguments to function App\Libraries\TEFakeContent\GenContent\GenContent::accidental_num(), 0 passed in E:\SoftWare\xampp 7\htdocs\my_projects\Resume\Shop\app\Libraries\TEFakeContent\Interpreter\Interpreting\Strings.php on line 91 and exactly 1 expected
in APPPATH\Libraries\TEFakeContent\GenContent\GenContent.php on line 41.
 1 APPPATH\Libraries\TEFakeContent\Interpreter\Interpreting\Strings.php(91): App\Libraries\TEFakeContent\GenContent\GenContent->accidental_num()
 2 APPPATH\Libraries\TEFakeContent\Interpreter\Interpreting\Strings.php(71): App\Libraries\TEFakeContent\Interpreter\Interpreting\Interpreting->replace_accidental()
 3 APPPATH\Libraries\TEFakeContent\Interpreter\Interpreting\Strings.php(58): App\Libraries\TEFakeContent\Interpreter\Interpreting\Interpreting->get_replace_data()
 4 APPPATH\Libraries\TEFakeContent\Interpreter\Interpreting\Strings.php(53): App\Libraries\TEFakeContent\Interpreter\Interpreting\Interpreting->replacing('#')
 5 APPPATH\Libraries\TEFakeContent\Interpreter\Interpreting\Strings.php(10): App\Libraries\TEFakeContent\Interpreter\Interpreting\Interpreting->fetch_replace([...])
 6 APPPATH\Libraries\TEFakeContent\Interpreter\Interpreting\Interpreting.php(25): App\Libraries\TEFakeContent\Interpreter\Interpreting\Interpreting->strings('#')
 7 APPPATH\Libraries\TEFakeContent\Interpreter\Interpreter.php(44): App\Libraries\TEFakeContent\Interpreter\Interpreting\Interpreting->start('#')
 8 APPPATH\Libraries\TEFakeContent\Interpreter\Interpreter.php(33): App\Libraries\TEFakeContent\Interpreter\Interpreter->fetch_portions()
 9 APPPATH\Libraries\TEFakeContent\Interpreter\Interpreter.php(19): App\Libraries\TEFakeContent\Interpreter\Interpreter->making('#')
10 APPPATH\Libraries\TEFakeContent\TEFakeContent.php(16): App\Libraries\TEFakeContent\Interpreter\Interpreter->make_field('#')
11 APPPATH\Controllers\Home.php(26): App\Libraries\TEFakeContent\TEFakeContent->field('#')
12 SYSTEMPATH\CodeIgniter.php(898): App\Controllers\Home->index()
13 SYSTEMPATH\CodeIgniter.php(468): CodeIgniter\CodeIgniter->runController(Object(App\Controllers\Home))
14 SYSTEMPATH\CodeIgniter.php(351): CodeIgniter\CodeIgniter->handleRequest(null, Object(Config\Cache), false)
15 FCPATH\index.php(55): CodeIgniter\CodeIgniter->run()
