CRITICAL - 2022-10-29 06:26:47 --> Undefined variable: logo
in APPPATH\Views\Templates\Header.php on line 3.
 1 APPPATH\Views\Templates\Header.php(3): CodeIgniter\Debug\Exceptions->errorHandler(8, 'Undefined variable: logo', 'APPPATH\\Views\\Templates\\Header.php', 3, [...])
 2 SYSTEMPATH\View\View.php(213): include('APPPATH\\Views\\Templates\\Header.php')
 3 SYSTEMPATH\View\View.php(216): CodeIgniter\View\View->CodeIgniter\View\{closure}()
 4 SYSTEMPATH\Common.php(1135): CodeIgniter\View\View->render('Templates/Header', [], true)
 5 APPPATH\Controllers\BaseController.php(118): view('Templates/Header')
 6 APPPATH\Controllers\BaseController.php(90): App\Controllers\BaseController->load_views('VHome')
 7 APPPATH\Controllers\Home.php(11): App\Controllers\BaseController->view('VHome')
 8 SYSTEMPATH\CodeIgniter.php(898): App\Controllers\Home->index()
 9 SYSTEMPATH\CodeIgniter.php(468): CodeIgniter\CodeIgniter->runController(Object(App\Controllers\Home))
10 SYSTEMPATH\CodeIgniter.php(351): CodeIgniter\CodeIgniter->handleRequest(null, Object(Config\Cache), false)
11 FCPATH\index.php(55): CodeIgniter\CodeIgniter->run()
CRITICAL - 2022-10-29 06:46:18 --> Undefined variable: attr
in APPPATH\Libraries\Elements\Elements.php on line 291.
 1 APPPATH\Libraries\Elements\Elements.php(291): CodeIgniter\Debug\Exceptions->errorHandler(8, 'Undefined variable: attr', 'APPPATH\\Libraries\\Elements\\Elements.php', 291, [...])
 2 APPPATH\Libraries\Elements\Elements.php(280): App\Libraries\Elements\Elements->highlight_toggle_tag('mark')
 3 APPPATH\Controllers\BaseController.php(129): App\Libraries\Elements\Elements->highlight('SHOP::b,i,6,txt black,bg white')
 4 APPPATH\Controllers\BaseController.php(115): App\Controllers\BaseController->header()
 5 APPPATH\Controllers\BaseController.php(90): App\Controllers\BaseController->load_views('VHome')
 6 APPPATH\Controllers\Home.php(11): App\Controllers\BaseController->view('VHome')
 7 SYSTEMPATH\CodeIgniter.php(898): App\Controllers\Home->index()
 8 SYSTEMPATH\CodeIgniter.php(468): CodeIgniter\CodeIgniter->runController(Object(App\Controllers\Home))
 9 SYSTEMPATH\CodeIgniter.php(351): CodeIgniter\CodeIgniter->handleRequest(null, Object(Config\Cache), false)
10 FCPATH\index.php(55): CodeIgniter\CodeIgniter->run()
CRITICAL - 2022-10-29 08:13:10 --> Undefined variable: searchBox
in APPPATH\Views\Templates\Header.php on line 6.
 1 APPPATH\Views\Templates\Header.php(6): CodeIgniter\Debug\Exceptions->errorHandler(8, 'Undefined variable: searchBox', 'APPPATH\\Views\\Templates\\Header.php', 6, [...])
 2 SYSTEMPATH\View\View.php(213): include('APPPATH\\Views\\Templates\\Header.php')
 3 SYSTEMPATH\View\View.php(216): CodeIgniter\View\View->CodeIgniter\View\{closure}()
 4 SYSTEMPATH\Common.php(1135): CodeIgniter\View\View->render('Templates/Header', [], true)
 5 APPPATH\Controllers\BaseController.php(118): view('Templates/Header')
 6 APPPATH\Controllers\BaseController.php(90): App\Controllers\BaseController->load_views('VHome')
 7 APPPATH\Controllers\Home.php(11): App\Controllers\BaseController->view('VHome')
 8 SYSTEMPATH\CodeIgniter.php(898): App\Controllers\Home->index()
 9 SYSTEMPATH\CodeIgniter.php(468): CodeIgniter\CodeIgniter->runController(Object(App\Controllers\Home))
10 SYSTEMPATH\CodeIgniter.php(351): CodeIgniter\CodeIgniter->handleRequest(null, Object(Config\Cache), false)
11 FCPATH\index.php(55): CodeIgniter\CodeIgniter->run()
CRITICAL - 2022-10-29 08:14:30 --> Class 'App\Libraries\Form' not found
in APPPATH\Controllers\BaseController.php on line 146.
 1 APPPATH\Controllers\BaseController.php(131): App\Controllers\BaseController->gen_search_box()
 2 APPPATH\Controllers\BaseController.php(115): App\Controllers\BaseController->header()
 3 APPPATH\Controllers\BaseController.php(90): App\Controllers\BaseController->load_views('VHome')
 4 APPPATH\Controllers\Home.php(11): App\Controllers\BaseController->view('VHome')
 5 SYSTEMPATH\CodeIgniter.php(898): App\Controllers\Home->index()
 6 SYSTEMPATH\CodeIgniter.php(468): CodeIgniter\CodeIgniter->runController(Object(App\Controllers\Home))
 7 SYSTEMPATH\CodeIgniter.php(351): CodeIgniter\CodeIgniter->handleRequest(null, Object(Config\Cache), false)
 8 FCPATH\index.php(55): CodeIgniter\CodeIgniter->run()
CRITICAL - 2022-10-29 08:16:00 --> Class 'App\Libraries\Form' not found
in APPPATH\Controllers\BaseController.php on line 146.
 1 APPPATH\Controllers\BaseController.php(131): App\Controllers\BaseController->gen_search_box()
 2 APPPATH\Controllers\BaseController.php(115): App\Controllers\BaseController->header()
 3 APPPATH\Controllers\BaseController.php(90): App\Controllers\BaseController->load_views('VHome')
 4 APPPATH\Controllers\Home.php(11): App\Controllers\BaseController->view('VHome')
 5 SYSTEMPATH\CodeIgniter.php(898): App\Controllers\Home->index()
 6 SYSTEMPATH\CodeIgniter.php(468): CodeIgniter\CodeIgniter->runController(Object(App\Controllers\Home))
 7 SYSTEMPATH\CodeIgniter.php(351): CodeIgniter\CodeIgniter->handleRequest(null, Object(Config\Cache), false)
 8 FCPATH\index.php(55): CodeIgniter\CodeIgniter->run()
CRITICAL - 2022-10-29 08:16:02 --> Class 'App\Libraries\Form' not found
in APPPATH\Controllers\BaseController.php on line 146.
 1 APPPATH\Controllers\BaseController.php(131): App\Controllers\BaseController->gen_search_box()
 2 APPPATH\Controllers\BaseController.php(115): App\Controllers\BaseController->header()
 3 APPPATH\Controllers\BaseController.php(90): App\Controllers\BaseController->load_views('VHome')
 4 APPPATH\Controllers\Home.php(11): App\Controllers\BaseController->view('VHome')
 5 SYSTEMPATH\CodeIgniter.php(898): App\Controllers\Home->index()
 6 SYSTEMPATH\CodeIgniter.php(468): CodeIgniter\CodeIgniter->runController(Object(App\Controllers\Home))
 7 SYSTEMPATH\CodeIgniter.php(351): CodeIgniter\CodeIgniter->handleRequest(null, Object(Config\Cache), false)
 8 FCPATH\index.php(55): CodeIgniter\CodeIgniter->run()
CRITICAL - 2022-10-29 08:16:34 --> Class 'App\Libraries\Form' not found
in APPPATH\Controllers\BaseController.php on line 146.
 1 APPPATH\Controllers\BaseController.php(131): App\Controllers\BaseController->gen_search_box()
 2 APPPATH\Controllers\BaseController.php(115): App\Controllers\BaseController->header()
 3 APPPATH\Controllers\BaseController.php(90): App\Controllers\BaseController->load_views('VHome')
 4 APPPATH\Controllers\Home.php(11): App\Controllers\BaseController->view('VHome')
 5 SYSTEMPATH\CodeIgniter.php(898): App\Controllers\Home->index()
 6 SYSTEMPATH\CodeIgniter.php(468): CodeIgniter\CodeIgniter->runController(Object(App\Controllers\Home))
 7 SYSTEMPATH\CodeIgniter.php(351): CodeIgniter\CodeIgniter->handleRequest(null, Object(Config\Cache), false)
 8 FCPATH\index.php(55): CodeIgniter\CodeIgniter->run()
CRITICAL - 2022-10-29 08:20:21 --> Call to undefined function App\Libraries\Form\form_input()
in APPPATH\Libraries\Form\Form.php on line 95.
 1 APPPATH\Controllers\BaseController.php(148): App\Libraries\Form\Form->text('txt_search', 'ROOTPATH\\public', 'ROOTPATH\\public', 'Search...')
 2 APPPATH\Controllers\BaseController.php(131): App\Controllers\BaseController->gen_search_box()
 3 APPPATH\Controllers\BaseController.php(115): App\Controllers\BaseController->header()
 4 APPPATH\Controllers\BaseController.php(90): App\Controllers\BaseController->load_views('VHome')
 5 APPPATH\Controllers\Home.php(11): App\Controllers\BaseController->view('VHome')
 6 SYSTEMPATH\CodeIgniter.php(898): App\Controllers\Home->index()
 7 SYSTEMPATH\CodeIgniter.php(468): CodeIgniter\CodeIgniter->runController(Object(App\Controllers\Home))
 8 SYSTEMPATH\CodeIgniter.php(351): CodeIgniter\CodeIgniter->handleRequest(null, Object(Config\Cache), false)
 9 FCPATH\index.php(55): CodeIgniter\CodeIgniter->run()
CRITICAL - 2022-10-29 08:21:44 --> Argument 1 passed to App\Libraries\Elements\Elements::container() must be of the type string, object given, called in E:\SoftWare\xampp 7\htdocs\my_projects\Resume\Shop\app\Controllers\BaseController.php on line 153
in APPPATH\Libraries\Elements\Elements.php on line 147.
 1 APPPATH\Controllers\BaseController.php(153): App\Libraries\Elements\Elements->container(Object(App\Libraries\Form\Form), 'half')
 2 APPPATH\Controllers\BaseController.php(131): App\Controllers\BaseController->gen_search_box()
 3 APPPATH\Controllers\BaseController.php(115): App\Controllers\BaseController->header()
 4 APPPATH\Controllers\BaseController.php(90): App\Controllers\BaseController->load_views('VHome')
 5 APPPATH\Controllers\Home.php(11): App\Controllers\BaseController->view('VHome')
 6 SYSTEMPATH\CodeIgniter.php(898): App\Controllers\Home->index()
 7 SYSTEMPATH\CodeIgniter.php(468): CodeIgniter\CodeIgniter->runController(Object(App\Controllers\Home))
 8 SYSTEMPATH\CodeIgniter.php(351): CodeIgniter\CodeIgniter->handleRequest(null, Object(Config\Cache), false)
 9 FCPATH\index.php(55): CodeIgniter\CodeIgniter->run()
CRITICAL - 2022-10-29 08:22:55 --> Argument 1 passed to App\Libraries\Elements\Elements::container() must be of the type string, object given, called in E:\SoftWare\xampp 7\htdocs\my_projects\Resume\Shop\app\Controllers\BaseController.php on line 153
in APPPATH\Libraries\Elements\Elements.php on line 147.
 1 APPPATH\Controllers\BaseController.php(153): App\Libraries\Elements\Elements->container(Object(App\Libraries\Form\Form), 'half')
 2 APPPATH\Controllers\BaseController.php(131): App\Controllers\BaseController->gen_search_box()
 3 APPPATH\Controllers\BaseController.php(115): App\Controllers\BaseController->header()
 4 APPPATH\Controllers\BaseController.php(90): App\Controllers\BaseController->load_views('VHome')
 5 APPPATH\Controllers\Home.php(11): App\Controllers\BaseController->view('VHome')
 6 SYSTEMPATH\CodeIgniter.php(898): App\Controllers\Home->index()
 7 SYSTEMPATH\CodeIgniter.php(468): CodeIgniter\CodeIgniter->runController(Object(App\Controllers\Home))
 8 SYSTEMPATH\CodeIgniter.php(351): CodeIgniter\CodeIgniter->handleRequest(null, Object(Config\Cache), false)
 9 FCPATH\index.php(55): CodeIgniter\CodeIgniter->run()
CRITICAL - 2022-10-29 10:09:32 --> Call to undefined function App\Libraries\Form\SearchBox\Handlers\form_input()
in APPPATH\Libraries\Form\SearchBox\Handlers\Text.php on line 19.
 1 APPPATH\Libraries\Form\SearchBox\SearchBox.php(9): App\Libraries\Form\SearchBox\SearchBox->gen_input_text()
 2 APPPATH\Controllers\BaseController.php(163): App\Libraries\Form\SearchBox\SearchBox->create()
 3 APPPATH\Controllers\BaseController.php(131): App\Controllers\BaseController->gen_search_box()
 4 APPPATH\Controllers\BaseController.php(115): App\Controllers\BaseController->header()
 5 APPPATH\Controllers\BaseController.php(90): App\Controllers\BaseController->load_views('VHome')
 6 APPPATH\Controllers\Home.php(11): App\Controllers\BaseController->view('VHome')
 7 SYSTEMPATH\CodeIgniter.php(898): App\Controllers\Home->index()
 8 SYSTEMPATH\CodeIgniter.php(468): CodeIgniter\CodeIgniter->runController(Object(App\Controllers\Home))
 9 SYSTEMPATH\CodeIgniter.php(351): CodeIgniter\CodeIgniter->handleRequest(null, Object(Config\Cache), false)
10 FCPATH\index.php(55): CodeIgniter\CodeIgniter->run()
CRITICAL - 2022-10-29 10:10:18 --> Undefined index: Form
in APPPATH\Controllers\BaseController.php on line 161.
 1 APPPATH\Controllers\BaseController.php(161): CodeIgniter\Debug\Exceptions->errorHandler(8, 'Undefined index: Form', 'APPPATH\\Controllers\\BaseController.php', 161, [])
 2 APPPATH\Controllers\BaseController.php(131): App\Controllers\BaseController->gen_search_box()
 3 APPPATH\Controllers\BaseController.php(115): App\Controllers\BaseController->header()
 4 APPPATH\Controllers\BaseController.php(90): App\Controllers\BaseController->load_views('VHome')
 5 APPPATH\Controllers\Home.php(11): App\Controllers\BaseController->view('VHome')
 6 SYSTEMPATH\CodeIgniter.php(898): App\Controllers\Home->index()
 7 SYSTEMPATH\CodeIgniter.php(468): CodeIgniter\CodeIgniter->runController(Object(App\Controllers\Home))
 8 SYSTEMPATH\CodeIgniter.php(351): CodeIgniter\CodeIgniter->handleRequest(null, Object(Config\Cache), false)
 9 FCPATH\index.php(55): CodeIgniter\CodeIgniter->run()
CRITICAL - 2022-10-29 10:10:55 --> Call to undefined function App\Libraries\Form\SearchBox\Handlers\form_input()
in APPPATH\Libraries\Form\SearchBox\Handlers\Text.php on line 19.
 1 APPPATH\Libraries\Form\SearchBox\SearchBox.php(9): App\Libraries\Form\SearchBox\SearchBox->gen_input_text()
 2 APPPATH\Controllers\BaseController.php(165): App\Libraries\Form\SearchBox\SearchBox->create()
 3 APPPATH\Controllers\BaseController.php(131): App\Controllers\BaseController->gen_search_box()
 4 APPPATH\Controllers\BaseController.php(115): App\Controllers\BaseController->header()
 5 APPPATH\Controllers\BaseController.php(90): App\Controllers\BaseController->load_views('VHome')
 6 APPPATH\Controllers\Home.php(11): App\Controllers\BaseController->view('VHome')
 7 SYSTEMPATH\CodeIgniter.php(898): App\Controllers\Home->index()
 8 SYSTEMPATH\CodeIgniter.php(468): CodeIgniter\CodeIgniter->runController(Object(App\Controllers\Home))
 9 SYSTEMPATH\CodeIgniter.php(351): CodeIgniter\CodeIgniter->handleRequest(null, Object(Config\Cache), false)
10 FCPATH\index.php(55): CodeIgniter\CodeIgniter->run()
CRITICAL - 2022-10-29 10:23:01 --> Return value of App\Libraries\Form\SearchBox\SearchBox::create() must be of the type string, none returned
in APPPATH\Libraries\Form\SearchBox\SearchBox.php on line 10.
 1 APPPATH\Controllers\BaseController.php(165): App\Libraries\Form\SearchBox\SearchBox->create()
 2 APPPATH\Controllers\BaseController.php(131): App\Controllers\BaseController->gen_search_box()
 3 APPPATH\Controllers\BaseController.php(115): App\Controllers\BaseController->header()
 4 APPPATH\Controllers\BaseController.php(90): App\Controllers\BaseController->load_views('VHome')
 5 APPPATH\Controllers\Home.php(11): App\Controllers\BaseController->view('VHome')
 6 SYSTEMPATH\CodeIgniter.php(898): App\Controllers\Home->index()
 7 SYSTEMPATH\CodeIgniter.php(468): CodeIgniter\CodeIgniter->runController(Object(App\Controllers\Home))
 8 SYSTEMPATH\CodeIgniter.php(351): CodeIgniter\CodeIgniter->handleRequest(null, Object(Config\Cache), false)
 9 FCPATH\index.php(55): CodeIgniter\CodeIgniter->run()
CRITICAL - 2022-10-29 10:23:47 --> Undefined variable: searchBox
in APPPATH\Views\Templates\Header.php on line 6.
 1 APPPATH\Views\Templates\Header.php(6): CodeIgniter\Debug\Exceptions->errorHandler(8, 'Undefined variable: searchBox', 'APPPATH\\Views\\Templates\\Header.php', 6, [...])
 2 SYSTEMPATH\View\View.php(213): include('APPPATH\\Views\\Templates\\Header.php')
 3 SYSTEMPATH\View\View.php(216): CodeIgniter\View\View->CodeIgniter\View\{closure}()
 4 SYSTEMPATH\Common.php(1135): CodeIgniter\View\View->render('Templates/Header', [], true)
 5 APPPATH\Controllers\BaseController.php(118): view('Templates/Header')
 6 APPPATH\Controllers\BaseController.php(90): App\Controllers\BaseController->load_views('VHome')
 7 APPPATH\Controllers\Home.php(11): App\Controllers\BaseController->view('VHome')
 8 SYSTEMPATH\CodeIgniter.php(898): App\Controllers\Home->index()
 9 SYSTEMPATH\CodeIgniter.php(468): CodeIgniter\CodeIgniter->runController(Object(App\Controllers\Home))
10 SYSTEMPATH\CodeIgniter.php(351): CodeIgniter\CodeIgniter->handleRequest(null, Object(Config\Cache), false)
11 FCPATH\index.php(55): CodeIgniter\CodeIgniter->run()
