CRITICAL - 2023-03-02 07:07:41 --> Return value of App\Controllers\Panel\ShippingMethod::edit_form() must be of the type string or null, none returned
in APPPATH\Controllers\Panel\ShippingMethod.php on line 26.
 1 APPPATH\Controllers\Panel\BaseManage.php(82): App\Controllers\Panel\ShippingMethod->edit_form()
 2 APPPATH\Controllers\Panel\BaseManage.php(42): App\Controllers\Panel\BaseManage->gen_edit_form()
 3 SYSTEMPATH\CodeIgniter.php(898): App\Controllers\Panel\BaseManage->index()
 4 SYSTEMPATH\CodeIgniter.php(468): CodeIgniter\CodeIgniter->runController(Object(App\Controllers\Panel\ShippingMethod))
 5 SYSTEMPATH\CodeIgniter.php(351): CodeIgniter\CodeIgniter->handleRequest(null, Object(Config\Cache), false)
 6 FCPATH\index.php(55): CodeIgniter\CodeIgniter->run()
CRITICAL - 2023-03-02 07:07:56 --> Undefined variable: editForm
in APPPATH\Views\Panel\VShippingMethod.php on line 6.
 1 APPPATH\Views\Panel\VShippingMethod.php(6): CodeIgniter\Debug\Exceptions->errorHandler(8, 'Undefined variable: editForm', 'APPPATH\\Views\\Panel\\VShippingMethod.php', 6, [...])
 2 SYSTEMPATH\View\View.php(213): include('APPPATH\\Views\\Panel\\VShippingMethod.php')
 3 SYSTEMPATH\View\View.php(216): CodeIgniter\View\View->CodeIgniter\View\{closure}()
 4 SYSTEMPATH\Common.php(1135): CodeIgniter\View\View->render('Panel/VShippingMethod', [], true)
 5 APPPATH\Libraries\LoadView\Attachments\View.php(79): view('Panel/VShippingMethod')
 6 APPPATH\Libraries\LoadView\Attachments\View.php(31): App\Libraries\LoadView\LoadView->body_view('Panel/VShippingMethod')
 7 APPPATH\Libraries\LoadView\LoadView.php(25): App\Libraries\LoadView\LoadView->render_view('Panel/VShippingMethod', 'Shipping Method')
 8 APPPATH\Controllers\BaseController.php(114): App\Libraries\LoadView\LoadView->show('Panel/VShippingMethod', 'Shipping Method')
 9 APPPATH\Controllers\Panel\BaseManage.php(46): App\Controllers\BaseController->view('Panel/VShippingMethod', 'Shipping Method')
10 SYSTEMPATH\CodeIgniter.php(898): App\Controllers\Panel\BaseManage->index()
11 SYSTEMPATH\CodeIgniter.php(468): CodeIgniter\CodeIgniter->runController(Object(App\Controllers\Panel\ShippingMethod))
12 SYSTEMPATH\CodeIgniter.php(351): CodeIgniter\CodeIgniter->handleRequest(null, Object(Config\Cache), false)
13 FCPATH\index.php(55): CodeIgniter\CodeIgniter->run()
CRITICAL - 2023-03-02 07:24:15 --> Call to undefined method App\Controllers\Panel\ShippingMethod::text()
in APPPATH\Controllers\Panel\ShippingMethod.php on line 23.
 1 APPPATH\Controllers\Panel\BaseManage.php(62): App\Controllers\Panel\ShippingMethod->add_form()
 2 APPPATH\Controllers\Panel\BaseManage.php(40): App\Controllers\Panel\BaseManage->gen_add_form()
 3 SYSTEMPATH\CodeIgniter.php(898): App\Controllers\Panel\BaseManage->index()
 4 SYSTEMPATH\CodeIgniter.php(468): CodeIgniter\CodeIgniter->runController(Object(App\Controllers\Panel\ShippingMethod))
 5 SYSTEMPATH\CodeIgniter.php(351): CodeIgniter\CodeIgniter->handleRequest(null, Object(Config\Cache), false)
 6 FCPATH\index.php(55): CodeIgniter\CodeIgniter->run()
CRITICAL - 2023-03-02 08:09:55 --> Undefined variable: field
in APPPATH\Controllers\Panel\ShippingMethod.php on line 72.
 1 APPPATH\Controllers\Panel\ShippingMethod.php(72): CodeIgniter\Debug\Exceptions->errorHandler(8, 'Undefined variable: field', 'APPPATH\\Controllers\\Panel\\ShippingMethod.php', 72, [...])
 2 APPPATH\Controllers\Panel\BaseManage.php(112): App\Controllers\Panel\ShippingMethod->table_rows()
 3 APPPATH\Controllers\Panel\BaseManage.php(44): App\Controllers\Panel\BaseManage->gen_html_table()
 4 SYSTEMPATH\CodeIgniter.php(898): App\Controllers\Panel\BaseManage->index()
 5 SYSTEMPATH\CodeIgniter.php(468): CodeIgniter\CodeIgniter->runController(Object(App\Controllers\Panel\ShippingMethod))
 6 SYSTEMPATH\CodeIgniter.php(351): CodeIgniter\CodeIgniter->handleRequest(null, Object(Config\Cache), false)
 7 FCPATH\index.php(55): CodeIgniter\CodeIgniter->run()
CRITICAL - 2023-03-02 10:12:55 --> Call to undefined method App\Controllers\Process\ShippingMethod::initController()
in SYSTEMPATH\CodeIgniter.php on line 861.
 1 SYSTEMPATH\CodeIgniter.php(459): CodeIgniter\CodeIgniter->createController()
 2 SYSTEMPATH\CodeIgniter.php(351): CodeIgniter\CodeIgniter->handleRequest(null, Object(Config\Cache), false)
 3 FCPATH\index.php(55): CodeIgniter\CodeIgniter->run()
CRITICAL - 2023-03-02 10:28:26 --> Return value of App\Controllers\Process\BaseProcess::messages_to_json() must be of the type array, string returned
in APPPATH\Controllers\Process\BaseProcess.php on line 32.
 1 APPPATH\Controllers\Process\BaseProcess.php(24): App\Controllers\Process\BaseProcess->messages_to_json('Saving data operation is successfully', true)
 2 APPPATH\Controllers\Process\BaseProcess.php(14): App\Controllers\Process\BaseProcess->save()
 3 SYSTEMPATH\CodeIgniter.php(898): App\Controllers\Process\BaseProcess->index('save')
 4 SYSTEMPATH\CodeIgniter.php(468): CodeIgniter\CodeIgniter->runController(Object(App\Controllers\Process\ShippingMethod))
 5 SYSTEMPATH\CodeIgniter.php(351): CodeIgniter\CodeIgniter->handleRequest(null, Object(Config\Cache), false)
 6 FCPATH\index.php(55): CodeIgniter\CodeIgniter->run()
