CRITICAL - 2023-03-19 08:34:24 --> Call to undefined method App\Controllers\LogOut::initController()
in SYSTEMPATH\CodeIgniter.php on line 861.
 1 SYSTEMPATH\CodeIgniter.php(459): CodeIgniter\CodeIgniter->createController()
 2 SYSTEMPATH\CodeIgniter.php(351): CodeIgniter\CodeIgniter->handleRequest(null, Object(Config\Cache), false)
 3 FCPATH\index.php(55): CodeIgniter\CodeIgniter->run()
CRITICAL - 2023-03-19 08:35:27 --> Return value of App\Controllers\LogOut::index() must be an object, bool returned
in APPPATH\Controllers\LogOut.php on line 13.
 1 SYSTEMPATH\CodeIgniter.php(898): App\Controllers\LogOut->index()
 2 SYSTEMPATH\CodeIgniter.php(468): CodeIgniter\CodeIgniter->runController(Object(App\Controllers\LogOut))
 3 SYSTEMPATH\CodeIgniter.php(351): CodeIgniter\CodeIgniter->handleRequest(null, Object(Config\Cache), false)
 4 FCPATH\index.php(55): CodeIgniter\CodeIgniter->run()
CRITICAL - 2023-03-19 08:36:36 --> Return value of App\Controllers\LogOut::index() must be an object, bool returned
in APPPATH\Controllers\LogOut.php on line 13.
 1 SYSTEMPATH\CodeIgniter.php(898): App\Controllers\LogOut->index()
 2 SYSTEMPATH\CodeIgniter.php(468): CodeIgniter\CodeIgniter->runController(Object(App\Controllers\LogOut))
 3 SYSTEMPATH\CodeIgniter.php(351): CodeIgniter\CodeIgniter->handleRequest(null, Object(Config\Cache), false)
 4 FCPATH\index.php(55): CodeIgniter\CodeIgniter->run()
CRITICAL - 2023-03-19 09:01:53 --> Undefined variable: _SESSION
in APPPATH\Controllers\BaseController.php on line 200.
 1 APPPATH\Controllers\BaseController.php(200): CodeIgniter\Debug\Exceptions->errorHandler(8, 'Undefined variable: _SESSION', 'APPPATH\\Controllers\\BaseController.php', 200, [...])
 2 APPPATH\Controllers\BaseController.php(181): App\Controllers\BaseController->profile()
 3 APPPATH\Controllers\BaseController.php(169): App\Controllers\BaseController->top_nav_items()
 4 APPPATH\Controllers\BaseController.php(134): App\Controllers\BaseController->gen_nav()
 5 APPPATH\Controllers\BaseController.php(98): App\Controllers\BaseController->header_content()
 6 APPPATH\Controllers\Home.php(19): App\Controllers\BaseController->view('VHome', 'Home')
 7 SYSTEMPATH\CodeIgniter.php(898): App\Controllers\Home->index()
 8 SYSTEMPATH\CodeIgniter.php(468): CodeIgniter\CodeIgniter->runController(Object(App\Controllers\Home))
 9 SYSTEMPATH\CodeIgniter.php(351): CodeIgniter\CodeIgniter->handleRequest(null, Object(Config\Cache), false)
10 FCPATH\index.php(55): CodeIgniter\CodeIgniter->run()
CRITICAL - 2023-03-19 09:02:04 --> Undefined variable: _SESSION
in APPPATH\Controllers\BaseController.php on line 200.
 1 APPPATH\Controllers\BaseController.php(200): CodeIgniter\Debug\Exceptions->errorHandler(8, 'Undefined variable: _SESSION', 'APPPATH\\Controllers\\BaseController.php', 200, [...])
 2 APPPATH\Controllers\BaseController.php(181): App\Controllers\BaseController->profile()
 3 APPPATH\Controllers\BaseController.php(169): App\Controllers\BaseController->top_nav_items()
 4 APPPATH\Controllers\BaseController.php(134): App\Controllers\BaseController->gen_nav()
 5 APPPATH\Controllers\BaseController.php(98): App\Controllers\BaseController->header_content()
 6 APPPATH\Controllers\SignIn.php(19): App\Controllers\BaseController->view('VSignIn', 'Sign In')
 7 SYSTEMPATH\CodeIgniter.php(898): App\Controllers\SignIn->index()
 8 SYSTEMPATH\CodeIgniter.php(468): CodeIgniter\CodeIgniter->runController(Object(App\Controllers\SignIn))
 9 SYSTEMPATH\CodeIgniter.php(351): CodeIgniter\CodeIgniter->handleRequest(null, Object(Config\Cache), false)
10 FCPATH\index.php(55): CodeIgniter\CodeIgniter->run()
CRITICAL - 2023-03-19 09:02:14 --> Undefined variable: _SESSION
in APPPATH\Controllers\BaseController.php on line 200.
 1 APPPATH\Controllers\BaseController.php(200): CodeIgniter\Debug\Exceptions->errorHandler(8, 'Undefined variable: _SESSION', 'APPPATH\\Controllers\\BaseController.php', 200, [...])
 2 APPPATH\Controllers\BaseController.php(181): App\Controllers\BaseController->profile()
 3 APPPATH\Controllers\BaseController.php(169): App\Controllers\BaseController->top_nav_items()
 4 APPPATH\Controllers\BaseController.php(134): App\Controllers\BaseController->gen_nav()
 5 APPPATH\Controllers\BaseController.php(98): App\Controllers\BaseController->header_content()
 6 APPPATH\Controllers\Home.php(19): App\Controllers\BaseController->view('VHome', 'Home')
 7 SYSTEMPATH\CodeIgniter.php(898): App\Controllers\Home->index()
 8 SYSTEMPATH\CodeIgniter.php(468): CodeIgniter\CodeIgniter->runController(Object(App\Controllers\Home))
 9 SYSTEMPATH\CodeIgniter.php(351): CodeIgniter\CodeIgniter->handleRequest(null, Object(Config\Cache), false)
10 FCPATH\index.php(55): CodeIgniter\CodeIgniter->run()
CRITICAL - 2023-03-19 10:07:20 --> syntax error, unexpected ']', expecting variable (T_VARIABLE)
in APPPATH\Config\Filters.php on line 84.
 1 SYSTEMPATH\Autoloader\Autoloader.php(261): CodeIgniter\Autoloader\Autoloader->includeFile('APPPATH\\Config\\Filters.php')
 2 SYSTEMPATH\Autoloader\Autoloader.php(239): CodeIgniter\Autoloader\Autoloader->loadInNamespace('Config\\Filters')
 3 [internal function]: CodeIgniter\Autoloader\Autoloader->loadClass('Config\\Filters')
 4 [internal function]: spl_autoload_call('Config\\Filters')
 5 SYSTEMPATH\Config\Factories.php(152): class_exists('Config\\Filters')
 6 SYSTEMPATH\Config\Factories.php(122): CodeIgniter\Config\Factories::locateClass([...], 'Filters')
 7 SYSTEMPATH\Common.php(198): CodeIgniter\Config\Factories::__callStatic('config', [])
 8 SYSTEMPATH\Config\Services.php(280): config('Filters')
 9 SYSTEMPATH\Config\BaseService.php(251): CodeIgniter\Config\Services::filters(null, false)
10 SYSTEMPATH\Config\BaseService.php(192): CodeIgniter\Config\BaseService::__callStatic('filters', [...])
11 SYSTEMPATH\Config\Services.php(277): CodeIgniter\Config\BaseService::getSharedInstance('filters', null)
12 SYSTEMPATH\Config\BaseService.php(251): CodeIgniter\Config\Services::filters()
13 SYSTEMPATH\CodeIgniter.php(422): CodeIgniter\Config\BaseService::__callStatic('filters', [])
14 SYSTEMPATH\CodeIgniter.php(351): CodeIgniter\CodeIgniter->handleRequest(null, Object(Config\Cache), false)
15 FCPATH\index.php(55): CodeIgniter\CodeIgniter->run()
