CRITICAL - 2023-04-02 07:09:07 --> Use of undefined constant PUBLICPATH - assumed 'PUBLICPATH' (this will throw an Error in a future version of PHP)
in APPPATH\Controllers\Home.php on line 18.
 1 APPPATH\Controllers\Home.php(18): CodeIgniter\Debug\Exceptions->errorHandler(2, 'Use of undefined constant PUBLICPATH - assumed \'PUBLICPATH\' (this will throw an Error in a future version of PHP)', 'APPPATH\\Controllers\\Home.php', 18, [])
 2 SYSTEMPATH\CodeIgniter.php(898): App\Controllers\Home->index()
 3 SYSTEMPATH\CodeIgniter.php(468): CodeIgniter\CodeIgniter->runController(Object(App\Controllers\Home))
 4 SYSTEMPATH\CodeIgniter.php(351): CodeIgniter\CodeIgniter->handleRequest(null, Object(Config\Cache), false)
 5 FCPATH\index.php(55): CodeIgniter\CodeIgniter->run()
CRITICAL - 2023-04-02 07:11:06 --> Use of undefined constant PUBLICPATH - assumed 'PUBLICPATH' (this will throw an Error in a future version of PHP)
in APPPATH\Controllers\Home.php on line 18.
 1 APPPATH\Controllers\Home.php(18): CodeIgniter\Debug\Exceptions->errorHandler(2, 'Use of undefined constant PUBLICPATH - assumed \'PUBLICPATH\' (this will throw an Error in a future version of PHP)', 'APPPATH\\Controllers\\Home.php', 18, [])
 2 SYSTEMPATH\CodeIgniter.php(898): App\Controllers\Home->index()
 3 SYSTEMPATH\CodeIgniter.php(468): CodeIgniter\CodeIgniter->runController(Object(App\Controllers\Home))
 4 SYSTEMPATH\CodeIgniter.php(351): CodeIgniter\CodeIgniter->handleRequest(null, Object(Config\Cache), false)
 5 FCPATH\index.php(55): CodeIgniter\CodeIgniter->run()
CRITICAL - 2023-04-02 07:11:22 --> Use of undefined constant PUBLICPATH - assumed 'PUBLICPATH' (this will throw an Error in a future version of PHP)
in APPPATH\Controllers\Home.php on line 18.
 1 APPPATH\Controllers\Home.php(18): CodeIgniter\Debug\Exceptions->errorHandler(2, 'Use of undefined constant PUBLICPATH - assumed \'PUBLICPATH\' (this will throw an Error in a future version of PHP)', 'APPPATH\\Controllers\\Home.php', 18, [])
 2 SYSTEMPATH\CodeIgniter.php(898): App\Controllers\Home->index()
 3 SYSTEMPATH\CodeIgniter.php(468): CodeIgniter\CodeIgniter->runController(Object(App\Controllers\Home))
 4 SYSTEMPATH\CodeIgniter.php(351): CodeIgniter\CodeIgniter->handleRequest(null, Object(Config\Cache), false)
 5 FCPATH\index.php(55): CodeIgniter\CodeIgniter->run()
ERROR - 2023-04-02 08:49:27 --> Column 'name' in field list is ambiguous
CRITICAL - 2023-04-02 08:49:27 --> Column 'name' in field list is ambiguous
in SYSTEMPATH\Database\MySQLi\Connection.php on line 292.
 1 SYSTEMPATH\Database\MySQLi\Connection.php(292): mysqli->query('SELECT `name`, `price`, `img`
FROM `products`
JOIN `product_images` ON `products`.`id` = `product_images`.`product_id`
WHERE `products`.`product_group_id` = \'1\'', 0)
 2 SYSTEMPATH\Database\BaseConnection.php(678): CodeIgniter\Database\MySQLi\Connection->execute('SELECT `name`, `price`, `img`
FROM `products`
JOIN `product_images` ON `products`.`id` = `product_images`.`product_id`
WHERE `products`.`product_group_id` = \'1\'')
 3 SYSTEMPATH\Database\BaseConnection.php(606): CodeIgniter\Database\BaseConnection->simpleQuery('SELECT `name`, `price`, `img`
FROM `products`
JOIN `product_images` ON `products`.`id` = `product_images`.`product_id`
WHERE `products`.`product_group_id` = \'1\'')
 4 SYSTEMPATH\Database\BaseBuilder.php(1585): CodeIgniter\Database\BaseConnection->query('SELECT `name`, `price`, `img`
FROM `products`
JOIN `product_images` ON `products`.`id` = `product_images`.`product_id`
WHERE `products`.`product_group_id` = :products.product_group_id:', [...], false)
 5 APPPATH\Models\MProducts.php(83): CodeIgniter\Database\BaseBuilder->get()
 6 APPPATH\Controllers\Panel\ProductsList.php(64): App\Models\MProducts->get_products_group('1')
 7 APPPATH\Controllers\Panel\ProductsList.php(47): App\Controllers\Panel\ProductsList->get_products('1')
 8 APPPATH\Controllers\Panel\ProductsList.php(16): App\Controllers\Panel\ProductsList->init_product_list('1')
 9 SYSTEMPATH\CodeIgniter.php(898): App\Controllers\Panel\ProductsList->index('1')
10 SYSTEMPATH\CodeIgniter.php(468): CodeIgniter\CodeIgniter->runController(Object(App\Controllers\Panel\ProductsList))
11 SYSTEMPATH\CodeIgniter.php(351): CodeIgniter\CodeIgniter->handleRequest(null, Object(Config\Cache), false)
12 FCPATH\index.php(55): CodeIgniter\CodeIgniter->run()
ERROR - 2023-04-02 08:50:04 --> Column 'name' in field list is ambiguous
CRITICAL - 2023-04-02 08:50:04 --> Column 'name' in field list is ambiguous
in SYSTEMPATH\Database\MySQLi\Connection.php on line 292.
 1 SYSTEMPATH\Database\MySQLi\Connection.php(292): mysqli->query('SELECT `name`, `price`, `img`
FROM `products`
JOIN `product_images` ON `products`.`id` = `product_images`.`product_id`
WHERE `products`.`product_group_id` = \'1\'', 0)
 2 SYSTEMPATH\Database\BaseConnection.php(678): CodeIgniter\Database\MySQLi\Connection->execute('SELECT `name`, `price`, `img`
FROM `products`
JOIN `product_images` ON `products`.`id` = `product_images`.`product_id`
WHERE `products`.`product_group_id` = \'1\'')
 3 SYSTEMPATH\Database\BaseConnection.php(606): CodeIgniter\Database\BaseConnection->simpleQuery('SELECT `name`, `price`, `img`
FROM `products`
JOIN `product_images` ON `products`.`id` = `product_images`.`product_id`
WHERE `products`.`product_group_id` = \'1\'')
 4 SYSTEMPATH\Database\BaseBuilder.php(1585): CodeIgniter\Database\BaseConnection->query('SELECT `name`, `price`, `img`
FROM `products`
JOIN `product_images` ON `products`.`id` = `product_images`.`product_id`
WHERE `products`.`product_group_id` = :products.product_group_id:', [...], false)
 5 APPPATH\Models\MProducts.php(83): CodeIgniter\Database\BaseBuilder->get()
 6 APPPATH\Controllers\Panel\ProductsList.php(64): App\Models\MProducts->get_products_group('1')
 7 APPPATH\Controllers\Panel\ProductsList.php(47): App\Controllers\Panel\ProductsList->get_products('1')
 8 APPPATH\Controllers\Panel\ProductsList.php(16): App\Controllers\Panel\ProductsList->init_product_list('1')
 9 SYSTEMPATH\CodeIgniter.php(898): App\Controllers\Panel\ProductsList->index('1')
10 SYSTEMPATH\CodeIgniter.php(468): CodeIgniter\CodeIgniter->runController(Object(App\Controllers\Panel\ProductsList))
11 SYSTEMPATH\CodeIgniter.php(351): CodeIgniter\CodeIgniter->handleRequest(null, Object(Config\Cache), false)
12 FCPATH\index.php(55): CodeIgniter\CodeIgniter->run()
ERROR - 2023-04-02 08:50:06 --> Column 'name' in field list is ambiguous
CRITICAL - 2023-04-02 08:50:06 --> Column 'name' in field list is ambiguous
in SYSTEMPATH\Database\MySQLi\Connection.php on line 292.
 1 SYSTEMPATH\Database\MySQLi\Connection.php(292): mysqli->query('SELECT `name`, `price`, `img`
FROM `products`
JOIN `product_images` ON `products`.`id` = `product_images`.`product_id`
WHERE `products`.`product_group_id` = \'1\'', 0)
 2 SYSTEMPATH\Database\BaseConnection.php(678): CodeIgniter\Database\MySQLi\Connection->execute('SELECT `name`, `price`, `img`
FROM `products`
JOIN `product_images` ON `products`.`id` = `product_images`.`product_id`
WHERE `products`.`product_group_id` = \'1\'')
 3 SYSTEMPATH\Database\BaseConnection.php(606): CodeIgniter\Database\BaseConnection->simpleQuery('SELECT `name`, `price`, `img`
FROM `products`
JOIN `product_images` ON `products`.`id` = `product_images`.`product_id`
WHERE `products`.`product_group_id` = \'1\'')
 4 SYSTEMPATH\Database\BaseBuilder.php(1585): CodeIgniter\Database\BaseConnection->query('SELECT `name`, `price`, `img`
FROM `products`
JOIN `product_images` ON `products`.`id` = `product_images`.`product_id`
WHERE `products`.`product_group_id` = :products.product_group_id:', [...], false)
 5 APPPATH\Models\MProducts.php(83): CodeIgniter\Database\BaseBuilder->get()
 6 APPPATH\Controllers\Panel\ProductsList.php(64): App\Models\MProducts->get_products_group('1')
 7 APPPATH\Controllers\Panel\ProductsList.php(47): App\Controllers\Panel\ProductsList->get_products('1')
 8 APPPATH\Controllers\Panel\ProductsList.php(16): App\Controllers\Panel\ProductsList->init_product_list('1')
 9 SYSTEMPATH\CodeIgniter.php(898): App\Controllers\Panel\ProductsList->index('1')
10 SYSTEMPATH\CodeIgniter.php(468): CodeIgniter\CodeIgniter->runController(Object(App\Controllers\Panel\ProductsList))
11 SYSTEMPATH\CodeIgniter.php(351): CodeIgniter\CodeIgniter->handleRequest(null, Object(Config\Cache), false)
12 FCPATH\index.php(55): CodeIgniter\CodeIgniter->run()
CRITICAL - 2023-04-02 09:21:39 --> Undefined index: img
in APPPATH\Controllers\Panel\ProductsList.php on line 99.
 1 APPPATH\Controllers\Panel\ProductsList.php(99): CodeIgniter\Debug\Exceptions->errorHandler(8, 'Undefined index: img', 'APPPATH\\Controllers\\Panel\\ProductsList.php', 99, [...])
 2 APPPATH\Controllers\Panel\ProductsList.php(87): App\Controllers\Panel\ProductsList->gpn([...])
 3 APPPATH\Controllers\Panel\ProductsList.php(74): App\Controllers\Panel\ProductsList->gen_row_product([...])
 4 APPPATH\Controllers\Panel\ProductsList.php(47): App\Controllers\Panel\ProductsList->prepare_html([...])
 5 APPPATH\Controllers\Panel\ProductsList.php(16): App\Controllers\Panel\ProductsList->init_product_list('2')
 6 SYSTEMPATH\CodeIgniter.php(898): App\Controllers\Panel\ProductsList->index('2')
 7 SYSTEMPATH\CodeIgniter.php(468): CodeIgniter\CodeIgniter->runController(Object(App\Controllers\Panel\ProductsList))
 8 SYSTEMPATH\CodeIgniter.php(351): CodeIgniter\CodeIgniter->handleRequest(null, Object(Config\Cache), false)
 9 FCPATH\index.php(55): CodeIgniter\CodeIgniter->run()
CRITICAL - 2023-04-02 09:22:25 --> Undefined variable: price
in APPPATH\Controllers\Panel\ProductsList.php on line 87.
 1 APPPATH\Controllers\Panel\ProductsList.php(87): CodeIgniter\Debug\Exceptions->errorHandler(8, 'Undefined variable: price', 'APPPATH\\Controllers\\Panel\\ProductsList.php', 87, [...])
 2 APPPATH\Controllers\Panel\ProductsList.php(74): App\Controllers\Panel\ProductsList->gen_row_product([...])
 3 APPPATH\Controllers\Panel\ProductsList.php(47): App\Controllers\Panel\ProductsList->prepare_html([...])
 4 APPPATH\Controllers\Panel\ProductsList.php(16): App\Controllers\Panel\ProductsList->init_product_list('2')
 5 SYSTEMPATH\CodeIgniter.php(898): App\Controllers\Panel\ProductsList->index('2')
 6 SYSTEMPATH\CodeIgniter.php(468): CodeIgniter\CodeIgniter->runController(Object(App\Controllers\Panel\ProductsList))
 7 SYSTEMPATH\CodeIgniter.php(351): CodeIgniter\CodeIgniter->handleRequest(null, Object(Config\Cache), false)
 8 FCPATH\index.php(55): CodeIgniter\CodeIgniter->run()
CRITICAL - 2023-04-02 09:22:27 --> Undefined variable: price
in APPPATH\Controllers\Panel\ProductsList.php on line 87.
 1 APPPATH\Controllers\Panel\ProductsList.php(87): CodeIgniter\Debug\Exceptions->errorHandler(8, 'Undefined variable: price', 'APPPATH\\Controllers\\Panel\\ProductsList.php', 87, [...])
 2 APPPATH\Controllers\Panel\ProductsList.php(74): App\Controllers\Panel\ProductsList->gen_row_product([...])
 3 APPPATH\Controllers\Panel\ProductsList.php(47): App\Controllers\Panel\ProductsList->prepare_html([...])
 4 APPPATH\Controllers\Panel\ProductsList.php(16): App\Controllers\Panel\ProductsList->init_product_list('2')
 5 SYSTEMPATH\CodeIgniter.php(898): App\Controllers\Panel\ProductsList->index('2')
 6 SYSTEMPATH\CodeIgniter.php(468): CodeIgniter\CodeIgniter->runController(Object(App\Controllers\Panel\ProductsList))
 7 SYSTEMPATH\CodeIgniter.php(351): CodeIgniter\CodeIgniter->handleRequest(null, Object(Config\Cache), false)
 8 FCPATH\index.php(55): CodeIgniter\CodeIgniter->run()
