CRITICAL - 2022-12-03 06:50:29 --> Class 'BaseController' not found
in APPPATH\Controllers\Process\Products.php on line 4.
 1 SYSTEMPATH\Autoloader\Autoloader.php(284): include_once()
 2 SYSTEMPATH\Autoloader\Autoloader.php(261): CodeIgniter\Autoloader\Autoloader->includeFile('APPPATH\\Controllers\\Process\\Products.php')
 3 SYSTEMPATH\Autoloader\Autoloader.php(239): CodeIgniter\Autoloader\Autoloader->loadInNamespace('App\\Controllers\\Process\\Products')
 4 [internal function]: CodeIgniter\Autoloader\Autoloader->loadClass('App\\Controllers\\Process\\Products')
 5 [internal function]: spl_autoload_call('App\\Controllers\\Process\\Products')
 6 SYSTEMPATH\CodeIgniter.php(848): class_exists('\\App\\Controllers\\Process\\Products', true)
 7 SYSTEMPATH\CodeIgniter.php(455): CodeIgniter\CodeIgniter->startController()
 8 SYSTEMPATH\CodeIgniter.php(351): CodeIgniter\CodeIgniter->handleRequest(null, Object(Config\Cache), false)
 9 FCPATH\index.php(55): CodeIgniter\CodeIgniter->run()
CRITICAL - 2022-12-03 06:55:07 --> Return value of App\Controllers\Process\Products::prepare_inputs() must be of the type array, none returned
in APPPATH\Controllers\Process\Products.php on line 50.
 1 APPPATH\Controllers\Process\Products.php(36): App\Controllers\Process\Products->prepare_inputs()
 2 APPPATH\Controllers\Process\Products.php(17): App\Controllers\Process\Products->save()
 3 SYSTEMPATH\CodeIgniter.php(898): App\Controllers\Process\Products->process('save')
 4 SYSTEMPATH\CodeIgniter.php(468): CodeIgniter\CodeIgniter->runController(Object(App\Controllers\Process\Products))
 5 SYSTEMPATH\CodeIgniter.php(351): CodeIgniter\CodeIgniter->handleRequest(null, Object(Config\Cache), false)
 6 FCPATH\index.php(55): CodeIgniter\CodeIgniter->run()
CRITICAL - 2022-12-03 06:56:43 --> Allowed fields must be specified for model: App\Models\MProducts
in SYSTEMPATH\BaseModel.php on line 1138.
 1 SYSTEMPATH\BaseModel.php(1138): CodeIgniter\Database\Exceptions\DataException::forInvalidAllowedFields('App\\Models\\MProducts')
 2 SYSTEMPATH\BaseModel.php(713): CodeIgniter\BaseModel->doProtectFields([...])
 3 SYSTEMPATH\Model.php(666): CodeIgniter\BaseModel->insert([...], true)
 4 APPPATH\Controllers\Process\Products.php(77): CodeIgniter\Model->insert([...])
 5 APPPATH\Controllers\Process\Products.php(38): App\Controllers\Process\Products->insert([...])
 6 APPPATH\Controllers\Process\Products.php(17): App\Controllers\Process\Products->save()
 7 SYSTEMPATH\CodeIgniter.php(898): App\Controllers\Process\Products->process('save')
 8 SYSTEMPATH\CodeIgniter.php(468): CodeIgniter\CodeIgniter->runController(Object(App\Controllers\Process\Products))
 9 SYSTEMPATH\CodeIgniter.php(351): CodeIgniter\CodeIgniter->handleRequest(null, Object(Config\Cache), false)
10 FCPATH\index.php(55): CodeIgniter\CodeIgniter->run()
ERROR - 2022-12-03 06:59:24 --> Unknown column 'discription' in 'field list'
CRITICAL - 2022-12-03 06:59:24 --> Unknown column 'discription' in 'field list'
in SYSTEMPATH\Database\MySQLi\Connection.php on line 292.
 1 SYSTEMPATH\Database\MySQLi\Connection.php(292): mysqli->query('INSERT INTO `products` (`name`, `discription`, `price`, `brand_id`, `deleted_at`, `created_at`, `updated_at`) VALUES (\'ff\', \'\', \'\', \'0\', NULL, \'2022-12-03 06:59:24\', \'2022-12-03 06:59:24\')', 0)
 2 SYSTEMPATH\Database\BaseConnection.php(678): CodeIgniter\Database\MySQLi\Connection->execute('INSERT INTO `products` (`name`, `discription`, `price`, `brand_id`, `deleted_at`, `created_at`, `updated_at`) VALUES (\'ff\', \'\', \'\', \'0\', NULL, \'2022-12-03 06:59:24\', \'2022-12-03 06:59:24\')')
 3 SYSTEMPATH\Database\BaseConnection.php(606): CodeIgniter\Database\BaseConnection->simpleQuery('INSERT INTO `products` (`name`, `discription`, `price`, `brand_id`, `deleted_at`, `created_at`, `updated_at`) VALUES (\'ff\', \'\', \'\', \'0\', NULL, \'2022-12-03 06:59:24\', \'2022-12-03 06:59:24\')')
 4 SYSTEMPATH\Database\BaseBuilder.php(1904): CodeIgniter\Database\BaseConnection->query('INSERT INTO `products` (`name`, `discription`, `price`, `brand_id`, `deleted_at`, `created_at`, `updated_at`) VALUES (:name:, :discription:, :price:, :brand_id:, :deleted_at:, :created_at:, :updated_at:)', [...], false)
 5 SYSTEMPATH\Model.php(278): CodeIgniter\Database\BaseBuilder->insert()
 6 SYSTEMPATH\BaseModel.php(738): CodeIgniter\Model->doInsert([...])
 7 SYSTEMPATH\Model.php(666): CodeIgniter\BaseModel->insert([...], true)
 8 APPPATH\Controllers\Process\Products.php(77): CodeIgniter\Model->insert([...])
 9 APPPATH\Controllers\Process\Products.php(38): App\Controllers\Process\Products->insert([...])
10 APPPATH\Controllers\Process\Products.php(17): App\Controllers\Process\Products->save()
11 SYSTEMPATH\CodeIgniter.php(898): App\Controllers\Process\Products->process('save')
12 SYSTEMPATH\CodeIgniter.php(468): CodeIgniter\CodeIgniter->runController(Object(App\Controllers\Process\Products))
13 SYSTEMPATH\CodeIgniter.php(351): CodeIgniter\CodeIgniter->handleRequest(null, Object(Config\Cache), false)
14 FCPATH\index.php(55): CodeIgniter\CodeIgniter->run()
ERROR - 2022-12-03 06:59:58 --> Column 'deleted_at' cannot be null
CRITICAL - 2022-12-03 06:59:58 --> Column 'deleted_at' cannot be null
in SYSTEMPATH\Database\MySQLi\Connection.php on line 292.
 1 SYSTEMPATH\Database\MySQLi\Connection.php(292): mysqli->query('INSERT INTO `products` (`name`, `price`, `brand_id`, `deleted_at`, `created_at`, `updated_at`) VALUES (\'ff\', \'\', \'0\', NULL, \'2022-12-03 06:59:58\', \'2022-12-03 06:59:58\')', 0)
 2 SYSTEMPATH\Database\BaseConnection.php(678): CodeIgniter\Database\MySQLi\Connection->execute('INSERT INTO `products` (`name`, `price`, `brand_id`, `deleted_at`, `created_at`, `updated_at`) VALUES (\'ff\', \'\', \'0\', NULL, \'2022-12-03 06:59:58\', \'2022-12-03 06:59:58\')')
 3 SYSTEMPATH\Database\BaseConnection.php(606): CodeIgniter\Database\BaseConnection->simpleQuery('INSERT INTO `products` (`name`, `price`, `brand_id`, `deleted_at`, `created_at`, `updated_at`) VALUES (\'ff\', \'\', \'0\', NULL, \'2022-12-03 06:59:58\', \'2022-12-03 06:59:58\')')
 4 SYSTEMPATH\Database\BaseBuilder.php(1904): CodeIgniter\Database\BaseConnection->query('INSERT INTO `products` (`name`, `price`, `brand_id`, `deleted_at`, `created_at`, `updated_at`) VALUES (:name:, :price:, :brand_id:, :deleted_at:, :created_at:, :updated_at:)', [...], false)
 5 SYSTEMPATH\Model.php(278): CodeIgniter\Database\BaseBuilder->insert()
 6 SYSTEMPATH\BaseModel.php(738): CodeIgniter\Model->doInsert([...])
 7 SYSTEMPATH\Model.php(666): CodeIgniter\BaseModel->insert([...], true)
 8 APPPATH\Controllers\Process\Products.php(77): CodeIgniter\Model->insert([...])
 9 APPPATH\Controllers\Process\Products.php(38): App\Controllers\Process\Products->insert([...])
10 APPPATH\Controllers\Process\Products.php(17): App\Controllers\Process\Products->save()
11 SYSTEMPATH\CodeIgniter.php(898): App\Controllers\Process\Products->process('save')
12 SYSTEMPATH\CodeIgniter.php(468): CodeIgniter\CodeIgniter->runController(Object(App\Controllers\Process\Products))
13 SYSTEMPATH\CodeIgniter.php(351): CodeIgniter\CodeIgniter->handleRequest(null, Object(Config\Cache), false)
14 FCPATH\index.php(55): CodeIgniter\CodeIgniter->run()
CRITICAL - 2022-12-03 07:07:37 --> Undefined offset: 0
in SYSTEMPATH\Router\RouteCollection.php on line 1134.
 1 SYSTEMPATH\Router\RouteCollection.php(1134): CodeIgniter\Debug\Exceptions->errorHandler(8, 'Undefined offset: 0', 'SYSTEMPATH\\Router\\RouteCollection.php', 1134, [...])
 2 SYSTEMPATH\Router\RouteCollection.php(1001): CodeIgniter\Router\RouteCollection->fillRouteParams('ManageProducts/([^/]+)', [])
 3 SYSTEMPATH\Common.php(913): CodeIgniter\Router\RouteCollection->reverseRoute('p')
 4 APPPATH\Controllers\Process\Products.php(93): route_to('p')
 5 APPPATH\Controllers\Process\Products.php(79): App\Controllers\Process\Products->message('success')
 6 APPPATH\Controllers\Process\Products.php(37): App\Controllers\Process\Products->insert([...])
 7 APPPATH\Controllers\Process\Products.php(17): App\Controllers\Process\Products->save()
 8 SYSTEMPATH\CodeIgniter.php(898): App\Controllers\Process\Products->process('save')
 9 SYSTEMPATH\CodeIgniter.php(468): CodeIgniter\CodeIgniter->runController(Object(App\Controllers\Process\Products))
10 SYSTEMPATH\CodeIgniter.php(351): CodeIgniter\CodeIgniter->handleRequest(null, Object(Config\Cache), false)
11 FCPATH\index.php(55): CodeIgniter\CodeIgniter->run()
CRITICAL - 2022-12-03 07:21:35 --> Undefined offset: 0
in SYSTEMPATH\Router\RouteCollection.php on line 1134.
 1 SYSTEMPATH\Router\RouteCollection.php(1134): CodeIgniter\Debug\Exceptions->errorHandler(8, 'Undefined offset: 0', 'SYSTEMPATH\\Router\\RouteCollection.php', 1134, [...])
 2 SYSTEMPATH\Router\RouteCollection.php(1001): CodeIgniter\Router\RouteCollection->fillRouteParams('ManageProducts/([^/]+)', [])
 3 SYSTEMPATH\Common.php(913): CodeIgniter\Router\RouteCollection->reverseRoute('p')
 4 APPPATH\Controllers\Process\Products.php(93): route_to('p')
 5 APPPATH\Controllers\Process\Products.php(79): App\Controllers\Process\Products->message('success')
 6 APPPATH\Controllers\Process\Products.php(37): App\Controllers\Process\Products->insert([...])
 7 APPPATH\Controllers\Process\Products.php(17): App\Controllers\Process\Products->save()
 8 SYSTEMPATH\CodeIgniter.php(898): App\Controllers\Process\Products->process('save')
 9 SYSTEMPATH\CodeIgniter.php(468): CodeIgniter\CodeIgniter->runController(Object(App\Controllers\Process\Products))
10 SYSTEMPATH\CodeIgniter.php(351): CodeIgniter\CodeIgniter->handleRequest(null, Object(Config\Cache), false)
11 FCPATH\index.php(55): CodeIgniter\CodeIgniter->run()
CRITICAL - 2022-12-03 07:22:30 --> Undefined offset: 0
in SYSTEMPATH\Router\RouteCollection.php on line 1134.
 1 SYSTEMPATH\Router\RouteCollection.php(1134): CodeIgniter\Debug\Exceptions->errorHandler(8, 'Undefined offset: 0', 'SYSTEMPATH\\Router\\RouteCollection.php', 1134, [...])
 2 SYSTEMPATH\Router\RouteCollection.php(1001): CodeIgniter\Router\RouteCollection->fillRouteParams('ManageProducts/([^/]+)', [])
 3 SYSTEMPATH\Common.php(913): CodeIgniter\Router\RouteCollection->reverseRoute('p')
 4 APPPATH\Controllers\Process\Products.php(93): route_to('p')
 5 APPPATH\Controllers\Process\Products.php(79): App\Controllers\Process\Products->message('success')
 6 APPPATH\Controllers\Process\Products.php(37): App\Controllers\Process\Products->insert([...])
 7 APPPATH\Controllers\Process\Products.php(17): App\Controllers\Process\Products->save()
 8 SYSTEMPATH\CodeIgniter.php(898): App\Controllers\Process\Products->process('save')
 9 SYSTEMPATH\CodeIgniter.php(468): CodeIgniter\CodeIgniter->runController(Object(App\Controllers\Process\Products))
10 SYSTEMPATH\CodeIgniter.php(351): CodeIgniter\CodeIgniter->handleRequest(null, Object(Config\Cache), false)
11 FCPATH\index.php(55): CodeIgniter\CodeIgniter->run()
CRITICAL - 2022-12-03 07:24:27 --> Return value of App\Controllers\Process\Products::message() must be an object, string returned
in APPPATH\Controllers\Process\Products.php on line 93.
 1 APPPATH\Controllers\Process\Products.php(79): App\Controllers\Process\Products->message('success')
 2 APPPATH\Controllers\Process\Products.php(37): App\Controllers\Process\Products->insert([...])
 3 APPPATH\Controllers\Process\Products.php(17): App\Controllers\Process\Products->save()
 4 SYSTEMPATH\CodeIgniter.php(898): App\Controllers\Process\Products->process('save')
 5 SYSTEMPATH\CodeIgniter.php(468): CodeIgniter\CodeIgniter->runController(Object(App\Controllers\Process\Products))
 6 SYSTEMPATH\CodeIgniter.php(351): CodeIgniter\CodeIgniter->handleRequest(null, Object(Config\Cache), false)
 7 FCPATH\index.php(55): CodeIgniter\CodeIgniter->run()
CRITICAL - 2022-12-03 07:33:28 --> number is not a valid rule.
in SYSTEMPATH\Validation\Validation.php on line 314.
 1 SYSTEMPATH\Validation\Validation.php(314): CodeIgniter\Validation\Exceptions\ValidationException::forRuleNotFound('number')
 2 SYSTEMPATH\Validation\Validation.php(173): CodeIgniter\Validation\Validation->processRules('brand_id', 'brand_id', '0', [...], [...])
 3 SYSTEMPATH\BaseModel.php(1349): CodeIgniter\Validation\Validation->run([...], null, null)
 4 SYSTEMPATH\BaseModel.php(707): CodeIgniter\BaseModel->validate([...])
 5 SYSTEMPATH\Model.php(666): CodeIgniter\BaseModel->insert([...], true)
 6 APPPATH\Controllers\Process\Products.php(76): CodeIgniter\Model->insert([...])
 7 APPPATH\Controllers\Process\Products.php(37): App\Controllers\Process\Products->insert([...])
 8 APPPATH\Controllers\Process\Products.php(17): App\Controllers\Process\Products->save()
 9 SYSTEMPATH\CodeIgniter.php(898): App\Controllers\Process\Products->process('save')
10 SYSTEMPATH\CodeIgniter.php(468): CodeIgniter\CodeIgniter->runController(Object(App\Controllers\Process\Products))
11 SYSTEMPATH\CodeIgniter.php(351): CodeIgniter\CodeIgniter->handleRequest(null, Object(Config\Cache), false)
12 FCPATH\index.php(55): CodeIgniter\CodeIgniter->run()
CRITICAL - 2022-12-03 08:44:58 --> Argument 1 passed to CodeIgniter\BaseModel::findAll() must be of the type int, string given, called in E:\SoftWare\xampp 7\htdocs\my_projects\Resume\Shop\app\Controllers\Process\Products.php on line 58
in SYSTEMPATH\BaseModel.php on line 567.
 1 APPPATH\Controllers\Process\Products.php(58): CodeIgniter\BaseModel->findAll('id')
 2 APPPATH\Controllers\Process\Products.php(50): App\Controllers\Process\Products->set_brand_id([...])
 3 APPPATH\Controllers\Process\Products.php(35): App\Controllers\Process\Products->prepare_inputs()
 4 APPPATH\Controllers\Process\Products.php(17): App\Controllers\Process\Products->save()
 5 SYSTEMPATH\CodeIgniter.php(898): App\Controllers\Process\Products->process('save')
 6 SYSTEMPATH\CodeIgniter.php(468): CodeIgniter\CodeIgniter->runController(Object(App\Controllers\Process\Products))
 7 SYSTEMPATH\CodeIgniter.php(351): CodeIgniter\CodeIgniter->handleRequest(null, Object(Config\Cache), false)
 8 FCPATH\index.php(55): CodeIgniter\CodeIgniter->run()
CRITICAL - 2022-12-03 08:45:49 --> current() expects parameter 1 to be array, null given
in APPPATH\Controllers\Process\Products.php on line 60.
 1 [internal function]: CodeIgniter\Debug\Exceptions->errorHandler(2, 'current() expects parameter 1 to be array, null given', 'APPPATH\\Controllers\\Process\\Products.php', 60, [...])
 2 APPPATH\Controllers\Process\Products.php(60): current(null)
 3 APPPATH\Controllers\Process\Products.php(50): App\Controllers\Process\Products->set_brand_id([...])
 4 APPPATH\Controllers\Process\Products.php(35): App\Controllers\Process\Products->prepare_inputs()
 5 APPPATH\Controllers\Process\Products.php(17): App\Controllers\Process\Products->save()
 6 SYSTEMPATH\CodeIgniter.php(898): App\Controllers\Process\Products->process('save')
 7 SYSTEMPATH\CodeIgniter.php(468): CodeIgniter\CodeIgniter->runController(Object(App\Controllers\Process\Products))
 8 SYSTEMPATH\CodeIgniter.php(351): CodeIgniter\CodeIgniter->handleRequest(null, Object(Config\Cache), false)
 9 FCPATH\index.php(55): CodeIgniter\CodeIgniter->run()
CRITICAL - 2022-12-03 10:25:06 --> Class 'App\Database\Seeds\FirstSeeder' not found
in SYSTEMPATH\Database\Seeder.php on line 144.
 1 APPPATH\Controllers\Panel\Products.php(12): CodeIgniter\Database\Seeder->call('App\\Database\\Seeds\\FirstSeeder')
 2 SYSTEMPATH\CodeIgniter.php(898): App\Controllers\Panel\Products->index()
 3 SYSTEMPATH\CodeIgniter.php(468): CodeIgniter\CodeIgniter->runController(Object(App\Controllers\Panel\Products))
 4 SYSTEMPATH\CodeIgniter.php(351): CodeIgniter\CodeIgniter->handleRequest(null, Object(Config\Cache), false)
 5 FCPATH\index.php(55): CodeIgniter\CodeIgniter->run()
CRITICAL - 2022-12-03 10:26:09 --> Class 'App\Database\Seeds\FirstSeeder' not found
in SYSTEMPATH\Database\Seeder.php on line 144.
 1 APPPATH\Controllers\Panel\Products.php(12): CodeIgniter\Database\Seeder->call('App\\Database\\Seeds\\FirstSeeder')
 2 SYSTEMPATH\CodeIgniter.php(898): App\Controllers\Panel\Products->index()
 3 SYSTEMPATH\CodeIgniter.php(468): CodeIgniter\CodeIgniter->runController(Object(App\Controllers\Panel\Products))
 4 SYSTEMPATH\CodeIgniter.php(351): CodeIgniter\CodeIgniter->handleRequest(null, Object(Config\Cache), false)
 5 FCPATH\index.php(55): CodeIgniter\CodeIgniter->run()
CRITICAL - 2022-12-03 10:39:48 --> Class 'App\Database\Seeds\FirstSeeder' not found
in SYSTEMPATH\Database\Seeder.php on line 144.
 1 APPPATH\Controllers\Panel\Products.php(12): CodeIgniter\Database\Seeder->call('App\\Database\\Seeds\\FirstSeeder')
 2 SYSTEMPATH\CodeIgniter.php(898): App\Controllers\Panel\Products->index()
 3 SYSTEMPATH\CodeIgniter.php(468): CodeIgniter\CodeIgniter->runController(Object(App\Controllers\Panel\Products))
 4 SYSTEMPATH\CodeIgniter.php(351): CodeIgniter\CodeIgniter->handleRequest(null, Object(Config\Cache), false)
 5 FCPATH\index.php(55): CodeIgniter\CodeIgniter->run()
CRITICAL - 2022-12-03 10:39:50 --> Class 'App\Database\Seeds\FirstSeeder' not found
in SYSTEMPATH\Database\Seeder.php on line 144.
 1 APPPATH\Controllers\Panel\Products.php(12): CodeIgniter\Database\Seeder->call('App\\Database\\Seeds\\FirstSeeder')
 2 SYSTEMPATH\CodeIgniter.php(898): App\Controllers\Panel\Products->index()
 3 SYSTEMPATH\CodeIgniter.php(468): CodeIgniter\CodeIgniter->runController(Object(App\Controllers\Panel\Products))
 4 SYSTEMPATH\CodeIgniter.php(351): CodeIgniter\CodeIgniter->handleRequest(null, Object(Config\Cache), false)
 5 FCPATH\index.php(55): CodeIgniter\CodeIgniter->run()
