CRITICAL - 2023-02-19 07:15:31 --> Undefined variable: replaceContent
in APPPATH\Libraries\TEFakeContent\Interpreter\Handlers\Sign.php on line 96.
 1 APPPATH\Libraries\TEFakeContent\Interpreter\Handlers\Sign.php(96): CodeIgniter\Debug\Exceptions->errorHandler(8, 'Undefined variable: replaceContent', 'APPPATH\\Libraries\\TEFakeContent\\Interpreter\\Handlers\\Sign.php', 96, [...])
 2 APPPATH\Libraries\TEFakeContent\Interpreter\Handlers\Sign.php(63): App\Libraries\TEFakeContent\Interpreter\Handlers\Sign->add_replace_content('@')
 3 APPPATH\Libraries\TEFakeContent\Interpreter\Handlers\Sign.php(18): App\Libraries\TEFakeContent\Interpreter\Handlers\Sign->get_replace_content([...])
 4 APPPATH\Libraries\TEFakeContent\Interpreter\Interpreter.php(102): App\Libraries\TEFakeContent\Interpreter\Handlers\Sign->sign('@')
 5 APPPATH\Libraries\TEFakeContent\Interpreter\Interpreter.php(86): App\Libraries\TEFakeContent\Interpreter\Interpreter->interpreter('@')
 6 APPPATH\Libraries\TEFakeContent\Interpreter\Interpreter.php(67): App\Libraries\TEFakeContent\Interpreter\Interpreter->fetch_placeholders()
 7 APPPATH\Libraries\TEFakeContent\Interpreter\Interpreter.php(41): App\Libraries\TEFakeContent\Interpreter\Interpreter->making('@|@|Gmail.com')
 8 APPPATH\Libraries\TEFakeContent\TEFakeContent.php(20): App\Libraries\TEFakeContent\Interpreter\Interpreter->make_field('@|@|Gmail.com')
 9 APPPATH\Controllers\Home.php(26): App\Libraries\TEFakeContent\TEFakeContent->field('@|@|Gmail.com')
10 SYSTEMPATH\CodeIgniter.php(898): App\Controllers\Home->index()
11 SYSTEMPATH\CodeIgniter.php(468): CodeIgniter\CodeIgniter->runController(Object(App\Controllers\Home))
12 SYSTEMPATH\CodeIgniter.php(351): CodeIgniter\CodeIgniter->handleRequest(null, Object(Config\Cache), false)
13 FCPATH\index.php(55): CodeIgniter\CodeIgniter->run()
CRITICAL - 2023-02-19 07:16:00 --> Return value of App\Libraries\TEFakeContent\Interpreter\Handlers\Sign::get_replace_content() must be of the type array, null returned
in APPPATH\Libraries\TEFakeContent\Interpreter\Handlers\Sign.php on line 69.
 1 APPPATH\Libraries\TEFakeContent\Interpreter\Handlers\Sign.php(18): App\Libraries\TEFakeContent\Interpreter\Handlers\Sign->get_replace_content([...])
 2 APPPATH\Libraries\TEFakeContent\Interpreter\Interpreter.php(102): App\Libraries\TEFakeContent\Interpreter\Handlers\Sign->sign('@')
 3 APPPATH\Libraries\TEFakeContent\Interpreter\Interpreter.php(86): App\Libraries\TEFakeContent\Interpreter\Interpreter->interpreter('@')
 4 APPPATH\Libraries\TEFakeContent\Interpreter\Interpreter.php(67): App\Libraries\TEFakeContent\Interpreter\Interpreter->fetch_placeholders()
 5 APPPATH\Libraries\TEFakeContent\Interpreter\Interpreter.php(41): App\Libraries\TEFakeContent\Interpreter\Interpreter->making('@|@|Gmail.com')
 6 APPPATH\Libraries\TEFakeContent\TEFakeContent.php(20): App\Libraries\TEFakeContent\Interpreter\Interpreter->make_field('@|@|Gmail.com')
 7 APPPATH\Controllers\Home.php(26): App\Libraries\TEFakeContent\TEFakeContent->field('@|@|Gmail.com')
 8 SYSTEMPATH\CodeIgniter.php(898): App\Controllers\Home->index()
 9 SYSTEMPATH\CodeIgniter.php(468): CodeIgniter\CodeIgniter->runController(Object(App\Controllers\Home))
10 SYSTEMPATH\CodeIgniter.php(351): CodeIgniter\CodeIgniter->handleRequest(null, Object(Config\Cache), false)
11 FCPATH\index.php(55): CodeIgniter\CodeIgniter->run()
CRITICAL - 2023-02-19 07:35:16 --> Undefined property: App\Libraries\TEFakeContent\Interpreter\Handlers\Sign::$replaceContent
in APPPATH\Libraries\TEFakeContent\Interpreter\Handlers\Sign.php on line 157.
 1 APPPATH\Libraries\TEFakeContent\Interpreter\Handlers\Sign.php(157): CodeIgniter\Debug\Exceptions->errorHandler(8, 'Undefined property: App\\Libraries\\TEFakeContent\\Interpreter\\Handlers\\Sign::$replaceContent', 'APPPATH\\Libraries\\TEFakeContent\\Interpreter\\Handlers\\Sign.php', 157, [...])
 2 APPPATH\Libraries\TEFakeContent\Interpreter\Handlers\Sign.php(20): App\Libraries\TEFakeContent\Interpreter\Handlers\Sign->fetch([...])
 3 APPPATH\Libraries\TEFakeContent\Interpreter\Interpreter.php(102): App\Libraries\TEFakeContent\Interpreter\Handlers\Sign->sign('@')
 4 APPPATH\Libraries\TEFakeContent\Interpreter\Interpreter.php(86): App\Libraries\TEFakeContent\Interpreter\Interpreter->interpreter('@')
 5 APPPATH\Libraries\TEFakeContent\Interpreter\Interpreter.php(67): App\Libraries\TEFakeContent\Interpreter\Interpreter->fetch_placeholders()
 6 APPPATH\Libraries\TEFakeContent\Interpreter\Interpreter.php(41): App\Libraries\TEFakeContent\Interpreter\Interpreter->making('@|@|Gmail.com')
 7 APPPATH\Libraries\TEFakeContent\TEFakeContent.php(20): App\Libraries\TEFakeContent\Interpreter\Interpreter->make_field('@|@|Gmail.com')
 8 APPPATH\Controllers\Home.php(26): App\Libraries\TEFakeContent\TEFakeContent->field('@|@|Gmail.com')
 9 SYSTEMPATH\CodeIgniter.php(898): App\Controllers\Home->index()
10 SYSTEMPATH\CodeIgniter.php(468): CodeIgniter\CodeIgniter->runController(Object(App\Controllers\Home))
11 SYSTEMPATH\CodeIgniter.php(351): CodeIgniter\CodeIgniter->handleRequest(null, Object(Config\Cache), false)
12 FCPATH\index.php(55): CodeIgniter\CodeIgniter->run()
CRITICAL - 2023-02-19 07:41:14 --> Accessing static property App\Libraries\TEFakeContent\Interpreter\Handlers\Sign::$rc as non static
in APPPATH\Libraries\TEFakeContent\Interpreter\Handlers\Sign.php on line 56.
 1 APPPATH\Libraries\TEFakeContent\Interpreter\Handlers\Sign.php(56): CodeIgniter\Debug\Exceptions->errorHandler(8, 'Accessing static property App\\Libraries\\TEFakeContent\\Interpreter\\Handlers\\Sign::$rc as non static', 'APPPATH\\Libraries\\TEFakeContent\\Interpreter\\Handlers\\Sign.php', 56, [...])
 2 APPPATH\Libraries\TEFakeContent\Interpreter\Handlers\Sign.php(18): App\Libraries\TEFakeContent\Interpreter\Handlers\Sign->get_replace_content([...])
 3 APPPATH\Libraries\TEFakeContent\Interpreter\Interpreter.php(102): App\Libraries\TEFakeContent\Interpreter\Handlers\Sign->sign('@')
 4 APPPATH\Libraries\TEFakeContent\Interpreter\Interpreter.php(86): App\Libraries\TEFakeContent\Interpreter\Interpreter->interpreter('@')
 5 APPPATH\Libraries\TEFakeContent\Interpreter\Interpreter.php(67): App\Libraries\TEFakeContent\Interpreter\Interpreter->fetch_placeholders()
 6 APPPATH\Libraries\TEFakeContent\Interpreter\Interpreter.php(41): App\Libraries\TEFakeContent\Interpreter\Interpreter->making('@|@|Gmail.com')
 7 APPPATH\Libraries\TEFakeContent\TEFakeContent.php(20): App\Libraries\TEFakeContent\Interpreter\Interpreter->make_field('@|@|Gmail.com')
 8 APPPATH\Controllers\Home.php(26): App\Libraries\TEFakeContent\TEFakeContent->field('@|@|Gmail.com')
 9 SYSTEMPATH\CodeIgniter.php(898): App\Controllers\Home->index()
10 SYSTEMPATH\CodeIgniter.php(468): CodeIgniter\CodeIgniter->runController(Object(App\Controllers\Home))
11 SYSTEMPATH\CodeIgniter.php(351): CodeIgniter\CodeIgniter->handleRequest(null, Object(Config\Cache), false)
12 FCPATH\index.php(55): CodeIgniter\CodeIgniter->run()
CRITICAL - 2023-02-19 07:48:52 --> Undefined property: App\Libraries\TEFakeContent\Interpreter\Handlers\Sign::$rc
in APPPATH\Libraries\TEFakeContent\Interpreter\Handlers\Sign.php on line 59.
 1 APPPATH\Libraries\TEFakeContent\Interpreter\Handlers\Sign.php(59): CodeIgniter\Debug\Exceptions->errorHandler(8, 'Undefined property: App\\Libraries\\TEFakeContent\\Interpreter\\Handlers\\Sign::$rc', 'APPPATH\\Libraries\\TEFakeContent\\Interpreter\\Handlers\\Sign.php', 59, [...])
 2 APPPATH\Libraries\TEFakeContent\Interpreter\Handlers\Sign.php(18): App\Libraries\TEFakeContent\Interpreter\Handlers\Sign->get_replace_content([...])
 3 APPPATH\Libraries\TEFakeContent\Interpreter\Interpreter.php(102): App\Libraries\TEFakeContent\Interpreter\Handlers\Sign->sign('@')
 4 APPPATH\Libraries\TEFakeContent\Interpreter\Interpreter.php(86): App\Libraries\TEFakeContent\Interpreter\Interpreter->interpreter('@')
 5 APPPATH\Libraries\TEFakeContent\Interpreter\Interpreter.php(67): App\Libraries\TEFakeContent\Interpreter\Interpreter->fetch_placeholders()
 6 APPPATH\Libraries\TEFakeContent\Interpreter\Interpreter.php(41): App\Libraries\TEFakeContent\Interpreter\Interpreter->making('@|@|Gmail.com')
 7 APPPATH\Libraries\TEFakeContent\TEFakeContent.php(20): App\Libraries\TEFakeContent\Interpreter\Interpreter->make_field('@|@|Gmail.com')
 8 APPPATH\Controllers\Home.php(26): App\Libraries\TEFakeContent\TEFakeContent->field('@|@|Gmail.com')
 9 SYSTEMPATH\CodeIgniter.php(898): App\Controllers\Home->index()
10 SYSTEMPATH\CodeIgniter.php(468): CodeIgniter\CodeIgniter->runController(Object(App\Controllers\Home))
11 SYSTEMPATH\CodeIgniter.php(351): CodeIgniter\CodeIgniter->handleRequest(null, Object(Config\Cache), false)
12 FCPATH\index.php(55): CodeIgniter\CodeIgniter->run()
CRITICAL - 2023-02-19 07:50:17 --> Argument 2 passed to App\Libraries\TEFakeContent\Interpreter\Handlers\Sign::fetch() must be of the type array, null given, called in E:\SoftWare\xampp 7\htdocs\my_projects\Resume\Shop\app\Libraries\TEFakeContent\Interpreter\Handlers\Sign.php on line 20
in APPPATH\Libraries\TEFakeContent\Interpreter\Handlers\Sign.php on line 158.
 1 APPPATH\Libraries\TEFakeContent\Interpreter\Handlers\Sign.php(20): App\Libraries\TEFakeContent\Interpreter\Handlers\Sign->fetch([...], null)
 2 APPPATH\Libraries\TEFakeContent\Interpreter\Interpreter.php(102): App\Libraries\TEFakeContent\Interpreter\Handlers\Sign->sign('@')
 3 APPPATH\Libraries\TEFakeContent\Interpreter\Interpreter.php(86): App\Libraries\TEFakeContent\Interpreter\Interpreter->interpreter('@')
 4 APPPATH\Libraries\TEFakeContent\Interpreter\Interpreter.php(67): App\Libraries\TEFakeContent\Interpreter\Interpreter->fetch_placeholders()
 5 APPPATH\Libraries\TEFakeContent\Interpreter\Interpreter.php(41): App\Libraries\TEFakeContent\Interpreter\Interpreter->making('@|@|Gmail.com')
 6 APPPATH\Libraries\TEFakeContent\TEFakeContent.php(20): App\Libraries\TEFakeContent\Interpreter\Interpreter->make_field('@|@|Gmail.com')
 7 APPPATH\Controllers\Home.php(26): App\Libraries\TEFakeContent\TEFakeContent->field('@|@|Gmail.com')
 8 SYSTEMPATH\CodeIgniter.php(898): App\Controllers\Home->index()
 9 SYSTEMPATH\CodeIgniter.php(468): CodeIgniter\CodeIgniter->runController(Object(App\Controllers\Home))
10 SYSTEMPATH\CodeIgniter.php(351): CodeIgniter\CodeIgniter->handleRequest(null, Object(Config\Cache), false)
11 FCPATH\index.php(55): CodeIgniter\CodeIgniter->run()
CRITICAL - 2023-02-19 08:17:53 --> Too few arguments to function App\Libraries\TEFakeContent\Interpreter\Handlers\Sign::get_replace_content(), 1 passed in E:\SoftWare\xampp 7\htdocs\my_projects\Resume\Shop\app\Libraries\TEFakeContent\Interpreter\Handlers\Sign.php on line 18 and exactly 2 expected
in APPPATH\Libraries\TEFakeContent\Interpreter\Handlers\Sign.php on line 49.
 1 APPPATH\Libraries\TEFakeContent\Interpreter\Handlers\Sign.php(18): App\Libraries\TEFakeContent\Interpreter\Handlers\Sign->get_replace_content([...])
 2 APPPATH\Libraries\TEFakeContent\Interpreter\Interpreter.php(106): App\Libraries\TEFakeContent\Interpreter\Handlers\Sign->sign('@', true)
 3 APPPATH\Libraries\TEFakeContent\Interpreter\Interpreter.php(88): App\Libraries\TEFakeContent\Interpreter\Interpreter->interpreter('@', true)
 4 APPPATH\Libraries\TEFakeContent\Interpreter\Interpreter.php(67): App\Libraries\TEFakeContent\Interpreter\Interpreter->fetch_placeholders()
 5 APPPATH\Libraries\TEFakeContent\Interpreter\Interpreter.php(41): App\Libraries\TEFakeContent\Interpreter\Interpreter->making('@|@|Gmail.com')
 6 APPPATH\Libraries\TEFakeContent\TEFakeContent.php(20): App\Libraries\TEFakeContent\Interpreter\Interpreter->make_field('@|@|Gmail.com')
 7 APPPATH\Controllers\Home.php(26): App\Libraries\TEFakeContent\TEFakeContent->field('@|@|Gmail.com')
 8 SYSTEMPATH\CodeIgniter.php(898): App\Controllers\Home->index()
 9 SYSTEMPATH\CodeIgniter.php(468): CodeIgniter\CodeIgniter->runController(Object(App\Controllers\Home))
10 SYSTEMPATH\CodeIgniter.php(351): CodeIgniter\CodeIgniter->handleRequest(null, Object(Config\Cache), false)
11 FCPATH\index.php(55): CodeIgniter\CodeIgniter->run()
CRITICAL - 2023-02-19 08:23:28 --> Return value of App\Libraries\TEFakeContent\Interpreter\Handlers\Sign::get_replace_content() must be of the type array, null returned
in APPPATH\Libraries\TEFakeContent\Interpreter\Handlers\Sign.php on line 62.
 1 APPPATH\Libraries\TEFakeContent\Interpreter\Handlers\Sign.php(18): App\Libraries\TEFakeContent\Interpreter\Handlers\Sign->get_replace_content([...], true)
 2 APPPATH\Libraries\TEFakeContent\Interpreter\Interpreter.php(106): App\Libraries\TEFakeContent\Interpreter\Handlers\Sign->sign('@', true)
 3 APPPATH\Libraries\TEFakeContent\Interpreter\Interpreter.php(88): App\Libraries\TEFakeContent\Interpreter\Interpreter->interpreter('@', true)
 4 APPPATH\Libraries\TEFakeContent\Interpreter\Interpreter.php(67): App\Libraries\TEFakeContent\Interpreter\Interpreter->fetch_placeholders()
 5 APPPATH\Libraries\TEFakeContent\Interpreter\Interpreter.php(41): App\Libraries\TEFakeContent\Interpreter\Interpreter->making('@|@|Gmail.com')
 6 APPPATH\Libraries\TEFakeContent\TEFakeContent.php(20): App\Libraries\TEFakeContent\Interpreter\Interpreter->make_field('@|@|Gmail.com')
 7 APPPATH\Controllers\Home.php(26): App\Libraries\TEFakeContent\TEFakeContent->field('@|@|Gmail.com')
 8 SYSTEMPATH\CodeIgniter.php(898): App\Controllers\Home->index()
 9 SYSTEMPATH\CodeIgniter.php(468): CodeIgniter\CodeIgniter->runController(Object(App\Controllers\Home))
10 SYSTEMPATH\CodeIgniter.php(351): CodeIgniter\CodeIgniter->handleRequest(null, Object(Config\Cache), false)
11 FCPATH\index.php(55): CodeIgniter\CodeIgniter->run()
CRITICAL - 2023-02-19 09:21:10 --> Too few arguments to function App\Libraries\TEFakeContent\GenContent\Handlers\Ordinal::alpha(), 2 passed in E:\SoftWare\xampp 7\htdocs\my_projects\Resume\Shop\app\Libraries\TEFakeContent\GenContent\Handlers\Ordinal.php on line 39 and exactly 4 expected
in APPPATH\Libraries\TEFakeContent\GenContent\Handlers\Ordinal.php on line 80.
 1 APPPATH\Libraries\TEFakeContent\GenContent\Handlers\Ordinal.php(39): App\Libraries\TEFakeContent\GenContent\Handlers\Ordinal->alpha('upperAlpha', false)
 2 APPPATH\Libraries\TEFakeContent\GenContent\GenContent.php(124): App\Libraries\TEFakeContent\GenContent\Handlers\Ordinal->upper_alpha(false)
 3 APPPATH\Libraries\TEFakeContent\Interpreter\Handlers\Sign.php(91): App\Libraries\TEFakeContent\GenContent\GenContent->ordinal_upper_alpha()
 4 APPPATH\Libraries\TEFakeContent\Interpreter\Handlers\Sign.php(58): App\Libraries\TEFakeContent\Interpreter\Handlers\Sign->add_replace_content('$', [], true)
 5 APPPATH\Libraries\TEFakeContent\Interpreter\Handlers\Sign.php(18): App\Libraries\TEFakeContent\Interpreter\Handlers\Sign->get_replace_content([...], true)
 6 APPPATH\Libraries\TEFakeContent\Interpreter\Interpreter.php(106): App\Libraries\TEFakeContent\Interpreter\Handlers\Sign->sign('$', true)
 7 APPPATH\Libraries\TEFakeContent\Interpreter\Interpreter.php(88): App\Libraries\TEFakeContent\Interpreter\Interpreter->interpreter('$', true)
 8 APPPATH\Libraries\TEFakeContent\Interpreter\Interpreter.php(67): App\Libraries\TEFakeContent\Interpreter\Interpreter->fetch_placeholders()
 9 APPPATH\Libraries\TEFakeContent\Interpreter\Interpreter.php(41): App\Libraries\TEFakeContent\Interpreter\Interpreter->making('$|$|#|Gmail.com')
10 APPPATH\Libraries\TEFakeContent\TEFakeContent.php(20): App\Libraries\TEFakeContent\Interpreter\Interpreter->make_field('$|$|#|Gmail.com')
11 APPPATH\Controllers\Home.php(27): App\Libraries\TEFakeContent\TEFakeContent->field('$|$|#|Gmail.com')
12 SYSTEMPATH\CodeIgniter.php(898): App\Controllers\Home->index()
13 SYSTEMPATH\CodeIgniter.php(468): CodeIgniter\CodeIgniter->runController(Object(App\Controllers\Home))
14 SYSTEMPATH\CodeIgniter.php(351): CodeIgniter\CodeIgniter->handleRequest(null, Object(Config\Cache), false)
15 FCPATH\index.php(55): CodeIgniter\CodeIgniter->run()
CRITICAL - 2023-02-19 09:39:38 --> Too few arguments to function App\Libraries\TEFakeContent\GenContent\Handlers\Ordinal::upper_alpha(), 1 passed in E:\SoftWare\xampp 7\htdocs\my_projects\Resume\Shop\app\Libraries\TEFakeContent\GenContent\GenContent.php on line 124 and exactly 2 expected
in APPPATH\Libraries\TEFakeContent\GenContent\Handlers\Ordinal.php on line 38.
 1 APPPATH\Libraries\TEFakeContent\GenContent\GenContent.php(124): App\Libraries\TEFakeContent\GenContent\Handlers\Ordinal->upper_alpha(false)
 2 APPPATH\Libraries\TEFakeContent\Interpreter\Handlers\Sign.php(91): App\Libraries\TEFakeContent\GenContent\GenContent->ordinal_upper_alpha()
 3 APPPATH\Libraries\TEFakeContent\Interpreter\Handlers\Sign.php(58): App\Libraries\TEFakeContent\Interpreter\Handlers\Sign->add_replace_content('$', [], true)
 4 APPPATH\Libraries\TEFakeContent\Interpreter\Handlers\Sign.php(18): App\Libraries\TEFakeContent\Interpreter\Handlers\Sign->get_replace_content([...], true)
 5 APPPATH\Libraries\TEFakeContent\Interpreter\Interpreter.php(106): App\Libraries\TEFakeContent\Interpreter\Handlers\Sign->sign('$', true)
 6 APPPATH\Libraries\TEFakeContent\Interpreter\Interpreter.php(88): App\Libraries\TEFakeContent\Interpreter\Interpreter->interpreter('$', true)
 7 APPPATH\Libraries\TEFakeContent\Interpreter\Interpreter.php(67): App\Libraries\TEFakeContent\Interpreter\Interpreter->fetch_placeholders()
 8 APPPATH\Libraries\TEFakeContent\Interpreter\Interpreter.php(41): App\Libraries\TEFakeContent\Interpreter\Interpreter->making('$|$|#|Gmail.com')
 9 APPPATH\Libraries\TEFakeContent\TEFakeContent.php(20): App\Libraries\TEFakeContent\Interpreter\Interpreter->make_field('$|$|#|Gmail.com')
10 APPPATH\Controllers\Home.php(27): App\Libraries\TEFakeContent\TEFakeContent->field('$|$|#|Gmail.com')
11 SYSTEMPATH\CodeIgniter.php(898): App\Controllers\Home->index()
12 SYSTEMPATH\CodeIgniter.php(468): CodeIgniter\CodeIgniter->runController(Object(App\Controllers\Home))
13 SYSTEMPATH\CodeIgniter.php(351): CodeIgniter\CodeIgniter->handleRequest(null, Object(Config\Cache), false)
14 FCPATH\index.php(55): CodeIgniter\CodeIgniter->run()
CRITICAL - 2023-02-19 09:39:40 --> Too few arguments to function App\Libraries\TEFakeContent\GenContent\Handlers\Ordinal::upper_alpha(), 1 passed in E:\SoftWare\xampp 7\htdocs\my_projects\Resume\Shop\app\Libraries\TEFakeContent\GenContent\GenContent.php on line 124 and exactly 2 expected
in APPPATH\Libraries\TEFakeContent\GenContent\Handlers\Ordinal.php on line 38.
 1 APPPATH\Libraries\TEFakeContent\GenContent\GenContent.php(124): App\Libraries\TEFakeContent\GenContent\Handlers\Ordinal->upper_alpha(false)
 2 APPPATH\Libraries\TEFakeContent\Interpreter\Handlers\Sign.php(91): App\Libraries\TEFakeContent\GenContent\GenContent->ordinal_upper_alpha()
 3 APPPATH\Libraries\TEFakeContent\Interpreter\Handlers\Sign.php(58): App\Libraries\TEFakeContent\Interpreter\Handlers\Sign->add_replace_content('$', [], true)
 4 APPPATH\Libraries\TEFakeContent\Interpreter\Handlers\Sign.php(18): App\Libraries\TEFakeContent\Interpreter\Handlers\Sign->get_replace_content([...], true)
 5 APPPATH\Libraries\TEFakeContent\Interpreter\Interpreter.php(106): App\Libraries\TEFakeContent\Interpreter\Handlers\Sign->sign('$', true)
 6 APPPATH\Libraries\TEFakeContent\Interpreter\Interpreter.php(88): App\Libraries\TEFakeContent\Interpreter\Interpreter->interpreter('$', true)
 7 APPPATH\Libraries\TEFakeContent\Interpreter\Interpreter.php(67): App\Libraries\TEFakeContent\Interpreter\Interpreter->fetch_placeholders()
 8 APPPATH\Libraries\TEFakeContent\Interpreter\Interpreter.php(41): App\Libraries\TEFakeContent\Interpreter\Interpreter->making('$|$|#|Gmail.com')
 9 APPPATH\Libraries\TEFakeContent\TEFakeContent.php(20): App\Libraries\TEFakeContent\Interpreter\Interpreter->make_field('$|$|#|Gmail.com')
10 APPPATH\Controllers\Home.php(27): App\Libraries\TEFakeContent\TEFakeContent->field('$|$|#|Gmail.com')
11 SYSTEMPATH\CodeIgniter.php(898): App\Controllers\Home->index()
12 SYSTEMPATH\CodeIgniter.php(468): CodeIgniter\CodeIgniter->runController(Object(App\Controllers\Home))
13 SYSTEMPATH\CodeIgniter.php(351): CodeIgniter\CodeIgniter->handleRequest(null, Object(Config\Cache), false)
14 FCPATH\index.php(55): CodeIgniter\CodeIgniter->run()
CRITICAL - 2023-02-19 10:51:22 --> print_r() expects at least 1 parameter, 0 given
in APPPATH\Libraries\TEFakeContent\Interpreter\Handlers\Sign.php on line 22.
 1 [internal function]: CodeIgniter\Debug\Exceptions->errorHandler(2, 'print_r() expects at least 1 parameter, 0 given', 'APPPATH\\Libraries\\TEFakeContent\\Interpreter\\Handlers\\Sign.php', 22, [...])
 2 APPPATH\Libraries\TEFakeContent\Interpreter\Handlers\Sign.php(22): print_r()
 3 APPPATH\Libraries\TEFakeContent\Interpreter\Interpreter.php(106): App\Libraries\TEFakeContent\Interpreter\Handlers\Sign->sign('$', true)
 4 APPPATH\Libraries\TEFakeContent\Interpreter\Interpreter.php(88): App\Libraries\TEFakeContent\Interpreter\Interpreter->interpreter('$', true)
 5 APPPATH\Libraries\TEFakeContent\Interpreter\Interpreter.php(67): App\Libraries\TEFakeContent\Interpreter\Interpreter->fetch_placeholders()
 6 APPPATH\Libraries\TEFakeContent\Interpreter\Interpreter.php(41): App\Libraries\TEFakeContent\Interpreter\Interpreter->making('$|Gmail.com')
 7 APPPATH\Libraries\TEFakeContent\TEFakeContent.php(20): App\Libraries\TEFakeContent\Interpreter\Interpreter->make_field('$|Gmail.com')
 8 APPPATH\Controllers\Home.php(25): App\Libraries\TEFakeContent\TEFakeContent->field('$|Gmail.com')
 9 SYSTEMPATH\CodeIgniter.php(898): App\Controllers\Home->index()
10 SYSTEMPATH\CodeIgniter.php(468): CodeIgniter\CodeIgniter->runController(Object(App\Controllers\Home))
11 SYSTEMPATH\CodeIgniter.php(351): CodeIgniter\CodeIgniter->handleRequest(null, Object(Config\Cache), false)
12 FCPATH\index.php(55): CodeIgniter\CodeIgniter->run()
