CRITICAL - 2022-11-03 07:28:21 --> syntax error, unexpected '}', expecting ';'
in APPPATH\Controllers\Panel\ManageBrands.php on line 103.
 1 SYSTEMPATH\Autoloader\Autoloader.php(261): CodeIgniter\Autoloader\Autoloader->includeFile('APPPATH\\Controllers\\Panel\\ManageBrands.php')
 2 SYSTEMPATH\Autoloader\Autoloader.php(239): CodeIgniter\Autoloader\Autoloader->loadInNamespace('App\\Controllers\\Panel\\ManageBrands')
 3 [internal function]: CodeIgniter\Autoloader\Autoloader->loadClass('App\\Controllers\\Panel\\ManageBrands')
 4 [internal function]: spl_autoload_call('App\\Controllers\\Panel\\ManageBrands')
 5 SYSTEMPATH\CodeIgniter.php(848): class_exists('\\App\\Controllers\\Panel\\ManageBrands', true)
 6 SYSTEMPATH\CodeIgniter.php(455): CodeIgniter\CodeIgniter->startController()
 7 SYSTEMPATH\CodeIgniter.php(351): CodeIgniter\CodeIgniter->handleRequest(null, Object(Config\Cache), false)
 8 FCPATH\index.php(55): CodeIgniter\CodeIgniter->run()
CRITICAL - 2022-11-03 07:28:54 --> Return value of App\Controllers\Panel\ManageBrands::set_active_field() must be of the type string, array returned
in APPPATH\Controllers\Panel\ManageBrands.php on line 102.
 1 APPPATH\Controllers\Panel\ManageBrands.php(90): App\Controllers\Panel\ManageBrands->set_active_field([...])
 2 APPPATH\Controllers\Panel\ManageBrands.php(80): App\Controllers\Panel\ManageBrands->get_brands()
 3 APPPATH\Controllers\Panel\ManageBrands.php(12): App\Controllers\Panel\ManageBrands->show_table()
 4 SYSTEMPATH\CodeIgniter.php(898): App\Controllers\Panel\ManageBrands->index()
 5 SYSTEMPATH\CodeIgniter.php(468): CodeIgniter\CodeIgniter->runController(Object(App\Controllers\Panel\ManageBrands))
 6 SYSTEMPATH\CodeIgniter.php(351): CodeIgniter\CodeIgniter->handleRequest(null, Object(Config\Cache), false)
 7 FCPATH\index.php(55): CodeIgniter\CodeIgniter->run()
CRITICAL - 2022-11-03 07:36:41 --> Illegal offset type in unset
in APPPATH\Controllers\Panel\ManageBrands.php on line 103.
 1 APPPATH\Controllers\Panel\ManageBrands.php(103): CodeIgniter\Debug\Exceptions->errorHandler(2, 'Illegal offset type in unset', 'APPPATH\\Controllers\\Panel\\ManageBrands.php', 103, [...])
 2 APPPATH\Controllers\Panel\ManageBrands.php(90): App\Controllers\Panel\ManageBrands->set_active_field([...])
 3 APPPATH\Controllers\Panel\ManageBrands.php(80): App\Controllers\Panel\ManageBrands->get_brands()
 4 APPPATH\Controllers\Panel\ManageBrands.php(12): App\Controllers\Panel\ManageBrands->show_table()
 5 SYSTEMPATH\CodeIgniter.php(898): App\Controllers\Panel\ManageBrands->index()
 6 SYSTEMPATH\CodeIgniter.php(468): CodeIgniter\CodeIgniter->runController(Object(App\Controllers\Panel\ManageBrands))
 7 SYSTEMPATH\CodeIgniter.php(351): CodeIgniter\CodeIgniter->handleRequest(null, Object(Config\Cache), false)
 8 FCPATH\index.php(55): CodeIgniter\CodeIgniter->run()
CRITICAL - 2022-11-03 07:37:51 --> Array to string conversion
in APPPATH\Controllers\Panel\ManageBrands.php on line 104.
 1 APPPATH\Controllers\Panel\ManageBrands.php(104): CodeIgniter\Debug\Exceptions->errorHandler(8, 'Array to string conversion', 'APPPATH\\Controllers\\Panel\\ManageBrands.php', 104, [...])
 2 APPPATH\Controllers\Panel\ManageBrands.php(90): App\Controllers\Panel\ManageBrands->set_active_field([...])
 3 APPPATH\Controllers\Panel\ManageBrands.php(80): App\Controllers\Panel\ManageBrands->get_brands()
 4 APPPATH\Controllers\Panel\ManageBrands.php(12): App\Controllers\Panel\ManageBrands->show_table()
 5 SYSTEMPATH\CodeIgniter.php(898): App\Controllers\Panel\ManageBrands->index()
 6 SYSTEMPATH\CodeIgniter.php(468): CodeIgniter\CodeIgniter->runController(Object(App\Controllers\Panel\ManageBrands))
 7 SYSTEMPATH\CodeIgniter.php(351): CodeIgniter\CodeIgniter->handleRequest(null, Object(Config\Cache), false)
 8 FCPATH\index.php(55): CodeIgniter\CodeIgniter->run()
CRITICAL - 2022-11-03 07:55:08 --> Array to string conversion
in APPPATH\Controllers\Panel\ManageBrands.php on line 101.
 1 APPPATH\Controllers\Panel\ManageBrands.php(101): CodeIgniter\Debug\Exceptions->errorHandler(8, 'Array to string conversion', 'APPPATH\\Controllers\\Panel\\ManageBrands.php', 101, [...])
 2 APPPATH\Controllers\Panel\ManageBrands.php(90): App\Controllers\Panel\ManageBrands->set_active_field([...])
 3 APPPATH\Controllers\Panel\ManageBrands.php(80): App\Controllers\Panel\ManageBrands->get_brands()
 4 APPPATH\Controllers\Panel\ManageBrands.php(12): App\Controllers\Panel\ManageBrands->show_table()
 5 SYSTEMPATH\CodeIgniter.php(898): App\Controllers\Panel\ManageBrands->index()
 6 SYSTEMPATH\CodeIgniter.php(468): CodeIgniter\CodeIgniter->runController(Object(App\Controllers\Panel\ManageBrands))
 7 SYSTEMPATH\CodeIgniter.php(351): CodeIgniter\CodeIgniter->handleRequest(null, Object(Config\Cache), false)
 8 FCPATH\index.php(55): CodeIgniter\CodeIgniter->run()
CRITICAL - 2022-11-03 07:55:35 --> Cannot use a scalar value as an array
in APPPATH\Controllers\Panel\ManageBrands.php on line 101.
 1 APPPATH\Controllers\Panel\ManageBrands.php(101): CodeIgniter\Debug\Exceptions->errorHandler(2, 'Cannot use a scalar value as an array', 'APPPATH\\Controllers\\Panel\\ManageBrands.php', 101, [...])
 2 APPPATH\Controllers\Panel\ManageBrands.php(90): App\Controllers\Panel\ManageBrands->set_active_field([...])
 3 APPPATH\Controllers\Panel\ManageBrands.php(80): App\Controllers\Panel\ManageBrands->get_brands()
 4 APPPATH\Controllers\Panel\ManageBrands.php(12): App\Controllers\Panel\ManageBrands->show_table()
 5 SYSTEMPATH\CodeIgniter.php(898): App\Controllers\Panel\ManageBrands->index()
 6 SYSTEMPATH\CodeIgniter.php(468): CodeIgniter\CodeIgniter->runController(Object(App\Controllers\Panel\ManageBrands))
 7 SYSTEMPATH\CodeIgniter.php(351): CodeIgniter\CodeIgniter->handleRequest(null, Object(Config\Cache), false)
 8 FCPATH\index.php(55): CodeIgniter\CodeIgniter->run()
CRITICAL - 2022-11-03 08:00:57 --> Illegal offset type
in APPPATH\Controllers\Panel\ManageBrands.php on line 97.
 1 APPPATH\Controllers\Panel\ManageBrands.php(97): CodeIgniter\Debug\Exceptions->errorHandler(2, 'Illegal offset type', 'APPPATH\\Controllers\\Panel\\ManageBrands.php', 97, [...])
 2 APPPATH\Controllers\Panel\ManageBrands.php(90): App\Controllers\Panel\ManageBrands->set_active_field([...])
 3 APPPATH\Controllers\Panel\ManageBrands.php(80): App\Controllers\Panel\ManageBrands->get_brands()
 4 APPPATH\Controllers\Panel\ManageBrands.php(12): App\Controllers\Panel\ManageBrands->show_table()
 5 SYSTEMPATH\CodeIgniter.php(898): App\Controllers\Panel\ManageBrands->index()
 6 SYSTEMPATH\CodeIgniter.php(468): CodeIgniter\CodeIgniter->runController(Object(App\Controllers\Panel\ManageBrands))
 7 SYSTEMPATH\CodeIgniter.php(351): CodeIgniter\CodeIgniter->handleRequest(null, Object(Config\Cache), false)
 8 FCPATH\index.php(55): CodeIgniter\CodeIgniter->run()
CRITICAL - 2022-11-03 08:03:07 --> Illegal string offset 'name'
in APPPATH\Controllers\Panel\ManageBrands.php on line 98.
 1 APPPATH\Controllers\Panel\ManageBrands.php(98): CodeIgniter\Debug\Exceptions->errorHandler(2, 'Illegal string offset \'name\'', 'APPPATH\\Controllers\\Panel\\ManageBrands.php', 98, [...])
 2 APPPATH\Controllers\Panel\ManageBrands.php(90): App\Controllers\Panel\ManageBrands->set_active_field([...])
 3 APPPATH\Controllers\Panel\ManageBrands.php(80): App\Controllers\Panel\ManageBrands->get_brands()
 4 APPPATH\Controllers\Panel\ManageBrands.php(12): App\Controllers\Panel\ManageBrands->show_table()
 5 SYSTEMPATH\CodeIgniter.php(898): App\Controllers\Panel\ManageBrands->index()
 6 SYSTEMPATH\CodeIgniter.php(468): CodeIgniter\CodeIgniter->runController(Object(App\Controllers\Panel\ManageBrands))
 7 SYSTEMPATH\CodeIgniter.php(351): CodeIgniter\CodeIgniter->handleRequest(null, Object(Config\Cache), false)
 8 FCPATH\index.php(55): CodeIgniter\CodeIgniter->run()
CRITICAL - 2022-11-03 08:03:52 --> Illegal string offset 'name'
in APPPATH\Controllers\Panel\ManageBrands.php on line 99.
 1 APPPATH\Controllers\Panel\ManageBrands.php(99): CodeIgniter\Debug\Exceptions->errorHandler(2, 'Illegal string offset \'name\'', 'APPPATH\\Controllers\\Panel\\ManageBrands.php', 99, [...])
 2 APPPATH\Controllers\Panel\ManageBrands.php(90): App\Controllers\Panel\ManageBrands->set_active_field([...])
 3 APPPATH\Controllers\Panel\ManageBrands.php(80): App\Controllers\Panel\ManageBrands->get_brands()
 4 APPPATH\Controllers\Panel\ManageBrands.php(12): App\Controllers\Panel\ManageBrands->show_table()
 5 SYSTEMPATH\CodeIgniter.php(898): App\Controllers\Panel\ManageBrands->index()
 6 SYSTEMPATH\CodeIgniter.php(468): CodeIgniter\CodeIgniter->runController(Object(App\Controllers\Panel\ManageBrands))
 7 SYSTEMPATH\CodeIgniter.php(351): CodeIgniter\CodeIgniter->handleRequest(null, Object(Config\Cache), false)
 8 FCPATH\index.php(55): CodeIgniter\CodeIgniter->run()
CRITICAL - 2022-11-03 08:07:44 --> Undefined index: active
in APPPATH\Controllers\Panel\ManageBrands.php on line 97.
 1 APPPATH\Controllers\Panel\ManageBrands.php(97): CodeIgniter\Debug\Exceptions->errorHandler(8, 'Undefined index: active', 'APPPATH\\Controllers\\Panel\\ManageBrands.php', 97, [...])
 2 APPPATH\Controllers\Panel\ManageBrands.php(90): App\Controllers\Panel\ManageBrands->set_active_field([...])
 3 APPPATH\Controllers\Panel\ManageBrands.php(80): App\Controllers\Panel\ManageBrands->get_brands()
 4 APPPATH\Controllers\Panel\ManageBrands.php(12): App\Controllers\Panel\ManageBrands->show_table()
 5 SYSTEMPATH\CodeIgniter.php(898): App\Controllers\Panel\ManageBrands->index()
 6 SYSTEMPATH\CodeIgniter.php(468): CodeIgniter\CodeIgniter->runController(Object(App\Controllers\Panel\ManageBrands))
 7 SYSTEMPATH\CodeIgniter.php(351): CodeIgniter\CodeIgniter->handleRequest(null, Object(Config\Cache), false)
 8 FCPATH\index.php(55): CodeIgniter\CodeIgniter->run()
CRITICAL - 2022-11-03 09:22:49 --> Call to undefined method App\Controllers\BaseController::__consttuct()
in APPPATH\Controllers\Panel\ManageBrands.php on line 9.
 1 SYSTEMPATH\CodeIgniter.php(860): App\Controllers\Panel\ManageBrands->__construct()
 2 SYSTEMPATH\CodeIgniter.php(459): CodeIgniter\CodeIgniter->createController()
 3 SYSTEMPATH\CodeIgniter.php(351): CodeIgniter\CodeIgniter->handleRequest(null, Object(Config\Cache), false)
 4 FCPATH\index.php(55): CodeIgniter\CodeIgniter->run()
CRITICAL - 2022-11-03 10:29:43 --> Undefined variable: returnedForm
in APPPATH\Controllers\Panel\ManageBrands.php on line 50.
 1 APPPATH\Controllers\Panel\ManageBrands.php(50): CodeIgniter\Debug\Exceptions->errorHandler(8, 'Undefined variable: returnedForm', 'APPPATH\\Controllers\\Panel\\ManageBrands.php', 50, [...])
 2 APPPATH\Controllers\Panel\ManageBrands.php(11): App\Controllers\Panel\ManageBrands->gen_form('formAdd')
 3 SYSTEMPATH\CodeIgniter.php(898): App\Controllers\Panel\ManageBrands->index()
 4 SYSTEMPATH\CodeIgniter.php(468): CodeIgniter\CodeIgniter->runController(Object(App\Controllers\Panel\ManageBrands))
 5 SYSTEMPATH\CodeIgniter.php(351): CodeIgniter\CodeIgniter->handleRequest(null, Object(Config\Cache), false)
 6 FCPATH\index.php(55): CodeIgniter\CodeIgniter->run()
CRITICAL - 2022-11-03 11:01:08 --> Cannot use [] for reading
in APPPATH\Controllers\Panel\ManageBrands.php on line 148.
 1 APPPATH\Controllers\Panel\ManageBrands.php(139): App\Controllers\Panel\ManageBrands->html_edit_form()
 2 APPPATH\Controllers\Panel\ManageBrands.php(13): App\Controllers\Panel\ManageBrands->gen_edit_form()
 3 SYSTEMPATH\CodeIgniter.php(898): App\Controllers\Panel\ManageBrands->index()
 4 SYSTEMPATH\CodeIgniter.php(468): CodeIgniter\CodeIgniter->runController(Object(App\Controllers\Panel\ManageBrands))
 5 SYSTEMPATH\CodeIgniter.php(351): CodeIgniter\CodeIgniter->handleRequest(null, Object(Config\Cache), false)
 6 FCPATH\index.php(55): CodeIgniter\CodeIgniter->run()
CRITICAL - 2022-11-03 11:55:29 --> syntax error, unexpected '}', expecting ';'
in APPPATH\Libraries\Elements\Elements.php on line 1834.
 1 SYSTEMPATH\Autoloader\Autoloader.php(261): CodeIgniter\Autoloader\Autoloader->includeFile('APPPATH\\Libraries\\Elements\\Elements.php')
 2 SYSTEMPATH\Autoloader\Autoloader.php(239): CodeIgniter\Autoloader\Autoloader->loadInNamespace('App\\Libraries\\Elements\\Elements')
 3 [internal function]: CodeIgniter\Autoloader\Autoloader->loadClass('App\\Libraries\\Elements\\Elements')
 4 APPPATH\Controllers\BaseController.php(60): spl_autoload_call('App\\Libraries\\Elements\\Elements')
 5 SYSTEMPATH\CodeIgniter.php(861): App\Controllers\BaseController->initController(Object(CodeIgniter\HTTP\IncomingRequest), Object(CodeIgniter\HTTP\Response), Object(CodeIgniter\Log\Logger))
 6 SYSTEMPATH\CodeIgniter.php(459): CodeIgniter\CodeIgniter->createController()
 7 SYSTEMPATH\CodeIgniter.php(351): CodeIgniter\CodeIgniter->handleRequest(null, Object(Config\Cache), false)
 8 FCPATH\index.php(55): CodeIgniter\CodeIgniter->run()
CRITICAL - 2022-11-03 11:56:37 --> Cannot pass parameter 1 by reference
in APPPATH\Controllers\Panel\ManageBrands.php on line 9.
 1 SYSTEMPATH\CodeIgniter.php(898): App\Controllers\Panel\ManageBrands->index()
 2 SYSTEMPATH\CodeIgniter.php(468): CodeIgniter\CodeIgniter->runController(Object(App\Controllers\Panel\ManageBrands))
 3 SYSTEMPATH\CodeIgniter.php(351): CodeIgniter\CodeIgniter->handleRequest(null, Object(Config\Cache), false)
 4 FCPATH\index.php(55): CodeIgniter\CodeIgniter->run()
CRITICAL - 2022-11-03 11:59:39 --> Undefined variable: class
in APPPATH\Libraries\Elements\Elements.php on line 1829.
 1 APPPATH\Libraries\Elements\Elements.php(1829): CodeIgniter\Debug\Exceptions->errorHandler(8, 'Undefined variable: class', 'APPPATH\\Libraries\\Elements\\Elements.php', 1829, [...])
 2 APPPATH\Controllers\Panel\ManageBrands.php(9): App\Libraries\Elements\Elements->modal_head_title('aaa')
 3 SYSTEMPATH\CodeIgniter.php(898): App\Controllers\Panel\ManageBrands->index()
 4 SYSTEMPATH\CodeIgniter.php(468): CodeIgniter\CodeIgniter->runController(Object(App\Controllers\Panel\ManageBrands))
 5 SYSTEMPATH\CodeIgniter.php(351): CodeIgniter\CodeIgniter->handleRequest(null, Object(Config\Cache), false)
 6 FCPATH\index.php(55): CodeIgniter\CodeIgniter->run()
