CRITICAL - 2023-04-08 06:49:35 --> Undefined variable: cartTable
in APPPATH\Views\Panel\VCart.php on line 3.
 1 APPPATH\Views\Panel\VCart.php(3): CodeIgniter\Debug\Exceptions->errorHandler(8, 'Undefined variable: cartTable', 'APPPATH\\Views\\Panel\\VCart.php', 3, [...])
 2 SYSTEMPATH\View\View.php(213): include('APPPATH\\Views\\Panel\\VCart.php')
 3 SYSTEMPATH\View\View.php(216): CodeIgniter\View\View->CodeIgniter\View\{closure}()
 4 SYSTEMPATH\Common.php(1135): CodeIgniter\View\View->render('Panel/VCart', [], true)
 5 APPPATH\Libraries\LoadView\Attachments\View.php(80): view('Panel/VCart')
 6 APPPATH\Libraries\LoadView\Attachments\View.php(32): App\Libraries\LoadView\LoadView->body_view('Panel/VCart')
 7 APPPATH\Libraries\LoadView\LoadView.php(26): App\Libraries\LoadView\LoadView->render_view('Panel/VCart', 'Shopping Cart')
 8 APPPATH\Controllers\BaseController.php(105): App\Libraries\LoadView\LoadView->show('Panel/VCart', 'Shopping Cart')
 9 APPPATH\Controllers\Panel\Cart.php(24): App\Controllers\BaseController->view('Panel/VCart', 'Shopping Cart')
10 SYSTEMPATH\CodeIgniter.php(898): App\Controllers\Panel\Cart->index('1')
11 SYSTEMPATH\CodeIgniter.php(468): CodeIgniter\CodeIgniter->runController(Object(App\Controllers\Panel\Cart))
12 SYSTEMPATH\CodeIgniter.php(351): CodeIgniter\CodeIgniter->handleRequest(null, Object(Config\Cache), false)
13 FCPATH\index.php(55): CodeIgniter\CodeIgniter->run()
CRITICAL - 2023-04-08 06:50:04 --> Undefined variable: data
in APPPATH\Controllers\Panel\Cart.php on line 32.
 1 APPPATH\Controllers\Panel\Cart.php(32): CodeIgniter\Debug\Exceptions->errorHandler(8, 'Undefined variable: data', 'APPPATH\\Controllers\\Panel\\Cart.php', 32, [...])
 2 APPPATH\Controllers\Panel\Cart.php(22): App\Controllers\Panel\Cart->gen_cart_table()
 3 SYSTEMPATH\CodeIgniter.php(898): App\Controllers\Panel\Cart->index('1')
 4 SYSTEMPATH\CodeIgniter.php(468): CodeIgniter\CodeIgniter->runController(Object(App\Controllers\Panel\Cart))
 5 SYSTEMPATH\CodeIgniter.php(351): CodeIgniter\CodeIgniter->handleRequest(null, Object(Config\Cache), false)
 6 FCPATH\index.php(55): CodeIgniter\CodeIgniter->run()
CRITICAL - 2023-04-08 07:47:08 --> Undefined offset: 0
in APPPATH\Libraries\Elements\Elements.php on line 1207.
 1 APPPATH\Libraries\Elements\Elements.php(1207): CodeIgniter\Debug\Exceptions->errorHandler(8, 'Undefined offset: 0', 'APPPATH\\Libraries\\Elements\\Elements.php', 1207, [...])
 2 APPPATH\Libraries\Elements\Elements.php(1164): App\Libraries\Elements\Elements->poem_two_array([...], [...])
 3 APPPATH\Controllers\Panel\Cart.php(79): App\Libraries\Elements\Elements->poem([...], [...])
 4 APPPATH\Controllers\Panel\Cart.php(26): App\Controllers\Panel\Cart->gen_calculation()
 5 SYSTEMPATH\CodeIgniter.php(898): App\Controllers\Panel\Cart->index('1')
 6 SYSTEMPATH\CodeIgniter.php(468): CodeIgniter\CodeIgniter->runController(Object(App\Controllers\Panel\Cart))
 7 SYSTEMPATH\CodeIgniter.php(351): CodeIgniter\CodeIgniter->handleRequest(null, Object(Config\Cache), false)
 8 FCPATH\index.php(55): CodeIgniter\CodeIgniter->run()
CRITICAL - 2023-04-08 08:41:29 --> Key element cannot be a reference
in APPPATH\Controllers\Panel\Cart.php on line 53.
 1 [internal function]: CodeIgniter\Debug\Exceptions->shutdownHandler()
CRITICAL - 2023-04-08 08:42:22 --> Trying to access array offset on value of type int
in APPPATH\Controllers\Panel\Cart.php on line 54.
 1 APPPATH\Controllers\Panel\Cart.php(54): CodeIgniter\Debug\Exceptions->errorHandler(8, 'Trying to access array offset on value of type int', 'APPPATH\\Controllers\\Panel\\Cart.php', 54, [...])
 2 APPPATH\Controllers\Panel\Cart.php(41): App\Controllers\Panel\Cart->prepare_product_operation([...])
 3 APPPATH\Controllers\Panel\Cart.php(22): App\Controllers\Panel\Cart->gen_cart_table()
 4 SYSTEMPATH\CodeIgniter.php(898): App\Controllers\Panel\Cart->index('1')
 5 SYSTEMPATH\CodeIgniter.php(468): CodeIgniter\CodeIgniter->runController(Object(App\Controllers\Panel\Cart))
 6 SYSTEMPATH\CodeIgniter.php(351): CodeIgniter\CodeIgniter->handleRequest(null, Object(Config\Cache), false)
 7 FCPATH\index.php(55): CodeIgniter\CodeIgniter->run()
CRITICAL - 2023-04-08 08:43:12 --> Trying to access array offset on value of type int
in APPPATH\Controllers\Panel\Cart.php on line 54.
 1 APPPATH\Controllers\Panel\Cart.php(54): CodeIgniter\Debug\Exceptions->errorHandler(8, 'Trying to access array offset on value of type int', 'APPPATH\\Controllers\\Panel\\Cart.php', 54, [...])
 2 APPPATH\Controllers\Panel\Cart.php(41): App\Controllers\Panel\Cart->prepare_product_operation([...])
 3 APPPATH\Controllers\Panel\Cart.php(22): App\Controllers\Panel\Cart->gen_cart_table()
 4 SYSTEMPATH\CodeIgniter.php(898): App\Controllers\Panel\Cart->index('1')
 5 SYSTEMPATH\CodeIgniter.php(468): CodeIgniter\CodeIgniter->runController(Object(App\Controllers\Panel\Cart))
 6 SYSTEMPATH\CodeIgniter.php(351): CodeIgniter\CodeIgniter->handleRequest(null, Object(Config\Cache), false)
 7 FCPATH\index.php(55): CodeIgniter\CodeIgniter->run()
