CRITICAL - 2022-11-27 07:27:48 --> Undefined variable: table
in APPPATH\Views\Panel\VProductGroups.php on line 9.
 1 APPPATH\Views\Panel\VProductGroups.php(9): CodeIgniter\Debug\Exceptions->errorHandler(8, 'Undefined variable: table', 'APPPATH\\Views\\Panel\\VProductGroups.php', 9, [...])
 2 SYSTEMPATH\View\View.php(213): include('APPPATH\\Views\\Panel\\VProductGroups.php')
 3 SYSTEMPATH\View\View.php(216): CodeIgniter\View\View->CodeIgniter\View\{closure}()
 4 SYSTEMPATH\Common.php(1135): CodeIgniter\View\View->render('Panel/VProductGroups', [], true)
 5 APPPATH\Libraries\LoadView\Attachments\View.php(79): view('Panel/VProductGroups')
 6 APPPATH\Libraries\LoadView\Attachments\View.php(31): App\Libraries\LoadView\LoadView->body_view('Panel/VProductGroups')
 7 APPPATH\Libraries\LoadView\LoadView.php(25): App\Libraries\LoadView\LoadView->render_view('Panel/VProductGroups', 'Product Groups')
 8 APPPATH\Controllers\BaseController.php(114): App\Libraries\LoadView\LoadView->show('Panel/VProductGroups', 'Product Groups')
 9 APPPATH\Controllers\Panel\ProductGroups.php(19): App\Controllers\BaseController->view('Panel/VProductGroups', 'Product Groups')
10 SYSTEMPATH\CodeIgniter.php(898): App\Controllers\Panel\ProductGroups->index()
11 SYSTEMPATH\CodeIgniter.php(468): CodeIgniter\CodeIgniter->runController(Object(App\Controllers\Panel\ProductGroups))
12 SYSTEMPATH\CodeIgniter.php(351): CodeIgniter\CodeIgniter->handleRequest(null, Object(Config\Cache), false)
13 FCPATH\index.php(55): CodeIgniter\CodeIgniter->run()
CRITICAL - 2022-11-27 09:14:05 --> Undefined index: product-group-name
in APPPATH\Controllers\Process\ProductGroups.php on line 50.
 1 APPPATH\Controllers\Process\ProductGroups.php(50): CodeIgniter\Debug\Exceptions->errorHandler(8, 'Undefined index: product-group-name', 'APPPATH\\Controllers\\Process\\ProductGroups.php', 50, [...])
 2 APPPATH\Controllers\Process\ProductGroups.php(32): App\Controllers\Process\ProductGroups->prepare_inputs()
 3 APPPATH\Controllers\Process\ProductGroups.php(9): App\Controllers\Process\ProductGroups->save()
 4 SYSTEMPATH\CodeIgniter.php(898): App\Controllers\Process\ProductGroups->process('save')
 5 SYSTEMPATH\CodeIgniter.php(468): CodeIgniter\CodeIgniter->runController(Object(App\Controllers\Process\ProductGroups))
 6 SYSTEMPATH\CodeIgniter.php(351): CodeIgniter\CodeIgniter->handleRequest(null, Object(Config\Cache), false)
 7 FCPATH\index.php(55): CodeIgniter\CodeIgniter->run()
CRITICAL - 2022-11-27 09:41:51 --> Undefined index: product-group-name
in APPPATH\Controllers\Process\ProductGroups.php on line 50.
 1 APPPATH\Controllers\Process\ProductGroups.php(50): CodeIgniter\Debug\Exceptions->errorHandler(8, 'Undefined index: product-group-name', 'APPPATH\\Controllers\\Process\\ProductGroups.php', 50, [...])
 2 APPPATH\Controllers\Process\ProductGroups.php(32): App\Controllers\Process\ProductGroups->prepare_inputs()
 3 APPPATH\Controllers\Process\ProductGroups.php(9): App\Controllers\Process\ProductGroups->save()
 4 SYSTEMPATH\CodeIgniter.php(898): App\Controllers\Process\ProductGroups->process('save')
 5 SYSTEMPATH\CodeIgniter.php(468): CodeIgniter\CodeIgniter->runController(Object(App\Controllers\Process\ProductGroups))
 6 SYSTEMPATH\CodeIgniter.php(351): CodeIgniter\CodeIgniter->handleRequest(null, Object(Config\Cache), false)
 7 FCPATH\index.php(55): CodeIgniter\CodeIgniter->run()
CRITICAL - 2022-11-27 09:42:43 --> Undefined index: active
in APPPATH\Controllers\Process\ProductGroups.php on line 51.
 1 APPPATH\Controllers\Process\ProductGroups.php(51): CodeIgniter\Debug\Exceptions->errorHandler(8, 'Undefined index: active', 'APPPATH\\Controllers\\Process\\ProductGroups.php', 51, [...])
 2 APPPATH\Controllers\Process\ProductGroups.php(32): App\Controllers\Process\ProductGroups->prepare_inputs()
 3 APPPATH\Controllers\Process\ProductGroups.php(9): App\Controllers\Process\ProductGroups->save()
 4 SYSTEMPATH\CodeIgniter.php(898): App\Controllers\Process\ProductGroups->process('save')
 5 SYSTEMPATH\CodeIgniter.php(468): CodeIgniter\CodeIgniter->runController(Object(App\Controllers\Process\ProductGroups))
 6 SYSTEMPATH\CodeIgniter.php(351): CodeIgniter\CodeIgniter->handleRequest(null, Object(Config\Cache), false)
 7 FCPATH\index.php(55): CodeIgniter\CodeIgniter->run()
CRITICAL - 2022-11-27 09:44:28 --> Undefined index: active
in APPPATH\Controllers\Process\ProductGroups.php on line 62.
 1 APPPATH\Controllers\Process\ProductGroups.php(62): CodeIgniter\Debug\Exceptions->errorHandler(8, 'Undefined index: active', 'APPPATH\\Controllers\\Process\\ProductGroups.php', 62, [...])
 2 APPPATH\Controllers\Process\ProductGroups.php(51): App\Controllers\Process\ProductGroups->set_deleted_at_value([...])
 3 APPPATH\Controllers\Process\ProductGroups.php(32): App\Controllers\Process\ProductGroups->prepare_inputs()
 4 APPPATH\Controllers\Process\ProductGroups.php(9): App\Controllers\Process\ProductGroups->save()
 5 SYSTEMPATH\CodeIgniter.php(898): App\Controllers\Process\ProductGroups->process('save')
 6 SYSTEMPATH\CodeIgniter.php(468): CodeIgniter\CodeIgniter->runController(Object(App\Controllers\Process\ProductGroups))
 7 SYSTEMPATH\CodeIgniter.php(351): CodeIgniter\CodeIgniter->handleRequest(null, Object(Config\Cache), false)
 8 FCPATH\index.php(55): CodeIgniter\CodeIgniter->run()
CRITICAL - 2022-11-27 09:44:47 --> Undefined index: active
in APPPATH\Controllers\Process\ProductGroups.php on line 62.
 1 APPPATH\Controllers\Process\ProductGroups.php(62): CodeIgniter\Debug\Exceptions->errorHandler(8, 'Undefined index: active', 'APPPATH\\Controllers\\Process\\ProductGroups.php', 62, [...])
 2 APPPATH\Controllers\Process\ProductGroups.php(51): App\Controllers\Process\ProductGroups->set_deleted_at_value([...])
 3 APPPATH\Controllers\Process\ProductGroups.php(32): App\Controllers\Process\ProductGroups->prepare_inputs()
 4 APPPATH\Controllers\Process\ProductGroups.php(9): App\Controllers\Process\ProductGroups->save()
 5 SYSTEMPATH\CodeIgniter.php(898): App\Controllers\Process\ProductGroups->process('save')
 6 SYSTEMPATH\CodeIgniter.php(468): CodeIgniter\CodeIgniter->runController(Object(App\Controllers\Process\ProductGroups))
 7 SYSTEMPATH\CodeIgniter.php(351): CodeIgniter\CodeIgniter->handleRequest(null, Object(Config\Cache), false)
 8 FCPATH\index.php(55): CodeIgniter\CodeIgniter->run()
CRITICAL - 2022-11-27 09:50:42 --> Return value of App\Controllers\Process\ProductGroups::set_deleted_at_value() must be of the type string or null, none returned
in APPPATH\Controllers\Process\ProductGroups.php on line 68.
 1 APPPATH\Controllers\Process\ProductGroups.php(51): App\Controllers\Process\ProductGroups->set_deleted_at_value([...])
 2 APPPATH\Controllers\Process\ProductGroups.php(32): App\Controllers\Process\ProductGroups->prepare_inputs()
 3 APPPATH\Controllers\Process\ProductGroups.php(9): App\Controllers\Process\ProductGroups->save()
 4 SYSTEMPATH\CodeIgniter.php(898): App\Controllers\Process\ProductGroups->process('save')
 5 SYSTEMPATH\CodeIgniter.php(468): CodeIgniter\CodeIgniter->runController(Object(App\Controllers\Process\ProductGroups))
 6 SYSTEMPATH\CodeIgniter.php(351): CodeIgniter\CodeIgniter->handleRequest(null, Object(Config\Cache), false)
 7 FCPATH\index.php(55): CodeIgniter\CodeIgniter->run()
CRITICAL - 2022-11-27 10:12:43 --> unique is not a valid rule.
in SYSTEMPATH\Validation\Validation.php on line 314.
 1 SYSTEMPATH\Validation\Validation.php(314): CodeIgniter\Validation\Exceptions\ValidationException::forRuleNotFound('unique')
 2 SYSTEMPATH\Validation\Validation.php(173): CodeIgniter\Validation\Validation->processRules('name', 'name', 'ali', [...], [...])
 3 SYSTEMPATH\BaseModel.php(1349): CodeIgniter\Validation\Validation->run([...], null, null)
 4 SYSTEMPATH\BaseModel.php(707): CodeIgniter\BaseModel->validate([...])
 5 SYSTEMPATH\Model.php(666): CodeIgniter\BaseModel->insert([...], true)
 6 APPPATH\Controllers\Process\ProductGroups.php(74): CodeIgniter\Model->insert([...])
 7 APPPATH\Controllers\Process\ProductGroups.php(34): App\Controllers\Process\ProductGroups->insert([...])
 8 APPPATH\Controllers\Process\ProductGroups.php(9): App\Controllers\Process\ProductGroups->save()
 9 SYSTEMPATH\CodeIgniter.php(898): App\Controllers\Process\ProductGroups->process('save')
10 SYSTEMPATH\CodeIgniter.php(468): CodeIgniter\CodeIgniter->runController(Object(App\Controllers\Process\ProductGroups))
11 SYSTEMPATH\CodeIgniter.php(351): CodeIgniter\CodeIgniter->handleRequest(null, Object(Config\Cache), false)
12 FCPATH\index.php(55): CodeIgniter\CodeIgniter->run()
CRITICAL - 2022-11-27 10:15:00 --> Argument 2 passed to CodeIgniter\Validation\Rules::is_unique() must be of the type string, null given, called in E:\SoftWare\xampp 7\htdocs\my_projects\Resume\Shop\system\Validation\Validation.php on line 305
in SYSTEMPATH\Validation\Rules.php on line 126.
 1 SYSTEMPATH\Validation\Validation.php(305): CodeIgniter\Validation\Rules->is_unique('ali', null)
 2 SYSTEMPATH\Validation\Validation.php(173): CodeIgniter\Validation\Validation->processRules('name', 'name', 'ali', [...], [...])
 3 SYSTEMPATH\BaseModel.php(1349): CodeIgniter\Validation\Validation->run([...], null, null)
 4 SYSTEMPATH\BaseModel.php(707): CodeIgniter\BaseModel->validate([...])
 5 SYSTEMPATH\Model.php(666): CodeIgniter\BaseModel->insert([...], true)
 6 APPPATH\Controllers\Process\ProductGroups.php(74): CodeIgniter\Model->insert([...])
 7 APPPATH\Controllers\Process\ProductGroups.php(34): App\Controllers\Process\ProductGroups->insert([...])
 8 APPPATH\Controllers\Process\ProductGroups.php(9): App\Controllers\Process\ProductGroups->save()
 9 SYSTEMPATH\CodeIgniter.php(898): App\Controllers\Process\ProductGroups->process('save')
10 SYSTEMPATH\CodeIgniter.php(468): CodeIgniter\CodeIgniter->runController(Object(App\Controllers\Process\ProductGroups))
11 SYSTEMPATH\CodeIgniter.php(351): CodeIgniter\CodeIgniter->handleRequest(null, Object(Config\Cache), false)
12 FCPATH\index.php(55): CodeIgniter\CodeIgniter->run()
ERROR - 2022-11-27 10:20:48 --> Table 'shop.name' doesn't exist
CRITICAL - 2022-11-27 10:20:48 --> Table 'shop.name' doesn't exist
in SYSTEMPATH\Database\MySQLi\Connection.php on line 292.
 1 SYSTEMPATH\Database\MySQLi\Connection.php(292): mysqli->query('SELECT 1
FROM `name`
WHERE `name` = \'ali\'
 LIMIT 1', 0)
 2 SYSTEMPATH\Database\BaseConnection.php(678): CodeIgniter\Database\MySQLi\Connection->execute('SELECT 1
FROM `name`
WHERE `name` = \'ali\'
 LIMIT 1')
 3 SYSTEMPATH\Database\BaseConnection.php(606): CodeIgniter\Database\BaseConnection->simpleQuery('SELECT 1
FROM `name`
WHERE `name` = \'ali\'
 LIMIT 1')
 4 SYSTEMPATH\Database\BaseBuilder.php(1585): CodeIgniter\Database\BaseConnection->query('SELECT 1
FROM `name`
WHERE `name` = :name:
 LIMIT 1', [...], false)
 5 SYSTEMPATH\Validation\Rules.php(142): CodeIgniter\Database\BaseBuilder->get()
 6 SYSTEMPATH\Validation\Validation.php(306): CodeIgniter\Validation\Rules->is_unique('ali', 'name', [...], null)
 7 SYSTEMPATH\Validation\Validation.php(173): CodeIgniter\Validation\Validation->processRules('name', 'name', 'ali', [...], [...])
 8 SYSTEMPATH\BaseModel.php(1349): CodeIgniter\Validation\Validation->run([...], null, null)
 9 SYSTEMPATH\BaseModel.php(707): CodeIgniter\BaseModel->validate([...])
10 SYSTEMPATH\Model.php(666): CodeIgniter\BaseModel->insert([...], true)
11 APPPATH\Controllers\Process\ProductGroups.php(74): CodeIgniter\Model->insert([...])
12 APPPATH\Controllers\Process\ProductGroups.php(34): App\Controllers\Process\ProductGroups->insert([...])
13 APPPATH\Controllers\Process\ProductGroups.php(9): App\Controllers\Process\ProductGroups->save()
14 SYSTEMPATH\CodeIgniter.php(898): App\Controllers\Process\ProductGroups->process('save')
15 SYSTEMPATH\CodeIgniter.php(468): CodeIgniter\CodeIgniter->runController(Object(App\Controllers\Process\ProductGroups))
16 SYSTEMPATH\CodeIgniter.php(351): CodeIgniter\CodeIgniter->handleRequest(null, Object(Config\Cache), false)
17 FCPATH\index.php(55): CodeIgniter\CodeIgniter->run()
